<?xml version="1.0" encoding="UTF-8"?>
<testsuite name="tests.AppletTest" tests="1" skipped="0" failures="0" errors="0" timestamp="2021-09-16T22:59:03" hostname="localhost.localdomain" time="0.214">
  <properties/>
  <testcase name="callMyTest()" classname="tests.AppletTest" time="0.214"/>
  <system-out><![CDATA[DEBUG | 2021-09-17 00:59:03 | [Test worker] client.Util:120 | --> [0001000000] (5 B)
DEBUG | 2021-09-17 00:59:03 | [Test worker] client.Util:120 | --> [0001000000] (5 B)
DEBUG | 2021-09-17 00:59:03 | [Test worker] client.Util:130 | <-- 9000
DEBUG | 2021-09-17 00:59:03 | [Test worker] client.Util:130 | <-- 9000
DEBUG | 2021-09-17 00:59:03 | [Test worker] client.Util:133 | Elapsed time 3 ms
DEBUG | 2021-09-17 00:59:03 | [Test worker] client.Util:120 | --> [0000000C904920616D6161616161616161616161616161616161616161616161616161616161616161616161616161616161616161616161616161616161616161616161616161616161616161616161616161616161616161616161616161616161616161616161616161616161616161616161616161616161616161616161616161616161616161616161616161616161616161] (149 B)
DEBUG | 2021-09-17 00:59:03 | [Test worker] client.Util:120 | --> [0000000C904920616D6161616161616161616161616161616161616161616161616161616161616161616161616161616161616161616161616161616161616161616161616161616161616161616161616161616161616161616161616161616161616161616161616161616161616161616161616161616161616161616161616161616161616161616161616161616161616161] (149 B)
Transition: 
myOffset: 0
DEBUG | 2021-09-17 00:59:03 | [Test worker] client.Util:130 | <-- 9000
DEBUG | 2021-09-17 00:59:03 | [Test worker] client.Util:130 | <-- 9000
DEBUG | 2021-09-17 00:59:03 | [Test worker] client.Util:133 | Elapsed time 6 ms
DEBUG | 2021-09-17 00:59:03 | [Test worker] client.Util:120 | --> [0000010C9020616D616161616161616161616161616161616161616161616161616161616161616161616161616161616161616161616161616161616161616161616161616161616161616161616161616161616161616161616161616161616161616161616161616161616161616161616161616161616161616161616161616161616161616161616161616161616161616161] (149 B)
DEBUG | 2021-09-17 00:59:03 | [Test worker] client.Util:120 | --> [0000010C9020616D616161616161616161616161616161616161616161616161616161616161616161616161616161616161616161616161616161616161616161616161616161616161616161616161616161616161616161616161616161616161616161616161616161616161616161616161616161616161616161616161616161616161616161616161616161616161616161] (149 B)
myOffset: 250
DEBUG | 2021-09-17 00:59:03 | [Test worker] client.Util:130 | <-- 9000
DEBUG | 2021-09-17 00:59:03 | [Test worker] client.Util:130 | <-- 9000
DEBUG | 2021-09-17 00:59:03 | [Test worker] client.Util:133 | Elapsed time 5 ms
DEBUG | 2021-09-17 00:59:03 | [Test worker] client.Util:120 | --> [0000020C90616D61616161616161616161616161616161616161616161616161616161616161616161616161616161616161616161616161616161616161616161616161616161616161616161616161616161616161616161616161616161616161616161616161616161616161616161616161616161616161616161616161616161616161616161616161616161616161616161] (149 B)
DEBUG | 2021-09-17 00:59:03 | [Test worker] client.Util:120 | --> [0000020C90616D61616161616161616161616161616161616161616161616161616161616161616161616161616161616161616161616161616161616161616161616161616161616161616161616161616161616161616161616161616161616161616161616161616161616161616161616161616161616161616161616161616161616161616161616161616161616161616161] (149 B)
myOffset: 500
DEBUG | 2021-09-17 00:59:03 | [Test worker] client.Util:130 | <-- 9000
DEBUG | 2021-09-17 00:59:03 | [Test worker] client.Util:130 | <-- 9000
DEBUG | 2021-09-17 00:59:03 | [Test worker] client.Util:133 | Elapsed time 4 ms
DEBUG | 2021-09-17 00:59:03 | [Test worker] client.Util:120 | --> [0000030C906D6161616161616161616161616161616161616161616161616161616161616161616161616161616161616161616161616161616161616161616161616161616161616161616161616161616161616161616161616161616161616161616161616161616161616161616161616161616161616161616161616161616161616161616161616161616161616161616161] (149 B)
DEBUG | 2021-09-17 00:59:03 | [Test worker] client.Util:120 | --> [0000030C906D6161616161616161616161616161616161616161616161616161616161616161616161616161616161616161616161616161616161616161616161616161616161616161616161616161616161616161616161616161616161616161616161616161616161616161616161616161616161616161616161616161616161616161616161616161616161616161616161] (149 B)
myOffset: 750
DEBUG | 2021-09-17 00:59:03 | [Test worker] client.Util:130 | <-- 9000
DEBUG | 2021-09-17 00:59:03 | [Test worker] client.Util:130 | <-- 9000
DEBUG | 2021-09-17 00:59:03 | [Test worker] client.Util:133 | Elapsed time 4 ms
DEBUG | 2021-09-17 00:59:03 | [Test worker] client.Util:120 | --> [0000040C90616161616161616161616161616161616161616161616161616161616161616161616161616161616161616161616161616161616161616161616161616161616161616161616161616161616161616161616161616161616161616161616161616161616161616161616161616161616161616161616161616161616161616161616161616161616161616161616161] (149 B)
DEBUG | 2021-09-17 00:59:03 | [Test worker] client.Util:120 | --> [0000040C90616161616161616161616161616161616161616161616161616161616161616161616161616161616161616161616161616161616161616161616161616161616161616161616161616161616161616161616161616161616161616161616161616161616161616161616161616161616161616161616161616161616161616161616161616161616161616161616161] (149 B)
myOffset: 1000
DEBUG | 2021-09-17 00:59:03 | [Test worker] client.Util:130 | <-- 9000
DEBUG | 2021-09-17 00:59:03 | [Test worker] client.Util:130 | <-- 9000
DEBUG | 2021-09-17 00:59:03 | [Test worker] client.Util:133 | Elapsed time 4 ms
DEBUG | 2021-09-17 00:59:03 | [Test worker] client.Util:120 | --> [0000050C90616161616161616161616161616161616161616161616161616161616161616161616161616161616161616161616161616161616161616161616161616161616161616161616161616161616161616161616161616161616161616161616161616161616161616161616161616161616161616161616161616161616161616161616161616161616161616161616161] (149 B)
DEBUG | 2021-09-17 00:59:03 | [Test worker] client.Util:120 | --> [0000050C90616161616161616161616161616161616161616161616161616161616161616161616161616161616161616161616161616161616161616161616161616161616161616161616161616161616161616161616161616161616161616161616161616161616161616161616161616161616161616161616161616161616161616161616161616161616161616161616161] (149 B)
myOffset: 1250
DEBUG | 2021-09-17 00:59:03 | [Test worker] client.Util:130 | <-- 9000
DEBUG | 2021-09-17 00:59:03 | [Test worker] client.Util:130 | <-- 9000
DEBUG | 2021-09-17 00:59:03 | [Test worker] client.Util:133 | Elapsed time 2 ms
DEBUG | 2021-09-17 00:59:03 | [Test worker] client.Util:120 | --> [0000060C90616161616161616161616161616161616161616161616161616161616161616161616161616161616161616161616161616161616161616161616161616161616161616161616161616161616161616161616161616161616161616161616161616161616161616161616161616161616161616161616161616161616161616161616161616161616161616161616161] (149 B)
DEBUG | 2021-09-17 00:59:03 | [Test worker] client.Util:120 | --> [0000060C90616161616161616161616161616161616161616161616161616161616161616161616161616161616161616161616161616161616161616161616161616161616161616161616161616161616161616161616161616161616161616161616161616161616161616161616161616161616161616161616161616161616161616161616161616161616161616161616161] (149 B)
myOffset: 1500
DEBUG | 2021-09-17 00:59:03 | [Test worker] client.Util:130 | <-- 9000
DEBUG | 2021-09-17 00:59:03 | [Test worker] client.Util:130 | <-- 9000
DEBUG | 2021-09-17 00:59:03 | [Test worker] client.Util:133 | Elapsed time 2 ms
DEBUG | 2021-09-17 00:59:03 | [Test worker] client.Util:120 | --> [0000070C90616161616161616161616161616161616161616161616161616161616161616161616161616161616161616161616161616161616161616161616161616161616161616161616161616161616161616161616161616161616161616161616161616161616161616161616161616161616161616161616161616161616161616161616161616161616161616161616161] (149 B)
DEBUG | 2021-09-17 00:59:03 | [Test worker] client.Util:120 | --> [0000070C90616161616161616161616161616161616161616161616161616161616161616161616161616161616161616161616161616161616161616161616161616161616161616161616161616161616161616161616161616161616161616161616161616161616161616161616161616161616161616161616161616161616161616161616161616161616161616161616161] (149 B)
myOffset: 1750
DEBUG | 2021-09-17 00:59:03 | [Test worker] client.Util:130 | <-- 9000
DEBUG | 2021-09-17 00:59:03 | [Test worker] client.Util:130 | <-- 9000
DEBUG | 2021-09-17 00:59:03 | [Test worker] client.Util:133 | Elapsed time 1 ms
DEBUG | 2021-09-17 00:59:03 | [Test worker] client.Util:120 | --> [0000080C90616161616161616161616161616161616161616161616161616161616161616161616161616161616161616161616161616161616161616161616161616161616161616161616161616161616161616161616161616161616161616161616161616161616161616161616161616161616161616161616161616161616161616161616161616161616161616161616161] (149 B)
DEBUG | 2021-09-17 00:59:03 | [Test worker] client.Util:120 | --> [0000080C90616161616161616161616161616161616161616161616161616161616161616161616161616161616161616161616161616161616161616161616161616161616161616161616161616161616161616161616161616161616161616161616161616161616161616161616161616161616161616161616161616161616161616161616161616161616161616161616161] (149 B)
myOffset: 2000
DEBUG | 2021-09-17 00:59:03 | [Test worker] client.Util:130 | <-- 9000
DEBUG | 2021-09-17 00:59:03 | [Test worker] client.Util:130 | <-- 9000
DEBUG | 2021-09-17 00:59:03 | [Test worker] client.Util:133 | Elapsed time 2 ms
DEBUG | 2021-09-17 00:59:03 | [Test worker] client.Util:120 | --> [0000090C90616161616161616161616161616161616161616161616161616161616161616161616161616161616161616161616161616161616161616161616161616161616161616161616161616161616161616161616161616161616161616161616161616161616161616161616161616161616161616161616161616161616161616161616161616161616161616161616161] (149 B)
DEBUG | 2021-09-17 00:59:03 | [Test worker] client.Util:120 | --> [0000090C90616161616161616161616161616161616161616161616161616161616161616161616161616161616161616161616161616161616161616161616161616161616161616161616161616161616161616161616161616161616161616161616161616161616161616161616161616161616161616161616161616161616161616161616161616161616161616161616161] (149 B)
myOffset: 2250
DEBUG | 2021-09-17 00:59:03 | [Test worker] client.Util:130 | <-- 9000
DEBUG | 2021-09-17 00:59:03 | [Test worker] client.Util:130 | <-- 9000
DEBUG | 2021-09-17 00:59:03 | [Test worker] client.Util:133 | Elapsed time 2 ms
DEBUG | 2021-09-17 00:59:03 | [Test worker] client.Util:120 | --> [00000A0C90616161616161616161616161616161616161616161616161616161616161616161616161616161616161616161616161616161616161616161616161616161616161616161616161616161616161616161616161616161616161616161616161616161616161616161616161616161616161616161616161616161616161616161616161616161616161616161616161] (149 B)
DEBUG | 2021-09-17 00:59:03 | [Test worker] client.Util:120 | --> [00000A0C90616161616161616161616161616161616161616161616161616161616161616161616161616161616161616161616161616161616161616161616161616161616161616161616161616161616161616161616161616161616161616161616161616161616161616161616161616161616161616161616161616161616161616161616161616161616161616161616161] (149 B)
myOffset: 2500
DEBUG | 2021-09-17 00:59:03 | [Test worker] client.Util:130 | <-- 9000
DEBUG | 2021-09-17 00:59:03 | [Test worker] client.Util:130 | <-- 9000
DEBUG | 2021-09-17 00:59:03 | [Test worker] client.Util:133 | Elapsed time 2 ms
DEBUG | 2021-09-17 00:59:03 | [Test worker] client.Util:120 | --> [00000B0C90616161616161616161616161616161616161616161616161616161616161616161616161616161616161616161616161616161616161616161616161616161616161616161616161616161616161616161616161616161616161616161616161616161616161616161616161616161616161616161616161616161616161616161616161616161616161616161616161] (149 B)
DEBUG | 2021-09-17 00:59:03 | [Test worker] client.Util:120 | --> [00000B0C90616161616161616161616161616161616161616161616161616161616161616161616161616161616161616161616161616161616161616161616161616161616161616161616161616161616161616161616161616161616161616161616161616161616161616161616161616161616161616161616161616161616161616161616161616161616161616161616161] (149 B)
myOffset: 2750
DEBUG | 2021-09-17 00:59:03 | [Test worker] client.Util:130 | <-- 9000
DEBUG | 2021-09-17 00:59:03 | [Test worker] client.Util:130 | <-- 9000
DEBUG | 2021-09-17 00:59:03 | [Test worker] client.Util:133 | Elapsed time 2 ms
DEBUG | 2021-09-17 00:59:03 | [Test worker] client.Util:120 | --> [00000C0C90616161616161616161616161616161616161616161616161616161616161616161616161616161616161616161616161616161616161616161616161616161616161616161616161616161616161616161616161616161616161616161616161616161616161616161616161616161616161616161616161616161616161616161616161616161616161616161616161] (149 B)
DEBUG | 2021-09-17 00:59:03 | [Test worker] client.Util:120 | --> [00000C0C90616161616161616161616161616161616161616161616161616161616161616161616161616161616161616161616161616161616161616161616161616161616161616161616161616161616161616161616161616161616161616161616161616161616161616161616161616161616161616161616161616161616161616161616161616161616161616161616161] (149 B)
myOffset: 3000
all packets successfully delivered
DEBUG | 2021-09-17 00:59:03 | [Test worker] client.Util:130 | <-- 9000
DEBUG | 2021-09-17 00:59:03 | [Test worker] client.Util:130 | <-- 9000
DEBUG | 2021-09-17 00:59:03 | [Test worker] client.Util:133 | Elapsed time 2 ms
DEBUG | 2021-09-17 00:59:03 | [Test worker] client.Util:120 | --> [0A0A000000] (5 B)
DEBUG | 2021-09-17 00:59:03 | [Test worker] client.Util:120 | --> [0A0A000000] (5 B)
[B@5c08c4a7
DEBUG | 2021-09-17 00:59:03 | [Test worker] client.Util:130 | <-- 9000
DEBUG | 2021-09-17 00:59:03 | [Test worker] client.Util:130 | <-- 9000
DEBUG | 2021-09-17 00:59:03 | [Test worker] client.Util:133 | Elapsed time 2 ms
]]></system-out>
  <system-err><![CDATA[]]></system-err>
</testsuite>
