<?xml version="1.0" encoding="UTF-8"?>
<testsuite name="tests.AppletTest" tests="45" skipped="0" failures="0" errors="0" timestamp="2023-05-01T14:19:50" hostname="jan-G11CB" time="1.277">
  <properties/>
  <testcase name="simple_applet_test()" classname="tests.AppletTest" time="0.123"/>
  <testcase name="policy_not_using_storage_test1()" classname="tests.AppletTest" time="0.009"/>
  <testcase name="policy_not_using_storage_test2()" classname="tests.AppletTest" time="0.012"/>
  <testcase name="PSBT2_mint_outputs_test()" classname="tests.AppletTest" time="0.028"/>
  <testcase name="applet_signed_time_test()" classname="tests.AppletTest" time="0.265"/>
  <testcase name="applet_exact_total_output_test()" classname="tests.AppletTest" time="0.034"/>
  <testcase name="applet_minOwSS_test1()" classname="tests.AppletTest" time="0.038"/>
  <testcase name="applet_minOwSS_test2()" classname="tests.AppletTest" time="0.029"/>
  <testcase name="applet_minOwSS_test3()" classname="tests.AppletTest" time="0.036"/>
  <testcase name="littleEndianCompareTest()" classname="tests.AppletTest" time="0.001"/>
  <testcase name="applet_min_total_outputs_test2()" classname="tests.AppletTest" time="0.024"/>
  <testcase name="applet_secret()" classname="tests.AppletTest" time="0.021"/>
  <testcase name="applet_simple_sign_test()" classname="tests.AppletTest" time="0.091"/>
  <testcase name="applet_simple_gen_test()" classname="tests.AppletTest" time="0.088"/>
  <testcase name="applet_max_total_outputs_test()" classname="tests.AppletTest" time="0.012"/>
  <testcase name="applet_signed_PSBT_test()" classname="tests.AppletTest" time="0.104"/>
  <testcase name="hell()" classname="tests.AppletTest" time="0.003"/>
  <testcase name="hello()" classname="tests.AppletTest" time="0.002"/>
  <testcase name="PSBT2_two_exact_outputs_wSS_test()" classname="tests.AppletTest" time="0.015"/>
  <testcase name="oneTestToRuleThemAll()" classname="tests.AppletTest" time="0.0"/>
  <testcase name="applet_two_exact_outputs_wSS_test()" classname="tests.AppletTest" time="0.025"/>
  <testcase name="transaction01()" classname="tests.AppletTest" time="0.013"/>
  <testcase name="transaction02()" classname="tests.AppletTest" time="0.011"/>
  <testcase name="transaction03()" classname="tests.AppletTest" time="0.012"/>
  <testcase name="transaction04()" classname="tests.AppletTest" time="0.01"/>
  <testcase name="transaction05()" classname="tests.AppletTest" time="0.008"/>
  <testcase name="transaction06()" classname="tests.AppletTest" time="0.012"/>
  <testcase name="transaction07()" classname="tests.AppletTest" time="0.008"/>
  <testcase name="transaction08()" classname="tests.AppletTest" time="0.016"/>
  <testcase name="transaction09()" classname="tests.AppletTest" time="0.005"/>
  <testcase name="transaction10()" classname="tests.AppletTest" time="0.004"/>
  <testcase name="transaction11()" classname="tests.AppletTest" time="0.004"/>
  <testcase name="transaction12()" classname="tests.AppletTest" time="0.006"/>
  <testcase name="transaction13()" classname="tests.AppletTest" time="0.006"/>
  <testcase name="transaction14()" classname="tests.AppletTest" time="0.007"/>
  <testcase name="transaction15()" classname="tests.AppletTest" time="0.005"/>
  <testcase name="PSBT2_maxt_outputs_test()" classname="tests.AppletTest" time="0.016"/>
  <testcase name="applet_max_total_outputs_test2()" classname="tests.AppletTest" time="0.01"/>
  <testcase name="applet_live_through_with_transaction1()" classname="tests.AppletTest" time="0.021"/>
  <testcase name="applet_min_total_outputs_test()" classname="tests.AppletTest" time="0.013"/>
  <testcase name="applet_maxOwSS_test1()" classname="tests.AppletTest" time="0.015"/>
  <testcase name="applet_maxOwSS_test2()" classname="tests.AppletTest" time="0.007"/>
  <testcase name="applet_maxOwSS_test3()" classname="tests.AppletTest" time="0.006"/>
  <testcase name="simpleDeletion_OfAccessibleSpace_applet_test()" classname="tests.AppletTest" time="0.046"/>
  <testcase name="applet_2_out_of_3_secret_test()" classname="tests.AppletTest" time="0.028"/>
  <system-out><![CDATA[DEBUG | 2023-05-01 16:19:50 | [Test worker] client.Util:120 | --> [0000000000] (5 B)
DEBUG | 2023-05-01 16:19:50 | [Test worker] client.Util:120 | --> [0000000000] (5 B)
DEBUG | 2023-05-01 16:19:50 | [Test worker] client.Util:130 | <-- 9000
DEBUG | 2023-05-01 16:19:50 | [Test worker] client.Util:130 | <-- 9000
DEBUG | 2023-05-01 16:19:50 | [Test worker] client.Util:133 | Elapsed time 1 ms
DEBUG | 2023-05-01 16:19:50 | [Test worker] client.Util:120 | --> [00010000FA70736274FF0100750200000001268171371EDFF285E937ADEEA4B37B78000C0566CBB3AD64641713CA42171BF60000000000FEFFFFFF02D3DFF505000000001976A914D0C59903C5BAC2868760E90FD521A4665AA7652088AC00E1F5050000000017A9143545E6E33B832C47050F24D3EEB93C9C03948BC787B32E1300000100FDA5010100000000010289A3C71EAB4D20E0371BBBA4CC698FA295C9463AFA2E397F8533CCB62F9567E50100000017160014BE18D152A9B012039DAF3DA7DE4F53349EECB985FFFFFFFF86F8AA43A71DFF1448893A530A7237EF6B4608BBB2DD2D0171E63AEC6A4890B40100000017160014FE3E9EF1A745E974] (255 B)
DEBUG | 2023-05-01 16:19:50 | [Test worker] client.Util:120 | --> [00010000FA70736274FF0100750200000001268171371EDFF285E937ADEEA4B37B78000C0566CBB3AD64641713CA42171BF60000000000FEFFFFFF02D3DFF505000000001976A914D0C59903C5BAC2868760E90FD521A4665AA7652088AC00E1F5050000000017A9143545E6E33B832C47050F24D3EEB93C9C03948BC787B32E1300000100FDA5010100000000010289A3C71EAB4D20E0371BBBA4CC698FA295C9463AFA2E397F8533CCB62F9567E50100000017160014BE18D152A9B012039DAF3DA7DE4F53349EECB985FFFFFFFF86F8AA43A71DFF1448893A530A7237EF6B4608BBB2DD2D0171E63AEC6A4890B40100000017160014FE3E9EF1A745E974] (255 B)
DEBUG | 2023-05-01 16:19:50 | [Test worker] client.Util:130 | <-- 9000
DEBUG | 2023-05-01 16:19:50 | [Test worker] client.Util:130 | <-- 9000
DEBUG | 2023-05-01 16:19:50 | [Test worker] client.Util:133 | Elapsed time 4 ms
DEBUG | 2023-05-01 16:19:50 | [Test worker] client.Util:120 | --> [00010000FAD902C4355943ABCB34BD5353FFFFFFFF0200C2EB0B000000001976A91485CFF1097FD9E008BB34AF709C62197B38978A4888AC72FEF84E2C00000017A914339725BA21EFD62AC753A9BCD067D6C7A6A39D05870247304402202712BE22E0270F394F568311DC7CA9A68970B8025FDD3B240229F07F8A5F3A240220018B38D7DCD314E734C9276BD6FB40F673325BC4BAA144C800D2F2F02DB2765C012103D2E15674941BAD4A996372CB87E1856D3652606D98562FE39C5E9E7E413F210502483045022100D12B852D85DCD961D2F5F4AB660654DF6EEDCC794C0C33CE5CC309FFB5FCE58D022067338A8E0E1725C197FB1A88AF59F51E44E425] (255 B)
DEBUG | 2023-05-01 16:19:50 | [Test worker] client.Util:120 | --> [00010000FAD902C4355943ABCB34BD5353FFFFFFFF0200C2EB0B000000001976A91485CFF1097FD9E008BB34AF709C62197B38978A4888AC72FEF84E2C00000017A914339725BA21EFD62AC753A9BCD067D6C7A6A39D05870247304402202712BE22E0270F394F568311DC7CA9A68970B8025FDD3B240229F07F8A5F3A240220018B38D7DCD314E734C9276BD6FB40F673325BC4BAA144C800D2F2F02DB2765C012103D2E15674941BAD4A996372CB87E1856D3652606D98562FE39C5E9E7E413F210502483045022100D12B852D85DCD961D2F5F4AB660654DF6EEDCC794C0C33CE5CC309FFB5FCE58D022067338A8E0E1725C197FB1A88AF59F51E44E425] (255 B)
DEBUG | 2023-05-01 16:19:50 | [Test worker] client.Util:130 | <-- 9000
DEBUG | 2023-05-01 16:19:50 | [Test worker] client.Util:130 | <-- 9000
DEBUG | 2023-05-01 16:19:50 | [Test worker] client.Util:133 | Elapsed time 3 ms
DEBUG | 2023-05-01 16:19:50 | [Test worker] client.Util:120 | --> [00010000375B20167C8684031C05D1F2592A01210223B72BEEF0965D10BE0778EFECD61FCAC6F79A4EA169393380734464F84F2AB300000000000000] (60 B)
DEBUG | 2023-05-01 16:19:50 | [Test worker] client.Util:120 | --> [00010000375B20167C8684031C05D1F2592A01210223B72BEEF0965D10BE0778EFECD61FCAC6F79A4EA169393380734464F84F2AB300000000000000] (60 B)
DEBUG | 2023-05-01 16:19:50 | [Test worker] client.Util:130 | <-- 9000
DEBUG | 2023-05-01 16:19:50 | [Test worker] client.Util:130 | <-- 9000
DEBUG | 2023-05-01 16:19:50 | [Test worker] client.Util:133 | Elapsed time 1 ms
DEBUG | 2023-05-01 16:19:50 | [Test worker] client.Util:120 | --> [0002000000] (5 B)
DEBUG | 2023-05-01 16:19:50 | [Test worker] client.Util:120 | --> [0002000000] (5 B)
DEBUG | 2023-05-01 16:19:50 | [Test worker] client.Util:130 | <-- 9000
DEBUG | 2023-05-01 16:19:50 | [Test worker] client.Util:130 | <-- 9000
DEBUG | 2023-05-01 16:19:50 | [Test worker] client.Util:133 | Elapsed time 1 ms
DEBUG | 2023-05-01 16:19:50 | [Test worker] client.Util:120 | --> [0200000000] (5 B)
DEBUG | 2023-05-01 16:19:50 | [Test worker] client.Util:120 | --> [0200000000] (5 B)
DEBUG | 2023-05-01 16:19:50 | [Test worker] client.Util:130 | <-- 9000
DEBUG | 2023-05-01 16:19:50 | [Test worker] client.Util:130 | <-- 9000
DEBUG | 2023-05-01 16:19:50 | [Test worker] client.Util:133 | Elapsed time 1 ms
DEBUG | 2023-05-01 16:19:50 | [Test worker] client.Util:120 | --> [020100000A01020304050102030405] (15 B)
DEBUG | 2023-05-01 16:19:50 | [Test worker] client.Util:120 | --> [020100000A01020304050102030405] (15 B)
DEBUG | 2023-05-01 16:19:50 | [Test worker] client.Util:130 | <-- 9000
DEBUG | 2023-05-01 16:19:50 | [Test worker] client.Util:130 | <-- 9000
DEBUG | 2023-05-01 16:19:50 | [Test worker] client.Util:133 | Elapsed time 1 ms
DEBUG | 2023-05-01 16:19:50 | [Test worker] client.Util:120 | --> [0202000000] (5 B)
DEBUG | 2023-05-01 16:19:50 | [Test worker] client.Util:120 | --> [0202000000] (5 B)
DEBUG | 2023-05-01 16:19:50 | [Test worker] client.Util:130 | <-- 9000
DEBUG | 2023-05-01 16:19:50 | [Test worker] client.Util:130 | <-- 9000
DEBUG | 2023-05-01 16:19:50 | [Test worker] client.Util:120 | --> [0100000000] (5 B)
DEBUG | 2023-05-01 16:19:50 | [Test worker] client.Util:120 | --> [0100000000] (5 B)
DEBUG | 2023-05-01 16:19:50 | [Test worker] client.Util:130 | <-- 9000
DEBUG | 2023-05-01 16:19:50 | [Test worker] client.Util:130 | <-- 9000
DEBUG | 2023-05-01 16:19:50 | [Test worker] client.Util:133 | Elapsed time 1 ms
DEBUG | 2023-05-01 16:19:50 | [Test worker] client.Util:120 | --> [010100000B0A000D04010D05010D0A00] (16 B)
DEBUG | 2023-05-01 16:19:50 | [Test worker] client.Util:120 | --> [010100000B0A000D04010D05010D0A00] (16 B)
DEBUG | 2023-05-01 16:19:50 | [Test worker] client.Util:130 | <-- 9000
DEBUG | 2023-05-01 16:19:50 | [Test worker] client.Util:130 | <-- 9000
DEBUG | 2023-05-01 16:19:50 | [Test worker] client.Util:133 | Elapsed time 1 ms
DEBUG | 2023-05-01 16:19:50 | [Test worker] client.Util:120 | --> [0102000000] (5 B)
DEBUG | 2023-05-01 16:19:50 | [Test worker] client.Util:120 | --> [0102000000] (5 B)
DEBUG | 2023-05-01 16:19:50 | [Test worker] client.Util:130 | <-- 9000
DEBUG | 2023-05-01 16:19:50 | [Test worker] client.Util:130 | <-- 9000
DEBUG | 2023-05-01 16:19:50 | [Test worker] client.Util:120 | --> [0000000000] (5 B)
DEBUG | 2023-05-01 16:19:50 | [Test worker] client.Util:120 | --> [0000000000] (5 B)
DEBUG | 2023-05-01 16:19:50 | [Test worker] client.Util:130 | <-- 9000
DEBUG | 2023-05-01 16:19:50 | [Test worker] client.Util:130 | <-- 9000
DEBUG | 2023-05-01 16:19:50 | [Test worker] client.Util:133 | Elapsed time 1 ms
DEBUG | 2023-05-01 16:19:50 | [Test worker] client.Util:120 | --> [00010000FA70736274FF0100750200000001268171371EDFF285E937ADEEA4B37B78000C0566CBB3AD64641713CA42171BF60000000000FEFFFFFF02D3DFF505000000001976A914D0C59903C5BAC2868760E90FD521A4665AA7652088AC00E1F5050000000017A9143545E6E33B832C47050F24D3EEB93C9C03948BC787B32E1300000100FDA5010100000000010289A3C71EAB4D20E0371BBBA4CC698FA295C9463AFA2E397F8533CCB62F9567E50100000017160014BE18D152A9B012039DAF3DA7DE4F53349EECB985FFFFFFFF86F8AA43A71DFF1448893A530A7237EF6B4608BBB2DD2D0171E63AEC6A4890B40100000017160014FE3E9EF1A745E974] (255 B)
DEBUG | 2023-05-01 16:19:50 | [Test worker] client.Util:120 | --> [00010000FA70736274FF0100750200000001268171371EDFF285E937ADEEA4B37B78000C0566CBB3AD64641713CA42171BF60000000000FEFFFFFF02D3DFF505000000001976A914D0C59903C5BAC2868760E90FD521A4665AA7652088AC00E1F5050000000017A9143545E6E33B832C47050F24D3EEB93C9C03948BC787B32E1300000100FDA5010100000000010289A3C71EAB4D20E0371BBBA4CC698FA295C9463AFA2E397F8533CCB62F9567E50100000017160014BE18D152A9B012039DAF3DA7DE4F53349EECB985FFFFFFFF86F8AA43A71DFF1448893A530A7237EF6B4608BBB2DD2D0171E63AEC6A4890B40100000017160014FE3E9EF1A745E974] (255 B)
DEBUG | 2023-05-01 16:19:50 | [Test worker] client.Util:130 | <-- 9000
DEBUG | 2023-05-01 16:19:50 | [Test worker] client.Util:130 | <-- 9000
DEBUG | 2023-05-01 16:19:50 | [Test worker] client.Util:133 | Elapsed time 1 ms
DEBUG | 2023-05-01 16:19:50 | [Test worker] client.Util:120 | --> [00010000FAD902C4355943ABCB34BD5353FFFFFFFF0200C2EB0B000000001976A91485CFF1097FD9E008BB34AF709C62197B38978A4888AC72FEF84E2C00000017A914339725BA21EFD62AC753A9BCD067D6C7A6A39D05870247304402202712BE22E0270F394F568311DC7CA9A68970B8025FDD3B240229F07F8A5F3A240220018B38D7DCD314E734C9276BD6FB40F673325BC4BAA144C800D2F2F02DB2765C012103D2E15674941BAD4A996372CB87E1856D3652606D98562FE39C5E9E7E413F210502483045022100D12B852D85DCD961D2F5F4AB660654DF6EEDCC794C0C33CE5CC309FFB5FCE58D022067338A8E0E1725C197FB1A88AF59F51E44E425] (255 B)
DEBUG | 2023-05-01 16:19:50 | [Test worker] client.Util:120 | --> [00010000FAD902C4355943ABCB34BD5353FFFFFFFF0200C2EB0B000000001976A91485CFF1097FD9E008BB34AF709C62197B38978A4888AC72FEF84E2C00000017A914339725BA21EFD62AC753A9BCD067D6C7A6A39D05870247304402202712BE22E0270F394F568311DC7CA9A68970B8025FDD3B240229F07F8A5F3A240220018B38D7DCD314E734C9276BD6FB40F673325BC4BAA144C800D2F2F02DB2765C012103D2E15674941BAD4A996372CB87E1856D3652606D98562FE39C5E9E7E413F210502483045022100D12B852D85DCD961D2F5F4AB660654DF6EEDCC794C0C33CE5CC309FFB5FCE58D022067338A8E0E1725C197FB1A88AF59F51E44E425] (255 B)
DEBUG | 2023-05-01 16:19:50 | [Test worker] client.Util:130 | <-- 9000
DEBUG | 2023-05-01 16:19:50 | [Test worker] client.Util:130 | <-- 9000
DEBUG | 2023-05-01 16:19:50 | [Test worker] client.Util:133 | Elapsed time 1 ms
DEBUG | 2023-05-01 16:19:50 | [Test worker] client.Util:120 | --> [00010000375B20167C8684031C05D1F2592A01210223B72BEEF0965D10BE0778EFECD61FCAC6F79A4EA169393380734464F84F2AB300000000000000] (60 B)
DEBUG | 2023-05-01 16:19:50 | [Test worker] client.Util:120 | --> [00010000375B20167C8684031C05D1F2592A01210223B72BEEF0965D10BE0778EFECD61FCAC6F79A4EA169393380734464F84F2AB300000000000000] (60 B)
DEBUG | 2023-05-01 16:19:50 | [Test worker] client.Util:130 | <-- 9000
DEBUG | 2023-05-01 16:19:50 | [Test worker] client.Util:130 | <-- 9000
DEBUG | 2023-05-01 16:19:50 | [Test worker] client.Util:133 | Elapsed time 2 ms
DEBUG | 2023-05-01 16:19:50 | [Test worker] client.Util:120 | --> [0002000000] (5 B)
DEBUG | 2023-05-01 16:19:50 | [Test worker] client.Util:120 | --> [0002000000] (5 B)
DEBUG | 2023-05-01 16:19:50 | [Test worker] client.Util:130 | <-- 9000
DEBUG | 2023-05-01 16:19:50 | [Test worker] client.Util:130 | <-- 9000
DEBUG | 2023-05-01 16:19:50 | [Test worker] client.Util:133 | Elapsed time 1 ms
DEBUG | 2023-05-01 16:19:50 | [Test worker] client.Util:120 | --> [1000000000] (5 B)
DEBUG | 2023-05-01 16:19:50 | [Test worker] client.Util:120 | --> [1000000000] (5 B)
DEBUG | 2023-05-01 16:19:50 | [Test worker] client.Util:127 | <-- 00000000 9000 (4 B)
DEBUG | 2023-05-01 16:19:50 | [Test worker] client.Util:127 | <-- 00000000 9000 (4 B)
DEBUG | 2023-05-01 16:19:50 | [Test worker] client.Util:133 | Elapsed time 1 ms
DEBUG | 2023-05-01 16:19:50 | [Test worker] client.Util:120 | --> [0200000000] (5 B)
DEBUG | 2023-05-01 16:19:50 | [Test worker] client.Util:120 | --> [0200000000] (5 B)
DEBUG | 2023-05-01 16:19:50 | [Test worker] client.Util:130 | <-- 9000
DEBUG | 2023-05-01 16:19:50 | [Test worker] client.Util:130 | <-- 9000
DEBUG | 2023-05-01 16:19:50 | [Test worker] client.Util:133 | Elapsed time 1 ms
DEBUG | 2023-05-01 16:19:50 | [Test worker] client.Util:120 | --> [020100000A01020304050102030405] (15 B)
DEBUG | 2023-05-01 16:19:50 | [Test worker] client.Util:120 | --> [020100000A01020304050102030405] (15 B)
DEBUG | 2023-05-01 16:19:50 | [Test worker] client.Util:130 | <-- 9000
DEBUG | 2023-05-01 16:19:50 | [Test worker] client.Util:130 | <-- 9000
DEBUG | 2023-05-01 16:19:50 | [Test worker] client.Util:133 | Elapsed time 1 ms
DEBUG | 2023-05-01 16:19:50 | [Test worker] client.Util:120 | --> [0202000000] (5 B)
DEBUG | 2023-05-01 16:19:50 | [Test worker] client.Util:120 | --> [0202000000] (5 B)
DEBUG | 2023-05-01 16:19:50 | [Test worker] client.Util:130 | <-- 9000
DEBUG | 2023-05-01 16:19:50 | [Test worker] client.Util:130 | <-- 9000
DEBUG | 2023-05-01 16:19:50 | [Test worker] client.Util:120 | --> [1000000000] (5 B)
DEBUG | 2023-05-01 16:19:50 | [Test worker] client.Util:120 | --> [1000000000] (5 B)
DEBUG | 2023-05-01 16:19:50 | [Test worker] client.Util:127 | <-- 00010000 9000 (4 B)
DEBUG | 2023-05-01 16:19:50 | [Test worker] client.Util:127 | <-- 00010000 9000 (4 B)
DEBUG | 2023-05-01 16:19:50 | [Test worker] client.Util:133 | Elapsed time 1 ms
DEBUG | 2023-05-01 16:19:50 | [Test worker] client.Util:120 | --> [0000000000] (5 B)
DEBUG | 2023-05-01 16:19:50 | [Test worker] client.Util:120 | --> [0000000000] (5 B)
DEBUG | 2023-05-01 16:19:50 | [Test worker] client.Util:130 | <-- 9000
DEBUG | 2023-05-01 16:19:50 | [Test worker] client.Util:130 | <-- 9000
DEBUG | 2023-05-01 16:19:50 | [Test worker] client.Util:133 | Elapsed time 1 ms
DEBUG | 2023-05-01 16:19:50 | [Test worker] client.Util:120 | --> [00010000FA70736274FF0100750200000001268171371EDFF285E937ADEEA4B37B78000C0566CBB3AD64641713CA42171BF60000000000FEFFFFFF02D3DFF505000000001976A914D0C59903C5BAC2868760E90FD521A4665AA7652088AC00E1F5050000000017A9143545E6E33B832C47050F24D3EEB93C9C03948BC787B32E1300000100FDA5010100000000010289A3C71EAB4D20E0371BBBA4CC698FA295C9463AFA2E397F8533CCB62F9567E50100000017160014BE18D152A9B012039DAF3DA7DE4F53349EECB985FFFFFFFF86F8AA43A71DFF1448893A530A7237EF6B4608BBB2DD2D0171E63AEC6A4890B40100000017160014FE3E9EF1A745E974] (255 B)
DEBUG | 2023-05-01 16:19:50 | [Test worker] client.Util:120 | --> [00010000FA70736274FF0100750200000001268171371EDFF285E937ADEEA4B37B78000C0566CBB3AD64641713CA42171BF60000000000FEFFFFFF02D3DFF505000000001976A914D0C59903C5BAC2868760E90FD521A4665AA7652088AC00E1F5050000000017A9143545E6E33B832C47050F24D3EEB93C9C03948BC787B32E1300000100FDA5010100000000010289A3C71EAB4D20E0371BBBA4CC698FA295C9463AFA2E397F8533CCB62F9567E50100000017160014BE18D152A9B012039DAF3DA7DE4F53349EECB985FFFFFFFF86F8AA43A71DFF1448893A530A7237EF6B4608BBB2DD2D0171E63AEC6A4890B40100000017160014FE3E9EF1A745E974] (255 B)
DEBUG | 2023-05-01 16:19:50 | [Test worker] client.Util:130 | <-- 9000
DEBUG | 2023-05-01 16:19:50 | [Test worker] client.Util:130 | <-- 9000
DEBUG | 2023-05-01 16:19:50 | [Test worker] client.Util:133 | Elapsed time 2 ms
DEBUG | 2023-05-01 16:19:50 | [Test worker] client.Util:120 | --> [00010000FAD902C4355943ABCB34BD5353FFFFFFFF0200C2EB0B000000001976A91485CFF1097FD9E008BB34AF709C62197B38978A4888AC72FEF84E2C00000017A914339725BA21EFD62AC753A9BCD067D6C7A6A39D05870247304402202712BE22E0270F394F568311DC7CA9A68970B8025FDD3B240229F07F8A5F3A240220018B38D7DCD314E734C9276BD6FB40F673325BC4BAA144C800D2F2F02DB2765C012103D2E15674941BAD4A996372CB87E1856D3652606D98562FE39C5E9E7E413F210502483045022100D12B852D85DCD961D2F5F4AB660654DF6EEDCC794C0C33CE5CC309FFB5FCE58D022067338A8E0E1725C197FB1A88AF59F51E44E425] (255 B)
DEBUG | 2023-05-01 16:19:50 | [Test worker] client.Util:120 | --> [00010000FAD902C4355943ABCB34BD5353FFFFFFFF0200C2EB0B000000001976A91485CFF1097FD9E008BB34AF709C62197B38978A4888AC72FEF84E2C00000017A914339725BA21EFD62AC753A9BCD067D6C7A6A39D05870247304402202712BE22E0270F394F568311DC7CA9A68970B8025FDD3B240229F07F8A5F3A240220018B38D7DCD314E734C9276BD6FB40F673325BC4BAA144C800D2F2F02DB2765C012103D2E15674941BAD4A996372CB87E1856D3652606D98562FE39C5E9E7E413F210502483045022100D12B852D85DCD961D2F5F4AB660654DF6EEDCC794C0C33CE5CC309FFB5FCE58D022067338A8E0E1725C197FB1A88AF59F51E44E425] (255 B)
DEBUG | 2023-05-01 16:19:50 | [Test worker] client.Util:130 | <-- 9000
DEBUG | 2023-05-01 16:19:50 | [Test worker] client.Util:130 | <-- 9000
DEBUG | 2023-05-01 16:19:50 | [Test worker] client.Util:133 | Elapsed time 2 ms
DEBUG | 2023-05-01 16:19:50 | [Test worker] client.Util:120 | --> [00010000375B20167C8684031C05D1F2592A01210223B72BEEF0965D10BE0778EFECD61FCAC6F79A4EA169393380734464F84F2AB300000000000000] (60 B)
DEBUG | 2023-05-01 16:19:50 | [Test worker] client.Util:120 | --> [00010000375B20167C8684031C05D1F2592A01210223B72BEEF0965D10BE0778EFECD61FCAC6F79A4EA169393380734464F84F2AB300000000000000] (60 B)
DEBUG | 2023-05-01 16:19:50 | [Test worker] client.Util:130 | <-- 9000
DEBUG | 2023-05-01 16:19:50 | [Test worker] client.Util:130 | <-- 9000
DEBUG | 2023-05-01 16:19:50 | [Test worker] client.Util:120 | --> [0002000000] (5 B)
DEBUG | 2023-05-01 16:19:50 | [Test worker] client.Util:120 | --> [0002000000] (5 B)
DEBUG | 2023-05-01 16:19:50 | [Test worker] client.Util:130 | <-- 9000
DEBUG | 2023-05-01 16:19:50 | [Test worker] client.Util:130 | <-- 9000
DEBUG | 2023-05-01 16:19:50 | [Test worker] client.Util:120 | --> [0100000000] (5 B)
DEBUG | 2023-05-01 16:19:50 | [Test worker] client.Util:120 | --> [0100000000] (5 B)
DEBUG | 2023-05-01 16:19:50 | [Test worker] client.Util:130 | <-- 9000
DEBUG | 2023-05-01 16:19:50 | [Test worker] client.Util:130 | <-- 9000
DEBUG | 2023-05-01 16:19:50 | [Test worker] client.Util:120 | --> [01010000020A00] (7 B)
DEBUG | 2023-05-01 16:19:50 | [Test worker] client.Util:120 | --> [01010000020A00] (7 B)
DEBUG | 2023-05-01 16:19:50 | [Test worker] client.Util:130 | <-- 9000
DEBUG | 2023-05-01 16:19:50 | [Test worker] client.Util:130 | <-- 9000
DEBUG | 2023-05-01 16:19:50 | [Test worker] client.Util:120 | --> [0102000000] (5 B)
DEBUG | 2023-05-01 16:19:50 | [Test worker] client.Util:120 | --> [0102000000] (5 B)
DEBUG | 2023-05-01 16:19:50 | [Test worker] client.Util:130 | <-- 8666
DEBUG | 2023-05-01 16:19:50 | [Test worker] client.Util:130 | <-- 8666
DEBUG | 2023-05-01 16:19:50 | [Test worker] client.Util:133 | Elapsed time 1 ms
DEBUG | 2023-05-01 16:19:50 | [Test worker] client.Util:120 | --> [0200000000] (5 B)
DEBUG | 2023-05-01 16:19:50 | [Test worker] client.Util:120 | --> [0200000000] (5 B)
DEBUG | 2023-05-01 16:19:50 | [Test worker] client.Util:130 | <-- 9000
DEBUG | 2023-05-01 16:19:50 | [Test worker] client.Util:130 | <-- 9000
DEBUG | 2023-05-01 16:19:50 | [Test worker] client.Util:133 | Elapsed time 1 ms
DEBUG | 2023-05-01 16:19:50 | [Test worker] client.Util:120 | --> [020100000A01020304050102030405] (15 B)
DEBUG | 2023-05-01 16:19:50 | [Test worker] client.Util:120 | --> [020100000A01020304050102030405] (15 B)
DEBUG | 2023-05-01 16:19:50 | [Test worker] client.Util:130 | <-- 9000
DEBUG | 2023-05-01 16:19:50 | [Test worker] client.Util:130 | <-- 9000
DEBUG | 2023-05-01 16:19:50 | [Test worker] client.Util:120 | --> [0202000000] (5 B)
DEBUG | 2023-05-01 16:19:50 | [Test worker] client.Util:120 | --> [0202000000] (5 B)
DEBUG | 2023-05-01 16:19:50 | [Test worker] client.Util:130 | <-- 9000
DEBUG | 2023-05-01 16:19:50 | [Test worker] client.Util:130 | <-- 9000
DEBUG | 2023-05-01 16:19:50 | [Test worker] client.Util:120 | --> [0100000000] (5 B)
DEBUG | 2023-05-01 16:19:50 | [Test worker] client.Util:120 | --> [0100000000] (5 B)
DEBUG | 2023-05-01 16:19:50 | [Test worker] client.Util:130 | <-- 9000
DEBUG | 2023-05-01 16:19:50 | [Test worker] client.Util:130 | <-- 9000
DEBUG | 2023-05-01 16:19:50 | [Test worker] client.Util:133 | Elapsed time 1 ms
DEBUG | 2023-05-01 16:19:50 | [Test worker] client.Util:120 | --> [01010000040A000A01] (9 B)
DEBUG | 2023-05-01 16:19:50 | [Test worker] client.Util:120 | --> [01010000040A000A01] (9 B)
DEBUG | 2023-05-01 16:19:50 | [Test worker] client.Util:130 | <-- 9000
DEBUG | 2023-05-01 16:19:50 | [Test worker] client.Util:130 | <-- 9000
DEBUG | 2023-05-01 16:19:50 | [Test worker] client.Util:133 | Elapsed time 1 ms
DEBUG | 2023-05-01 16:19:50 | [Test worker] client.Util:120 | --> [0102000000] (5 B)
DEBUG | 2023-05-01 16:19:50 | [Test worker] client.Util:120 | --> [0102000000] (5 B)
DEBUG | 2023-05-01 16:19:50 | [Test worker] client.Util:130 | <-- 8666
DEBUG | 2023-05-01 16:19:50 | [Test worker] client.Util:130 | <-- 8666
DEBUG | 2023-05-01 16:19:50 | [Test worker] client.Util:133 | Elapsed time 1 ms
DEBUG | 2023-05-01 16:19:50 | [Test worker] client.Util:120 | --> [0200000000] (5 B)
DEBUG | 2023-05-01 16:19:50 | [Test worker] client.Util:120 | --> [0200000000] (5 B)
DEBUG | 2023-05-01 16:19:50 | [Test worker] client.Util:130 | <-- 9000
DEBUG | 2023-05-01 16:19:50 | [Test worker] client.Util:130 | <-- 9000
DEBUG | 2023-05-01 16:19:50 | [Test worker] client.Util:120 | --> [02010000081000000000000000] (13 B)
DEBUG | 2023-05-01 16:19:50 | [Test worker] client.Util:120 | --> [02010000081000000000000000] (13 B)
DEBUG | 2023-05-01 16:19:50 | [Test worker] client.Util:130 | <-- 9000
DEBUG | 2023-05-01 16:19:50 | [Test worker] client.Util:130 | <-- 9000
DEBUG | 2023-05-01 16:19:50 | [Test worker] client.Util:120 | --> [0202000000] (5 B)
DEBUG | 2023-05-01 16:19:50 | [Test worker] client.Util:120 | --> [0202000000] (5 B)
DEBUG | 2023-05-01 16:19:50 | [Test worker] client.Util:130 | <-- 9000
DEBUG | 2023-05-01 16:19:50 | [Test worker] client.Util:130 | <-- 9000
DEBUG | 2023-05-01 16:19:50 | [Test worker] client.Util:120 | --> [0100000000] (5 B)
DEBUG | 2023-05-01 16:19:50 | [Test worker] client.Util:120 | --> [0100000000] (5 B)
DEBUG | 2023-05-01 16:19:50 | [Test worker] client.Util:130 | <-- 9000
DEBUG | 2023-05-01 16:19:50 | [Test worker] client.Util:130 | <-- 9000
DEBUG | 2023-05-01 16:19:50 | [Test worker] client.Util:120 | --> [01010000020000] (7 B)
DEBUG | 2023-05-01 16:19:50 | [Test worker] client.Util:120 | --> [01010000020000] (7 B)
DEBUG | 2023-05-01 16:19:50 | [Test worker] client.Util:130 | <-- 9000
DEBUG | 2023-05-01 16:19:50 | [Test worker] client.Util:130 | <-- 9000
DEBUG | 2023-05-01 16:19:50 | [Test worker] client.Util:133 | Elapsed time 1 ms
DEBUG | 2023-05-01 16:19:50 | [Test worker] client.Util:120 | --> [0102000000] (5 B)
DEBUG | 2023-05-01 16:19:50 | [Test worker] client.Util:120 | --> [0102000000] (5 B)
DEBUG | 2023-05-01 16:19:50 | [Test worker] client.Util:130 | <-- 9000
DEBUG | 2023-05-01 16:19:50 | [Test worker] client.Util:130 | <-- 9000
DEBUG | 2023-05-01 16:19:50 | [Test worker] client.Util:133 | Elapsed time 1 ms
DEBUG | 2023-05-01 16:19:50 | [Test worker] client.Util:120 | --> [0000000000] (5 B)
DEBUG | 2023-05-01 16:19:50 | [Test worker] client.Util:120 | --> [0000000000] (5 B)
DEBUG | 2023-05-01 16:19:50 | [Test worker] client.Util:130 | <-- 9000
DEBUG | 2023-05-01 16:19:50 | [Test worker] client.Util:130 | <-- 9000
DEBUG | 2023-05-01 16:19:50 | [Test worker] client.Util:133 | Elapsed time 1 ms
DEBUG | 2023-05-01 16:19:50 | [Test worker] client.Util:120 | --> [000100005770736274FF01004C020000000002D3DFF505000000001976A914D0C59903C5BAC2868760E90FD521A4665AA7652088AC00E1F5050000000017A9143545E6E33B832C47050F24D3EEB93C9C03948BC787B32E1300000000] (92 B)
DEBUG | 2023-05-01 16:19:50 | [Test worker] client.Util:120 | --> [000100005770736274FF01004C020000000002D3DFF505000000001976A914D0C59903C5BAC2868760E90FD521A4665AA7652088AC00E1F5050000000017A9143545E6E33B832C47050F24D3EEB93C9C03948BC787B32E1300000000] (92 B)
DEBUG | 2023-05-01 16:19:50 | [Test worker] client.Util:130 | <-- 9000
DEBUG | 2023-05-01 16:19:50 | [Test worker] client.Util:130 | <-- 9000
DEBUG | 2023-05-01 16:19:50 | [Test worker] client.Util:133 | Elapsed time 1 ms
DEBUG | 2023-05-01 16:19:50 | [Test worker] client.Util:120 | --> [0002000000] (5 B)
DEBUG | 2023-05-01 16:19:50 | [Test worker] client.Util:120 | --> [0002000000] (5 B)
DEBUG | 2023-05-01 16:19:50 | [Test worker] client.Util:130 | <-- 9000
DEBUG | 2023-05-01 16:19:50 | [Test worker] client.Util:130 | <-- 9000
DEBUG | 2023-05-01 16:19:50 | [Test worker] client.Util:120 | --> [1000000000] (5 B)
DEBUG | 2023-05-01 16:19:50 | [Test worker] client.Util:120 | --> [1000000000] (5 B)
DEBUG | 2023-05-01 16:19:50 | [Test worker] client.Util:127 | <-- 00010000 9000 (4 B)
DEBUG | 2023-05-01 16:19:50 | [Test worker] client.Util:127 | <-- 00010000 9000 (4 B)
DEBUG | 2023-05-01 16:19:50 | [Test worker] client.Util:120 | --> [0000000000] (5 B)
DEBUG | 2023-05-01 16:19:50 | [Test worker] client.Util:120 | --> [0000000000] (5 B)
DEBUG | 2023-05-01 16:19:50 | [Test worker] client.Util:130 | <-- 9000
DEBUG | 2023-05-01 16:19:50 | [Test worker] client.Util:130 | <-- 9000
DEBUG | 2023-05-01 16:19:50 | [Test worker] client.Util:120 | --> [000100009170736274FF01020402000000010401010105010201FB040200000000010E200B0AD921419C1C8719735D72DC739F9EA9E0638D1FE4C1EEF0F9944084815FC8010F0400000000000103080008AF2F000000000104160014C430F64C4756DA310DBD1A085572EF299926272C000103088BBDEB0B0000000001041600144DD193AC964A56AC1B9E1CCA8454FE2F474F851300] (150 B)
DEBUG | 2023-05-01 16:19:50 | [Test worker] client.Util:120 | --> [000100009170736274FF01020402000000010401010105010201FB040200000000010E200B0AD921419C1C8719735D72DC739F9EA9E0638D1FE4C1EEF0F9944084815FC8010F0400000000000103080008AF2F000000000104160014C430F64C4756DA310DBD1A085572EF299926272C000103088BBDEB0B0000000001041600144DD193AC964A56AC1B9E1CCA8454FE2F474F851300] (150 B)
DEBUG | 2023-05-01 16:19:50 | [Test worker] client.Util:130 | <-- 9000
DEBUG | 2023-05-01 16:19:50 | [Test worker] client.Util:130 | <-- 9000
DEBUG | 2023-05-01 16:19:50 | [Test worker] client.Util:133 | Elapsed time 1 ms
DEBUG | 2023-05-01 16:19:50 | [Test worker] client.Util:120 | --> [0002000000] (5 B)
DEBUG | 2023-05-01 16:19:50 | [Test worker] client.Util:120 | --> [0002000000] (5 B)
DEBUG | 2023-05-01 16:19:50 | [Test worker] client.Util:130 | <-- 9000
DEBUG | 2023-05-01 16:19:50 | [Test worker] client.Util:130 | <-- 9000
DEBUG | 2023-05-01 16:19:50 | [Test worker] client.Util:120 | --> [1000000000] (5 B)
DEBUG | 2023-05-01 16:19:50 | [Test worker] client.Util:120 | --> [1000000000] (5 B)
DEBUG | 2023-05-01 16:19:50 | [Test worker] client.Util:127 | <-- 00010000 9000 (4 B)
DEBUG | 2023-05-01 16:19:50 | [Test worker] client.Util:127 | <-- 00010000 9000 (4 B)
DEBUG | 2023-05-01 16:19:50 | [Test worker] client.Util:133 | Elapsed time 1 ms
DEBUG | 2023-05-01 16:19:50 | [Test worker] client.Util:120 | --> [0000000000] (5 B)
DEBUG | 2023-05-01 16:19:50 | [Test worker] client.Util:120 | --> [0000000000] (5 B)
DEBUG | 2023-05-01 16:19:50 | [Test worker] client.Util:130 | <-- 9000
DEBUG | 2023-05-01 16:19:50 | [Test worker] client.Util:130 | <-- 9000
DEBUG | 2023-05-01 16:19:50 | [Test worker] client.Util:120 | --> [00010000FA70736274FF01020402000000010401010105010201FB0402000000000100520200000001C1AA256E214B96A1822F93DE42BFF3B5F3FF8D0519306E3515D7515A5E805B120000000000FFFFFFFF0118C69A3B00000000160014B0A3AF144208412693CA7D166852B52DB0AEF06E0000000001011F18C69A3B00000000160014B0A3AF144208412693CA7D166852B52DB0AEF06E010E200B0AD921419C1C8719735D72DC739F9EA9E0638D1FE4C1EEF0F9944084815FC8010F040000000000220202D601F84846A6755F776BE00E3D9DE8FB10ACC935FB83C45FB0162D4CAD5AB79218F69D873E540000800100008000000080000000002A000000] (255 B)
DEBUG | 2023-05-01 16:19:50 | [Test worker] client.Util:120 | --> [00010000FA70736274FF01020402000000010401010105010201FB0402000000000100520200000001C1AA256E214B96A1822F93DE42BFF3B5F3FF8D0519306E3515D7515A5E805B120000000000FFFFFFFF0118C69A3B00000000160014B0A3AF144208412693CA7D166852B52DB0AEF06E0000000001011F18C69A3B00000000160014B0A3AF144208412693CA7D166852B52DB0AEF06E010E200B0AD921419C1C8719735D72DC739F9EA9E0638D1FE4C1EEF0F9944084815FC8010F040000000000220202D601F84846A6755F776BE00E3D9DE8FB10ACC935FB83C45FB0162D4CAD5AB79218F69D873E540000800100008000000080000000002A000000] (255 B)
DEBUG | 2023-05-01 16:19:50 | [Test worker] client.Util:130 | <-- 9000
DEBUG | 2023-05-01 16:19:50 | [Test worker] client.Util:130 | <-- 9000
DEBUG | 2023-05-01 16:19:50 | [Test worker] client.Util:133 | Elapsed time 1 ms
DEBUG | 2023-05-01 16:19:50 | [Test worker] client.Util:120 | --> [00010000860103080008AF2F000000000104160014C430F64C4756DA310DBD1A085572EF299926272C00220202E36FBFF53DD534070CF8FD396614680F357A9B85DB7340BF1CFA745D2AD7B34018F69D873E54000080010000800000008001000000640000000103088BBDEB0B0000000001041600144DD193AC964A56AC1B9E1CCA8454FE2F474F851300] (139 B)
DEBUG | 2023-05-01 16:19:50 | [Test worker] client.Util:120 | --> [00010000860103080008AF2F000000000104160014C430F64C4756DA310DBD1A085572EF299926272C00220202E36FBFF53DD534070CF8FD396614680F357A9B85DB7340BF1CFA745D2AD7B34018F69D873E54000080010000800000008001000000640000000103088BBDEB0B0000000001041600144DD193AC964A56AC1B9E1CCA8454FE2F474F851300] (139 B)
DEBUG | 2023-05-01 16:19:50 | [Test worker] client.Util:130 | <-- 9000
DEBUG | 2023-05-01 16:19:50 | [Test worker] client.Util:130 | <-- 9000
DEBUG | 2023-05-01 16:19:50 | [Test worker] client.Util:120 | --> [0002000000] (5 B)
DEBUG | 2023-05-01 16:19:50 | [Test worker] client.Util:120 | --> [0002000000] (5 B)
DEBUG | 2023-05-01 16:19:50 | [Test worker] client.Util:130 | <-- 9000
DEBUG | 2023-05-01 16:19:50 | [Test worker] client.Util:130 | <-- 9000
DEBUG | 2023-05-01 16:19:50 | [Test worker] client.Util:120 | --> [1000000000] (5 B)
DEBUG | 2023-05-01 16:19:50 | [Test worker] client.Util:120 | --> [1000000000] (5 B)
DEBUG | 2023-05-01 16:19:50 | [Test worker] client.Util:127 | <-- 00010000 9000 (4 B)
DEBUG | 2023-05-01 16:19:50 | [Test worker] client.Util:127 | <-- 00010000 9000 (4 B)
getInstance of assymetric algo: 17
getInstance of assymetric algo: 17 is OK!
DEBUG | 2023-05-01 16:19:50 | [Test worker] client.Util:120 | --> [0200000000] (5 B)
DEBUG | 2023-05-01 16:19:50 | [Test worker] client.Util:120 | --> [0200000000] (5 B)
DEBUG | 2023-05-01 16:19:50 | [Test worker] client.Util:130 | <-- 9000
DEBUG | 2023-05-01 16:19:50 | [Test worker] client.Util:130 | <-- 9000
DEBUG | 2023-05-01 16:19:50 | [Test worker] client.Util:133 | Elapsed time 1 ms
DEBUG | 2023-05-01 16:19:50 | [Test worker] client.Util:120 | --> [0201000041041ED06C09A9EB0B02B3EC38B559AFE719080E4CEDFF6D93839A1C19CB9E601C8BE8AD94D4189AE492F327CD0A4C2D035FC1E1AFABFFE2C82FF25DBD8E6F8EA75E] (70 B)
DEBUG | 2023-05-01 16:19:50 | [Test worker] client.Util:120 | --> [0201000041041ED06C09A9EB0B02B3EC38B559AFE719080E4CEDFF6D93839A1C19CB9E601C8BE8AD94D4189AE492F327CD0A4C2D035FC1E1AFABFFE2C82FF25DBD8E6F8EA75E] (70 B)
DEBUG | 2023-05-01 16:19:50 | [Test worker] client.Util:130 | <-- 9000
DEBUG | 2023-05-01 16:19:50 | [Test worker] client.Util:130 | <-- 9000
DEBUG | 2023-05-01 16:19:50 | [Test worker] client.Util:120 | --> [0202000000] (5 B)
DEBUG | 2023-05-01 16:19:50 | [Test worker] client.Util:120 | --> [0202000000] (5 B)
DEBUG | 2023-05-01 16:19:50 | [Test worker] client.Util:130 | <-- 9000
DEBUG | 2023-05-01 16:19:50 | [Test worker] client.Util:130 | <-- 9000
DEBUG | 2023-05-01 16:19:50 | [Test worker] client.Util:133 | Elapsed time 1 ms
DEBUG | 2023-05-01 16:19:50 | [Test worker] client.Util:120 | --> [0200010000] (5 B)
DEBUG | 2023-05-01 16:19:50 | [Test worker] client.Util:120 | --> [0200010000] (5 B)
DEBUG | 2023-05-01 16:19:50 | [Test worker] client.Util:130 | <-- 9000
DEBUG | 2023-05-01 16:19:50 | [Test worker] client.Util:130 | <-- 9000
DEBUG | 2023-05-01 16:19:50 | [Test worker] client.Util:120 | --> [0201010004000FFFFF] (9 B)
DEBUG | 2023-05-01 16:19:50 | [Test worker] client.Util:120 | --> [0201010004000FFFFF] (9 B)
DEBUG | 2023-05-01 16:19:50 | [Test worker] client.Util:130 | <-- 9000
DEBUG | 2023-05-01 16:19:50 | [Test worker] client.Util:130 | <-- 9000
DEBUG | 2023-05-01 16:19:50 | [Test worker] client.Util:133 | Elapsed time 1 ms
DEBUG | 2023-05-01 16:19:50 | [Test worker] client.Util:120 | --> [0202010000] (5 B)
DEBUG | 2023-05-01 16:19:50 | [Test worker] client.Util:120 | --> [0202010000] (5 B)
DEBUG | 2023-05-01 16:19:50 | [Test worker] client.Util:130 | <-- 9000
DEBUG | 2023-05-01 16:19:50 | [Test worker] client.Util:130 | <-- 9000
DEBUG | 2023-05-01 16:19:50 | [Test worker] client.Util:133 | Elapsed time 1 ms
DEBUG | 2023-05-01 16:19:50 | [Test worker] client.Util:120 | --> [0100000000] (5 B)
DEBUG | 2023-05-01 16:19:50 | [Test worker] client.Util:120 | --> [0100000000] (5 B)
DEBUG | 2023-05-01 16:19:50 | [Test worker] client.Util:130 | <-- 9000
DEBUG | 2023-05-01 16:19:50 | [Test worker] client.Util:130 | <-- 9000
DEBUG | 2023-05-01 16:19:50 | [Test worker] client.Util:133 | Elapsed time 1 ms
DEBUG | 2023-05-01 16:19:50 | [Test worker] client.Util:120 | --> [0101000003090001] (8 B)
DEBUG | 2023-05-01 16:19:50 | [Test worker] client.Util:120 | --> [0101000003090001] (8 B)
DEBUG | 2023-05-01 16:19:50 | [Test worker] client.Util:130 | <-- 9000
DEBUG | 2023-05-01 16:19:50 | [Test worker] client.Util:130 | <-- 9000
DEBUG | 2023-05-01 16:19:50 | [Test worker] client.Util:133 | Elapsed time 1 ms
DEBUG | 2023-05-01 16:19:50 | [Test worker] client.Util:120 | --> [0102000000] (5 B)
DEBUG | 2023-05-01 16:19:50 | [Test worker] client.Util:120 | --> [0102000000] (5 B)
DEBUG | 2023-05-01 16:19:50 | [Test worker] client.Util:130 | <-- 9000
DEBUG | 2023-05-01 16:19:50 | [Test worker] client.Util:130 | <-- 9000
DEBUG | 2023-05-01 16:19:50 | [Test worker] client.Util:133 | Elapsed time 1 ms
DEBUG | 2023-05-01 16:19:50 | [Test worker] client.Util:120 | --> [0200000000] (5 B)
DEBUG | 2023-05-01 16:19:50 | [Test worker] client.Util:120 | --> [0200000000] (5 B)
DEBUG | 2023-05-01 16:19:50 | [Test worker] client.Util:130 | <-- 9000
DEBUG | 2023-05-01 16:19:50 | [Test worker] client.Util:130 | <-- 9000
DEBUG | 2023-05-01 16:19:50 | [Test worker] client.Util:133 | Elapsed time 1 ms
DEBUG | 2023-05-01 16:19:50 | [Test worker] client.Util:120 | --> [02010000463044022055419D74C722EB462A6CDD289293917A9415BC891074EB9CD36E9BB7675D621302205CDAA3BB7952D2C737C8BBD7A599FE6F9F26B8F071228A82D37DDDFA61E4C685] (75 B)
DEBUG | 2023-05-01 16:19:50 | [Test worker] client.Util:120 | --> [02010000463044022055419D74C722EB462A6CDD289293917A9415BC891074EB9CD36E9BB7675D621302205CDAA3BB7952D2C737C8BBD7A599FE6F9F26B8F071228A82D37DDDFA61E4C685] (75 B)
DEBUG | 2023-05-01 16:19:50 | [Test worker] client.Util:130 | <-- 9000
DEBUG | 2023-05-01 16:19:50 | [Test worker] client.Util:130 | <-- 9000
DEBUG | 2023-05-01 16:19:50 | [Test worker] client.Util:133 | Elapsed time 1 ms
DEBUG | 2023-05-01 16:19:50 | [Test worker] client.Util:120 | --> [0202000000] (5 B)
DEBUG | 2023-05-01 16:19:50 | [Test worker] client.Util:120 | --> [0202000000] (5 B)
DEBUG | 2023-05-01 16:19:50 | [Test worker] client.Util:130 | <-- 9000
DEBUG | 2023-05-01 16:19:50 | [Test worker] client.Util:130 | <-- 9000
DEBUG | 2023-05-01 16:19:50 | [Test worker] client.Util:120 | --> [0200010000] (5 B)
DEBUG | 2023-05-01 16:19:50 | [Test worker] client.Util:120 | --> [0200010000] (5 B)
DEBUG | 2023-05-01 16:19:50 | [Test worker] client.Util:130 | <-- 9000
DEBUG | 2023-05-01 16:19:50 | [Test worker] client.Util:130 | <-- 9000
DEBUG | 2023-05-01 16:19:50 | [Test worker] client.Util:133 | Elapsed time 1 ms
DEBUG | 2023-05-01 16:19:50 | [Test worker] client.Util:120 | --> [020101000400FFFFFF] (9 B)
DEBUG | 2023-05-01 16:19:50 | [Test worker] client.Util:120 | --> [020101000400FFFFFF] (9 B)
DEBUG | 2023-05-01 16:19:50 | [Test worker] client.Util:130 | <-- 9000
DEBUG | 2023-05-01 16:19:50 | [Test worker] client.Util:130 | <-- 9000
DEBUG | 2023-05-01 16:19:50 | [Test worker] client.Util:133 | Elapsed time 1 ms
DEBUG | 2023-05-01 16:19:50 | [Test worker] client.Util:120 | --> [0202010000] (5 B)
DEBUG | 2023-05-01 16:19:50 | [Test worker] client.Util:120 | --> [0202010000] (5 B)
DEBUG | 2023-05-01 16:19:50 | [Test worker] client.Util:130 | <-- 9000
DEBUG | 2023-05-01 16:19:50 | [Test worker] client.Util:130 | <-- 9000
DEBUG | 2023-05-01 16:19:50 | [Test worker] client.Util:133 | Elapsed time 1 ms
DEBUG | 2023-05-01 16:19:50 | [Test worker] client.Util:120 | --> [1000000000] (5 B)
DEBUG | 2023-05-01 16:19:50 | [Test worker] client.Util:120 | --> [1000000000] (5 B)
getInstance of assymetric algo: 17
getInstance of assymetric algo: 17 is OK!
DEBUG | 2023-05-01 16:19:50 | [Test worker] client.Util:127 | <-- 00010000 9000 (4 B)
DEBUG | 2023-05-01 16:19:50 | [Test worker] client.Util:127 | <-- 00010000 9000 (4 B)
DEBUG | 2023-05-01 16:19:50 | [Test worker] client.Util:133 | Elapsed time 38 ms
DEBUG | 2023-05-01 16:19:50 | [Test worker] client.Util:120 | --> [0200000000] (5 B)
DEBUG | 2023-05-01 16:19:50 | [Test worker] client.Util:120 | --> [0200000000] (5 B)
DEBUG | 2023-05-01 16:19:50 | [Test worker] client.Util:130 | <-- 9000
DEBUG | 2023-05-01 16:19:50 | [Test worker] client.Util:130 | <-- 9000
DEBUG | 2023-05-01 16:19:50 | [Test worker] client.Util:133 | Elapsed time 1 ms
DEBUG | 2023-05-01 16:19:50 | [Test worker] client.Util:120 | --> [0201000046304402207B664C82401B6F8D0172AA28CAA5CB7C8B8FE67381352E490F5AD80D1C10CED50220709E7BFA303CD1188ED8AF9D2766C2D5FDA0263EEB0E2F4460A41BBEB53E402A] (75 B)
DEBUG | 2023-05-01 16:19:50 | [Test worker] client.Util:120 | --> [0201000046304402207B664C82401B6F8D0172AA28CAA5CB7C8B8FE67381352E490F5AD80D1C10CED50220709E7BFA303CD1188ED8AF9D2766C2D5FDA0263EEB0E2F4460A41BBEB53E402A] (75 B)
DEBUG | 2023-05-01 16:19:50 | [Test worker] client.Util:130 | <-- 9000
DEBUG | 2023-05-01 16:19:50 | [Test worker] client.Util:130 | <-- 9000
DEBUG | 2023-05-01 16:19:50 | [Test worker] client.Util:120 | --> [0202000000] (5 B)
DEBUG | 2023-05-01 16:19:50 | [Test worker] client.Util:120 | --> [0202000000] (5 B)
DEBUG | 2023-05-01 16:19:50 | [Test worker] client.Util:130 | <-- 9000
DEBUG | 2023-05-01 16:19:50 | [Test worker] client.Util:130 | <-- 9000
DEBUG | 2023-05-01 16:19:50 | [Test worker] client.Util:120 | --> [0200010000] (5 B)
DEBUG | 2023-05-01 16:19:50 | [Test worker] client.Util:120 | --> [0200010000] (5 B)
DEBUG | 2023-05-01 16:19:50 | [Test worker] client.Util:130 | <-- 9000
DEBUG | 2023-05-01 16:19:50 | [Test worker] client.Util:130 | <-- 9000
DEBUG | 2023-05-01 16:19:50 | [Test worker] client.Util:133 | Elapsed time 1 ms
DEBUG | 2023-05-01 16:19:50 | [Test worker] client.Util:120 | --> [020101000400FFFFFF] (9 B)
DEBUG | 2023-05-01 16:19:50 | [Test worker] client.Util:120 | --> [020101000400FFFFFF] (9 B)
DEBUG | 2023-05-01 16:19:50 | [Test worker] client.Util:130 | <-- 9000
DEBUG | 2023-05-01 16:19:50 | [Test worker] client.Util:130 | <-- 9000
DEBUG | 2023-05-01 16:19:50 | [Test worker] client.Util:133 | Elapsed time 1 ms
DEBUG | 2023-05-01 16:19:50 | [Test worker] client.Util:120 | --> [0202010000] (5 B)
DEBUG | 2023-05-01 16:19:50 | [Test worker] client.Util:120 | --> [0202010000] (5 B)
DEBUG | 2023-05-01 16:19:50 | [Test worker] client.Util:130 | <-- 9000
DEBUG | 2023-05-01 16:19:50 | [Test worker] client.Util:130 | <-- 9000
DEBUG | 2023-05-01 16:19:50 | [Test worker] client.Util:120 | --> [1000000000] (5 B)
DEBUG | 2023-05-01 16:19:50 | [Test worker] client.Util:120 | --> [1000000000] (5 B)
getInstance of assymetric algo: 17
getInstance of assymetric algo: 17 is OK!
DEBUG | 2023-05-01 16:19:50 | [Test worker] client.Util:127 | <-- 00000000 9000 (4 B)
DEBUG | 2023-05-01 16:19:50 | [Test worker] client.Util:127 | <-- 00000000 9000 (4 B)
DEBUG | 2023-05-01 16:19:50 | [Test worker] client.Util:133 | Elapsed time 31 ms
DEBUG | 2023-05-01 16:19:50 | [Test worker] client.Util:120 | --> [0200000000] (5 B)
DEBUG | 2023-05-01 16:19:50 | [Test worker] client.Util:120 | --> [0200000000] (5 B)
DEBUG | 2023-05-01 16:19:50 | [Test worker] client.Util:130 | <-- 9000
DEBUG | 2023-05-01 16:19:50 | [Test worker] client.Util:130 | <-- 9000
DEBUG | 2023-05-01 16:19:50 | [Test worker] client.Util:133 | Elapsed time 1 ms
DEBUG | 2023-05-01 16:19:50 | [Test worker] client.Util:120 | --> [0201000046304402207B664C82401B6F8D0172AA28CAA5CB7C8B8FE67381352E490F5AD80D1C10CED50220709E7BFA303CD1188ED8AF9D2766C2D5FDA0263EEB0E2F4460A41BBEB53E402A] (75 B)
DEBUG | 2023-05-01 16:19:50 | [Test worker] client.Util:120 | --> [0201000046304402207B664C82401B6F8D0172AA28CAA5CB7C8B8FE67381352E490F5AD80D1C10CED50220709E7BFA303CD1188ED8AF9D2766C2D5FDA0263EEB0E2F4460A41BBEB53E402A] (75 B)
DEBUG | 2023-05-01 16:19:50 | [Test worker] client.Util:130 | <-- 9000
DEBUG | 2023-05-01 16:19:50 | [Test worker] client.Util:130 | <-- 9000
DEBUG | 2023-05-01 16:19:50 | [Test worker] client.Util:133 | Elapsed time 1 ms
DEBUG | 2023-05-01 16:19:50 | [Test worker] client.Util:120 | --> [0202000000] (5 B)
DEBUG | 2023-05-01 16:19:50 | [Test worker] client.Util:120 | --> [0202000000] (5 B)
DEBUG | 2023-05-01 16:19:50 | [Test worker] client.Util:130 | <-- 9000
DEBUG | 2023-05-01 16:19:50 | [Test worker] client.Util:130 | <-- 9000
DEBUG | 2023-05-01 16:19:50 | [Test worker] client.Util:120 | --> [0200010000] (5 B)
DEBUG | 2023-05-01 16:19:50 | [Test worker] client.Util:120 | --> [0200010000] (5 B)
DEBUG | 2023-05-01 16:19:50 | [Test worker] client.Util:130 | <-- 9000
DEBUG | 2023-05-01 16:19:50 | [Test worker] client.Util:130 | <-- 9000
DEBUG | 2023-05-01 16:19:50 | [Test worker] client.Util:133 | Elapsed time 1 ms
DEBUG | 2023-05-01 16:19:50 | [Test worker] client.Util:120 | --> [02010100040000FFFF] (9 B)
DEBUG | 2023-05-01 16:19:50 | [Test worker] client.Util:120 | --> [02010100040000FFFF] (9 B)
DEBUG | 2023-05-01 16:19:50 | [Test worker] client.Util:130 | <-- 9000
DEBUG | 2023-05-01 16:19:50 | [Test worker] client.Util:130 | <-- 9000
DEBUG | 2023-05-01 16:19:50 | [Test worker] client.Util:133 | Elapsed time 1 ms
DEBUG | 2023-05-01 16:19:50 | [Test worker] client.Util:120 | --> [0202010000] (5 B)
DEBUG | 2023-05-01 16:19:50 | [Test worker] client.Util:120 | --> [0202010000] (5 B)
DEBUG | 2023-05-01 16:19:50 | [Test worker] client.Util:130 | <-- 9000
DEBUG | 2023-05-01 16:19:50 | [Test worker] client.Util:130 | <-- 9000
DEBUG | 2023-05-01 16:19:50 | [Test worker] client.Util:133 | Elapsed time 1 ms
DEBUG | 2023-05-01 16:19:50 | [Test worker] client.Util:120 | --> [1000000000] (5 B)
DEBUG | 2023-05-01 16:19:50 | [Test worker] client.Util:120 | --> [1000000000] (5 B)
getInstance of assymetric algo: 17
getInstance of assymetric algo: 17 is OK!
DEBUG | 2023-05-01 16:19:51 | [Test worker] client.Util:127 | <-- 00000000 9000 (4 B)
DEBUG | 2023-05-01 16:19:51 | [Test worker] client.Util:127 | <-- 00000000 9000 (4 B)
DEBUG | 2023-05-01 16:19:51 | [Test worker] client.Util:133 | Elapsed time 29 ms
DEBUG | 2023-05-01 16:19:51 | [Test worker] client.Util:120 | --> [0200000000] (5 B)
DEBUG | 2023-05-01 16:19:51 | [Test worker] client.Util:120 | --> [0200000000] (5 B)
DEBUG | 2023-05-01 16:19:51 | [Test worker] client.Util:130 | <-- 9000
DEBUG | 2023-05-01 16:19:51 | [Test worker] client.Util:130 | <-- 9000
DEBUG | 2023-05-01 16:19:51 | [Test worker] client.Util:120 | --> [02010000463044022055419D74C722EB462A6CDD289293917A9415BC891074EB9CD36E9BB7675D621302205CDAA3BB7952D2C737C8BBD7A599FE6F9F26B8F071228A82D37DDDFA61E4C685] (75 B)
DEBUG | 2023-05-01 16:19:51 | [Test worker] client.Util:120 | --> [02010000463044022055419D74C722EB462A6CDD289293917A9415BC891074EB9CD36E9BB7675D621302205CDAA3BB7952D2C737C8BBD7A599FE6F9F26B8F071228A82D37DDDFA61E4C685] (75 B)
DEBUG | 2023-05-01 16:19:51 | [Test worker] client.Util:130 | <-- 9000
DEBUG | 2023-05-01 16:19:51 | [Test worker] client.Util:130 | <-- 9000
DEBUG | 2023-05-01 16:19:51 | [Test worker] client.Util:133 | Elapsed time 1 ms
DEBUG | 2023-05-01 16:19:51 | [Test worker] client.Util:120 | --> [0202000000] (5 B)
DEBUG | 2023-05-01 16:19:51 | [Test worker] client.Util:120 | --> [0202000000] (5 B)
DEBUG | 2023-05-01 16:19:51 | [Test worker] client.Util:130 | <-- 9000
DEBUG | 2023-05-01 16:19:51 | [Test worker] client.Util:130 | <-- 9000
DEBUG | 2023-05-01 16:19:51 | [Test worker] client.Util:133 | Elapsed time 1 ms
DEBUG | 2023-05-01 16:19:51 | [Test worker] client.Util:120 | --> [0200010000] (5 B)
DEBUG | 2023-05-01 16:19:51 | [Test worker] client.Util:120 | --> [0200010000] (5 B)
DEBUG | 2023-05-01 16:19:51 | [Test worker] client.Util:130 | <-- 9000
DEBUG | 2023-05-01 16:19:51 | [Test worker] client.Util:130 | <-- 9000
DEBUG | 2023-05-01 16:19:51 | [Test worker] client.Util:133 | Elapsed time 1 ms
DEBUG | 2023-05-01 16:19:51 | [Test worker] client.Util:120 | --> [02010100040000FFFF] (9 B)
DEBUG | 2023-05-01 16:19:51 | [Test worker] client.Util:120 | --> [02010100040000FFFF] (9 B)
DEBUG | 2023-05-01 16:19:51 | [Test worker] client.Util:130 | <-- 9000
DEBUG | 2023-05-01 16:19:51 | [Test worker] client.Util:130 | <-- 9000
DEBUG | 2023-05-01 16:19:51 | [Test worker] client.Util:133 | Elapsed time 1 ms
DEBUG | 2023-05-01 16:19:51 | [Test worker] client.Util:120 | --> [0202010000] (5 B)
DEBUG | 2023-05-01 16:19:51 | [Test worker] client.Util:120 | --> [0202010000] (5 B)
DEBUG | 2023-05-01 16:19:51 | [Test worker] client.Util:130 | <-- 9000
DEBUG | 2023-05-01 16:19:51 | [Test worker] client.Util:130 | <-- 9000
DEBUG | 2023-05-01 16:19:51 | [Test worker] client.Util:120 | --> [1000000000] (5 B)
DEBUG | 2023-05-01 16:19:51 | [Test worker] client.Util:120 | --> [1000000000] (5 B)
getInstance of assymetric algo: 17
getInstance of assymetric algo: 17 is OK!
DEBUG | 2023-05-01 16:19:51 | [Test worker] client.Util:127 | <-- 00000000 9000 (4 B)
DEBUG | 2023-05-01 16:19:51 | [Test worker] client.Util:127 | <-- 00000000 9000 (4 B)
DEBUG | 2023-05-01 16:19:51 | [Test worker] client.Util:133 | Elapsed time 28 ms
DEBUG | 2023-05-01 16:19:51 | [Test worker] client.Util:120 | --> [0200000000] (5 B)
DEBUG | 2023-05-01 16:19:51 | [Test worker] client.Util:120 | --> [0200000000] (5 B)
DEBUG | 2023-05-01 16:19:51 | [Test worker] client.Util:130 | <-- 9000
DEBUG | 2023-05-01 16:19:51 | [Test worker] client.Util:130 | <-- 9000
DEBUG | 2023-05-01 16:19:51 | [Test worker] client.Util:120 | --> [0201000008EE5FEA0B00000000] (13 B)
DEBUG | 2023-05-01 16:19:51 | [Test worker] client.Util:120 | --> [0201000008EE5FEA0B00000000] (13 B)
DEBUG | 2023-05-01 16:19:51 | [Test worker] client.Util:130 | <-- 9000
DEBUG | 2023-05-01 16:19:51 | [Test worker] client.Util:130 | <-- 9000
DEBUG | 2023-05-01 16:19:51 | [Test worker] client.Util:120 | --> [0202000000] (5 B)
DEBUG | 2023-05-01 16:19:51 | [Test worker] client.Util:120 | --> [0202000000] (5 B)
DEBUG | 2023-05-01 16:19:51 | [Test worker] client.Util:130 | <-- 9000
DEBUG | 2023-05-01 16:19:51 | [Test worker] client.Util:130 | <-- 9000
DEBUG | 2023-05-01 16:19:51 | [Test worker] client.Util:120 | --> [0100000000] (5 B)
DEBUG | 2023-05-01 16:19:51 | [Test worker] client.Util:120 | --> [0100000000] (5 B)
DEBUG | 2023-05-01 16:19:51 | [Test worker] client.Util:130 | <-- 9000
DEBUG | 2023-05-01 16:19:51 | [Test worker] client.Util:130 | <-- 9000
DEBUG | 2023-05-01 16:19:51 | [Test worker] client.Util:133 | Elapsed time 1 ms
DEBUG | 2023-05-01 16:19:51 | [Test worker] client.Util:120 | --> [010100000500000D0100] (10 B)
DEBUG | 2023-05-01 16:19:51 | [Test worker] client.Util:120 | --> [010100000500000D0100] (10 B)
DEBUG | 2023-05-01 16:19:51 | [Test worker] client.Util:130 | <-- 9000
DEBUG | 2023-05-01 16:19:51 | [Test worker] client.Util:130 | <-- 9000
DEBUG | 2023-05-01 16:19:51 | [Test worker] client.Util:133 | Elapsed time 1 ms
DEBUG | 2023-05-01 16:19:51 | [Test worker] client.Util:120 | --> [0102000000] (5 B)
DEBUG | 2023-05-01 16:19:51 | [Test worker] client.Util:120 | --> [0102000000] (5 B)
DEBUG | 2023-05-01 16:19:51 | [Test worker] client.Util:130 | <-- 9000
DEBUG | 2023-05-01 16:19:51 | [Test worker] client.Util:130 | <-- 9000
DEBUG | 2023-05-01 16:19:51 | [Test worker] client.Util:120 | --> [0000000000] (5 B)
DEBUG | 2023-05-01 16:19:51 | [Test worker] client.Util:120 | --> [0000000000] (5 B)
DEBUG | 2023-05-01 16:19:51 | [Test worker] client.Util:130 | <-- 9000
DEBUG | 2023-05-01 16:19:51 | [Test worker] client.Util:130 | <-- 9000
DEBUG | 2023-05-01 16:19:51 | [Test worker] client.Util:120 | --> [00010000FA70736274FF0100750200000001268171371EDFF285E937ADEEA4B37B78000C0566CBB3AD64641713CA42171BF60000000000FEFFFFFF02D3DFF505000000001976A914D0C59903C5BAC2868760E90FD521A4665AA7652088AC00E1F5050000000017A9143545E6E33B832C47050F24D3EEB93C9C03948BC787B32E1300000100FDA5010100000000010289A3C71EAB4D20E0371BBBA4CC698FA295C9463AFA2E397F8533CCB62F9567E50100000017160014BE18D152A9B012039DAF3DA7DE4F53349EECB985FFFFFFFF86F8AA43A71DFF1448893A530A7237EF6B4608BBB2DD2D0171E63AEC6A4890B40100000017160014FE3E9EF1A745E974] (255 B)
DEBUG | 2023-05-01 16:19:51 | [Test worker] client.Util:120 | --> [00010000FA70736274FF0100750200000001268171371EDFF285E937ADEEA4B37B78000C0566CBB3AD64641713CA42171BF60000000000FEFFFFFF02D3DFF505000000001976A914D0C59903C5BAC2868760E90FD521A4665AA7652088AC00E1F5050000000017A9143545E6E33B832C47050F24D3EEB93C9C03948BC787B32E1300000100FDA5010100000000010289A3C71EAB4D20E0371BBBA4CC698FA295C9463AFA2E397F8533CCB62F9567E50100000017160014BE18D152A9B012039DAF3DA7DE4F53349EECB985FFFFFFFF86F8AA43A71DFF1448893A530A7237EF6B4608BBB2DD2D0171E63AEC6A4890B40100000017160014FE3E9EF1A745E974] (255 B)
DEBUG | 2023-05-01 16:19:51 | [Test worker] client.Util:130 | <-- 9000
DEBUG | 2023-05-01 16:19:51 | [Test worker] client.Util:130 | <-- 9000
DEBUG | 2023-05-01 16:19:51 | [Test worker] client.Util:133 | Elapsed time 2 ms
DEBUG | 2023-05-01 16:19:51 | [Test worker] client.Util:120 | --> [00010000FAD902C4355943ABCB34BD5353FFFFFFFF0200C2EB0B000000001976A91485CFF1097FD9E008BB34AF709C62197B38978A4888AC72FEF84E2C00000017A914339725BA21EFD62AC753A9BCD067D6C7A6A39D05870247304402202712BE22E0270F394F568311DC7CA9A68970B8025FDD3B240229F07F8A5F3A240220018B38D7DCD314E734C9276BD6FB40F673325BC4BAA144C800D2F2F02DB2765C012103D2E15674941BAD4A996372CB87E1856D3652606D98562FE39C5E9E7E413F210502483045022100D12B852D85DCD961D2F5F4AB660654DF6EEDCC794C0C33CE5CC309FFB5FCE58D022067338A8E0E1725C197FB1A88AF59F51E44E425] (255 B)
DEBUG | 2023-05-01 16:19:51 | [Test worker] client.Util:120 | --> [00010000FAD902C4355943ABCB34BD5353FFFFFFFF0200C2EB0B000000001976A91485CFF1097FD9E008BB34AF709C62197B38978A4888AC72FEF84E2C00000017A914339725BA21EFD62AC753A9BCD067D6C7A6A39D05870247304402202712BE22E0270F394F568311DC7CA9A68970B8025FDD3B240229F07F8A5F3A240220018B38D7DCD314E734C9276BD6FB40F673325BC4BAA144C800D2F2F02DB2765C012103D2E15674941BAD4A996372CB87E1856D3652606D98562FE39C5E9E7E413F210502483045022100D12B852D85DCD961D2F5F4AB660654DF6EEDCC794C0C33CE5CC309FFB5FCE58D022067338A8E0E1725C197FB1A88AF59F51E44E425] (255 B)
DEBUG | 2023-05-01 16:19:51 | [Test worker] client.Util:130 | <-- 9000
DEBUG | 2023-05-01 16:19:51 | [Test worker] client.Util:130 | <-- 9000
DEBUG | 2023-05-01 16:19:51 | [Test worker] client.Util:133 | Elapsed time 1 ms
DEBUG | 2023-05-01 16:19:51 | [Test worker] client.Util:120 | --> [00010000375B20167C8684031C05D1F2592A01210223B72BEEF0965D10BE0778EFECD61FCAC6F79A4EA169393380734464F84F2AB300000000000000] (60 B)
DEBUG | 2023-05-01 16:19:51 | [Test worker] client.Util:120 | --> [00010000375B20167C8684031C05D1F2592A01210223B72BEEF0965D10BE0778EFECD61FCAC6F79A4EA169393380734464F84F2AB300000000000000] (60 B)
DEBUG | 2023-05-01 16:19:51 | [Test worker] client.Util:130 | <-- 9000
DEBUG | 2023-05-01 16:19:51 | [Test worker] client.Util:130 | <-- 9000
DEBUG | 2023-05-01 16:19:51 | [Test worker] client.Util:133 | Elapsed time 1 ms
DEBUG | 2023-05-01 16:19:51 | [Test worker] client.Util:120 | --> [0002000000] (5 B)
DEBUG | 2023-05-01 16:19:51 | [Test worker] client.Util:120 | --> [0002000000] (5 B)
DEBUG | 2023-05-01 16:19:51 | [Test worker] client.Util:130 | <-- 9000
DEBUG | 2023-05-01 16:19:51 | [Test worker] client.Util:130 | <-- 9000
DEBUG | 2023-05-01 16:19:51 | [Test worker] client.Util:120 | --> [1000000000] (5 B)
DEBUG | 2023-05-01 16:19:51 | [Test worker] client.Util:120 | --> [1000000000] (5 B)
DEBUG | 2023-05-01 16:19:51 | [Test worker] client.Util:127 | <-- 00000000 9000 (4 B)
DEBUG | 2023-05-01 16:19:51 | [Test worker] client.Util:127 | <-- 00000000 9000 (4 B)
DEBUG | 2023-05-01 16:19:51 | [Test worker] client.Util:133 | Elapsed time 1 ms
DEBUG | 2023-05-01 16:19:51 | [Test worker] client.Util:120 | --> [0000000000] (5 B)
DEBUG | 2023-05-01 16:19:51 | [Test worker] client.Util:120 | --> [0000000000] (5 B)
DEBUG | 2023-05-01 16:19:51 | [Test worker] client.Util:130 | <-- 9000
DEBUG | 2023-05-01 16:19:51 | [Test worker] client.Util:130 | <-- 9000
DEBUG | 2023-05-01 16:19:51 | [Test worker] client.Util:133 | Elapsed time 1 ms
DEBUG | 2023-05-01 16:19:51 | [Test worker] client.Util:120 | --> [00010000FA70736274FF0100A00200000002AB0949A08C5AF7C49B8212F417E2F15AB3F5C33DCF153821A8139F877A5B7BE40000000000FEFFFFFFAB0949A08C5AF7C49B8212F417E2F15AB3F5C33DCF153821A8139F877A5B7BE40100000000FEFFFFFF02603BEA0B000000001976A914768A40BBD740CBE81D988E71DE2A4D5C71396B1D88AC8E240000000000001976A9146F4620B553FA095E721B9EE0EFE9FA039CCA459788AC000000000001076A47304402204759661797C01B036B25928948686218347D89864B719E1F7FCF57D1E511658702205309EABF56AA4D8891FFD111FDF1336F3A29DA866D7F8486D75546CEEDAF93190121035CDC61FC] (255 B)
DEBUG | 2023-05-01 16:19:51 | [Test worker] client.Util:120 | --> [00010000FA70736274FF0100A00200000002AB0949A08C5AF7C49B8212F417E2F15AB3F5C33DCF153821A8139F877A5B7BE40000000000FEFFFFFFAB0949A08C5AF7C49B8212F417E2F15AB3F5C33DCF153821A8139F877A5B7BE40100000000FEFFFFFF02603BEA0B000000001976A914768A40BBD740CBE81D988E71DE2A4D5C71396B1D88AC8E240000000000001976A9146F4620B553FA095E721B9EE0EFE9FA039CCA459788AC000000000001076A47304402204759661797C01B036B25928948686218347D89864B719E1F7FCF57D1E511658702205309EABF56AA4D8891FFD111FDF1336F3A29DA866D7F8486D75546CEEDAF93190121035CDC61FC] (255 B)
DEBUG | 2023-05-01 16:19:51 | [Test worker] client.Util:130 | <-- 9000
DEBUG | 2023-05-01 16:19:51 | [Test worker] client.Util:130 | <-- 9000
DEBUG | 2023-05-01 16:19:51 | [Test worker] client.Util:133 | Elapsed time 2 ms
DEBUG | 2023-05-01 16:19:51 | [Test worker] client.Util:120 | --> [000100005C7BA971C0B501A646A2A83B102CB43881217CA682DC86E2D73FA882920001012000E1F5050000000017A9143545E6E33B832C47050F24D3EEB93C9C03948BC787010416001485D13537F2E265405A34DBAFA9E3DDA01FB82308000000] (97 B)
DEBUG | 2023-05-01 16:19:51 | [Test worker] client.Util:120 | --> [000100005C7BA971C0B501A646A2A83B102CB43881217CA682DC86E2D73FA882920001012000E1F5050000000017A9143545E6E33B832C47050F24D3EEB93C9C03948BC787010416001485D13537F2E265405A34DBAFA9E3DDA01FB82308000000] (97 B)
DEBUG | 2023-05-01 16:19:51 | [Test worker] client.Util:130 | <-- 9000
DEBUG | 2023-05-01 16:19:51 | [Test worker] client.Util:130 | <-- 9000
DEBUG | 2023-05-01 16:19:51 | [Test worker] client.Util:133 | Elapsed time 1 ms
DEBUG | 2023-05-01 16:19:51 | [Test worker] client.Util:120 | --> [0002000000] (5 B)
DEBUG | 2023-05-01 16:19:51 | [Test worker] client.Util:120 | --> [0002000000] (5 B)
DEBUG | 2023-05-01 16:19:51 | [Test worker] client.Util:130 | <-- 9000
DEBUG | 2023-05-01 16:19:51 | [Test worker] client.Util:130 | <-- 9000
DEBUG | 2023-05-01 16:19:51 | [Test worker] client.Util:120 | --> [1000000000] (5 B)
DEBUG | 2023-05-01 16:19:51 | [Test worker] client.Util:120 | --> [1000000000] (5 B)
DEBUG | 2023-05-01 16:19:51 | [Test worker] client.Util:127 | <-- 00010000 9000 (4 B)
DEBUG | 2023-05-01 16:19:51 | [Test worker] client.Util:127 | <-- 00010000 9000 (4 B)
DEBUG | 2023-05-01 16:19:51 | [Test worker] client.Util:133 | Elapsed time 1 ms
DEBUG | 2023-05-01 16:19:51 | [Test worker] client.Util:120 | --> [0200000000] (5 B)
DEBUG | 2023-05-01 16:19:51 | [Test worker] client.Util:120 | --> [0200000000] (5 B)
DEBUG | 2023-05-01 16:19:51 | [Test worker] client.Util:130 | <-- 9000
DEBUG | 2023-05-01 16:19:51 | [Test worker] client.Util:130 | <-- 9000
DEBUG | 2023-05-01 16:19:51 | [Test worker] client.Util:133 | Elapsed time 1 ms
DEBUG | 2023-05-01 16:19:51 | [Test worker] client.Util:120 | --> [0201000008603BEA0B00000000] (13 B)
DEBUG | 2023-05-01 16:19:51 | [Test worker] client.Util:120 | --> [0201000008603BEA0B00000000] (13 B)
DEBUG | 2023-05-01 16:19:51 | [Test worker] client.Util:130 | <-- 9000
DEBUG | 2023-05-01 16:19:51 | [Test worker] client.Util:130 | <-- 9000
DEBUG | 2023-05-01 16:19:51 | [Test worker] client.Util:120 | --> [0202000000] (5 B)
DEBUG | 2023-05-01 16:19:51 | [Test worker] client.Util:120 | --> [0202000000] (5 B)
DEBUG | 2023-05-01 16:19:51 | [Test worker] client.Util:130 | <-- 9000
DEBUG | 2023-05-01 16:19:51 | [Test worker] client.Util:130 | <-- 9000
DEBUG | 2023-05-01 16:19:51 | [Test worker] client.Util:120 | --> [0200010000] (5 B)
DEBUG | 2023-05-01 16:19:51 | [Test worker] client.Util:120 | --> [0200010000] (5 B)
DEBUG | 2023-05-01 16:19:51 | [Test worker] client.Util:130 | <-- 9000
DEBUG | 2023-05-01 16:19:51 | [Test worker] client.Util:130 | <-- 9000
DEBUG | 2023-05-01 16:19:51 | [Test worker] client.Util:120 | --> [020101001976A914768A40BBD740CBE81D988E71DE2A4D5C71396B1D88AC] (30 B)
DEBUG | 2023-05-01 16:19:51 | [Test worker] client.Util:120 | --> [020101001976A914768A40BBD740CBE81D988E71DE2A4D5C71396B1D88AC] (30 B)
DEBUG | 2023-05-01 16:19:51 | [Test worker] client.Util:130 | <-- 9000
DEBUG | 2023-05-01 16:19:51 | [Test worker] client.Util:130 | <-- 9000
DEBUG | 2023-05-01 16:19:51 | [Test worker] client.Util:133 | Elapsed time 1 ms
DEBUG | 2023-05-01 16:19:51 | [Test worker] client.Util:120 | --> [0202010000] (5 B)
DEBUG | 2023-05-01 16:19:51 | [Test worker] client.Util:120 | --> [0202010000] (5 B)
DEBUG | 2023-05-01 16:19:51 | [Test worker] client.Util:130 | <-- 9000
DEBUG | 2023-05-01 16:19:51 | [Test worker] client.Util:130 | <-- 9000
DEBUG | 2023-05-01 16:19:51 | [Test worker] client.Util:120 | --> [0100000000] (5 B)
DEBUG | 2023-05-01 16:19:51 | [Test worker] client.Util:120 | --> [0100000000] (5 B)
DEBUG | 2023-05-01 16:19:51 | [Test worker] client.Util:130 | <-- 9000
DEBUG | 2023-05-01 16:19:51 | [Test worker] client.Util:130 | <-- 9000
DEBUG | 2023-05-01 16:19:51 | [Test worker] client.Util:120 | --> [0101000003020001] (8 B)
DEBUG | 2023-05-01 16:19:51 | [Test worker] client.Util:120 | --> [0101000003020001] (8 B)
DEBUG | 2023-05-01 16:19:51 | [Test worker] client.Util:130 | <-- 9000
DEBUG | 2023-05-01 16:19:51 | [Test worker] client.Util:130 | <-- 9000
DEBUG | 2023-05-01 16:19:51 | [Test worker] client.Util:133 | Elapsed time 1 ms
DEBUG | 2023-05-01 16:19:51 | [Test worker] client.Util:120 | --> [0102000000] (5 B)
DEBUG | 2023-05-01 16:19:51 | [Test worker] client.Util:120 | --> [0102000000] (5 B)
DEBUG | 2023-05-01 16:19:51 | [Test worker] client.Util:130 | <-- 9000
DEBUG | 2023-05-01 16:19:51 | [Test worker] client.Util:130 | <-- 9000
DEBUG | 2023-05-01 16:19:51 | [Test worker] client.Util:120 | --> [0000000000] (5 B)
DEBUG | 2023-05-01 16:19:51 | [Test worker] client.Util:120 | --> [0000000000] (5 B)
DEBUG | 2023-05-01 16:19:51 | [Test worker] client.Util:130 | <-- 9000
DEBUG | 2023-05-01 16:19:51 | [Test worker] client.Util:130 | <-- 9000
DEBUG | 2023-05-01 16:19:51 | [Test worker] client.Util:120 | --> [00010000FA70736274FF0100750200000001268171371EDFF285E937ADEEA4B37B78000C0566CBB3AD64641713CA42171BF60000000000FEFFFFFF02D3DFF505000000001976A914D0C59903C5BAC2868760E90FD521A4665AA7652088AC00E1F5050000000017A9143545E6E33B832C47050F24D3EEB93C9C03948BC787B32E1300000100FDA5010100000000010289A3C71EAB4D20E0371BBBA4CC698FA295C9463AFA2E397F8533CCB62F9567E50100000017160014BE18D152A9B012039DAF3DA7DE4F53349EECB985FFFFFFFF86F8AA43A71DFF1448893A530A7237EF6B4608BBB2DD2D0171E63AEC6A4890B40100000017160014FE3E9EF1A745E974] (255 B)
DEBUG | 2023-05-01 16:19:51 | [Test worker] client.Util:120 | --> [00010000FA70736274FF0100750200000001268171371EDFF285E937ADEEA4B37B78000C0566CBB3AD64641713CA42171BF60000000000FEFFFFFF02D3DFF505000000001976A914D0C59903C5BAC2868760E90FD521A4665AA7652088AC00E1F5050000000017A9143545E6E33B832C47050F24D3EEB93C9C03948BC787B32E1300000100FDA5010100000000010289A3C71EAB4D20E0371BBBA4CC698FA295C9463AFA2E397F8533CCB62F9567E50100000017160014BE18D152A9B012039DAF3DA7DE4F53349EECB985FFFFFFFF86F8AA43A71DFF1448893A530A7237EF6B4608BBB2DD2D0171E63AEC6A4890B40100000017160014FE3E9EF1A745E974] (255 B)
DEBUG | 2023-05-01 16:19:51 | [Test worker] client.Util:130 | <-- 9000
DEBUG | 2023-05-01 16:19:51 | [Test worker] client.Util:130 | <-- 9000
DEBUG | 2023-05-01 16:19:51 | [Test worker] client.Util:133 | Elapsed time 1 ms
DEBUG | 2023-05-01 16:19:51 | [Test worker] client.Util:120 | --> [00010000FAD902C4355943ABCB34BD5353FFFFFFFF0200C2EB0B000000001976A91485CFF1097FD9E008BB34AF709C62197B38978A4888AC72FEF84E2C00000017A914339725BA21EFD62AC753A9BCD067D6C7A6A39D05870247304402202712BE22E0270F394F568311DC7CA9A68970B8025FDD3B240229F07F8A5F3A240220018B38D7DCD314E734C9276BD6FB40F673325BC4BAA144C800D2F2F02DB2765C012103D2E15674941BAD4A996372CB87E1856D3652606D98562FE39C5E9E7E413F210502483045022100D12B852D85DCD961D2F5F4AB660654DF6EEDCC794C0C33CE5CC309FFB5FCE58D022067338A8E0E1725C197FB1A88AF59F51E44E425] (255 B)
DEBUG | 2023-05-01 16:19:51 | [Test worker] client.Util:120 | --> [00010000FAD902C4355943ABCB34BD5353FFFFFFFF0200C2EB0B000000001976A91485CFF1097FD9E008BB34AF709C62197B38978A4888AC72FEF84E2C00000017A914339725BA21EFD62AC753A9BCD067D6C7A6A39D05870247304402202712BE22E0270F394F568311DC7CA9A68970B8025FDD3B240229F07F8A5F3A240220018B38D7DCD314E734C9276BD6FB40F673325BC4BAA144C800D2F2F02DB2765C012103D2E15674941BAD4A996372CB87E1856D3652606D98562FE39C5E9E7E413F210502483045022100D12B852D85DCD961D2F5F4AB660654DF6EEDCC794C0C33CE5CC309FFB5FCE58D022067338A8E0E1725C197FB1A88AF59F51E44E425] (255 B)
DEBUG | 2023-05-01 16:19:51 | [Test worker] client.Util:130 | <-- 9000
DEBUG | 2023-05-01 16:19:51 | [Test worker] client.Util:130 | <-- 9000
DEBUG | 2023-05-01 16:19:51 | [Test worker] client.Util:133 | Elapsed time 1 ms
DEBUG | 2023-05-01 16:19:51 | [Test worker] client.Util:120 | --> [00010000375B20167C8684031C05D1F2592A01210223B72BEEF0965D10BE0778EFECD61FCAC6F79A4EA169393380734464F84F2AB300000000000000] (60 B)
DEBUG | 2023-05-01 16:19:51 | [Test worker] client.Util:120 | --> [00010000375B20167C8684031C05D1F2592A01210223B72BEEF0965D10BE0778EFECD61FCAC6F79A4EA169393380734464F84F2AB300000000000000] (60 B)
DEBUG | 2023-05-01 16:19:51 | [Test worker] client.Util:130 | <-- 9000
DEBUG | 2023-05-01 16:19:51 | [Test worker] client.Util:130 | <-- 9000
DEBUG | 2023-05-01 16:19:51 | [Test worker] client.Util:133 | Elapsed time 1 ms
DEBUG | 2023-05-01 16:19:51 | [Test worker] client.Util:120 | --> [0002000000] (5 B)
DEBUG | 2023-05-01 16:19:51 | [Test worker] client.Util:120 | --> [0002000000] (5 B)
DEBUG | 2023-05-01 16:19:51 | [Test worker] client.Util:130 | <-- 9000
DEBUG | 2023-05-01 16:19:51 | [Test worker] client.Util:130 | <-- 9000
DEBUG | 2023-05-01 16:19:51 | [Test worker] client.Util:133 | Elapsed time 1 ms
DEBUG | 2023-05-01 16:19:51 | [Test worker] client.Util:120 | --> [1000000000] (5 B)
DEBUG | 2023-05-01 16:19:51 | [Test worker] client.Util:120 | --> [1000000000] (5 B)
DEBUG | 2023-05-01 16:19:51 | [Test worker] client.Util:127 | <-- 00000000 9000 (4 B)
DEBUG | 2023-05-01 16:19:51 | [Test worker] client.Util:127 | <-- 00000000 9000 (4 B)
DEBUG | 2023-05-01 16:19:51 | [Test worker] client.Util:133 | Elapsed time 1 ms
DEBUG | 2023-05-01 16:19:51 | [Test worker] client.Util:120 | --> [0000000000] (5 B)
DEBUG | 2023-05-01 16:19:51 | [Test worker] client.Util:120 | --> [0000000000] (5 B)
DEBUG | 2023-05-01 16:19:51 | [Test worker] client.Util:130 | <-- 9000
DEBUG | 2023-05-01 16:19:51 | [Test worker] client.Util:130 | <-- 9000
DEBUG | 2023-05-01 16:19:51 | [Test worker] client.Util:120 | --> [00010000FA70736274FF0100A00200000002AB0949A08C5AF7C49B8212F417E2F15AB3F5C33DCF153821A8139F877A5B7BE40000000000FEFFFFFFAB0949A08C5AF7C49B8212F417E2F15AB3F5C33DCF153821A8139F877A5B7BE40100000000FEFFFFFF02603BEA0B000000001976A914768A40BBD740CBE81D988E71DE2A4D5C71396B1D88AC8E240000000000001976A9146F4620B553FA095E721B9EE0EFE9FA039CCA459788AC000000000001076A47304402204759661797C01B036B25928948686218347D89864B719E1F7FCF57D1E511658702205309EABF56AA4D8891FFD111FDF1336F3A29DA866D7F8486D75546CEEDAF93190121035CDC61FC] (255 B)
DEBUG | 2023-05-01 16:19:51 | [Test worker] client.Util:120 | --> [00010000FA70736274FF0100A00200000002AB0949A08C5AF7C49B8212F417E2F15AB3F5C33DCF153821A8139F877A5B7BE40000000000FEFFFFFFAB0949A08C5AF7C49B8212F417E2F15AB3F5C33DCF153821A8139F877A5B7BE40100000000FEFFFFFF02603BEA0B000000001976A914768A40BBD740CBE81D988E71DE2A4D5C71396B1D88AC8E240000000000001976A9146F4620B553FA095E721B9EE0EFE9FA039CCA459788AC000000000001076A47304402204759661797C01B036B25928948686218347D89864B719E1F7FCF57D1E511658702205309EABF56AA4D8891FFD111FDF1336F3A29DA866D7F8486D75546CEEDAF93190121035CDC61FC] (255 B)
DEBUG | 2023-05-01 16:19:51 | [Test worker] client.Util:130 | <-- 9000
DEBUG | 2023-05-01 16:19:51 | [Test worker] client.Util:130 | <-- 9000
DEBUG | 2023-05-01 16:19:51 | [Test worker] client.Util:133 | Elapsed time 1 ms
DEBUG | 2023-05-01 16:19:51 | [Test worker] client.Util:120 | --> [000100005C7BA971C0B501A646A2A83B102CB43881217CA682DC86E2D73FA882920001012000E1F5050000000017A9143545E6E33B832C47050F24D3EEB93C9C03948BC787010416001485D13537F2E265405A34DBAFA9E3DDA01FB82308000000] (97 B)
DEBUG | 2023-05-01 16:19:51 | [Test worker] client.Util:120 | --> [000100005C7BA971C0B501A646A2A83B102CB43881217CA682DC86E2D73FA882920001012000E1F5050000000017A9143545E6E33B832C47050F24D3EEB93C9C03948BC787010416001485D13537F2E265405A34DBAFA9E3DDA01FB82308000000] (97 B)
DEBUG | 2023-05-01 16:19:51 | [Test worker] client.Util:130 | <-- 9000
DEBUG | 2023-05-01 16:19:51 | [Test worker] client.Util:130 | <-- 9000
DEBUG | 2023-05-01 16:19:51 | [Test worker] client.Util:133 | Elapsed time 1 ms
DEBUG | 2023-05-01 16:19:51 | [Test worker] client.Util:120 | --> [0002000000] (5 B)
DEBUG | 2023-05-01 16:19:51 | [Test worker] client.Util:120 | --> [0002000000] (5 B)
DEBUG | 2023-05-01 16:19:51 | [Test worker] client.Util:130 | <-- 9000
DEBUG | 2023-05-01 16:19:51 | [Test worker] client.Util:130 | <-- 9000
DEBUG | 2023-05-01 16:19:51 | [Test worker] client.Util:133 | Elapsed time 1 ms
DEBUG | 2023-05-01 16:19:51 | [Test worker] client.Util:120 | --> [1000000000] (5 B)
DEBUG | 2023-05-01 16:19:51 | [Test worker] client.Util:120 | --> [1000000000] (5 B)
DEBUG | 2023-05-01 16:19:51 | [Test worker] client.Util:127 | <-- 00010000 9000 (4 B)
DEBUG | 2023-05-01 16:19:51 | [Test worker] client.Util:127 | <-- 00010000 9000 (4 B)
DEBUG | 2023-05-01 16:19:51 | [Test worker] client.Util:133 | Elapsed time 1 ms
DEBUG | 2023-05-01 16:19:51 | [Test worker] client.Util:120 | --> [0000000000] (5 B)
DEBUG | 2023-05-01 16:19:51 | [Test worker] client.Util:120 | --> [0000000000] (5 B)
DEBUG | 2023-05-01 16:19:51 | [Test worker] client.Util:130 | <-- 9000
DEBUG | 2023-05-01 16:19:51 | [Test worker] client.Util:130 | <-- 9000
DEBUG | 2023-05-01 16:19:51 | [Test worker] client.Util:133 | Elapsed time 1 ms
DEBUG | 2023-05-01 16:19:51 | [Test worker] client.Util:120 | --> [00010000FA70736274FF0100750200000001268171371EDFF285E937ADEEA4B37B78000C0566CBB3AD64641713CA42171BF60000000000FEFFFFFF02D3DFF505000000001976A914D0C59903C5BAC2868760E90FD521A4665AA7652088AC00E1F5050000000017A9143545E6E33B832C47050F24D3EEB93C9C03948BC787B32E1300000100FDA5010100000000010289A3C71EAB4D20E0371BBBA4CC698FA295C9463AFA2E397F8533CCB62F9567E50100000017160014BE18D152A9B012039DAF3DA7DE4F53349EECB985FFFFFFFF86F8AA43A71DFF1448893A530A7237EF6B4608BBB2DD2D0171E63AEC6A4890B40100000017160014FE3E9EF1A745E974] (255 B)
DEBUG | 2023-05-01 16:19:51 | [Test worker] client.Util:120 | --> [00010000FA70736274FF0100750200000001268171371EDFF285E937ADEEA4B37B78000C0566CBB3AD64641713CA42171BF60000000000FEFFFFFF02D3DFF505000000001976A914D0C59903C5BAC2868760E90FD521A4665AA7652088AC00E1F5050000000017A9143545E6E33B832C47050F24D3EEB93C9C03948BC787B32E1300000100FDA5010100000000010289A3C71EAB4D20E0371BBBA4CC698FA295C9463AFA2E397F8533CCB62F9567E50100000017160014BE18D152A9B012039DAF3DA7DE4F53349EECB985FFFFFFFF86F8AA43A71DFF1448893A530A7237EF6B4608BBB2DD2D0171E63AEC6A4890B40100000017160014FE3E9EF1A745E974] (255 B)
DEBUG | 2023-05-01 16:19:51 | [Test worker] client.Util:130 | <-- 9000
DEBUG | 2023-05-01 16:19:51 | [Test worker] client.Util:130 | <-- 9000
DEBUG | 2023-05-01 16:19:51 | [Test worker] client.Util:133 | Elapsed time 1 ms
DEBUG | 2023-05-01 16:19:51 | [Test worker] client.Util:120 | --> [00010000FAD902C4355943ABCB34BD5353FFFFFFFF0200C2EB0B000000001976A91485CFF1097FD9E008BB34AF709C62197B38978A4888AC72FEF84E2C00000017A914339725BA21EFD62AC753A9BCD067D6C7A6A39D05870247304402202712BE22E0270F394F568311DC7CA9A68970B8025FDD3B240229F07F8A5F3A240220018B38D7DCD314E734C9276BD6FB40F673325BC4BAA144C800D2F2F02DB2765C012103D2E15674941BAD4A996372CB87E1856D3652606D98562FE39C5E9E7E413F210502483045022100D12B852D85DCD961D2F5F4AB660654DF6EEDCC794C0C33CE5CC309FFB5FCE58D022067338A8E0E1725C197FB1A88AF59F51E44E425] (255 B)
DEBUG | 2023-05-01 16:19:51 | [Test worker] client.Util:120 | --> [00010000FAD902C4355943ABCB34BD5353FFFFFFFF0200C2EB0B000000001976A91485CFF1097FD9E008BB34AF709C62197B38978A4888AC72FEF84E2C00000017A914339725BA21EFD62AC753A9BCD067D6C7A6A39D05870247304402202712BE22E0270F394F568311DC7CA9A68970B8025FDD3B240229F07F8A5F3A240220018B38D7DCD314E734C9276BD6FB40F673325BC4BAA144C800D2F2F02DB2765C012103D2E15674941BAD4A996372CB87E1856D3652606D98562FE39C5E9E7E413F210502483045022100D12B852D85DCD961D2F5F4AB660654DF6EEDCC794C0C33CE5CC309FFB5FCE58D022067338A8E0E1725C197FB1A88AF59F51E44E425] (255 B)
DEBUG | 2023-05-01 16:19:51 | [Test worker] client.Util:130 | <-- 9000
DEBUG | 2023-05-01 16:19:51 | [Test worker] client.Util:130 | <-- 9000
DEBUG | 2023-05-01 16:19:51 | [Test worker] client.Util:133 | Elapsed time 1 ms
DEBUG | 2023-05-01 16:19:51 | [Test worker] client.Util:120 | --> [00010000375B20167C8684031C05D1F2592A01210223B72BEEF0965D10BE0778EFECD61FCAC6F79A4EA169393380734464F84F2AB300000000000000] (60 B)
DEBUG | 2023-05-01 16:19:51 | [Test worker] client.Util:120 | --> [00010000375B20167C8684031C05D1F2592A01210223B72BEEF0965D10BE0778EFECD61FCAC6F79A4EA169393380734464F84F2AB300000000000000] (60 B)
DEBUG | 2023-05-01 16:19:51 | [Test worker] client.Util:130 | <-- 9000
DEBUG | 2023-05-01 16:19:51 | [Test worker] client.Util:130 | <-- 9000
DEBUG | 2023-05-01 16:19:51 | [Test worker] client.Util:133 | Elapsed time 1 ms
DEBUG | 2023-05-01 16:19:51 | [Test worker] client.Util:120 | --> [0002000000] (5 B)
DEBUG | 2023-05-01 16:19:51 | [Test worker] client.Util:120 | --> [0002000000] (5 B)
DEBUG | 2023-05-01 16:19:51 | [Test worker] client.Util:130 | <-- 9000
DEBUG | 2023-05-01 16:19:51 | [Test worker] client.Util:130 | <-- 9000
DEBUG | 2023-05-01 16:19:51 | [Test worker] client.Util:133 | Elapsed time 1 ms
DEBUG | 2023-05-01 16:19:51 | [Test worker] client.Util:120 | --> [1000000000] (5 B)
DEBUG | 2023-05-01 16:19:51 | [Test worker] client.Util:120 | --> [1000000000] (5 B)
DEBUG | 2023-05-01 16:19:51 | [Test worker] client.Util:127 | <-- 00000000 9000 (4 B)
DEBUG | 2023-05-01 16:19:51 | [Test worker] client.Util:127 | <-- 00000000 9000 (4 B)
DEBUG | 2023-05-01 16:19:51 | [Test worker] client.Util:133 | Elapsed time 1 ms
DEBUG | 2023-05-01 16:19:51 | [Test worker] client.Util:120 | --> [0200000000] (5 B)
DEBUG | 2023-05-01 16:19:51 | [Test worker] client.Util:120 | --> [0200000000] (5 B)
DEBUG | 2023-05-01 16:19:51 | [Test worker] client.Util:130 | <-- 9000
DEBUG | 2023-05-01 16:19:51 | [Test worker] client.Util:130 | <-- 9000
DEBUG | 2023-05-01 16:19:51 | [Test worker] client.Util:120 | --> [02010000088E24000000000000] (13 B)
DEBUG | 2023-05-01 16:19:51 | [Test worker] client.Util:120 | --> [02010000088E24000000000000] (13 B)
DEBUG | 2023-05-01 16:19:51 | [Test worker] client.Util:130 | <-- 9000
DEBUG | 2023-05-01 16:19:51 | [Test worker] client.Util:130 | <-- 9000
DEBUG | 2023-05-01 16:19:51 | [Test worker] client.Util:133 | Elapsed time 1 ms
DEBUG | 2023-05-01 16:19:51 | [Test worker] client.Util:120 | --> [0202000000] (5 B)
DEBUG | 2023-05-01 16:19:51 | [Test worker] client.Util:120 | --> [0202000000] (5 B)
DEBUG | 2023-05-01 16:19:51 | [Test worker] client.Util:130 | <-- 9000
DEBUG | 2023-05-01 16:19:51 | [Test worker] client.Util:130 | <-- 9000
DEBUG | 2023-05-01 16:19:51 | [Test worker] client.Util:120 | --> [0200010000] (5 B)
DEBUG | 2023-05-01 16:19:51 | [Test worker] client.Util:120 | --> [0200010000] (5 B)
DEBUG | 2023-05-01 16:19:51 | [Test worker] client.Util:130 | <-- 9000
DEBUG | 2023-05-01 16:19:51 | [Test worker] client.Util:130 | <-- 9000
DEBUG | 2023-05-01 16:19:51 | [Test worker] client.Util:120 | --> [020101001976A9146F4620B553FA095E721B9EE0EFE9FA039CCA459788AC] (30 B)
DEBUG | 2023-05-01 16:19:51 | [Test worker] client.Util:120 | --> [020101001976A9146F4620B553FA095E721B9EE0EFE9FA039CCA459788AC] (30 B)
DEBUG | 2023-05-01 16:19:51 | [Test worker] client.Util:130 | <-- 9000
DEBUG | 2023-05-01 16:19:51 | [Test worker] client.Util:130 | <-- 9000
DEBUG | 2023-05-01 16:19:51 | [Test worker] client.Util:133 | Elapsed time 1 ms
DEBUG | 2023-05-01 16:19:51 | [Test worker] client.Util:120 | --> [0202010000] (5 B)
DEBUG | 2023-05-01 16:19:51 | [Test worker] client.Util:120 | --> [0202010000] (5 B)
DEBUG | 2023-05-01 16:19:51 | [Test worker] client.Util:130 | <-- 9000
DEBUG | 2023-05-01 16:19:51 | [Test worker] client.Util:130 | <-- 9000
DEBUG | 2023-05-01 16:19:51 | [Test worker] client.Util:120 | --> [0100000000] (5 B)
DEBUG | 2023-05-01 16:19:51 | [Test worker] client.Util:120 | --> [0100000000] (5 B)
DEBUG | 2023-05-01 16:19:51 | [Test worker] client.Util:130 | <-- 9000
DEBUG | 2023-05-01 16:19:51 | [Test worker] client.Util:130 | <-- 9000
DEBUG | 2023-05-01 16:19:51 | [Test worker] client.Util:120 | --> [0101000003020001] (8 B)
DEBUG | 2023-05-01 16:19:51 | [Test worker] client.Util:120 | --> [0101000003020001] (8 B)
DEBUG | 2023-05-01 16:19:51 | [Test worker] client.Util:130 | <-- 9000
DEBUG | 2023-05-01 16:19:51 | [Test worker] client.Util:130 | <-- 9000
DEBUG | 2023-05-01 16:19:51 | [Test worker] client.Util:133 | Elapsed time 1 ms
DEBUG | 2023-05-01 16:19:51 | [Test worker] client.Util:120 | --> [0102000000] (5 B)
DEBUG | 2023-05-01 16:19:51 | [Test worker] client.Util:120 | --> [0102000000] (5 B)
DEBUG | 2023-05-01 16:19:51 | [Test worker] client.Util:130 | <-- 9000
DEBUG | 2023-05-01 16:19:51 | [Test worker] client.Util:130 | <-- 9000
DEBUG | 2023-05-01 16:19:51 | [Test worker] client.Util:120 | --> [0000000000] (5 B)
DEBUG | 2023-05-01 16:19:51 | [Test worker] client.Util:120 | --> [0000000000] (5 B)
DEBUG | 2023-05-01 16:19:51 | [Test worker] client.Util:130 | <-- 9000
DEBUG | 2023-05-01 16:19:51 | [Test worker] client.Util:130 | <-- 9000
DEBUG | 2023-05-01 16:19:51 | [Test worker] client.Util:120 | --> [00010000FA70736274FF0100750200000001268171371EDFF285E937ADEEA4B37B78000C0566CBB3AD64641713CA42171BF60000000000FEFFFFFF02D3DFF505000000001976A914D0C59903C5BAC2868760E90FD521A4665AA7652088AC00E1F5050000000017A9143545E6E33B832C47050F24D3EEB93C9C03948BC787B32E1300000100FDA5010100000000010289A3C71EAB4D20E0371BBBA4CC698FA295C9463AFA2E397F8533CCB62F9567E50100000017160014BE18D152A9B012039DAF3DA7DE4F53349EECB985FFFFFFFF86F8AA43A71DFF1448893A530A7237EF6B4608BBB2DD2D0171E63AEC6A4890B40100000017160014FE3E9EF1A745E974] (255 B)
DEBUG | 2023-05-01 16:19:51 | [Test worker] client.Util:120 | --> [00010000FA70736274FF0100750200000001268171371EDFF285E937ADEEA4B37B78000C0566CBB3AD64641713CA42171BF60000000000FEFFFFFF02D3DFF505000000001976A914D0C59903C5BAC2868760E90FD521A4665AA7652088AC00E1F5050000000017A9143545E6E33B832C47050F24D3EEB93C9C03948BC787B32E1300000100FDA5010100000000010289A3C71EAB4D20E0371BBBA4CC698FA295C9463AFA2E397F8533CCB62F9567E50100000017160014BE18D152A9B012039DAF3DA7DE4F53349EECB985FFFFFFFF86F8AA43A71DFF1448893A530A7237EF6B4608BBB2DD2D0171E63AEC6A4890B40100000017160014FE3E9EF1A745E974] (255 B)
DEBUG | 2023-05-01 16:19:51 | [Test worker] client.Util:130 | <-- 9000
DEBUG | 2023-05-01 16:19:51 | [Test worker] client.Util:130 | <-- 9000
DEBUG | 2023-05-01 16:19:51 | [Test worker] client.Util:133 | Elapsed time 1 ms
DEBUG | 2023-05-01 16:19:51 | [Test worker] client.Util:120 | --> [00010000FAD902C4355943ABCB34BD5353FFFFFFFF0200C2EB0B000000001976A91485CFF1097FD9E008BB34AF709C62197B38978A4888AC72FEF84E2C00000017A914339725BA21EFD62AC753A9BCD067D6C7A6A39D05870247304402202712BE22E0270F394F568311DC7CA9A68970B8025FDD3B240229F07F8A5F3A240220018B38D7DCD314E734C9276BD6FB40F673325BC4BAA144C800D2F2F02DB2765C012103D2E15674941BAD4A996372CB87E1856D3652606D98562FE39C5E9E7E413F210502483045022100D12B852D85DCD961D2F5F4AB660654DF6EEDCC794C0C33CE5CC309FFB5FCE58D022067338A8E0E1725C197FB1A88AF59F51E44E425] (255 B)
DEBUG | 2023-05-01 16:19:51 | [Test worker] client.Util:120 | --> [00010000FAD902C4355943ABCB34BD5353FFFFFFFF0200C2EB0B000000001976A91485CFF1097FD9E008BB34AF709C62197B38978A4888AC72FEF84E2C00000017A914339725BA21EFD62AC753A9BCD067D6C7A6A39D05870247304402202712BE22E0270F394F568311DC7CA9A68970B8025FDD3B240229F07F8A5F3A240220018B38D7DCD314E734C9276BD6FB40F673325BC4BAA144C800D2F2F02DB2765C012103D2E15674941BAD4A996372CB87E1856D3652606D98562FE39C5E9E7E413F210502483045022100D12B852D85DCD961D2F5F4AB660654DF6EEDCC794C0C33CE5CC309FFB5FCE58D022067338A8E0E1725C197FB1A88AF59F51E44E425] (255 B)
DEBUG | 2023-05-01 16:19:51 | [Test worker] client.Util:130 | <-- 9000
DEBUG | 2023-05-01 16:19:51 | [Test worker] client.Util:130 | <-- 9000
DEBUG | 2023-05-01 16:19:51 | [Test worker] client.Util:133 | Elapsed time 1 ms
DEBUG | 2023-05-01 16:19:51 | [Test worker] client.Util:120 | --> [00010000375B20167C8684031C05D1F2592A01210223B72BEEF0965D10BE0778EFECD61FCAC6F79A4EA169393380734464F84F2AB300000000000000] (60 B)
DEBUG | 2023-05-01 16:19:51 | [Test worker] client.Util:120 | --> [00010000375B20167C8684031C05D1F2592A01210223B72BEEF0965D10BE0778EFECD61FCAC6F79A4EA169393380734464F84F2AB300000000000000] (60 B)
DEBUG | 2023-05-01 16:19:51 | [Test worker] client.Util:130 | <-- 9000
DEBUG | 2023-05-01 16:19:51 | [Test worker] client.Util:130 | <-- 9000
DEBUG | 2023-05-01 16:19:51 | [Test worker] client.Util:133 | Elapsed time 1 ms
DEBUG | 2023-05-01 16:19:51 | [Test worker] client.Util:120 | --> [0002000000] (5 B)
DEBUG | 2023-05-01 16:19:51 | [Test worker] client.Util:120 | --> [0002000000] (5 B)
DEBUG | 2023-05-01 16:19:51 | [Test worker] client.Util:130 | <-- 9000
DEBUG | 2023-05-01 16:19:51 | [Test worker] client.Util:130 | <-- 9000
DEBUG | 2023-05-01 16:19:51 | [Test worker] client.Util:120 | --> [1000000000] (5 B)
DEBUG | 2023-05-01 16:19:51 | [Test worker] client.Util:120 | --> [1000000000] (5 B)
DEBUG | 2023-05-01 16:19:51 | [Test worker] client.Util:127 | <-- 00000000 9000 (4 B)
DEBUG | 2023-05-01 16:19:51 | [Test worker] client.Util:127 | <-- 00000000 9000 (4 B)
DEBUG | 2023-05-01 16:19:51 | [Test worker] client.Util:120 | --> [0000000000] (5 B)
DEBUG | 2023-05-01 16:19:51 | [Test worker] client.Util:120 | --> [0000000000] (5 B)
DEBUG | 2023-05-01 16:19:51 | [Test worker] client.Util:130 | <-- 9000
DEBUG | 2023-05-01 16:19:51 | [Test worker] client.Util:130 | <-- 9000
DEBUG | 2023-05-01 16:19:51 | [Test worker] client.Util:133 | Elapsed time 1 ms
DEBUG | 2023-05-01 16:19:51 | [Test worker] client.Util:120 | --> [00010000FA70736274FF0100A00200000002AB0949A08C5AF7C49B8212F417E2F15AB3F5C33DCF153821A8139F877A5B7BE40000000000FEFFFFFFAB0949A08C5AF7C49B8212F417E2F15AB3F5C33DCF153821A8139F877A5B7BE40100000000FEFFFFFF02603BEA0B000000001976A914768A40BBD740CBE81D988E71DE2A4D5C71396B1D88AC8E240000000000001976A9146F4620B553FA095E721B9EE0EFE9FA039CCA459788AC000000000001076A47304402204759661797C01B036B25928948686218347D89864B719E1F7FCF57D1E511658702205309EABF56AA4D8891FFD111FDF1336F3A29DA866D7F8486D75546CEEDAF93190121035CDC61FC] (255 B)
DEBUG | 2023-05-01 16:19:51 | [Test worker] client.Util:120 | --> [00010000FA70736274FF0100A00200000002AB0949A08C5AF7C49B8212F417E2F15AB3F5C33DCF153821A8139F877A5B7BE40000000000FEFFFFFFAB0949A08C5AF7C49B8212F417E2F15AB3F5C33DCF153821A8139F877A5B7BE40100000000FEFFFFFF02603BEA0B000000001976A914768A40BBD740CBE81D988E71DE2A4D5C71396B1D88AC8E240000000000001976A9146F4620B553FA095E721B9EE0EFE9FA039CCA459788AC000000000001076A47304402204759661797C01B036B25928948686218347D89864B719E1F7FCF57D1E511658702205309EABF56AA4D8891FFD111FDF1336F3A29DA866D7F8486D75546CEEDAF93190121035CDC61FC] (255 B)
DEBUG | 2023-05-01 16:19:51 | [Test worker] client.Util:130 | <-- 9000
DEBUG | 2023-05-01 16:19:51 | [Test worker] client.Util:130 | <-- 9000
DEBUG | 2023-05-01 16:19:51 | [Test worker] client.Util:133 | Elapsed time 1 ms
DEBUG | 2023-05-01 16:19:51 | [Test worker] client.Util:120 | --> [000100005C7BA971C0B501A646A2A83B102CB43881217CA682DC86E2D73FA882920001012000E1F5050000000017A9143545E6E33B832C47050F24D3EEB93C9C03948BC787010416001485D13537F2E265405A34DBAFA9E3DDA01FB82308000000] (97 B)
DEBUG | 2023-05-01 16:19:51 | [Test worker] client.Util:120 | --> [000100005C7BA971C0B501A646A2A83B102CB43881217CA682DC86E2D73FA882920001012000E1F5050000000017A9143545E6E33B832C47050F24D3EEB93C9C03948BC787010416001485D13537F2E265405A34DBAFA9E3DDA01FB82308000000] (97 B)
DEBUG | 2023-05-01 16:19:51 | [Test worker] client.Util:130 | <-- 9000
DEBUG | 2023-05-01 16:19:51 | [Test worker] client.Util:130 | <-- 9000
DEBUG | 2023-05-01 16:19:51 | [Test worker] client.Util:133 | Elapsed time 1 ms
DEBUG | 2023-05-01 16:19:51 | [Test worker] client.Util:120 | --> [0002000000] (5 B)
DEBUG | 2023-05-01 16:19:51 | [Test worker] client.Util:120 | --> [0002000000] (5 B)
DEBUG | 2023-05-01 16:19:51 | [Test worker] client.Util:130 | <-- 9000
DEBUG | 2023-05-01 16:19:51 | [Test worker] client.Util:130 | <-- 9000
DEBUG | 2023-05-01 16:19:51 | [Test worker] client.Util:120 | --> [1000000000] (5 B)
DEBUG | 2023-05-01 16:19:51 | [Test worker] client.Util:120 | --> [1000000000] (5 B)
DEBUG | 2023-05-01 16:19:51 | [Test worker] client.Util:127 | <-- 00010000 9000 (4 B)
DEBUG | 2023-05-01 16:19:51 | [Test worker] client.Util:127 | <-- 00010000 9000 (4 B)
DEBUG | 2023-05-01 16:19:51 | [Test worker] client.Util:120 | --> [0000000000] (5 B)
DEBUG | 2023-05-01 16:19:51 | [Test worker] client.Util:120 | --> [0000000000] (5 B)
DEBUG | 2023-05-01 16:19:51 | [Test worker] client.Util:130 | <-- 9000
DEBUG | 2023-05-01 16:19:51 | [Test worker] client.Util:130 | <-- 9000
DEBUG | 2023-05-01 16:19:51 | [Test worker] client.Util:133 | Elapsed time 1 ms
DEBUG | 2023-05-01 16:19:51 | [Test worker] client.Util:120 | --> [00010000FA70736274FF0100750200000001268171371EDFF285E937ADEEA4B37B78000C0566CBB3AD64641713CA42171BF60000000000FEFFFFFF02D3DFF505000000001976A914D0C59903C5BAC2868760E90FD521A4665AA7652088AC00E1F5050000000017A9143545E6E33B832C47050F24D3EEB93C9C03948BC787B32E1300000100FDA5010100000000010289A3C71EAB4D20E0371BBBA4CC698FA295C9463AFA2E397F8533CCB62F9567E50100000017160014BE18D152A9B012039DAF3DA7DE4F53349EECB985FFFFFFFF86F8AA43A71DFF1448893A530A7237EF6B4608BBB2DD2D0171E63AEC6A4890B40100000017160014FE3E9EF1A745E974] (255 B)
DEBUG | 2023-05-01 16:19:51 | [Test worker] client.Util:120 | --> [00010000FA70736274FF0100750200000001268171371EDFF285E937ADEEA4B37B78000C0566CBB3AD64641713CA42171BF60000000000FEFFFFFF02D3DFF505000000001976A914D0C59903C5BAC2868760E90FD521A4665AA7652088AC00E1F5050000000017A9143545E6E33B832C47050F24D3EEB93C9C03948BC787B32E1300000100FDA5010100000000010289A3C71EAB4D20E0371BBBA4CC698FA295C9463AFA2E397F8533CCB62F9567E50100000017160014BE18D152A9B012039DAF3DA7DE4F53349EECB985FFFFFFFF86F8AA43A71DFF1448893A530A7237EF6B4608BBB2DD2D0171E63AEC6A4890B40100000017160014FE3E9EF1A745E974] (255 B)
DEBUG | 2023-05-01 16:19:51 | [Test worker] client.Util:130 | <-- 9000
DEBUG | 2023-05-01 16:19:51 | [Test worker] client.Util:130 | <-- 9000
DEBUG | 2023-05-01 16:19:51 | [Test worker] client.Util:133 | Elapsed time 1 ms
DEBUG | 2023-05-01 16:19:51 | [Test worker] client.Util:120 | --> [00010000FAD902C4355943ABCB34BD5353FFFFFFFF0200C2EB0B000000001976A91485CFF1097FD9E008BB34AF709C62197B38978A4888AC72FEF84E2C00000017A914339725BA21EFD62AC753A9BCD067D6C7A6A39D05870247304402202712BE22E0270F394F568311DC7CA9A68970B8025FDD3B240229F07F8A5F3A240220018B38D7DCD314E734C9276BD6FB40F673325BC4BAA144C800D2F2F02DB2765C012103D2E15674941BAD4A996372CB87E1856D3652606D98562FE39C5E9E7E413F210502483045022100D12B852D85DCD961D2F5F4AB660654DF6EEDCC794C0C33CE5CC309FFB5FCE58D022067338A8E0E1725C197FB1A88AF59F51E44E425] (255 B)
DEBUG | 2023-05-01 16:19:51 | [Test worker] client.Util:120 | --> [00010000FAD902C4355943ABCB34BD5353FFFFFFFF0200C2EB0B000000001976A91485CFF1097FD9E008BB34AF709C62197B38978A4888AC72FEF84E2C00000017A914339725BA21EFD62AC753A9BCD067D6C7A6A39D05870247304402202712BE22E0270F394F568311DC7CA9A68970B8025FDD3B240229F07F8A5F3A240220018B38D7DCD314E734C9276BD6FB40F673325BC4BAA144C800D2F2F02DB2765C012103D2E15674941BAD4A996372CB87E1856D3652606D98562FE39C5E9E7E413F210502483045022100D12B852D85DCD961D2F5F4AB660654DF6EEDCC794C0C33CE5CC309FFB5FCE58D022067338A8E0E1725C197FB1A88AF59F51E44E425] (255 B)
DEBUG | 2023-05-01 16:19:51 | [Test worker] client.Util:130 | <-- 9000
DEBUG | 2023-05-01 16:19:51 | [Test worker] client.Util:130 | <-- 9000
DEBUG | 2023-05-01 16:19:51 | [Test worker] client.Util:133 | Elapsed time 1 ms
DEBUG | 2023-05-01 16:19:51 | [Test worker] client.Util:120 | --> [00010000375B20167C8684031C05D1F2592A01210223B72BEEF0965D10BE0778EFECD61FCAC6F79A4EA169393380734464F84F2AB300000000000000] (60 B)
DEBUG | 2023-05-01 16:19:51 | [Test worker] client.Util:120 | --> [00010000375B20167C8684031C05D1F2592A01210223B72BEEF0965D10BE0778EFECD61FCAC6F79A4EA169393380734464F84F2AB300000000000000] (60 B)
DEBUG | 2023-05-01 16:19:51 | [Test worker] client.Util:130 | <-- 9000
DEBUG | 2023-05-01 16:19:51 | [Test worker] client.Util:130 | <-- 9000
DEBUG | 2023-05-01 16:19:51 | [Test worker] client.Util:133 | Elapsed time 1 ms
DEBUG | 2023-05-01 16:19:51 | [Test worker] client.Util:120 | --> [0002000000] (5 B)
DEBUG | 2023-05-01 16:19:51 | [Test worker] client.Util:120 | --> [0002000000] (5 B)
DEBUG | 2023-05-01 16:19:51 | [Test worker] client.Util:130 | <-- 9000
DEBUG | 2023-05-01 16:19:51 | [Test worker] client.Util:130 | <-- 9000
DEBUG | 2023-05-01 16:19:51 | [Test worker] client.Util:120 | --> [1000000000] (5 B)
DEBUG | 2023-05-01 16:19:51 | [Test worker] client.Util:120 | --> [1000000000] (5 B)
DEBUG | 2023-05-01 16:19:51 | [Test worker] client.Util:127 | <-- 00000000 9000 (4 B)
DEBUG | 2023-05-01 16:19:51 | [Test worker] client.Util:127 | <-- 00000000 9000 (4 B)
DEBUG | 2023-05-01 16:19:51 | [Test worker] client.Util:120 | --> [0200000000] (5 B)
DEBUG | 2023-05-01 16:19:51 | [Test worker] client.Util:120 | --> [0200000000] (5 B)
DEBUG | 2023-05-01 16:19:51 | [Test worker] client.Util:130 | <-- 9000
DEBUG | 2023-05-01 16:19:51 | [Test worker] client.Util:130 | <-- 9000
DEBUG | 2023-05-01 16:19:51 | [Test worker] client.Util:120 | --> [02010000080000000000000000] (13 B)
DEBUG | 2023-05-01 16:19:51 | [Test worker] client.Util:120 | --> [02010000080000000000000000] (13 B)
DEBUG | 2023-05-01 16:19:51 | [Test worker] client.Util:130 | <-- 9000
DEBUG | 2023-05-01 16:19:51 | [Test worker] client.Util:130 | <-- 9000
DEBUG | 2023-05-01 16:19:51 | [Test worker] client.Util:120 | --> [0202000000] (5 B)
DEBUG | 2023-05-01 16:19:51 | [Test worker] client.Util:120 | --> [0202000000] (5 B)
DEBUG | 2023-05-01 16:19:51 | [Test worker] client.Util:130 | <-- 9000
DEBUG | 2023-05-01 16:19:51 | [Test worker] client.Util:130 | <-- 9000
DEBUG | 2023-05-01 16:19:51 | [Test worker] client.Util:133 | Elapsed time 1 ms
DEBUG | 2023-05-01 16:19:51 | [Test worker] client.Util:120 | --> [0200010000] (5 B)
DEBUG | 2023-05-01 16:19:51 | [Test worker] client.Util:120 | --> [0200010000] (5 B)
DEBUG | 2023-05-01 16:19:51 | [Test worker] client.Util:130 | <-- 9000
DEBUG | 2023-05-01 16:19:51 | [Test worker] client.Util:130 | <-- 9000
DEBUG | 2023-05-01 16:19:51 | [Test worker] client.Util:120 | --> [020101001976A914768A40BBD740CBE81D988E71DE2A4D5C71396B1D88AC] (30 B)
DEBUG | 2023-05-01 16:19:51 | [Test worker] client.Util:120 | --> [020101001976A914768A40BBD740CBE81D988E71DE2A4D5C71396B1D88AC] (30 B)
DEBUG | 2023-05-01 16:19:51 | [Test worker] client.Util:130 | <-- 9000
DEBUG | 2023-05-01 16:19:51 | [Test worker] client.Util:130 | <-- 9000
DEBUG | 2023-05-01 16:19:51 | [Test worker] client.Util:120 | --> [0202010000] (5 B)
DEBUG | 2023-05-01 16:19:51 | [Test worker] client.Util:120 | --> [0202010000] (5 B)
DEBUG | 2023-05-01 16:19:51 | [Test worker] client.Util:130 | <-- 9000
DEBUG | 2023-05-01 16:19:51 | [Test worker] client.Util:130 | <-- 9000
DEBUG | 2023-05-01 16:19:51 | [Test worker] client.Util:133 | Elapsed time 1 ms
DEBUG | 2023-05-01 16:19:51 | [Test worker] client.Util:120 | --> [0100000000] (5 B)
DEBUG | 2023-05-01 16:19:51 | [Test worker] client.Util:120 | --> [0100000000] (5 B)
DEBUG | 2023-05-01 16:19:51 | [Test worker] client.Util:130 | <-- 9000
DEBUG | 2023-05-01 16:19:51 | [Test worker] client.Util:130 | <-- 9000
DEBUG | 2023-05-01 16:19:51 | [Test worker] client.Util:120 | --> [0101000003020001] (8 B)
DEBUG | 2023-05-01 16:19:51 | [Test worker] client.Util:120 | --> [0101000003020001] (8 B)
DEBUG | 2023-05-01 16:19:51 | [Test worker] client.Util:130 | <-- 9000
DEBUG | 2023-05-01 16:19:51 | [Test worker] client.Util:130 | <-- 9000
DEBUG | 2023-05-01 16:19:51 | [Test worker] client.Util:120 | --> [0102000000] (5 B)
DEBUG | 2023-05-01 16:19:51 | [Test worker] client.Util:120 | --> [0102000000] (5 B)
DEBUG | 2023-05-01 16:19:51 | [Test worker] client.Util:130 | <-- 9000
DEBUG | 2023-05-01 16:19:51 | [Test worker] client.Util:130 | <-- 9000
DEBUG | 2023-05-01 16:19:51 | [Test worker] client.Util:133 | Elapsed time 1 ms
DEBUG | 2023-05-01 16:19:51 | [Test worker] client.Util:120 | --> [0000000000] (5 B)
DEBUG | 2023-05-01 16:19:51 | [Test worker] client.Util:120 | --> [0000000000] (5 B)
DEBUG | 2023-05-01 16:19:51 | [Test worker] client.Util:130 | <-- 9000
DEBUG | 2023-05-01 16:19:51 | [Test worker] client.Util:130 | <-- 9000
DEBUG | 2023-05-01 16:19:51 | [Test worker] client.Util:120 | --> [00010000FA70736274FF0100750200000001268171371EDFF285E937ADEEA4B37B78000C0566CBB3AD64641713CA42171BF60000000000FEFFFFFF02D3DFF505000000001976A914D0C59903C5BAC2868760E90FD521A4665AA7652088AC00E1F5050000000017A9143545E6E33B832C47050F24D3EEB93C9C03948BC787B32E1300000100FDA5010100000000010289A3C71EAB4D20E0371BBBA4CC698FA295C9463AFA2E397F8533CCB62F9567E50100000017160014BE18D152A9B012039DAF3DA7DE4F53349EECB985FFFFFFFF86F8AA43A71DFF1448893A530A7237EF6B4608BBB2DD2D0171E63AEC6A4890B40100000017160014FE3E9EF1A745E974] (255 B)
DEBUG | 2023-05-01 16:19:51 | [Test worker] client.Util:120 | --> [00010000FA70736274FF0100750200000001268171371EDFF285E937ADEEA4B37B78000C0566CBB3AD64641713CA42171BF60000000000FEFFFFFF02D3DFF505000000001976A914D0C59903C5BAC2868760E90FD521A4665AA7652088AC00E1F5050000000017A9143545E6E33B832C47050F24D3EEB93C9C03948BC787B32E1300000100FDA5010100000000010289A3C71EAB4D20E0371BBBA4CC698FA295C9463AFA2E397F8533CCB62F9567E50100000017160014BE18D152A9B012039DAF3DA7DE4F53349EECB985FFFFFFFF86F8AA43A71DFF1448893A530A7237EF6B4608BBB2DD2D0171E63AEC6A4890B40100000017160014FE3E9EF1A745E974] (255 B)
DEBUG | 2023-05-01 16:19:51 | [Test worker] client.Util:130 | <-- 9000
DEBUG | 2023-05-01 16:19:51 | [Test worker] client.Util:130 | <-- 9000
DEBUG | 2023-05-01 16:19:51 | [Test worker] client.Util:133 | Elapsed time 2 ms
DEBUG | 2023-05-01 16:19:51 | [Test worker] client.Util:120 | --> [00010000FAD902C4355943ABCB34BD5353FFFFFFFF0200C2EB0B000000001976A91485CFF1097FD9E008BB34AF709C62197B38978A4888AC72FEF84E2C00000017A914339725BA21EFD62AC753A9BCD067D6C7A6A39D05870247304402202712BE22E0270F394F568311DC7CA9A68970B8025FDD3B240229F07F8A5F3A240220018B38D7DCD314E734C9276BD6FB40F673325BC4BAA144C800D2F2F02DB2765C012103D2E15674941BAD4A996372CB87E1856D3652606D98562FE39C5E9E7E413F210502483045022100D12B852D85DCD961D2F5F4AB660654DF6EEDCC794C0C33CE5CC309FFB5FCE58D022067338A8E0E1725C197FB1A88AF59F51E44E425] (255 B)
DEBUG | 2023-05-01 16:19:51 | [Test worker] client.Util:120 | --> [00010000FAD902C4355943ABCB34BD5353FFFFFFFF0200C2EB0B000000001976A91485CFF1097FD9E008BB34AF709C62197B38978A4888AC72FEF84E2C00000017A914339725BA21EFD62AC753A9BCD067D6C7A6A39D05870247304402202712BE22E0270F394F568311DC7CA9A68970B8025FDD3B240229F07F8A5F3A240220018B38D7DCD314E734C9276BD6FB40F673325BC4BAA144C800D2F2F02DB2765C012103D2E15674941BAD4A996372CB87E1856D3652606D98562FE39C5E9E7E413F210502483045022100D12B852D85DCD961D2F5F4AB660654DF6EEDCC794C0C33CE5CC309FFB5FCE58D022067338A8E0E1725C197FB1A88AF59F51E44E425] (255 B)
DEBUG | 2023-05-01 16:19:51 | [Test worker] client.Util:130 | <-- 9000
DEBUG | 2023-05-01 16:19:51 | [Test worker] client.Util:130 | <-- 9000
DEBUG | 2023-05-01 16:19:51 | [Test worker] client.Util:133 | Elapsed time 1 ms
DEBUG | 2023-05-01 16:19:51 | [Test worker] client.Util:120 | --> [00010000375B20167C8684031C05D1F2592A01210223B72BEEF0965D10BE0778EFECD61FCAC6F79A4EA169393380734464F84F2AB300000000000000] (60 B)
DEBUG | 2023-05-01 16:19:51 | [Test worker] client.Util:120 | --> [00010000375B20167C8684031C05D1F2592A01210223B72BEEF0965D10BE0778EFECD61FCAC6F79A4EA169393380734464F84F2AB300000000000000] (60 B)
DEBUG | 2023-05-01 16:19:51 | [Test worker] client.Util:130 | <-- 9000
DEBUG | 2023-05-01 16:19:51 | [Test worker] client.Util:130 | <-- 9000
DEBUG | 2023-05-01 16:19:51 | [Test worker] client.Util:120 | --> [0002000000] (5 B)
DEBUG | 2023-05-01 16:19:51 | [Test worker] client.Util:120 | --> [0002000000] (5 B)
DEBUG | 2023-05-01 16:19:51 | [Test worker] client.Util:130 | <-- 9000
DEBUG | 2023-05-01 16:19:51 | [Test worker] client.Util:130 | <-- 9000
DEBUG | 2023-05-01 16:19:51 | [Test worker] client.Util:133 | Elapsed time 1 ms
DEBUG | 2023-05-01 16:19:51 | [Test worker] client.Util:120 | --> [1000000000] (5 B)
DEBUG | 2023-05-01 16:19:51 | [Test worker] client.Util:120 | --> [1000000000] (5 B)
DEBUG | 2023-05-01 16:19:51 | [Test worker] client.Util:127 | <-- 00000000 9000 (4 B)
DEBUG | 2023-05-01 16:19:51 | [Test worker] client.Util:127 | <-- 00000000 9000 (4 B)
DEBUG | 2023-05-01 16:19:51 | [Test worker] client.Util:133 | Elapsed time 1 ms
DEBUG | 2023-05-01 16:19:51 | [Test worker] client.Util:120 | --> [0000000000] (5 B)
DEBUG | 2023-05-01 16:19:51 | [Test worker] client.Util:120 | --> [0000000000] (5 B)
DEBUG | 2023-05-01 16:19:51 | [Test worker] client.Util:130 | <-- 9000
DEBUG | 2023-05-01 16:19:51 | [Test worker] client.Util:130 | <-- 9000
DEBUG | 2023-05-01 16:19:51 | [Test worker] client.Util:120 | --> [00010000FA70736274FF0100A00200000002AB0949A08C5AF7C49B8212F417E2F15AB3F5C33DCF153821A8139F877A5B7BE40000000000FEFFFFFFAB0949A08C5AF7C49B8212F417E2F15AB3F5C33DCF153821A8139F877A5B7BE40100000000FEFFFFFF02603BEA0B000000001976A914768A40BBD740CBE81D988E71DE2A4D5C71396B1D88AC8E240000000000001976A9146F4620B553FA095E721B9EE0EFE9FA039CCA459788AC000000000001076A47304402204759661797C01B036B25928948686218347D89864B719E1F7FCF57D1E511658702205309EABF56AA4D8891FFD111FDF1336F3A29DA866D7F8486D75546CEEDAF93190121035CDC61FC] (255 B)
DEBUG | 2023-05-01 16:19:51 | [Test worker] client.Util:120 | --> [00010000FA70736274FF0100A00200000002AB0949A08C5AF7C49B8212F417E2F15AB3F5C33DCF153821A8139F877A5B7BE40000000000FEFFFFFFAB0949A08C5AF7C49B8212F417E2F15AB3F5C33DCF153821A8139F877A5B7BE40100000000FEFFFFFF02603BEA0B000000001976A914768A40BBD740CBE81D988E71DE2A4D5C71396B1D88AC8E240000000000001976A9146F4620B553FA095E721B9EE0EFE9FA039CCA459788AC000000000001076A47304402204759661797C01B036B25928948686218347D89864B719E1F7FCF57D1E511658702205309EABF56AA4D8891FFD111FDF1336F3A29DA866D7F8486D75546CEEDAF93190121035CDC61FC] (255 B)
DEBUG | 2023-05-01 16:19:51 | [Test worker] client.Util:130 | <-- 9000
DEBUG | 2023-05-01 16:19:51 | [Test worker] client.Util:130 | <-- 9000
DEBUG | 2023-05-01 16:19:51 | [Test worker] client.Util:133 | Elapsed time 1 ms
DEBUG | 2023-05-01 16:19:51 | [Test worker] client.Util:120 | --> [000100005C7BA971C0B501A646A2A83B102CB43881217CA682DC86E2D73FA882920001012000E1F5050000000017A9143545E6E33B832C47050F24D3EEB93C9C03948BC787010416001485D13537F2E265405A34DBAFA9E3DDA01FB82308000000] (97 B)
DEBUG | 2023-05-01 16:19:51 | [Test worker] client.Util:120 | --> [000100005C7BA971C0B501A646A2A83B102CB43881217CA682DC86E2D73FA882920001012000E1F5050000000017A9143545E6E33B832C47050F24D3EEB93C9C03948BC787010416001485D13537F2E265405A34DBAFA9E3DDA01FB82308000000] (97 B)
DEBUG | 2023-05-01 16:19:51 | [Test worker] client.Util:130 | <-- 9000
DEBUG | 2023-05-01 16:19:51 | [Test worker] client.Util:130 | <-- 9000
DEBUG | 2023-05-01 16:19:51 | [Test worker] client.Util:133 | Elapsed time 1 ms
DEBUG | 2023-05-01 16:19:51 | [Test worker] client.Util:120 | --> [0002000000] (5 B)
DEBUG | 2023-05-01 16:19:51 | [Test worker] client.Util:120 | --> [0002000000] (5 B)
DEBUG | 2023-05-01 16:19:51 | [Test worker] client.Util:130 | <-- 9000
DEBUG | 2023-05-01 16:19:51 | [Test worker] client.Util:130 | <-- 9000
DEBUG | 2023-05-01 16:19:51 | [Test worker] client.Util:133 | Elapsed time 1 ms
DEBUG | 2023-05-01 16:19:51 | [Test worker] client.Util:120 | --> [1000000000] (5 B)
DEBUG | 2023-05-01 16:19:51 | [Test worker] client.Util:120 | --> [1000000000] (5 B)
DEBUG | 2023-05-01 16:19:51 | [Test worker] client.Util:127 | <-- 00010000 9000 (4 B)
DEBUG | 2023-05-01 16:19:51 | [Test worker] client.Util:127 | <-- 00010000 9000 (4 B)
DEBUG | 2023-05-01 16:19:51 | [Test worker] client.Util:133 | Elapsed time 1 ms
DEBUG | 2023-05-01 16:19:51 | [Test worker] client.Util:120 | --> [0000000000] (5 B)
DEBUG | 2023-05-01 16:19:51 | [Test worker] client.Util:120 | --> [0000000000] (5 B)
DEBUG | 2023-05-01 16:19:51 | [Test worker] client.Util:130 | <-- 9000
DEBUG | 2023-05-01 16:19:51 | [Test worker] client.Util:130 | <-- 9000
DEBUG | 2023-05-01 16:19:51 | [Test worker] client.Util:120 | --> [00010000FA70736274FF0100750200000001268171371EDFF285E937ADEEA4B37B78000C0566CBB3AD64641713CA42171BF60000000000FEFFFFFF02D3DFF505000000001976A914D0C59903C5BAC2868760E90FD521A4665AA7652088AC00E1F5050000000017A9143545E6E33B832C47050F24D3EEB93C9C03948BC787B32E1300000100FDA5010100000000010289A3C71EAB4D20E0371BBBA4CC698FA295C9463AFA2E397F8533CCB62F9567E50100000017160014BE18D152A9B012039DAF3DA7DE4F53349EECB985FFFFFFFF86F8AA43A71DFF1448893A530A7237EF6B4608BBB2DD2D0171E63AEC6A4890B40100000017160014FE3E9EF1A745E974] (255 B)
DEBUG | 2023-05-01 16:19:51 | [Test worker] client.Util:120 | --> [00010000FA70736274FF0100750200000001268171371EDFF285E937ADEEA4B37B78000C0566CBB3AD64641713CA42171BF60000000000FEFFFFFF02D3DFF505000000001976A914D0C59903C5BAC2868760E90FD521A4665AA7652088AC00E1F5050000000017A9143545E6E33B832C47050F24D3EEB93C9C03948BC787B32E1300000100FDA5010100000000010289A3C71EAB4D20E0371BBBA4CC698FA295C9463AFA2E397F8533CCB62F9567E50100000017160014BE18D152A9B012039DAF3DA7DE4F53349EECB985FFFFFFFF86F8AA43A71DFF1448893A530A7237EF6B4608BBB2DD2D0171E63AEC6A4890B40100000017160014FE3E9EF1A745E974] (255 B)
DEBUG | 2023-05-01 16:19:51 | [Test worker] client.Util:130 | <-- 9000
DEBUG | 2023-05-01 16:19:51 | [Test worker] client.Util:130 | <-- 9000
DEBUG | 2023-05-01 16:19:51 | [Test worker] client.Util:133 | Elapsed time 2 ms
DEBUG | 2023-05-01 16:19:51 | [Test worker] client.Util:120 | --> [00010000FAD902C4355943ABCB34BD5353FFFFFFFF0200C2EB0B000000001976A91485CFF1097FD9E008BB34AF709C62197B38978A4888AC72FEF84E2C00000017A914339725BA21EFD62AC753A9BCD067D6C7A6A39D05870247304402202712BE22E0270F394F568311DC7CA9A68970B8025FDD3B240229F07F8A5F3A240220018B38D7DCD314E734C9276BD6FB40F673325BC4BAA144C800D2F2F02DB2765C012103D2E15674941BAD4A996372CB87E1856D3652606D98562FE39C5E9E7E413F210502483045022100D12B852D85DCD961D2F5F4AB660654DF6EEDCC794C0C33CE5CC309FFB5FCE58D022067338A8E0E1725C197FB1A88AF59F51E44E425] (255 B)
DEBUG | 2023-05-01 16:19:51 | [Test worker] client.Util:120 | --> [00010000FAD902C4355943ABCB34BD5353FFFFFFFF0200C2EB0B000000001976A91485CFF1097FD9E008BB34AF709C62197B38978A4888AC72FEF84E2C00000017A914339725BA21EFD62AC753A9BCD067D6C7A6A39D05870247304402202712BE22E0270F394F568311DC7CA9A68970B8025FDD3B240229F07F8A5F3A240220018B38D7DCD314E734C9276BD6FB40F673325BC4BAA144C800D2F2F02DB2765C012103D2E15674941BAD4A996372CB87E1856D3652606D98562FE39C5E9E7E413F210502483045022100D12B852D85DCD961D2F5F4AB660654DF6EEDCC794C0C33CE5CC309FFB5FCE58D022067338A8E0E1725C197FB1A88AF59F51E44E425] (255 B)
DEBUG | 2023-05-01 16:19:51 | [Test worker] client.Util:130 | <-- 9000
DEBUG | 2023-05-01 16:19:51 | [Test worker] client.Util:130 | <-- 9000
DEBUG | 2023-05-01 16:19:51 | [Test worker] client.Util:133 | Elapsed time 1 ms
DEBUG | 2023-05-01 16:19:51 | [Test worker] client.Util:120 | --> [00010000375B20167C8684031C05D1F2592A01210223B72BEEF0965D10BE0778EFECD61FCAC6F79A4EA169393380734464F84F2AB300000000000000] (60 B)
DEBUG | 2023-05-01 16:19:51 | [Test worker] client.Util:120 | --> [00010000375B20167C8684031C05D1F2592A01210223B72BEEF0965D10BE0778EFECD61FCAC6F79A4EA169393380734464F84F2AB300000000000000] (60 B)
DEBUG | 2023-05-01 16:19:51 | [Test worker] client.Util:130 | <-- 9000
DEBUG | 2023-05-01 16:19:51 | [Test worker] client.Util:130 | <-- 9000
DEBUG | 2023-05-01 16:19:51 | [Test worker] client.Util:120 | --> [0002000000] (5 B)
DEBUG | 2023-05-01 16:19:51 | [Test worker] client.Util:120 | --> [0002000000] (5 B)
DEBUG | 2023-05-01 16:19:51 | [Test worker] client.Util:130 | <-- 9000
DEBUG | 2023-05-01 16:19:51 | [Test worker] client.Util:130 | <-- 9000
DEBUG | 2023-05-01 16:19:51 | [Test worker] client.Util:120 | --> [1000000000] (5 B)
DEBUG | 2023-05-01 16:19:51 | [Test worker] client.Util:120 | --> [1000000000] (5 B)
DEBUG | 2023-05-01 16:19:51 | [Test worker] client.Util:127 | <-- 00000000 9000 (4 B)
DEBUG | 2023-05-01 16:19:51 | [Test worker] client.Util:127 | <-- 00000000 9000 (4 B)
DEBUG | 2023-05-01 16:19:51 | [Test worker] client.Util:120 | --> [0200000000] (5 B)
DEBUG | 2023-05-01 16:19:51 | [Test worker] client.Util:120 | --> [0200000000] (5 B)
DEBUG | 2023-05-01 16:19:51 | [Test worker] client.Util:130 | <-- 9000
DEBUG | 2023-05-01 16:19:51 | [Test worker] client.Util:130 | <-- 9000
DEBUG | 2023-05-01 16:19:51 | [Test worker] client.Util:133 | Elapsed time 1 ms
DEBUG | 2023-05-01 16:19:51 | [Test worker] client.Util:120 | --> [02010000080FFFFFFFFFFFFFFF] (13 B)
DEBUG | 2023-05-01 16:19:51 | [Test worker] client.Util:120 | --> [02010000080FFFFFFFFFFFFFFF] (13 B)
DEBUG | 2023-05-01 16:19:51 | [Test worker] client.Util:130 | <-- 9000
DEBUG | 2023-05-01 16:19:51 | [Test worker] client.Util:130 | <-- 9000
DEBUG | 2023-05-01 16:19:51 | [Test worker] client.Util:133 | Elapsed time 1 ms
DEBUG | 2023-05-01 16:19:51 | [Test worker] client.Util:120 | --> [0202000000] (5 B)
DEBUG | 2023-05-01 16:19:51 | [Test worker] client.Util:120 | --> [0202000000] (5 B)
DEBUG | 2023-05-01 16:19:51 | [Test worker] client.Util:130 | <-- 9000
DEBUG | 2023-05-01 16:19:51 | [Test worker] client.Util:130 | <-- 9000
DEBUG | 2023-05-01 16:19:51 | [Test worker] client.Util:120 | --> [0100000000] (5 B)
DEBUG | 2023-05-01 16:19:51 | [Test worker] client.Util:120 | --> [0100000000] (5 B)
DEBUG | 2023-05-01 16:19:51 | [Test worker] client.Util:130 | <-- 9000
DEBUG | 2023-05-01 16:19:51 | [Test worker] client.Util:130 | <-- 9000
DEBUG | 2023-05-01 16:19:51 | [Test worker] client.Util:133 | Elapsed time 1 ms
DEBUG | 2023-05-01 16:19:51 | [Test worker] client.Util:120 | --> [01010000020000] (7 B)
DEBUG | 2023-05-01 16:19:51 | [Test worker] client.Util:120 | --> [01010000020000] (7 B)
DEBUG | 2023-05-01 16:19:51 | [Test worker] client.Util:130 | <-- 9000
DEBUG | 2023-05-01 16:19:51 | [Test worker] client.Util:130 | <-- 9000
DEBUG | 2023-05-01 16:19:51 | [Test worker] client.Util:120 | --> [0102000000] (5 B)
DEBUG | 2023-05-01 16:19:51 | [Test worker] client.Util:120 | --> [0102000000] (5 B)
DEBUG | 2023-05-01 16:19:51 | [Test worker] client.Util:130 | <-- 9000
DEBUG | 2023-05-01 16:19:51 | [Test worker] client.Util:130 | <-- 9000
DEBUG | 2023-05-01 16:19:51 | [Test worker] client.Util:120 | --> [0000000000] (5 B)
DEBUG | 2023-05-01 16:19:51 | [Test worker] client.Util:120 | --> [0000000000] (5 B)
DEBUG | 2023-05-01 16:19:51 | [Test worker] client.Util:130 | <-- 9000
DEBUG | 2023-05-01 16:19:51 | [Test worker] client.Util:130 | <-- 9000
DEBUG | 2023-05-01 16:19:51 | [Test worker] client.Util:120 | --> [00010000FA70736274FF0100750200000001268171371EDFF285E937ADEEA4B37B78000C0566CBB3AD64641713CA42171BF60000000000FEFFFFFF02D3DFF505000000001976A914D0C59903C5BAC2868760E90FD521A4665AA7652088AC00E1F5050000000017A9143545E6E33B832C47050F24D3EEB93C9C03948BC787B32E1300000100FDA5010100000000010289A3C71EAB4D20E0371BBBA4CC698FA295C9463AFA2E397F8533CCB62F9567E50100000017160014BE18D152A9B012039DAF3DA7DE4F53349EECB985FFFFFFFF86F8AA43A71DFF1448893A530A7237EF6B4608BBB2DD2D0171E63AEC6A4890B40100000017160014FE3E9EF1A745E974] (255 B)
DEBUG | 2023-05-01 16:19:51 | [Test worker] client.Util:120 | --> [00010000FA70736274FF0100750200000001268171371EDFF285E937ADEEA4B37B78000C0566CBB3AD64641713CA42171BF60000000000FEFFFFFF02D3DFF505000000001976A914D0C59903C5BAC2868760E90FD521A4665AA7652088AC00E1F5050000000017A9143545E6E33B832C47050F24D3EEB93C9C03948BC787B32E1300000100FDA5010100000000010289A3C71EAB4D20E0371BBBA4CC698FA295C9463AFA2E397F8533CCB62F9567E50100000017160014BE18D152A9B012039DAF3DA7DE4F53349EECB985FFFFFFFF86F8AA43A71DFF1448893A530A7237EF6B4608BBB2DD2D0171E63AEC6A4890B40100000017160014FE3E9EF1A745E974] (255 B)
DEBUG | 2023-05-01 16:19:51 | [Test worker] client.Util:130 | <-- 9000
DEBUG | 2023-05-01 16:19:51 | [Test worker] client.Util:130 | <-- 9000
DEBUG | 2023-05-01 16:19:51 | [Test worker] client.Util:133 | Elapsed time 2 ms
DEBUG | 2023-05-01 16:19:51 | [Test worker] client.Util:120 | --> [00010000FAD902C4355943ABCB34BD5353FFFFFFFF0200C2EB0B000000001976A91485CFF1097FD9E008BB34AF709C62197B38978A4888AC72FEF84E2C00000017A914339725BA21EFD62AC753A9BCD067D6C7A6A39D05870247304402202712BE22E0270F394F568311DC7CA9A68970B8025FDD3B240229F07F8A5F3A240220018B38D7DCD314E734C9276BD6FB40F673325BC4BAA144C800D2F2F02DB2765C012103D2E15674941BAD4A996372CB87E1856D3652606D98562FE39C5E9E7E413F210502483045022100D12B852D85DCD961D2F5F4AB660654DF6EEDCC794C0C33CE5CC309FFB5FCE58D022067338A8E0E1725C197FB1A88AF59F51E44E425] (255 B)
DEBUG | 2023-05-01 16:19:51 | [Test worker] client.Util:120 | --> [00010000FAD902C4355943ABCB34BD5353FFFFFFFF0200C2EB0B000000001976A91485CFF1097FD9E008BB34AF709C62197B38978A4888AC72FEF84E2C00000017A914339725BA21EFD62AC753A9BCD067D6C7A6A39D05870247304402202712BE22E0270F394F568311DC7CA9A68970B8025FDD3B240229F07F8A5F3A240220018B38D7DCD314E734C9276BD6FB40F673325BC4BAA144C800D2F2F02DB2765C012103D2E15674941BAD4A996372CB87E1856D3652606D98562FE39C5E9E7E413F210502483045022100D12B852D85DCD961D2F5F4AB660654DF6EEDCC794C0C33CE5CC309FFB5FCE58D022067338A8E0E1725C197FB1A88AF59F51E44E425] (255 B)
DEBUG | 2023-05-01 16:19:51 | [Test worker] client.Util:130 | <-- 9000
DEBUG | 2023-05-01 16:19:51 | [Test worker] client.Util:130 | <-- 9000
DEBUG | 2023-05-01 16:19:51 | [Test worker] client.Util:133 | Elapsed time 2 ms
DEBUG | 2023-05-01 16:19:51 | [Test worker] client.Util:120 | --> [00010000375B20167C8684031C05D1F2592A01210223B72BEEF0965D10BE0778EFECD61FCAC6F79A4EA169393380734464F84F2AB300000000000000] (60 B)
DEBUG | 2023-05-01 16:19:51 | [Test worker] client.Util:120 | --> [00010000375B20167C8684031C05D1F2592A01210223B72BEEF0965D10BE0778EFECD61FCAC6F79A4EA169393380734464F84F2AB300000000000000] (60 B)
DEBUG | 2023-05-01 16:19:51 | [Test worker] client.Util:130 | <-- 9000
DEBUG | 2023-05-01 16:19:51 | [Test worker] client.Util:130 | <-- 9000
DEBUG | 2023-05-01 16:19:51 | [Test worker] client.Util:133 | Elapsed time 1 ms
DEBUG | 2023-05-01 16:19:51 | [Test worker] client.Util:120 | --> [0002000000] (5 B)
DEBUG | 2023-05-01 16:19:51 | [Test worker] client.Util:120 | --> [0002000000] (5 B)
DEBUG | 2023-05-01 16:19:51 | [Test worker] client.Util:130 | <-- 9000
DEBUG | 2023-05-01 16:19:51 | [Test worker] client.Util:130 | <-- 9000
DEBUG | 2023-05-01 16:19:51 | [Test worker] client.Util:120 | --> [1000000000] (5 B)
DEBUG | 2023-05-01 16:19:51 | [Test worker] client.Util:120 | --> [1000000000] (5 B)
DEBUG | 2023-05-01 16:19:51 | [Test worker] client.Util:127 | <-- 00000000 9000 (4 B)
DEBUG | 2023-05-01 16:19:51 | [Test worker] client.Util:127 | <-- 00000000 9000 (4 B)
DEBUG | 2023-05-01 16:19:51 | [Test worker] client.Util:133 | Elapsed time 1 ms
DEBUG | 2023-05-01 16:19:51 | [Test worker] client.Util:120 | --> [0000000000] (5 B)
DEBUG | 2023-05-01 16:19:51 | [Test worker] client.Util:120 | --> [0000000000] (5 B)
DEBUG | 2023-05-01 16:19:51 | [Test worker] client.Util:130 | <-- 9000
DEBUG | 2023-05-01 16:19:51 | [Test worker] client.Util:130 | <-- 9000
DEBUG | 2023-05-01 16:19:51 | [Test worker] client.Util:133 | Elapsed time 1 ms
DEBUG | 2023-05-01 16:19:51 | [Test worker] client.Util:120 | --> [00010000FA70736274FF0100A00200000002AB0949A08C5AF7C49B8212F417E2F15AB3F5C33DCF153821A8139F877A5B7BE40000000000FEFFFFFFAB0949A08C5AF7C49B8212F417E2F15AB3F5C33DCF153821A8139F877A5B7BE40100000000FEFFFFFF02603BEA0B000000001976A914768A40BBD740CBE81D988E71DE2A4D5C71396B1D88AC8E240000000000001976A9146F4620B553FA095E721B9EE0EFE9FA039CCA459788AC000000000001076A47304402204759661797C01B036B25928948686218347D89864B719E1F7FCF57D1E511658702205309EABF56AA4D8891FFD111FDF1336F3A29DA866D7F8486D75546CEEDAF93190121035CDC61FC] (255 B)
DEBUG | 2023-05-01 16:19:51 | [Test worker] client.Util:120 | --> [00010000FA70736274FF0100A00200000002AB0949A08C5AF7C49B8212F417E2F15AB3F5C33DCF153821A8139F877A5B7BE40000000000FEFFFFFFAB0949A08C5AF7C49B8212F417E2F15AB3F5C33DCF153821A8139F877A5B7BE40100000000FEFFFFFF02603BEA0B000000001976A914768A40BBD740CBE81D988E71DE2A4D5C71396B1D88AC8E240000000000001976A9146F4620B553FA095E721B9EE0EFE9FA039CCA459788AC000000000001076A47304402204759661797C01B036B25928948686218347D89864B719E1F7FCF57D1E511658702205309EABF56AA4D8891FFD111FDF1336F3A29DA866D7F8486D75546CEEDAF93190121035CDC61FC] (255 B)
DEBUG | 2023-05-01 16:19:51 | [Test worker] client.Util:130 | <-- 9000
DEBUG | 2023-05-01 16:19:51 | [Test worker] client.Util:130 | <-- 9000
DEBUG | 2023-05-01 16:19:51 | [Test worker] client.Util:133 | Elapsed time 1 ms
DEBUG | 2023-05-01 16:19:51 | [Test worker] client.Util:120 | --> [000100005C7BA971C0B501A646A2A83B102CB43881217CA682DC86E2D73FA882920001012000E1F5050000000017A9143545E6E33B832C47050F24D3EEB93C9C03948BC787010416001485D13537F2E265405A34DBAFA9E3DDA01FB82308000000] (97 B)
DEBUG | 2023-05-01 16:19:51 | [Test worker] client.Util:120 | --> [000100005C7BA971C0B501A646A2A83B102CB43881217CA682DC86E2D73FA882920001012000E1F5050000000017A9143545E6E33B832C47050F24D3EEB93C9C03948BC787010416001485D13537F2E265405A34DBAFA9E3DDA01FB82308000000] (97 B)
DEBUG | 2023-05-01 16:19:51 | [Test worker] client.Util:130 | <-- 9000
DEBUG | 2023-05-01 16:19:51 | [Test worker] client.Util:130 | <-- 9000
DEBUG | 2023-05-01 16:19:51 | [Test worker] client.Util:133 | Elapsed time 1 ms
DEBUG | 2023-05-01 16:19:51 | [Test worker] client.Util:120 | --> [0002000000] (5 B)
DEBUG | 2023-05-01 16:19:51 | [Test worker] client.Util:120 | --> [0002000000] (5 B)
DEBUG | 2023-05-01 16:19:51 | [Test worker] client.Util:130 | <-- 9000
DEBUG | 2023-05-01 16:19:51 | [Test worker] client.Util:130 | <-- 9000
DEBUG | 2023-05-01 16:19:51 | [Test worker] client.Util:120 | --> [1000000000] (5 B)
DEBUG | 2023-05-01 16:19:51 | [Test worker] client.Util:120 | --> [1000000000] (5 B)
DEBUG | 2023-05-01 16:19:51 | [Test worker] client.Util:127 | <-- 00000000 9000 (4 B)
DEBUG | 2023-05-01 16:19:51 | [Test worker] client.Util:127 | <-- 00000000 9000 (4 B)
DEBUG | 2023-05-01 16:19:51 | [Test worker] client.Util:133 | Elapsed time 1 ms
DEBUG | 2023-05-01 16:19:51 | [Test worker] client.Util:120 | --> [0200000000] (5 B)
DEBUG | 2023-05-01 16:19:51 | [Test worker] client.Util:120 | --> [0200000000] (5 B)
DEBUG | 2023-05-01 16:19:51 | [Test worker] client.Util:130 | <-- 9000
DEBUG | 2023-05-01 16:19:51 | [Test worker] client.Util:130 | <-- 9000
DEBUG | 2023-05-01 16:19:51 | [Test worker] client.Util:120 | --> [020100000A01020304050102030405] (15 B)
DEBUG | 2023-05-01 16:19:51 | [Test worker] client.Util:120 | --> [020100000A01020304050102030405] (15 B)
DEBUG | 2023-05-01 16:19:51 | [Test worker] client.Util:130 | <-- 9000
DEBUG | 2023-05-01 16:19:51 | [Test worker] client.Util:130 | <-- 9000
DEBUG | 2023-05-01 16:19:51 | [Test worker] client.Util:120 | --> [0202000000] (5 B)
DEBUG | 2023-05-01 16:19:51 | [Test worker] client.Util:120 | --> [0202000000] (5 B)
DEBUG | 2023-05-01 16:19:51 | [Test worker] client.Util:130 | <-- 9000
DEBUG | 2023-05-01 16:19:51 | [Test worker] client.Util:130 | <-- 9000
DEBUG | 2023-05-01 16:19:51 | [Test worker] client.Util:120 | --> [0200010000] (5 B)
DEBUG | 2023-05-01 16:19:51 | [Test worker] client.Util:120 | --> [0200010000] (5 B)
DEBUG | 2023-05-01 16:19:51 | [Test worker] client.Util:130 | <-- 9000
DEBUG | 2023-05-01 16:19:51 | [Test worker] client.Util:130 | <-- 9000
DEBUG | 2023-05-01 16:19:51 | [Test worker] client.Util:120 | --> [020101000A11111111111111111111] (15 B)
DEBUG | 2023-05-01 16:19:51 | [Test worker] client.Util:120 | --> [020101000A11111111111111111111] (15 B)
DEBUG | 2023-05-01 16:19:51 | [Test worker] client.Util:130 | <-- 9000
DEBUG | 2023-05-01 16:19:51 | [Test worker] client.Util:130 | <-- 9000
DEBUG | 2023-05-01 16:19:51 | [Test worker] client.Util:120 | --> [0202010000] (5 B)
DEBUG | 2023-05-01 16:19:51 | [Test worker] client.Util:120 | --> [0202010000] (5 B)
DEBUG | 2023-05-01 16:19:51 | [Test worker] client.Util:130 | <-- 9000
DEBUG | 2023-05-01 16:19:51 | [Test worker] client.Util:130 | <-- 9000
DEBUG | 2023-05-01 16:19:51 | [Test worker] client.Util:120 | --> [0200020000] (5 B)
DEBUG | 2023-05-01 16:19:51 | [Test worker] client.Util:120 | --> [0200020000] (5 B)
DEBUG | 2023-05-01 16:19:51 | [Test worker] client.Util:130 | <-- 9000
DEBUG | 2023-05-01 16:19:51 | [Test worker] client.Util:130 | <-- 9000
DEBUG | 2023-05-01 16:19:51 | [Test worker] client.Util:120 | --> [020102000A33333333333102030405] (15 B)
DEBUG | 2023-05-01 16:19:51 | [Test worker] client.Util:120 | --> [020102000A33333333333102030405] (15 B)
DEBUG | 2023-05-01 16:19:51 | [Test worker] client.Util:130 | <-- 9000
DEBUG | 2023-05-01 16:19:51 | [Test worker] client.Util:130 | <-- 9000
DEBUG | 2023-05-01 16:19:51 | [Test worker] client.Util:120 | --> [0202020000] (5 B)
DEBUG | 2023-05-01 16:19:51 | [Test worker] client.Util:120 | --> [0202020000] (5 B)
DEBUG | 2023-05-01 16:19:51 | [Test worker] client.Util:130 | <-- 9000
DEBUG | 2023-05-01 16:19:51 | [Test worker] client.Util:130 | <-- 9000
DEBUG | 2023-05-01 16:19:51 | [Test worker] client.Util:120 | --> [0100000000] (5 B)
DEBUG | 2023-05-01 16:19:51 | [Test worker] client.Util:120 | --> [0100000000] (5 B)
DEBUG | 2023-05-01 16:19:51 | [Test worker] client.Util:130 | <-- 9000
DEBUG | 2023-05-01 16:19:51 | [Test worker] client.Util:130 | <-- 9000
DEBUG | 2023-05-01 16:19:51 | [Test worker] client.Util:133 | Elapsed time 1 ms
DEBUG | 2023-05-01 16:19:51 | [Test worker] client.Util:120 | --> [01010000080A000D0A010D0A02] (13 B)
DEBUG | 2023-05-01 16:19:51 | [Test worker] client.Util:120 | --> [01010000080A000D0A010D0A02] (13 B)
DEBUG | 2023-05-01 16:19:51 | [Test worker] client.Util:130 | <-- 9000
DEBUG | 2023-05-01 16:19:51 | [Test worker] client.Util:130 | <-- 9000
DEBUG | 2023-05-01 16:19:51 | [Test worker] client.Util:133 | Elapsed time 1 ms
DEBUG | 2023-05-01 16:19:51 | [Test worker] client.Util:120 | --> [0102000000] (5 B)
DEBUG | 2023-05-01 16:19:51 | [Test worker] client.Util:120 | --> [0102000000] (5 B)
DEBUG | 2023-05-01 16:19:51 | [Test worker] client.Util:130 | <-- 9000
DEBUG | 2023-05-01 16:19:51 | [Test worker] client.Util:130 | <-- 9000
DEBUG | 2023-05-01 16:19:51 | [Test worker] client.Util:120 | --> [1000000000] (5 B)
DEBUG | 2023-05-01 16:19:51 | [Test worker] client.Util:120 | --> [1000000000] (5 B)
DEBUG | 2023-05-01 16:19:51 | [Test worker] client.Util:127 | <-- 00000000 9000 (4 B)
DEBUG | 2023-05-01 16:19:51 | [Test worker] client.Util:127 | <-- 00000000 9000 (4 B)
DEBUG | 2023-05-01 16:19:51 | [Test worker] client.Util:133 | Elapsed time 1 ms
DEBUG | 2023-05-01 16:19:51 | [Test worker] client.Util:120 | --> [0200000000] (5 B)
DEBUG | 2023-05-01 16:19:51 | [Test worker] client.Util:120 | --> [0200000000] (5 B)
DEBUG | 2023-05-01 16:19:51 | [Test worker] client.Util:130 | <-- 9000
DEBUG | 2023-05-01 16:19:51 | [Test worker] client.Util:130 | <-- 9000
DEBUG | 2023-05-01 16:19:51 | [Test worker] client.Util:120 | --> [020100000A01020304050102030405] (15 B)
DEBUG | 2023-05-01 16:19:51 | [Test worker] client.Util:120 | --> [020100000A01020304050102030405] (15 B)
DEBUG | 2023-05-01 16:19:51 | [Test worker] client.Util:130 | <-- 9000
DEBUG | 2023-05-01 16:19:51 | [Test worker] client.Util:130 | <-- 9000
DEBUG | 2023-05-01 16:19:51 | [Test worker] client.Util:120 | --> [0202000000] (5 B)
DEBUG | 2023-05-01 16:19:51 | [Test worker] client.Util:120 | --> [0202000000] (5 B)
DEBUG | 2023-05-01 16:19:51 | [Test worker] client.Util:130 | <-- 9000
DEBUG | 2023-05-01 16:19:51 | [Test worker] client.Util:130 | <-- 9000
DEBUG | 2023-05-01 16:19:51 | [Test worker] client.Util:120 | --> [0200010000] (5 B)
DEBUG | 2023-05-01 16:19:51 | [Test worker] client.Util:120 | --> [0200010000] (5 B)
DEBUG | 2023-05-01 16:19:51 | [Test worker] client.Util:130 | <-- 9000
DEBUG | 2023-05-01 16:19:51 | [Test worker] client.Util:130 | <-- 9000
DEBUG | 2023-05-01 16:19:51 | [Test worker] client.Util:120 | --> [020101000A11111111111111111111] (15 B)
DEBUG | 2023-05-01 16:19:51 | [Test worker] client.Util:120 | --> [020101000A11111111111111111111] (15 B)
DEBUG | 2023-05-01 16:19:51 | [Test worker] client.Util:130 | <-- 9000
DEBUG | 2023-05-01 16:19:51 | [Test worker] client.Util:130 | <-- 9000
DEBUG | 2023-05-01 16:19:51 | [Test worker] client.Util:120 | --> [0202010000] (5 B)
DEBUG | 2023-05-01 16:19:51 | [Test worker] client.Util:120 | --> [0202010000] (5 B)
DEBUG | 2023-05-01 16:19:51 | [Test worker] client.Util:130 | <-- 9000
DEBUG | 2023-05-01 16:19:51 | [Test worker] client.Util:130 | <-- 9000
DEBUG | 2023-05-01 16:19:51 | [Test worker] client.Util:133 | Elapsed time 1 ms
DEBUG | 2023-05-01 16:19:51 | [Test worker] client.Util:120 | --> [0200010000] (5 B)
DEBUG | 2023-05-01 16:19:51 | [Test worker] client.Util:120 | --> [0200010000] (5 B)
DEBUG | 2023-05-01 16:19:51 | [Test worker] client.Util:130 | <-- 9000
DEBUG | 2023-05-01 16:19:51 | [Test worker] client.Util:130 | <-- 9000
DEBUG | 2023-05-01 16:19:51 | [Test worker] client.Util:120 | --> [020101000A33333333333102030405] (15 B)
DEBUG | 2023-05-01 16:19:51 | [Test worker] client.Util:120 | --> [020101000A33333333333102030405] (15 B)
DEBUG | 2023-05-01 16:19:51 | [Test worker] client.Util:130 | <-- 9000
DEBUG | 2023-05-01 16:19:51 | [Test worker] client.Util:130 | <-- 9000
DEBUG | 2023-05-01 16:19:51 | [Test worker] client.Util:133 | Elapsed time 1 ms
DEBUG | 2023-05-01 16:19:51 | [Test worker] client.Util:120 | --> [0202010000] (5 B)
DEBUG | 2023-05-01 16:19:51 | [Test worker] client.Util:120 | --> [0202010000] (5 B)
DEBUG | 2023-05-01 16:19:51 | [Test worker] client.Util:130 | <-- 9000
DEBUG | 2023-05-01 16:19:51 | [Test worker] client.Util:130 | <-- 9000
DEBUG | 2023-05-01 16:19:51 | [Test worker] client.Util:133 | Elapsed time 1 ms
DEBUG | 2023-05-01 16:19:51 | [Test worker] client.Util:120 | --> [1000000000] (5 B)
DEBUG | 2023-05-01 16:19:51 | [Test worker] client.Util:120 | --> [1000000000] (5 B)
DEBUG | 2023-05-01 16:19:51 | [Test worker] client.Util:127 | <-- 00000000 9000 (4 B)
DEBUG | 2023-05-01 16:19:51 | [Test worker] client.Util:127 | <-- 00000000 9000 (4 B)
DEBUG | 2023-05-01 16:19:51 | [Test worker] client.Util:120 | --> [0200000000] (5 B)
DEBUG | 2023-05-01 16:19:51 | [Test worker] client.Util:120 | --> [0200000000] (5 B)
DEBUG | 2023-05-01 16:19:51 | [Test worker] client.Util:130 | <-- 9000
DEBUG | 2023-05-01 16:19:51 | [Test worker] client.Util:130 | <-- 9000
DEBUG | 2023-05-01 16:19:51 | [Test worker] client.Util:120 | --> [020100000A01020304050102030405] (15 B)
DEBUG | 2023-05-01 16:19:51 | [Test worker] client.Util:120 | --> [020100000A01020304050102030405] (15 B)
DEBUG | 2023-05-01 16:19:51 | [Test worker] client.Util:130 | <-- 9000
DEBUG | 2023-05-01 16:19:51 | [Test worker] client.Util:130 | <-- 9000
DEBUG | 2023-05-01 16:19:51 | [Test worker] client.Util:120 | --> [0202000000] (5 B)
DEBUG | 2023-05-01 16:19:51 | [Test worker] client.Util:120 | --> [0202000000] (5 B)
DEBUG | 2023-05-01 16:19:51 | [Test worker] client.Util:130 | <-- 9000
DEBUG | 2023-05-01 16:19:51 | [Test worker] client.Util:130 | <-- 9000
DEBUG | 2023-05-01 16:19:51 | [Test worker] client.Util:133 | Elapsed time 1 ms
DEBUG | 2023-05-01 16:19:51 | [Test worker] client.Util:120 | --> [0200010000] (5 B)
DEBUG | 2023-05-01 16:19:51 | [Test worker] client.Util:120 | --> [0200010000] (5 B)
DEBUG | 2023-05-01 16:19:51 | [Test worker] client.Util:130 | <-- 9000
DEBUG | 2023-05-01 16:19:51 | [Test worker] client.Util:130 | <-- 9000
DEBUG | 2023-05-01 16:19:51 | [Test worker] client.Util:120 | --> [020101000A11111111111111111111] (15 B)
DEBUG | 2023-05-01 16:19:51 | [Test worker] client.Util:120 | --> [020101000A11111111111111111111] (15 B)
DEBUG | 2023-05-01 16:19:51 | [Test worker] client.Util:130 | <-- 9000
DEBUG | 2023-05-01 16:19:51 | [Test worker] client.Util:130 | <-- 9000
DEBUG | 2023-05-01 16:19:51 | [Test worker] client.Util:133 | Elapsed time 1 ms
DEBUG | 2023-05-01 16:19:51 | [Test worker] client.Util:120 | --> [0202010000] (5 B)
DEBUG | 2023-05-01 16:19:51 | [Test worker] client.Util:120 | --> [0202010000] (5 B)
DEBUG | 2023-05-01 16:19:51 | [Test worker] client.Util:130 | <-- 9000
DEBUG | 2023-05-01 16:19:51 | [Test worker] client.Util:130 | <-- 9000
DEBUG | 2023-05-01 16:19:51 | [Test worker] client.Util:120 | --> [0200020000] (5 B)
DEBUG | 2023-05-01 16:19:51 | [Test worker] client.Util:120 | --> [0200020000] (5 B)
DEBUG | 2023-05-01 16:19:51 | [Test worker] client.Util:130 | <-- 9000
DEBUG | 2023-05-01 16:19:51 | [Test worker] client.Util:130 | <-- 9000
DEBUG | 2023-05-01 16:19:51 | [Test worker] client.Util:120 | --> [020102000A33333333333102030405] (15 B)
DEBUG | 2023-05-01 16:19:51 | [Test worker] client.Util:120 | --> [020102000A33333333333102030405] (15 B)
DEBUG | 2023-05-01 16:19:51 | [Test worker] client.Util:130 | <-- 9000
DEBUG | 2023-05-01 16:19:51 | [Test worker] client.Util:130 | <-- 9000
DEBUG | 2023-05-01 16:19:51 | [Test worker] client.Util:120 | --> [0202020000] (5 B)
DEBUG | 2023-05-01 16:19:51 | [Test worker] client.Util:120 | --> [0202020000] (5 B)
DEBUG | 2023-05-01 16:19:51 | [Test worker] client.Util:130 | <-- 9000
DEBUG | 2023-05-01 16:19:51 | [Test worker] client.Util:130 | <-- 9000
DEBUG | 2023-05-01 16:19:51 | [Test worker] client.Util:120 | --> [1000000000] (5 B)
DEBUG | 2023-05-01 16:19:51 | [Test worker] client.Util:120 | --> [1000000000] (5 B)
DEBUG | 2023-05-01 16:19:51 | [Test worker] client.Util:127 | <-- 00010000 9000 (4 B)
DEBUG | 2023-05-01 16:19:51 | [Test worker] client.Util:127 | <-- 00010000 9000 (4 B)
getInstance of assymetric algo: 17
getInstance of assymetric algo: 17 is OK!
getInstance of assymetric algo: 17
getInstance of assymetric algo: 17 is OK!
getInstance of assymetric algo: 17
getInstance of assymetric algo: 17 is OK!
DEBUG | 2023-05-01 16:19:51 | [Test worker] client.Util:120 | --> [0200000000] (5 B)
DEBUG | 2023-05-01 16:19:51 | [Test worker] client.Util:120 | --> [0200000000] (5 B)
DEBUG | 2023-05-01 16:19:51 | [Test worker] client.Util:130 | <-- 9000
DEBUG | 2023-05-01 16:19:51 | [Test worker] client.Util:130 | <-- 9000
DEBUG | 2023-05-01 16:19:51 | [Test worker] client.Util:120 | --> [0201000008FFFFFFFFFFFFFFFF] (13 B)
DEBUG | 2023-05-01 16:19:51 | [Test worker] client.Util:120 | --> [0201000008FFFFFFFFFFFFFFFF] (13 B)
DEBUG | 2023-05-01 16:19:51 | [Test worker] client.Util:130 | <-- 9000
DEBUG | 2023-05-01 16:19:51 | [Test worker] client.Util:130 | <-- 9000
DEBUG | 2023-05-01 16:19:51 | [Test worker] client.Util:133 | Elapsed time 1 ms
DEBUG | 2023-05-01 16:19:51 | [Test worker] client.Util:120 | --> [0202000000] (5 B)
DEBUG | 2023-05-01 16:19:51 | [Test worker] client.Util:120 | --> [0202000000] (5 B)
DEBUG | 2023-05-01 16:19:51 | [Test worker] client.Util:130 | <-- 9000
DEBUG | 2023-05-01 16:19:51 | [Test worker] client.Util:130 | <-- 9000
DEBUG | 2023-05-01 16:19:51 | [Test worker] client.Util:120 | --> [0100000000] (5 B)
DEBUG | 2023-05-01 16:19:51 | [Test worker] client.Util:120 | --> [0100000000] (5 B)
DEBUG | 2023-05-01 16:19:51 | [Test worker] client.Util:130 | <-- 9000
DEBUG | 2023-05-01 16:19:51 | [Test worker] client.Util:130 | <-- 9000
DEBUG | 2023-05-01 16:19:51 | [Test worker] client.Util:120 | --> [01010000020100] (7 B)
DEBUG | 2023-05-01 16:19:51 | [Test worker] client.Util:120 | --> [01010000020100] (7 B)
DEBUG | 2023-05-01 16:19:51 | [Test worker] client.Util:130 | <-- 9000
DEBUG | 2023-05-01 16:19:51 | [Test worker] client.Util:130 | <-- 9000
DEBUG | 2023-05-01 16:19:51 | [Test worker] client.Util:133 | Elapsed time 1 ms
DEBUG | 2023-05-01 16:19:51 | [Test worker] client.Util:120 | --> [0102000000] (5 B)
DEBUG | 2023-05-01 16:19:51 | [Test worker] client.Util:120 | --> [0102000000] (5 B)
DEBUG | 2023-05-01 16:19:51 | [Test worker] client.Util:130 | <-- 9000
DEBUG | 2023-05-01 16:19:51 | [Test worker] client.Util:130 | <-- 9000
DEBUG | 2023-05-01 16:19:51 | [Test worker] client.Util:120 | --> [0000000000] (5 B)
DEBUG | 2023-05-01 16:19:51 | [Test worker] client.Util:120 | --> [0000000000] (5 B)
DEBUG | 2023-05-01 16:19:51 | [Test worker] client.Util:130 | <-- 9000
DEBUG | 2023-05-01 16:19:51 | [Test worker] client.Util:130 | <-- 9000
DEBUG | 2023-05-01 16:19:51 | [Test worker] client.Util:120 | --> [00010000FA70736274FF0100A00200000002AB0949A08C5AF7C49B8212F417E2F15AB3F5C33DCF153821A8139F877A5B7BE40000000000FEFFFFFFAB0949A08C5AF7C49B8212F417E2F15AB3F5C33DCF153821A8139F877A5B7BE40100000000FEFFFFFF02603BEA0B000000001976A914768A40BBD740CBE81D988E71DE2A4D5C71396B1D88AC8E240000000000001976A9146F4620B553FA095E721B9EE0EFE9FA039CCA459788AC000000000001076A47304402204759661797C01B036B25928948686218347D89864B719E1F7FCF57D1E511658702205309EABF56AA4D8891FFD111FDF1336F3A29DA866D7F8486D75546CEEDAF93190121035CDC61FC] (255 B)
DEBUG | 2023-05-01 16:19:51 | [Test worker] client.Util:120 | --> [00010000FA70736274FF0100A00200000002AB0949A08C5AF7C49B8212F417E2F15AB3F5C33DCF153821A8139F877A5B7BE40000000000FEFFFFFFAB0949A08C5AF7C49B8212F417E2F15AB3F5C33DCF153821A8139F877A5B7BE40100000000FEFFFFFF02603BEA0B000000001976A914768A40BBD740CBE81D988E71DE2A4D5C71396B1D88AC8E240000000000001976A9146F4620B553FA095E721B9EE0EFE9FA039CCA459788AC000000000001076A47304402204759661797C01B036B25928948686218347D89864B719E1F7FCF57D1E511658702205309EABF56AA4D8891FFD111FDF1336F3A29DA866D7F8486D75546CEEDAF93190121035CDC61FC] (255 B)
DEBUG | 2023-05-01 16:19:51 | [Test worker] client.Util:130 | <-- 9000
DEBUG | 2023-05-01 16:19:51 | [Test worker] client.Util:130 | <-- 9000
DEBUG | 2023-05-01 16:19:51 | [Test worker] client.Util:133 | Elapsed time 1 ms
DEBUG | 2023-05-01 16:19:51 | [Test worker] client.Util:120 | --> [000100005C7BA971C0B501A646A2A83B102CB43881217CA682DC86E2D73FA882920001012000E1F5050000000017A9143545E6E33B832C47050F24D3EEB93C9C03948BC787010416001485D13537F2E265405A34DBAFA9E3DDA01FB82308000000] (97 B)
DEBUG | 2023-05-01 16:19:51 | [Test worker] client.Util:120 | --> [000100005C7BA971C0B501A646A2A83B102CB43881217CA682DC86E2D73FA882920001012000E1F5050000000017A9143545E6E33B832C47050F24D3EEB93C9C03948BC787010416001485D13537F2E265405A34DBAFA9E3DDA01FB82308000000] (97 B)
DEBUG | 2023-05-01 16:19:51 | [Test worker] client.Util:130 | <-- 9000
DEBUG | 2023-05-01 16:19:51 | [Test worker] client.Util:130 | <-- 9000
DEBUG | 2023-05-01 16:19:51 | [Test worker] client.Util:133 | Elapsed time 1 ms
DEBUG | 2023-05-01 16:19:51 | [Test worker] client.Util:120 | --> [0002000000] (5 B)
DEBUG | 2023-05-01 16:19:51 | [Test worker] client.Util:120 | --> [0002000000] (5 B)
DEBUG | 2023-05-01 16:19:51 | [Test worker] client.Util:130 | <-- 9000
DEBUG | 2023-05-01 16:19:51 | [Test worker] client.Util:130 | <-- 9000
DEBUG | 2023-05-01 16:19:51 | [Test worker] client.Util:120 | --> [1000000000] (5 B)
DEBUG | 2023-05-01 16:19:51 | [Test worker] client.Util:120 | --> [1000000000] (5 B)
DEBUG | 2023-05-01 16:19:51 | [Test worker] client.Util:127 | <-- 00010000 9000 (4 B)
DEBUG | 2023-05-01 16:19:51 | [Test worker] client.Util:127 | <-- 00010000 9000 (4 B)
getInstance of assymetric algo: 17
getInstance of assymetric algo: 17 is OK!
DEBUG | 2023-05-01 16:19:51 | [Test worker] client.Util:120 | --> [0200000000] (5 B)
DEBUG | 2023-05-01 16:19:51 | [Test worker] client.Util:120 | --> [0200000000] (5 B)
DEBUG | 2023-05-01 16:19:51 | [Test worker] client.Util:130 | <-- 9000
DEBUG | 2023-05-01 16:19:51 | [Test worker] client.Util:130 | <-- 9000
DEBUG | 2023-05-01 16:19:51 | [Test worker] client.Util:120 | --> [0201000041041ED06C09A9EB0B02B3EC38B559AFE719080E4CEDFF6D93839A1C19CB9E601C8BE8AD94D4189AE492F327CD0A4C2D035FC1E1AFABFFE2C82FF25DBD8E6F8EA75E] (70 B)
DEBUG | 2023-05-01 16:19:51 | [Test worker] client.Util:120 | --> [0201000041041ED06C09A9EB0B02B3EC38B559AFE719080E4CEDFF6D93839A1C19CB9E601C8BE8AD94D4189AE492F327CD0A4C2D035FC1E1AFABFFE2C82FF25DBD8E6F8EA75E] (70 B)
DEBUG | 2023-05-01 16:19:51 | [Test worker] client.Util:130 | <-- 9000
DEBUG | 2023-05-01 16:19:51 | [Test worker] client.Util:130 | <-- 9000
DEBUG | 2023-05-01 16:19:51 | [Test worker] client.Util:120 | --> [0202000000] (5 B)
DEBUG | 2023-05-01 16:19:51 | [Test worker] client.Util:120 | --> [0202000000] (5 B)
DEBUG | 2023-05-01 16:19:51 | [Test worker] client.Util:130 | <-- 9000
DEBUG | 2023-05-01 16:19:51 | [Test worker] client.Util:130 | <-- 9000
DEBUG | 2023-05-01 16:19:51 | [Test worker] client.Util:120 | --> [0100000000] (5 B)
DEBUG | 2023-05-01 16:19:51 | [Test worker] client.Util:120 | --> [0100000000] (5 B)
DEBUG | 2023-05-01 16:19:51 | [Test worker] client.Util:130 | <-- 9000
DEBUG | 2023-05-01 16:19:51 | [Test worker] client.Util:130 | <-- 9000
DEBUG | 2023-05-01 16:19:51 | [Test worker] client.Util:120 | --> [01010000020800] (7 B)
DEBUG | 2023-05-01 16:19:51 | [Test worker] client.Util:120 | --> [01010000020800] (7 B)
DEBUG | 2023-05-01 16:19:51 | [Test worker] client.Util:130 | <-- 9000
DEBUG | 2023-05-01 16:19:51 | [Test worker] client.Util:130 | <-- 9000
DEBUG | 2023-05-01 16:19:51 | [Test worker] client.Util:120 | --> [0102000000] (5 B)
DEBUG | 2023-05-01 16:19:51 | [Test worker] client.Util:120 | --> [0102000000] (5 B)
DEBUG | 2023-05-01 16:19:51 | [Test worker] client.Util:130 | <-- 9000
DEBUG | 2023-05-01 16:19:51 | [Test worker] client.Util:130 | <-- 9000
DEBUG | 2023-05-01 16:19:51 | [Test worker] client.Util:120 | --> [0200000000] (5 B)
DEBUG | 2023-05-01 16:19:51 | [Test worker] client.Util:120 | --> [0200000000] (5 B)
DEBUG | 2023-05-01 16:19:51 | [Test worker] client.Util:130 | <-- 9000
DEBUG | 2023-05-01 16:19:51 | [Test worker] client.Util:130 | <-- 9000
DEBUG | 2023-05-01 16:19:51 | [Test worker] client.Util:120 | --> [020100004830460221009BC5D6DBD556B3B2CD133D584221C9F3B3D46719E4E2A762F1016E2A374AD163022100FB9ACFAAD5A19A088E3D06A443E2683EC779F417092C1A7990AF25459419E1D6] (77 B)
DEBUG | 2023-05-01 16:19:51 | [Test worker] client.Util:120 | --> [020100004830460221009BC5D6DBD556B3B2CD133D584221C9F3B3D46719E4E2A762F1016E2A374AD163022100FB9ACFAAD5A19A088E3D06A443E2683EC779F417092C1A7990AF25459419E1D6] (77 B)
DEBUG | 2023-05-01 16:19:51 | [Test worker] client.Util:130 | <-- 9000
DEBUG | 2023-05-01 16:19:51 | [Test worker] client.Util:130 | <-- 9000
DEBUG | 2023-05-01 16:19:51 | [Test worker] client.Util:120 | --> [0202000000] (5 B)
DEBUG | 2023-05-01 16:19:51 | [Test worker] client.Util:120 | --> [0202000000] (5 B)
DEBUG | 2023-05-01 16:19:51 | [Test worker] client.Util:130 | <-- 9000
DEBUG | 2023-05-01 16:19:51 | [Test worker] client.Util:130 | <-- 9000
DEBUG | 2023-05-01 16:19:51 | [Test worker] client.Util:133 | Elapsed time 1 ms
DEBUG | 2023-05-01 16:19:51 | [Test worker] client.Util:120 | --> [0000000000] (5 B)
DEBUG | 2023-05-01 16:19:51 | [Test worker] client.Util:120 | --> [0000000000] (5 B)
DEBUG | 2023-05-01 16:19:51 | [Test worker] client.Util:130 | <-- 9000
DEBUG | 2023-05-01 16:19:51 | [Test worker] client.Util:130 | <-- 9000
DEBUG | 2023-05-01 16:19:51 | [Test worker] client.Util:133 | Elapsed time 1 ms
DEBUG | 2023-05-01 16:19:51 | [Test worker] client.Util:120 | --> [00010000FA70736274FF0100A00200000002AB0949A08C5AF7C49B8212F417E2F15AB3F5C33DCF153821A8139F877A5B7BE40000000000FEFFFFFFAB0949A08C5AF7C49B8212F417E2F15AB3F5C33DCF153821A8139F877A5B7BE40100000000FEFFFFFF02603BEA0B000000001976A914768A40BBD740CBE81D988E71DE2A4D5C71396B1D88AC8E240000000000001976A9146F4620B553FA095E721B9EE0EFE9FA039CCA459788AC000000000001076A47304402204759661797C01B036B25928948686218347D89864B719E1F7FCF57D1E511658702205309EABF56AA4D8891FFD111FDF1336F3A29DA866D7F8486D75546CEEDAF93190121035CDC61FC] (255 B)
DEBUG | 2023-05-01 16:19:51 | [Test worker] client.Util:120 | --> [00010000FA70736274FF0100A00200000002AB0949A08C5AF7C49B8212F417E2F15AB3F5C33DCF153821A8139F877A5B7BE40000000000FEFFFFFFAB0949A08C5AF7C49B8212F417E2F15AB3F5C33DCF153821A8139F877A5B7BE40100000000FEFFFFFF02603BEA0B000000001976A914768A40BBD740CBE81D988E71DE2A4D5C71396B1D88AC8E240000000000001976A9146F4620B553FA095E721B9EE0EFE9FA039CCA459788AC000000000001076A47304402204759661797C01B036B25928948686218347D89864B719E1F7FCF57D1E511658702205309EABF56AA4D8891FFD111FDF1336F3A29DA866D7F8486D75546CEEDAF93190121035CDC61FC] (255 B)
DEBUG | 2023-05-01 16:19:51 | [Test worker] client.Util:130 | <-- 9000
DEBUG | 2023-05-01 16:19:51 | [Test worker] client.Util:130 | <-- 9000
DEBUG | 2023-05-01 16:19:51 | [Test worker] client.Util:133 | Elapsed time 1 ms
DEBUG | 2023-05-01 16:19:51 | [Test worker] client.Util:120 | --> [000100005C7BA971C0B501A646A2A83B102CB43881217CA682DC86E2D73FA882920001012000E1F5050000000017A9143545E6E33B832C47050F24D3EEB93C9C03948BC787010416001485D13537F2E265405A34DBAFA9E3DDA01FB82308000000] (97 B)
DEBUG | 2023-05-01 16:19:51 | [Test worker] client.Util:120 | --> [000100005C7BA971C0B501A646A2A83B102CB43881217CA682DC86E2D73FA882920001012000E1F5050000000017A9143545E6E33B832C47050F24D3EEB93C9C03948BC787010416001485D13537F2E265405A34DBAFA9E3DDA01FB82308000000] (97 B)
DEBUG | 2023-05-01 16:19:51 | [Test worker] client.Util:130 | <-- 9000
DEBUG | 2023-05-01 16:19:51 | [Test worker] client.Util:130 | <-- 9000
DEBUG | 2023-05-01 16:19:51 | [Test worker] client.Util:120 | --> [0002000000] (5 B)
DEBUG | 2023-05-01 16:19:51 | [Test worker] client.Util:120 | --> [0002000000] (5 B)
DEBUG | 2023-05-01 16:19:51 | [Test worker] client.Util:130 | <-- 9000
DEBUG | 2023-05-01 16:19:51 | [Test worker] client.Util:130 | <-- 9000
DEBUG | 2023-05-01 16:19:51 | [Test worker] client.Util:120 | --> [0200000000] (5 B)
DEBUG | 2023-05-01 16:19:51 | [Test worker] client.Util:120 | --> [0200000000] (5 B)
DEBUG | 2023-05-01 16:19:51 | [Test worker] client.Util:130 | <-- 9000
DEBUG | 2023-05-01 16:19:51 | [Test worker] client.Util:130 | <-- 9000
DEBUG | 2023-05-01 16:19:51 | [Test worker] client.Util:120 | --> [020100004830460221009BC5D6DBD556B3B2CD133D584221C9F3B3D46719E4E2A762F1016E2A374AD163022100FB9ACFAAD5A19A088E3D06A443E2683EC779F417092C1A7990AF25459419E1D6] (77 B)
DEBUG | 2023-05-01 16:19:51 | [Test worker] client.Util:120 | --> [020100004830460221009BC5D6DBD556B3B2CD133D584221C9F3B3D46719E4E2A762F1016E2A374AD163022100FB9ACFAAD5A19A088E3D06A443E2683EC779F417092C1A7990AF25459419E1D6] (77 B)
DEBUG | 2023-05-01 16:19:51 | [Test worker] client.Util:130 | <-- 9000
DEBUG | 2023-05-01 16:19:51 | [Test worker] client.Util:130 | <-- 9000
DEBUG | 2023-05-01 16:19:51 | [Test worker] client.Util:120 | --> [0202000000] (5 B)
DEBUG | 2023-05-01 16:19:51 | [Test worker] client.Util:120 | --> [0202000000] (5 B)
DEBUG | 2023-05-01 16:19:51 | [Test worker] client.Util:130 | <-- 9000
DEBUG | 2023-05-01 16:19:51 | [Test worker] client.Util:130 | <-- 9000
DEBUG | 2023-05-01 16:19:51 | [Test worker] client.Util:133 | Elapsed time 1 ms
DEBUG | 2023-05-01 16:19:51 | [Test worker] client.Util:120 | --> [1000000000] (5 B)
DEBUG | 2023-05-01 16:19:51 | [Test worker] client.Util:120 | --> [1000000000] (5 B)
DEBUG | 2023-05-01 16:19:51 | [Test worker] client.Util:127 | <-- 00000000 9000 (4 B)
DEBUG | 2023-05-01 16:19:51 | [Test worker] client.Util:127 | <-- 00000000 9000 (4 B)
DEBUG | 2023-05-01 16:19:51 | [Test worker] client.Util:133 | Elapsed time 20 ms
DEBUG | 2023-05-01 16:19:51 | [Test worker] client.Util:120 | --> [0200000000] (5 B)
DEBUG | 2023-05-01 16:19:51 | [Test worker] client.Util:120 | --> [0200000000] (5 B)
DEBUG | 2023-05-01 16:19:51 | [Test worker] client.Util:130 | <-- 9000
DEBUG | 2023-05-01 16:19:51 | [Test worker] client.Util:130 | <-- 9000
DEBUG | 2023-05-01 16:19:51 | [Test worker] client.Util:120 | --> [020100004830460221009BC5D6DBD556B3B2CD133D584221C9F3B3D46719E4E2A762F1016E2A374AD163022100FB9ACFAAD5A19A088E3D06A443E2683EC779F417092C1A7990AF25459419E1D6] (77 B)
DEBUG | 2023-05-01 16:19:51 | [Test worker] client.Util:120 | --> [020100004830460221009BC5D6DBD556B3B2CD133D584221C9F3B3D46719E4E2A762F1016E2A374AD163022100FB9ACFAAD5A19A088E3D06A443E2683EC779F417092C1A7990AF25459419E1D6] (77 B)
DEBUG | 2023-05-01 16:19:51 | [Test worker] client.Util:130 | <-- 9000
DEBUG | 2023-05-01 16:19:51 | [Test worker] client.Util:130 | <-- 9000
DEBUG | 2023-05-01 16:19:51 | [Test worker] client.Util:120 | --> [0202000000] (5 B)
DEBUG | 2023-05-01 16:19:51 | [Test worker] client.Util:120 | --> [0202000000] (5 B)
DEBUG | 2023-05-01 16:19:51 | [Test worker] client.Util:130 | <-- 9000
DEBUG | 2023-05-01 16:19:51 | [Test worker] client.Util:130 | <-- 9000
DEBUG | 2023-05-01 16:19:51 | [Test worker] client.Util:120 | --> [0000000000] (5 B)
DEBUG | 2023-05-01 16:19:51 | [Test worker] client.Util:120 | --> [0000000000] (5 B)
DEBUG | 2023-05-01 16:19:51 | [Test worker] client.Util:130 | <-- 9000
DEBUG | 2023-05-01 16:19:51 | [Test worker] client.Util:130 | <-- 9000
DEBUG | 2023-05-01 16:19:51 | [Test worker] client.Util:120 | --> [00010000FA70736274FF0100A00200000002AB0949A08C5AF7C49B8212F417E2F15AB3F5C33DCF153821A8139F877A5B7BE40000000000FEFFFFFFAB0949A08C5AF7C49B8212F417E2F15AB3F5C33DCF153821A8139F877A5B7BE40100000000FEFFFFFF02603BEA0B000000001976A914768A40BBD740CBE81D988E71DE2A4D5C71396B1D88AC8E240000000000001976A9146F4620B553FA095E721B9EE0EFE9FA039CCA459788AC000000000001076A47304402204759661797C01B036B25928948686218347D89864B719E1F7FCF57D1E511658702205309EABF56AA4D8891FFD111FDF1336F3A29DA866D7F8486D75546CEEDAF93190121035CDC61FC] (255 B)
DEBUG | 2023-05-01 16:19:51 | [Test worker] client.Util:120 | --> [00010000FA70736274FF0100A00200000002AB0949A08C5AF7C49B8212F417E2F15AB3F5C33DCF153821A8139F877A5B7BE40000000000FEFFFFFFAB0949A08C5AF7C49B8212F417E2F15AB3F5C33DCF153821A8139F877A5B7BE40100000000FEFFFFFF02603BEA0B000000001976A914768A40BBD740CBE81D988E71DE2A4D5C71396B1D88AC8E240000000000001976A9146F4620B553FA095E721B9EE0EFE9FA039CCA459788AC000000000001076A47304402204759661797C01B036B25928948686218347D89864B719E1F7FCF57D1E511658702205309EABF56AA4D8891FFD111FDF1336F3A29DA866D7F8486D75546CEEDAF93190121035CDC61FC] (255 B)
DEBUG | 2023-05-01 16:19:51 | [Test worker] client.Util:130 | <-- 9000
DEBUG | 2023-05-01 16:19:51 | [Test worker] client.Util:130 | <-- 9000
DEBUG | 2023-05-01 16:19:51 | [Test worker] client.Util:133 | Elapsed time 1 ms
DEBUG | 2023-05-01 16:19:51 | [Test worker] client.Util:120 | --> [000100005C7BA971C0B501A646A2A83B102CB43881217CA682DC86E2D73FA882920001012000E1F5050000000017A9143545E6E33B832C47050F24D3EEB93C9C03948BC787010416001485D13537F2E265405A34DBAFA9E3DDA01FB82308000000] (97 B)
DEBUG | 2023-05-01 16:19:51 | [Test worker] client.Util:120 | --> [000100005C7BA971C0B501A646A2A83B102CB43881217CA682DC86E2D73FA882920001012000E1F5050000000017A9143545E6E33B832C47050F24D3EEB93C9C03948BC787010416001485D13537F2E265405A34DBAFA9E3DDA01FB82308000000] (97 B)
DEBUG | 2023-05-01 16:19:51 | [Test worker] client.Util:130 | <-- 9000
DEBUG | 2023-05-01 16:19:51 | [Test worker] client.Util:130 | <-- 9000
DEBUG | 2023-05-01 16:19:51 | [Test worker] client.Util:120 | --> [0002000000] (5 B)
DEBUG | 2023-05-01 16:19:51 | [Test worker] client.Util:120 | --> [0002000000] (5 B)
DEBUG | 2023-05-01 16:19:51 | [Test worker] client.Util:130 | <-- 9000
DEBUG | 2023-05-01 16:19:51 | [Test worker] client.Util:130 | <-- 9000
DEBUG | 2023-05-01 16:19:51 | [Test worker] client.Util:120 | --> [0000000000] (5 B)
DEBUG | 2023-05-01 16:19:51 | [Test worker] client.Util:120 | --> [0000000000] (5 B)
DEBUG | 2023-05-01 16:19:51 | [Test worker] client.Util:130 | <-- 9000
DEBUG | 2023-05-01 16:19:51 | [Test worker] client.Util:130 | <-- 9000
DEBUG | 2023-05-01 16:19:51 | [Test worker] client.Util:133 | Elapsed time 1 ms
DEBUG | 2023-05-01 16:19:51 | [Test worker] client.Util:120 | --> [00010000FA70736274FF0100750200000001268171371EDFF285E937ADEEA4B37B78000C0566CBB3AD64641713CA42171BF60000000000FEFFFFFF02D3DFF505000000001976A914D0C59903C5BAC2868760E90FD521A4665AA7652088AC00E1F5050000000017A9143545E6E33B832C47050F24D3EEB93C9C03948BC787B32E1300000100FDA5010100000000010289A3C71EAB4D20E0371BBBA4CC698FA295C9463AFA2E397F8533CCB62F9567E50100000017160014BE18D152A9B012039DAF3DA7DE4F53349EECB985FFFFFFFF86F8AA43A71DFF1448893A530A7237EF6B4608BBB2DD2D0171E63AEC6A4890B40100000017160014FE3E9EF1A745E974] (255 B)
DEBUG | 2023-05-01 16:19:51 | [Test worker] client.Util:120 | --> [00010000FA70736274FF0100750200000001268171371EDFF285E937ADEEA4B37B78000C0566CBB3AD64641713CA42171BF60000000000FEFFFFFF02D3DFF505000000001976A914D0C59903C5BAC2868760E90FD521A4665AA7652088AC00E1F5050000000017A9143545E6E33B832C47050F24D3EEB93C9C03948BC787B32E1300000100FDA5010100000000010289A3C71EAB4D20E0371BBBA4CC698FA295C9463AFA2E397F8533CCB62F9567E50100000017160014BE18D152A9B012039DAF3DA7DE4F53349EECB985FFFFFFFF86F8AA43A71DFF1448893A530A7237EF6B4608BBB2DD2D0171E63AEC6A4890B40100000017160014FE3E9EF1A745E974] (255 B)
DEBUG | 2023-05-01 16:19:51 | [Test worker] client.Util:130 | <-- 9000
DEBUG | 2023-05-01 16:19:51 | [Test worker] client.Util:130 | <-- 9000
DEBUG | 2023-05-01 16:19:51 | [Test worker] client.Util:133 | Elapsed time 1 ms
DEBUG | 2023-05-01 16:19:51 | [Test worker] client.Util:120 | --> [00010000FAD902C4355943ABCB34BD5353FFFFFFFF0200C2EB0B000000001976A91485CFF1097FD9E008BB34AF709C62197B38978A4888AC72FEF84E2C00000017A914339725BA21EFD62AC753A9BCD067D6C7A6A39D05870247304402202712BE22E0270F394F568311DC7CA9A68970B8025FDD3B240229F07F8A5F3A240220018B38D7DCD314E734C9276BD6FB40F673325BC4BAA144C800D2F2F02DB2765C012103D2E15674941BAD4A996372CB87E1856D3652606D98562FE39C5E9E7E413F210502483045022100D12B852D85DCD961D2F5F4AB660654DF6EEDCC794C0C33CE5CC309FFB5FCE58D022067338A8E0E1725C197FB1A88AF59F51E44E425] (255 B)
DEBUG | 2023-05-01 16:19:51 | [Test worker] client.Util:120 | --> [00010000FAD902C4355943ABCB34BD5353FFFFFFFF0200C2EB0B000000001976A91485CFF1097FD9E008BB34AF709C62197B38978A4888AC72FEF84E2C00000017A914339725BA21EFD62AC753A9BCD067D6C7A6A39D05870247304402202712BE22E0270F394F568311DC7CA9A68970B8025FDD3B240229F07F8A5F3A240220018B38D7DCD314E734C9276BD6FB40F673325BC4BAA144C800D2F2F02DB2765C012103D2E15674941BAD4A996372CB87E1856D3652606D98562FE39C5E9E7E413F210502483045022100D12B852D85DCD961D2F5F4AB660654DF6EEDCC794C0C33CE5CC309FFB5FCE58D022067338A8E0E1725C197FB1A88AF59F51E44E425] (255 B)
DEBUG | 2023-05-01 16:19:51 | [Test worker] client.Util:130 | <-- 9000
DEBUG | 2023-05-01 16:19:51 | [Test worker] client.Util:130 | <-- 9000
DEBUG | 2023-05-01 16:19:51 | [Test worker] client.Util:133 | Elapsed time 1 ms
DEBUG | 2023-05-01 16:19:51 | [Test worker] client.Util:120 | --> [00010000375B20167C8684031C05D1F2592A01210223B72BEEF0965D10BE0778EFECD61FCAC6F79A4EA169393380734464F84F2AB300000000000000] (60 B)
DEBUG | 2023-05-01 16:19:51 | [Test worker] client.Util:120 | --> [00010000375B20167C8684031C05D1F2592A01210223B72BEEF0965D10BE0778EFECD61FCAC6F79A4EA169393380734464F84F2AB300000000000000] (60 B)
DEBUG | 2023-05-01 16:19:51 | [Test worker] client.Util:130 | <-- 9000
DEBUG | 2023-05-01 16:19:51 | [Test worker] client.Util:130 | <-- 9000
DEBUG | 2023-05-01 16:19:51 | [Test worker] client.Util:120 | --> [0002000000] (5 B)
DEBUG | 2023-05-01 16:19:51 | [Test worker] client.Util:120 | --> [0002000000] (5 B)
DEBUG | 2023-05-01 16:19:51 | [Test worker] client.Util:130 | <-- 9000
DEBUG | 2023-05-01 16:19:51 | [Test worker] client.Util:130 | <-- 9000
DEBUG | 2023-05-01 16:19:51 | [Test worker] client.Util:120 | --> [1000000000] (5 B)
DEBUG | 2023-05-01 16:19:51 | [Test worker] client.Util:120 | --> [1000000000] (5 B)
DEBUG | 2023-05-01 16:19:51 | [Test worker] client.Util:127 | <-- 00010000 9000 (4 B)
DEBUG | 2023-05-01 16:19:51 | [Test worker] client.Util:127 | <-- 00010000 9000 (4 B)
DEBUG | 2023-05-01 16:19:51 | [Test worker] client.Util:133 | Elapsed time 18 ms
DEBUG | 2023-05-01 16:19:51 | [Test worker] client.Util:120 | --> [0200000000] (5 B)
DEBUG | 2023-05-01 16:19:51 | [Test worker] client.Util:120 | --> [0200000000] (5 B)
DEBUG | 2023-05-01 16:19:51 | [Test worker] client.Util:130 | <-- 9000
DEBUG | 2023-05-01 16:19:51 | [Test worker] client.Util:130 | <-- 9000
DEBUG | 2023-05-01 16:19:51 | [Test worker] client.Util:120 | --> [020100004830460221009BC5D6DBD556B3B2CD133D584221C9F3B3D46719E4E2A762F1016E2A374AD163022100FB9ACFAAD5A19A088E3D06A443E2683EC779F417092C1A7990AF25459419E1D6] (77 B)
DEBUG | 2023-05-01 16:19:51 | [Test worker] client.Util:120 | --> [020100004830460221009BC5D6DBD556B3B2CD133D584221C9F3B3D46719E4E2A762F1016E2A374AD163022100FB9ACFAAD5A19A088E3D06A443E2683EC779F417092C1A7990AF25459419E1D6] (77 B)
DEBUG | 2023-05-01 16:19:51 | [Test worker] client.Util:130 | <-- 9000
DEBUG | 2023-05-01 16:19:51 | [Test worker] client.Util:130 | <-- 9000
DEBUG | 2023-05-01 16:19:51 | [Test worker] client.Util:133 | Elapsed time 1 ms
DEBUG | 2023-05-01 16:19:51 | [Test worker] client.Util:120 | --> [0202000000] (5 B)
DEBUG | 2023-05-01 16:19:51 | [Test worker] client.Util:120 | --> [0202000000] (5 B)
DEBUG | 2023-05-01 16:19:51 | [Test worker] client.Util:130 | <-- 9000
DEBUG | 2023-05-01 16:19:51 | [Test worker] client.Util:130 | <-- 9000
DEBUG | 2023-05-01 16:19:51 | [Test worker] client.Util:120 | --> [0000000000] (5 B)
DEBUG | 2023-05-01 16:19:51 | [Test worker] client.Util:120 | --> [0000000000] (5 B)
DEBUG | 2023-05-01 16:19:51 | [Test worker] client.Util:130 | <-- 9000
DEBUG | 2023-05-01 16:19:51 | [Test worker] client.Util:130 | <-- 9000
DEBUG | 2023-05-01 16:19:51 | [Test worker] client.Util:120 | --> [00010000FA70736274FF0100A00200000002AB0949A08C5AF7C49B8212F417E2F15AB3F5C33DCF153821A8139F877A5B7BE40000000000FEFFFFFFAB0949A08C5AF7C49B8212F417E2F15AB3F5C33DCF153821A8139F877A5B7BE40100000000FEFFFFFF02603BEA0B000000001976A914768A40BBD740CBE81D988E71DE2A4D5C71396B1D88AC8E240000000000001976A9146F4620B553FA095E721B9EE0EFE9FA039CCA459788AC000000000001076A47304402204759661797C01B036B25928948686218347D89864B719E1F7FCF57D1E511658702205309EABF56AA4D8891FFD111FDF1336F3A29DA866D7F8486D75546CEEDAF93190121035CDC61FC] (255 B)
DEBUG | 2023-05-01 16:19:51 | [Test worker] client.Util:120 | --> [00010000FA70736274FF0100A00200000002AB0949A08C5AF7C49B8212F417E2F15AB3F5C33DCF153821A8139F877A5B7BE40000000000FEFFFFFFAB0949A08C5AF7C49B8212F417E2F15AB3F5C33DCF153821A8139F877A5B7BE40100000000FEFFFFFF02603BEA0B000000001976A914768A40BBD740CBE81D988E71DE2A4D5C71396B1D88AC8E240000000000001976A9146F4620B553FA095E721B9EE0EFE9FA039CCA459788AC000000000001076A47304402204759661797C01B036B25928948686218347D89864B719E1F7FCF57D1E511658702205309EABF56AA4D8891FFD111FDF1336F3A29DA866D7F8486D75546CEEDAF93190121035CDC61FC] (255 B)
DEBUG | 2023-05-01 16:19:51 | [Test worker] client.Util:130 | <-- 9000
DEBUG | 2023-05-01 16:19:51 | [Test worker] client.Util:130 | <-- 9000
DEBUG | 2023-05-01 16:19:51 | [Test worker] client.Util:133 | Elapsed time 1 ms
DEBUG | 2023-05-01 16:19:51 | [Test worker] client.Util:120 | --> [000100005C7BA971C0B501A646A2A83B102CB43881217CA682DC86E2D73FA882920001012000E1F5050000000017A9143545E6E33B832C47050F24D3EEB93C9C03948BC787010416001485D13537F2E265405A34DBAFA9E3DDA01FB82308000000] (97 B)
DEBUG | 2023-05-01 16:19:51 | [Test worker] client.Util:120 | --> [000100005C7BA971C0B501A646A2A83B102CB43881217CA682DC86E2D73FA882920001012000E1F5050000000017A9143545E6E33B832C47050F24D3EEB93C9C03948BC787010416001485D13537F2E265405A34DBAFA9E3DDA01FB82308000000] (97 B)
DEBUG | 2023-05-01 16:19:51 | [Test worker] client.Util:130 | <-- 9000
DEBUG | 2023-05-01 16:19:51 | [Test worker] client.Util:130 | <-- 9000
DEBUG | 2023-05-01 16:19:51 | [Test worker] client.Util:120 | --> [0002000000] (5 B)
DEBUG | 2023-05-01 16:19:51 | [Test worker] client.Util:120 | --> [0002000000] (5 B)
DEBUG | 2023-05-01 16:19:51 | [Test worker] client.Util:130 | <-- 9000
DEBUG | 2023-05-01 16:19:51 | [Test worker] client.Util:130 | <-- 9000
DEBUG | 2023-05-01 16:19:51 | [Test worker] client.Util:120 | --> [1000000000] (5 B)
DEBUG | 2023-05-01 16:19:51 | [Test worker] client.Util:120 | --> [1000000000] (5 B)
DEBUG | 2023-05-01 16:19:51 | [Test worker] client.Util:127 | <-- 00000000 9000 (4 B)
DEBUG | 2023-05-01 16:19:51 | [Test worker] client.Util:127 | <-- 00000000 9000 (4 B)
DEBUG | 2023-05-01 16:19:51 | [Test worker] client.Util:133 | Elapsed time 16 ms
DEBUG | 2023-05-01 16:19:51 | [Test worker] client.Util:120 | --> [008000003B4920616D20736F206675636B696E6720686170707920492066696E616C6C7920756E6465727374616E6420686F77207468697320776F726B73210A20] (65 B)
DEBUG | 2023-05-01 16:19:51 | [Test worker] client.Util:120 | --> [008000003B4920616D20736F206675636B696E6720686170707920492066696E616C6C7920756E6465727374616E6420686F77207468697320776F726B73210A20] (65 B)
DEBUG | 2023-05-01 16:19:51 | [Test worker] client.Util:130 | <-- 9000
DEBUG | 2023-05-01 16:19:51 | [Test worker] client.Util:130 | <-- 9000
[-112, 0]
Test hell: passed
DEBUG | 2023-05-01 16:19:51 | [Test worker] client.Util:120 | --> [0090000000] (5 B)
DEBUG | 2023-05-01 16:19:51 | [Test worker] client.Util:120 | --> [0090000000] (5 B)
DEBUG | 2023-05-01 16:19:51 | [Test worker] client.Util:130 | <-- 9000
DEBUG | 2023-05-01 16:19:51 | [Test worker] client.Util:130 | <-- 9000
Test hello: passed
DEBUG | 2023-05-01 16:19:51 | [Test worker] client.Util:120 | --> [0200000000] (5 B)
DEBUG | 2023-05-01 16:19:51 | [Test worker] client.Util:120 | --> [0200000000] (5 B)
DEBUG | 2023-05-01 16:19:51 | [Test worker] client.Util:130 | <-- 9000
DEBUG | 2023-05-01 16:19:51 | [Test worker] client.Util:130 | <-- 9000
DEBUG | 2023-05-01 16:19:51 | [Test worker] client.Util:120 | --> [0201000008603BEA0B00000000] (13 B)
DEBUG | 2023-05-01 16:19:51 | [Test worker] client.Util:120 | --> [0201000008603BEA0B00000000] (13 B)
DEBUG | 2023-05-01 16:19:51 | [Test worker] client.Util:130 | <-- 9000
DEBUG | 2023-05-01 16:19:51 | [Test worker] client.Util:130 | <-- 9000
DEBUG | 2023-05-01 16:19:51 | [Test worker] client.Util:120 | --> [0202000000] (5 B)
DEBUG | 2023-05-01 16:19:51 | [Test worker] client.Util:120 | --> [0202000000] (5 B)
DEBUG | 2023-05-01 16:19:51 | [Test worker] client.Util:130 | <-- 9000
DEBUG | 2023-05-01 16:19:51 | [Test worker] client.Util:130 | <-- 9000
DEBUG | 2023-05-01 16:19:51 | [Test worker] client.Util:133 | Elapsed time 1 ms
DEBUG | 2023-05-01 16:19:51 | [Test worker] client.Util:120 | --> [0200010000] (5 B)
DEBUG | 2023-05-01 16:19:51 | [Test worker] client.Util:120 | --> [0200010000] (5 B)
DEBUG | 2023-05-01 16:19:51 | [Test worker] client.Util:130 | <-- 9000
DEBUG | 2023-05-01 16:19:51 | [Test worker] client.Util:130 | <-- 9000
DEBUG | 2023-05-01 16:19:51 | [Test worker] client.Util:120 | --> [020101001976A914768A40BBD740CBE81D988E71DE2A4D5C71396B1D88AC] (30 B)
DEBUG | 2023-05-01 16:19:51 | [Test worker] client.Util:120 | --> [020101001976A914768A40BBD740CBE81D988E71DE2A4D5C71396B1D88AC] (30 B)
DEBUG | 2023-05-01 16:19:51 | [Test worker] client.Util:130 | <-- 9000
DEBUG | 2023-05-01 16:19:51 | [Test worker] client.Util:130 | <-- 9000
DEBUG | 2023-05-01 16:19:51 | [Test worker] client.Util:120 | --> [0202010000] (5 B)
DEBUG | 2023-05-01 16:19:51 | [Test worker] client.Util:120 | --> [0202010000] (5 B)
DEBUG | 2023-05-01 16:19:51 | [Test worker] client.Util:130 | <-- 9000
DEBUG | 2023-05-01 16:19:51 | [Test worker] client.Util:130 | <-- 9000
DEBUG | 2023-05-01 16:19:51 | [Test worker] client.Util:120 | --> [0200020000] (5 B)
DEBUG | 2023-05-01 16:19:51 | [Test worker] client.Util:120 | --> [0200020000] (5 B)
DEBUG | 2023-05-01 16:19:51 | [Test worker] client.Util:130 | <-- 9000
DEBUG | 2023-05-01 16:19:51 | [Test worker] client.Util:130 | <-- 9000
DEBUG | 2023-05-01 16:19:51 | [Test worker] client.Util:120 | --> [02010200088E24000000000000] (13 B)
DEBUG | 2023-05-01 16:19:51 | [Test worker] client.Util:120 | --> [02010200088E24000000000000] (13 B)
DEBUG | 2023-05-01 16:19:51 | [Test worker] client.Util:130 | <-- 9000
DEBUG | 2023-05-01 16:19:51 | [Test worker] client.Util:130 | <-- 9000
DEBUG | 2023-05-01 16:19:51 | [Test worker] client.Util:133 | Elapsed time 1 ms
DEBUG | 2023-05-01 16:19:51 | [Test worker] client.Util:120 | --> [0202020000] (5 B)
DEBUG | 2023-05-01 16:19:51 | [Test worker] client.Util:120 | --> [0202020000] (5 B)
DEBUG | 2023-05-01 16:19:51 | [Test worker] client.Util:130 | <-- 9000
DEBUG | 2023-05-01 16:19:51 | [Test worker] client.Util:130 | <-- 9000
DEBUG | 2023-05-01 16:19:51 | [Test worker] client.Util:120 | --> [0200030000] (5 B)
DEBUG | 2023-05-01 16:19:51 | [Test worker] client.Util:120 | --> [0200030000] (5 B)
DEBUG | 2023-05-01 16:19:51 | [Test worker] client.Util:130 | <-- 9000
DEBUG | 2023-05-01 16:19:51 | [Test worker] client.Util:130 | <-- 9000
DEBUG | 2023-05-01 16:19:51 | [Test worker] client.Util:120 | --> [020103001976A9146F4620B553FA095E721B9EE0EFE9FA039CCA459788AC] (30 B)
DEBUG | 2023-05-01 16:19:51 | [Test worker] client.Util:120 | --> [020103001976A9146F4620B553FA095E721B9EE0EFE9FA039CCA459788AC] (30 B)
DEBUG | 2023-05-01 16:19:51 | [Test worker] client.Util:130 | <-- 9000
DEBUG | 2023-05-01 16:19:51 | [Test worker] client.Util:130 | <-- 9000
DEBUG | 2023-05-01 16:19:51 | [Test worker] client.Util:120 | --> [0202030000] (5 B)
DEBUG | 2023-05-01 16:19:51 | [Test worker] client.Util:120 | --> [0202030000] (5 B)
DEBUG | 2023-05-01 16:19:51 | [Test worker] client.Util:130 | <-- 9000
DEBUG | 2023-05-01 16:19:51 | [Test worker] client.Util:130 | <-- 9000
DEBUG | 2023-05-01 16:19:51 | [Test worker] client.Util:120 | --> [0100000000] (5 B)
DEBUG | 2023-05-01 16:19:51 | [Test worker] client.Util:120 | --> [0100000000] (5 B)
DEBUG | 2023-05-01 16:19:51 | [Test worker] client.Util:130 | <-- 9000
DEBUG | 2023-05-01 16:19:51 | [Test worker] client.Util:130 | <-- 9000
DEBUG | 2023-05-01 16:19:51 | [Test worker] client.Util:133 | Elapsed time 1 ms
DEBUG | 2023-05-01 16:19:51 | [Test worker] client.Util:120 | --> [010100000F0200010D0300010D0202030D030203] (20 B)
DEBUG | 2023-05-01 16:19:51 | [Test worker] client.Util:120 | --> [010100000F0200010D0300010D0202030D030203] (20 B)
DEBUG | 2023-05-01 16:19:51 | [Test worker] client.Util:130 | <-- 9000
DEBUG | 2023-05-01 16:19:51 | [Test worker] client.Util:130 | <-- 9000
DEBUG | 2023-05-01 16:19:51 | [Test worker] client.Util:120 | --> [0102000000] (5 B)
DEBUG | 2023-05-01 16:19:51 | [Test worker] client.Util:120 | --> [0102000000] (5 B)
DEBUG | 2023-05-01 16:19:51 | [Test worker] client.Util:130 | <-- 9000
DEBUG | 2023-05-01 16:19:51 | [Test worker] client.Util:130 | <-- 9000
DEBUG | 2023-05-01 16:19:51 | [Test worker] client.Util:120 | --> [0000000000] (5 B)
DEBUG | 2023-05-01 16:19:51 | [Test worker] client.Util:120 | --> [0000000000] (5 B)
DEBUG | 2023-05-01 16:19:51 | [Test worker] client.Util:130 | <-- 9000
DEBUG | 2023-05-01 16:19:51 | [Test worker] client.Util:130 | <-- 9000
DEBUG | 2023-05-01 16:19:51 | [Test worker] client.Util:120 | --> [000100009170736274FF01020402000000010401010105010201FB040200000000010E200B0AD921419C1C8719735D72DC739F9EA9E0638D1FE4C1EEF0F9944084815FC8010F0400000000000103080008AF2F000000000104160014C430F64C4756DA310DBD1A085572EF299926272C000103088BBDEB0B0000000001041600144DD193AC964A56AC1B9E1CCA8454FE2F474F851300] (150 B)
DEBUG | 2023-05-01 16:19:51 | [Test worker] client.Util:120 | --> [000100009170736274FF01020402000000010401010105010201FB040200000000010E200B0AD921419C1C8719735D72DC739F9EA9E0638D1FE4C1EEF0F9944084815FC8010F0400000000000103080008AF2F000000000104160014C430F64C4756DA310DBD1A085572EF299926272C000103088BBDEB0B0000000001041600144DD193AC964A56AC1B9E1CCA8454FE2F474F851300] (150 B)
DEBUG | 2023-05-01 16:19:51 | [Test worker] client.Util:130 | <-- 9000
DEBUG | 2023-05-01 16:19:51 | [Test worker] client.Util:130 | <-- 9000
DEBUG | 2023-05-01 16:19:51 | [Test worker] client.Util:133 | Elapsed time 1 ms
DEBUG | 2023-05-01 16:19:51 | [Test worker] client.Util:120 | --> [0002000000] (5 B)
DEBUG | 2023-05-01 16:19:51 | [Test worker] client.Util:120 | --> [0002000000] (5 B)
DEBUG | 2023-05-01 16:19:51 | [Test worker] client.Util:130 | <-- 9000
DEBUG | 2023-05-01 16:19:51 | [Test worker] client.Util:130 | <-- 9000
DEBUG | 2023-05-01 16:19:51 | [Test worker] client.Util:133 | Elapsed time 1 ms
DEBUG | 2023-05-01 16:19:51 | [Test worker] client.Util:120 | --> [1000000000] (5 B)
DEBUG | 2023-05-01 16:19:51 | [Test worker] client.Util:120 | --> [1000000000] (5 B)
DEBUG | 2023-05-01 16:19:51 | [Test worker] client.Util:127 | <-- 00000000 9000 (4 B)
DEBUG | 2023-05-01 16:19:51 | [Test worker] client.Util:127 | <-- 00000000 9000 (4 B)
DEBUG | 2023-05-01 16:19:51 | [Test worker] client.Util:120 | --> [0000000000] (5 B)
DEBUG | 2023-05-01 16:19:51 | [Test worker] client.Util:120 | --> [0000000000] (5 B)
DEBUG | 2023-05-01 16:19:51 | [Test worker] client.Util:130 | <-- 9000
DEBUG | 2023-05-01 16:19:51 | [Test worker] client.Util:130 | <-- 9000
DEBUG | 2023-05-01 16:19:51 | [Test worker] client.Util:120 | --> [00010000FA70736274FF01020402000000010401010105010201FB0402000000000100520200000001C1AA256E214B96A1822F93DE42BFF3B5F3FF8D0519306E3515D7515A5E805B120000000000FFFFFFFF0118C69A3B00000000160014B0A3AF144208412693CA7D166852B52DB0AEF06E0000000001011F18C69A3B00000000160014B0A3AF144208412693CA7D166852B52DB0AEF06E010E200B0AD921419C1C8719735D72DC739F9EA9E0638D1FE4C1EEF0F9944084815FC8010F040000000000220202D601F84846A6755F776BE00E3D9DE8FB10ACC935FB83C45FB0162D4CAD5AB79218F69D873E540000800100008000000080000000002A000000] (255 B)
DEBUG | 2023-05-01 16:19:51 | [Test worker] client.Util:120 | --> [00010000FA70736274FF01020402000000010401010105010201FB0402000000000100520200000001C1AA256E214B96A1822F93DE42BFF3B5F3FF8D0519306E3515D7515A5E805B120000000000FFFFFFFF0118C69A3B00000000160014B0A3AF144208412693CA7D166852B52DB0AEF06E0000000001011F18C69A3B00000000160014B0A3AF144208412693CA7D166852B52DB0AEF06E010E200B0AD921419C1C8719735D72DC739F9EA9E0638D1FE4C1EEF0F9944084815FC8010F040000000000220202D601F84846A6755F776BE00E3D9DE8FB10ACC935FB83C45FB0162D4CAD5AB79218F69D873E540000800100008000000080000000002A000000] (255 B)
DEBUG | 2023-05-01 16:19:51 | [Test worker] client.Util:130 | <-- 9000
DEBUG | 2023-05-01 16:19:51 | [Test worker] client.Util:130 | <-- 9000
DEBUG | 2023-05-01 16:19:51 | [Test worker] client.Util:133 | Elapsed time 1 ms
DEBUG | 2023-05-01 16:19:51 | [Test worker] client.Util:120 | --> [00010000860103080008AF2F000000000104160014C430F64C4756DA310DBD1A085572EF299926272C00220202E36FBFF53DD534070CF8FD396614680F357A9B85DB7340BF1CFA745D2AD7B34018F69D873E54000080010000800000008001000000640000000103088BBDEB0B0000000001041600144DD193AC964A56AC1B9E1CCA8454FE2F474F851300] (139 B)
DEBUG | 2023-05-01 16:19:51 | [Test worker] client.Util:120 | --> [00010000860103080008AF2F000000000104160014C430F64C4756DA310DBD1A085572EF299926272C00220202E36FBFF53DD534070CF8FD396614680F357A9B85DB7340BF1CFA745D2AD7B34018F69D873E54000080010000800000008001000000640000000103088BBDEB0B0000000001041600144DD193AC964A56AC1B9E1CCA8454FE2F474F851300] (139 B)
DEBUG | 2023-05-01 16:19:51 | [Test worker] client.Util:130 | <-- 9000
DEBUG | 2023-05-01 16:19:51 | [Test worker] client.Util:130 | <-- 9000
DEBUG | 2023-05-01 16:19:51 | [Test worker] client.Util:120 | --> [0002000000] (5 B)
DEBUG | 2023-05-01 16:19:51 | [Test worker] client.Util:120 | --> [0002000000] (5 B)
DEBUG | 2023-05-01 16:19:51 | [Test worker] client.Util:130 | <-- 9000
DEBUG | 2023-05-01 16:19:51 | [Test worker] client.Util:130 | <-- 9000
DEBUG | 2023-05-01 16:19:51 | [Test worker] client.Util:120 | --> [1000000000] (5 B)
DEBUG | 2023-05-01 16:19:51 | [Test worker] client.Util:120 | --> [1000000000] (5 B)
DEBUG | 2023-05-01 16:19:51 | [Test worker] client.Util:127 | <-- 00000000 9000 (4 B)
DEBUG | 2023-05-01 16:19:51 | [Test worker] client.Util:127 | <-- 00000000 9000 (4 B)
DEBUG | 2023-05-01 16:19:51 | [Test worker] client.Util:120 | --> [0200000000] (5 B)
DEBUG | 2023-05-01 16:19:51 | [Test worker] client.Util:120 | --> [0200000000] (5 B)
DEBUG | 2023-05-01 16:19:51 | [Test worker] client.Util:130 | <-- 9000
DEBUG | 2023-05-01 16:19:51 | [Test worker] client.Util:130 | <-- 9000
DEBUG | 2023-05-01 16:19:51 | [Test worker] client.Util:120 | --> [0201000008603BEA0B00000000] (13 B)
DEBUG | 2023-05-01 16:19:51 | [Test worker] client.Util:120 | --> [0201000008603BEA0B00000000] (13 B)
DEBUG | 2023-05-01 16:19:51 | [Test worker] client.Util:130 | <-- 9000
DEBUG | 2023-05-01 16:19:51 | [Test worker] client.Util:130 | <-- 9000
DEBUG | 2023-05-01 16:19:51 | [Test worker] client.Util:120 | --> [0202000000] (5 B)
DEBUG | 2023-05-01 16:19:51 | [Test worker] client.Util:120 | --> [0202000000] (5 B)
DEBUG | 2023-05-01 16:19:51 | [Test worker] client.Util:130 | <-- 9000
DEBUG | 2023-05-01 16:19:51 | [Test worker] client.Util:130 | <-- 9000
DEBUG | 2023-05-01 16:19:51 | [Test worker] client.Util:120 | --> [0200010000] (5 B)
DEBUG | 2023-05-01 16:19:51 | [Test worker] client.Util:120 | --> [0200010000] (5 B)
DEBUG | 2023-05-01 16:19:51 | [Test worker] client.Util:130 | <-- 9000
DEBUG | 2023-05-01 16:19:51 | [Test worker] client.Util:130 | <-- 9000
DEBUG | 2023-05-01 16:19:51 | [Test worker] client.Util:133 | Elapsed time 1 ms
DEBUG | 2023-05-01 16:19:51 | [Test worker] client.Util:120 | --> [020101001976A914768A40BBD740CBE81D988E71DE2A4D5C71396B1D88AC] (30 B)
DEBUG | 2023-05-01 16:19:51 | [Test worker] client.Util:120 | --> [020101001976A914768A40BBD740CBE81D988E71DE2A4D5C71396B1D88AC] (30 B)
DEBUG | 2023-05-01 16:19:51 | [Test worker] client.Util:130 | <-- 9000
DEBUG | 2023-05-01 16:19:51 | [Test worker] client.Util:130 | <-- 9000
DEBUG | 2023-05-01 16:19:51 | [Test worker] client.Util:133 | Elapsed time 1 ms
DEBUG | 2023-05-01 16:19:51 | [Test worker] client.Util:120 | --> [0202010000] (5 B)
DEBUG | 2023-05-01 16:19:51 | [Test worker] client.Util:120 | --> [0202010000] (5 B)
DEBUG | 2023-05-01 16:19:51 | [Test worker] client.Util:130 | <-- 9000
DEBUG | 2023-05-01 16:19:51 | [Test worker] client.Util:130 | <-- 9000
DEBUG | 2023-05-01 16:19:51 | [Test worker] client.Util:120 | --> [0200020000] (5 B)
DEBUG | 2023-05-01 16:19:51 | [Test worker] client.Util:120 | --> [0200020000] (5 B)
DEBUG | 2023-05-01 16:19:51 | [Test worker] client.Util:130 | <-- 9000
DEBUG | 2023-05-01 16:19:51 | [Test worker] client.Util:130 | <-- 9000
DEBUG | 2023-05-01 16:19:51 | [Test worker] client.Util:120 | --> [02010200088E24000000000000] (13 B)
DEBUG | 2023-05-01 16:19:51 | [Test worker] client.Util:120 | --> [02010200088E24000000000000] (13 B)
DEBUG | 2023-05-01 16:19:51 | [Test worker] client.Util:130 | <-- 9000
DEBUG | 2023-05-01 16:19:51 | [Test worker] client.Util:130 | <-- 9000
DEBUG | 2023-05-01 16:19:51 | [Test worker] client.Util:133 | Elapsed time 1 ms
DEBUG | 2023-05-01 16:19:51 | [Test worker] client.Util:120 | --> [0202020000] (5 B)
DEBUG | 2023-05-01 16:19:51 | [Test worker] client.Util:120 | --> [0202020000] (5 B)
DEBUG | 2023-05-01 16:19:51 | [Test worker] client.Util:130 | <-- 9000
DEBUG | 2023-05-01 16:19:51 | [Test worker] client.Util:130 | <-- 9000
DEBUG | 2023-05-01 16:19:51 | [Test worker] client.Util:133 | Elapsed time 1 ms
DEBUG | 2023-05-01 16:19:51 | [Test worker] client.Util:120 | --> [0200030000] (5 B)
DEBUG | 2023-05-01 16:19:51 | [Test worker] client.Util:120 | --> [0200030000] (5 B)
DEBUG | 2023-05-01 16:19:51 | [Test worker] client.Util:130 | <-- 9000
DEBUG | 2023-05-01 16:19:51 | [Test worker] client.Util:130 | <-- 9000
DEBUG | 2023-05-01 16:19:51 | [Test worker] client.Util:120 | --> [020103001976A9146F4620B553FA095E721B9EE0EFE9FA039CCA459788AC] (30 B)
DEBUG | 2023-05-01 16:19:51 | [Test worker] client.Util:120 | --> [020103001976A9146F4620B553FA095E721B9EE0EFE9FA039CCA459788AC] (30 B)
DEBUG | 2023-05-01 16:19:51 | [Test worker] client.Util:130 | <-- 9000
DEBUG | 2023-05-01 16:19:51 | [Test worker] client.Util:130 | <-- 9000
DEBUG | 2023-05-01 16:19:51 | [Test worker] client.Util:120 | --> [0202030000] (5 B)
DEBUG | 2023-05-01 16:19:51 | [Test worker] client.Util:120 | --> [0202030000] (5 B)
DEBUG | 2023-05-01 16:19:51 | [Test worker] client.Util:130 | <-- 9000
DEBUG | 2023-05-01 16:19:51 | [Test worker] client.Util:130 | <-- 9000
DEBUG | 2023-05-01 16:19:51 | [Test worker] client.Util:133 | Elapsed time 1 ms
DEBUG | 2023-05-01 16:19:51 | [Test worker] client.Util:120 | --> [0100000000] (5 B)
DEBUG | 2023-05-01 16:19:51 | [Test worker] client.Util:120 | --> [0100000000] (5 B)
DEBUG | 2023-05-01 16:19:51 | [Test worker] client.Util:130 | <-- 9000
DEBUG | 2023-05-01 16:19:51 | [Test worker] client.Util:130 | <-- 9000
DEBUG | 2023-05-01 16:19:51 | [Test worker] client.Util:120 | --> [010100000F0200010D0300010D0202030D030203] (20 B)
DEBUG | 2023-05-01 16:19:51 | [Test worker] client.Util:120 | --> [010100000F0200010D0300010D0202030D030203] (20 B)
DEBUG | 2023-05-01 16:19:51 | [Test worker] client.Util:130 | <-- 9000
DEBUG | 2023-05-01 16:19:51 | [Test worker] client.Util:130 | <-- 9000
DEBUG | 2023-05-01 16:19:51 | [Test worker] client.Util:120 | --> [0102000000] (5 B)
DEBUG | 2023-05-01 16:19:51 | [Test worker] client.Util:120 | --> [0102000000] (5 B)
DEBUG | 2023-05-01 16:19:51 | [Test worker] client.Util:130 | <-- 9000
DEBUG | 2023-05-01 16:19:51 | [Test worker] client.Util:130 | <-- 9000
DEBUG | 2023-05-01 16:19:51 | [Test worker] client.Util:133 | Elapsed time 1 ms
DEBUG | 2023-05-01 16:19:51 | [Test worker] client.Util:120 | --> [0000000000] (5 B)
DEBUG | 2023-05-01 16:19:51 | [Test worker] client.Util:120 | --> [0000000000] (5 B)
DEBUG | 2023-05-01 16:19:51 | [Test worker] client.Util:130 | <-- 9000
DEBUG | 2023-05-01 16:19:51 | [Test worker] client.Util:130 | <-- 9000
DEBUG | 2023-05-01 16:19:51 | [Test worker] client.Util:120 | --> [00010000FA70736274FF0100750200000001268171371EDFF285E937ADEEA4B37B78000C0566CBB3AD64641713CA42171BF60000000000FEFFFFFF02D3DFF505000000001976A914D0C59903C5BAC2868760E90FD521A4665AA7652088AC00E1F5050000000017A9143545E6E33B832C47050F24D3EEB93C9C03948BC787B32E1300000100FDA5010100000000010289A3C71EAB4D20E0371BBBA4CC698FA295C9463AFA2E397F8533CCB62F9567E50100000017160014BE18D152A9B012039DAF3DA7DE4F53349EECB985FFFFFFFF86F8AA43A71DFF1448893A530A7237EF6B4608BBB2DD2D0171E63AEC6A4890B40100000017160014FE3E9EF1A745E974] (255 B)
DEBUG | 2023-05-01 16:19:51 | [Test worker] client.Util:120 | --> [00010000FA70736274FF0100750200000001268171371EDFF285E937ADEEA4B37B78000C0566CBB3AD64641713CA42171BF60000000000FEFFFFFF02D3DFF505000000001976A914D0C59903C5BAC2868760E90FD521A4665AA7652088AC00E1F5050000000017A9143545E6E33B832C47050F24D3EEB93C9C03948BC787B32E1300000100FDA5010100000000010289A3C71EAB4D20E0371BBBA4CC698FA295C9463AFA2E397F8533CCB62F9567E50100000017160014BE18D152A9B012039DAF3DA7DE4F53349EECB985FFFFFFFF86F8AA43A71DFF1448893A530A7237EF6B4608BBB2DD2D0171E63AEC6A4890B40100000017160014FE3E9EF1A745E974] (255 B)
DEBUG | 2023-05-01 16:19:51 | [Test worker] client.Util:130 | <-- 9000
DEBUG | 2023-05-01 16:19:51 | [Test worker] client.Util:130 | <-- 9000
DEBUG | 2023-05-01 16:19:51 | [Test worker] client.Util:133 | Elapsed time 2 ms
DEBUG | 2023-05-01 16:19:51 | [Test worker] client.Util:120 | --> [00010000FAD902C4355943ABCB34BD5353FFFFFFFF0200C2EB0B000000001976A91485CFF1097FD9E008BB34AF709C62197B38978A4888AC72FEF84E2C00000017A914339725BA21EFD62AC753A9BCD067D6C7A6A39D05870247304402202712BE22E0270F394F568311DC7CA9A68970B8025FDD3B240229F07F8A5F3A240220018B38D7DCD314E734C9276BD6FB40F673325BC4BAA144C800D2F2F02DB2765C012103D2E15674941BAD4A996372CB87E1856D3652606D98562FE39C5E9E7E413F210502483045022100D12B852D85DCD961D2F5F4AB660654DF6EEDCC794C0C33CE5CC309FFB5FCE58D022067338A8E0E1725C197FB1A88AF59F51E44E425] (255 B)
DEBUG | 2023-05-01 16:19:51 | [Test worker] client.Util:120 | --> [00010000FAD902C4355943ABCB34BD5353FFFFFFFF0200C2EB0B000000001976A91485CFF1097FD9E008BB34AF709C62197B38978A4888AC72FEF84E2C00000017A914339725BA21EFD62AC753A9BCD067D6C7A6A39D05870247304402202712BE22E0270F394F568311DC7CA9A68970B8025FDD3B240229F07F8A5F3A240220018B38D7DCD314E734C9276BD6FB40F673325BC4BAA144C800D2F2F02DB2765C012103D2E15674941BAD4A996372CB87E1856D3652606D98562FE39C5E9E7E413F210502483045022100D12B852D85DCD961D2F5F4AB660654DF6EEDCC794C0C33CE5CC309FFB5FCE58D022067338A8E0E1725C197FB1A88AF59F51E44E425] (255 B)
DEBUG | 2023-05-01 16:19:51 | [Test worker] client.Util:130 | <-- 9000
DEBUG | 2023-05-01 16:19:51 | [Test worker] client.Util:130 | <-- 9000
DEBUG | 2023-05-01 16:19:51 | [Test worker] client.Util:133 | Elapsed time 1 ms
DEBUG | 2023-05-01 16:19:51 | [Test worker] client.Util:120 | --> [00010000375B20167C8684031C05D1F2592A01210223B72BEEF0965D10BE0778EFECD61FCAC6F79A4EA169393380734464F84F2AB300000000000000] (60 B)
DEBUG | 2023-05-01 16:19:51 | [Test worker] client.Util:120 | --> [00010000375B20167C8684031C05D1F2592A01210223B72BEEF0965D10BE0778EFECD61FCAC6F79A4EA169393380734464F84F2AB300000000000000] (60 B)
DEBUG | 2023-05-01 16:19:51 | [Test worker] client.Util:130 | <-- 9000
DEBUG | 2023-05-01 16:19:51 | [Test worker] client.Util:130 | <-- 9000
DEBUG | 2023-05-01 16:19:51 | [Test worker] client.Util:133 | Elapsed time 1 ms
DEBUG | 2023-05-01 16:19:51 | [Test worker] client.Util:120 | --> [0002000000] (5 B)
DEBUG | 2023-05-01 16:19:51 | [Test worker] client.Util:120 | --> [0002000000] (5 B)
DEBUG | 2023-05-01 16:19:51 | [Test worker] client.Util:130 | <-- 9000
DEBUG | 2023-05-01 16:19:51 | [Test worker] client.Util:130 | <-- 9000
DEBUG | 2023-05-01 16:19:51 | [Test worker] client.Util:120 | --> [1000000000] (5 B)
DEBUG | 2023-05-01 16:19:51 | [Test worker] client.Util:120 | --> [1000000000] (5 B)
DEBUG | 2023-05-01 16:19:51 | [Test worker] client.Util:127 | <-- 00000000 9000 (4 B)
DEBUG | 2023-05-01 16:19:51 | [Test worker] client.Util:127 | <-- 00000000 9000 (4 B)
DEBUG | 2023-05-01 16:19:51 | [Test worker] client.Util:120 | --> [0000000000] (5 B)
DEBUG | 2023-05-01 16:19:51 | [Test worker] client.Util:120 | --> [0000000000] (5 B)
DEBUG | 2023-05-01 16:19:51 | [Test worker] client.Util:130 | <-- 9000
DEBUG | 2023-05-01 16:19:51 | [Test worker] client.Util:130 | <-- 9000
DEBUG | 2023-05-01 16:19:51 | [Test worker] client.Util:133 | Elapsed time 1 ms
DEBUG | 2023-05-01 16:19:51 | [Test worker] client.Util:120 | --> [00010000FA70736274FF0100A00200000002AB0949A08C5AF7C49B8212F417E2F15AB3F5C33DCF153821A8139F877A5B7BE40000000000FEFFFFFFAB0949A08C5AF7C49B8212F417E2F15AB3F5C33DCF153821A8139F877A5B7BE40100000000FEFFFFFF02603BEA0B000000001976A914768A40BBD740CBE81D988E71DE2A4D5C71396B1D88AC8E240000000000001976A9146F4620B553FA095E721B9EE0EFE9FA039CCA459788AC000000000001076A47304402204759661797C01B036B25928948686218347D89864B719E1F7FCF57D1E511658702205309EABF56AA4D8891FFD111FDF1336F3A29DA866D7F8486D75546CEEDAF93190121035CDC61FC] (255 B)
DEBUG | 2023-05-01 16:19:51 | [Test worker] client.Util:120 | --> [00010000FA70736274FF0100A00200000002AB0949A08C5AF7C49B8212F417E2F15AB3F5C33DCF153821A8139F877A5B7BE40000000000FEFFFFFFAB0949A08C5AF7C49B8212F417E2F15AB3F5C33DCF153821A8139F877A5B7BE40100000000FEFFFFFF02603BEA0B000000001976A914768A40BBD740CBE81D988E71DE2A4D5C71396B1D88AC8E240000000000001976A9146F4620B553FA095E721B9EE0EFE9FA039CCA459788AC000000000001076A47304402204759661797C01B036B25928948686218347D89864B719E1F7FCF57D1E511658702205309EABF56AA4D8891FFD111FDF1336F3A29DA866D7F8486D75546CEEDAF93190121035CDC61FC] (255 B)
DEBUG | 2023-05-01 16:19:51 | [Test worker] client.Util:130 | <-- 9000
DEBUG | 2023-05-01 16:19:51 | [Test worker] client.Util:130 | <-- 9000
DEBUG | 2023-05-01 16:19:51 | [Test worker] client.Util:133 | Elapsed time 2 ms
DEBUG | 2023-05-01 16:19:51 | [Test worker] client.Util:120 | --> [000100005C7BA971C0B501A646A2A83B102CB43881217CA682DC86E2D73FA882920001012000E1F5050000000017A9143545E6E33B832C47050F24D3EEB93C9C03948BC787010416001485D13537F2E265405A34DBAFA9E3DDA01FB82308000000] (97 B)
DEBUG | 2023-05-01 16:19:51 | [Test worker] client.Util:120 | --> [000100005C7BA971C0B501A646A2A83B102CB43881217CA682DC86E2D73FA882920001012000E1F5050000000017A9143545E6E33B832C47050F24D3EEB93C9C03948BC787010416001485D13537F2E265405A34DBAFA9E3DDA01FB82308000000] (97 B)
DEBUG | 2023-05-01 16:19:51 | [Test worker] client.Util:130 | <-- 9000
DEBUG | 2023-05-01 16:19:51 | [Test worker] client.Util:130 | <-- 9000
DEBUG | 2023-05-01 16:19:51 | [Test worker] client.Util:133 | Elapsed time 1 ms
DEBUG | 2023-05-01 16:19:51 | [Test worker] client.Util:120 | --> [0002000000] (5 B)
DEBUG | 2023-05-01 16:19:51 | [Test worker] client.Util:120 | --> [0002000000] (5 B)
DEBUG | 2023-05-01 16:19:51 | [Test worker] client.Util:130 | <-- 9000
DEBUG | 2023-05-01 16:19:51 | [Test worker] client.Util:130 | <-- 9000
DEBUG | 2023-05-01 16:19:51 | [Test worker] client.Util:133 | Elapsed time 1 ms
DEBUG | 2023-05-01 16:19:51 | [Test worker] client.Util:120 | --> [1000000000] (5 B)
DEBUG | 2023-05-01 16:19:51 | [Test worker] client.Util:120 | --> [1000000000] (5 B)
DEBUG | 2023-05-01 16:19:51 | [Test worker] client.Util:127 | <-- 00010000 9000 (4 B)
DEBUG | 2023-05-01 16:19:51 | [Test worker] client.Util:127 | <-- 00010000 9000 (4 B)
DEBUG | 2023-05-01 16:19:51 | [Test worker] client.Util:120 | --> [0000000000] (5 B)
DEBUG | 2023-05-01 16:19:51 | [Test worker] client.Util:120 | --> [0000000000] (5 B)
DEBUG | 2023-05-01 16:19:51 | [Test worker] client.Util:130 | <-- 9000
DEBUG | 2023-05-01 16:19:51 | [Test worker] client.Util:130 | <-- 9000
DEBUG | 2023-05-01 16:19:51 | [Test worker] client.Util:133 | Elapsed time 1 ms
DEBUG | 2023-05-01 16:19:51 | [Test worker] client.Util:120 | --> [00010000FA70736274FF0100750200000001268171371EDFF285E937ADEEA4B37B78000C0566CBB3AD64641713CA42171BF60000000000FEFFFFFF02D3DFF505000000001976A914D0C59903C5BAC2868760E90FD521A4665AA7652088AC00E1F5050000000017A9143545E6E33B832C47050F24D3EEB93C9C03948BC787B32E1300000100FDA5010100000000010289A3C71EAB4D20E0371BBBA4CC698FA295C9463AFA2E397F8533CCB62F9567E50100000017160014BE18D152A9B012039DAF3DA7DE4F53349EECB985FFFFFFFF86F8AA43A71DFF1448893A530A7237EF6B4608BBB2DD2D0171E63AEC6A4890B40100000017160014FE3E9EF1A745E974] (255 B)
DEBUG | 2023-05-01 16:19:51 | [Test worker] client.Util:120 | --> [00010000FA70736274FF0100750200000001268171371EDFF285E937ADEEA4B37B78000C0566CBB3AD64641713CA42171BF60000000000FEFFFFFF02D3DFF505000000001976A914D0C59903C5BAC2868760E90FD521A4665AA7652088AC00E1F5050000000017A9143545E6E33B832C47050F24D3EEB93C9C03948BC787B32E1300000100FDA5010100000000010289A3C71EAB4D20E0371BBBA4CC698FA295C9463AFA2E397F8533CCB62F9567E50100000017160014BE18D152A9B012039DAF3DA7DE4F53349EECB985FFFFFFFF86F8AA43A71DFF1448893A530A7237EF6B4608BBB2DD2D0171E63AEC6A4890B40100000017160014FE3E9EF1A745E974] (255 B)
DEBUG | 2023-05-01 16:19:51 | [Test worker] client.Util:130 | <-- 9000
DEBUG | 2023-05-01 16:19:51 | [Test worker] client.Util:130 | <-- 9000
DEBUG | 2023-05-01 16:19:51 | [Test worker] client.Util:133 | Elapsed time 1 ms
DEBUG | 2023-05-01 16:19:51 | [Test worker] client.Util:120 | --> [00010000FAD902C4355943ABCB34BD5353FFFFFFFF0200C2EB0B000000001976A91485CFF1097FD9E008BB34AF709C62197B38978A4888AC72FEF84E2C00000017A914339725BA21EFD62AC753A9BCD067D6C7A6A39D05870247304402202712BE22E0270F394F568311DC7CA9A68970B8025FDD3B240229F07F8A5F3A240220018B38D7DCD314E734C9276BD6FB40F673325BC4BAA144C800D2F2F02DB2765C012103D2E15674941BAD4A996372CB87E1856D3652606D98562FE39C5E9E7E413F210502483045022100D12B852D85DCD961D2F5F4AB660654DF6EEDCC794C0C33CE5CC309FFB5FCE58D022067338A8E0E1725C197FB1A88AF59F51E44E425] (255 B)
DEBUG | 2023-05-01 16:19:51 | [Test worker] client.Util:120 | --> [00010000FAD902C4355943ABCB34BD5353FFFFFFFF0200C2EB0B000000001976A91485CFF1097FD9E008BB34AF709C62197B38978A4888AC72FEF84E2C00000017A914339725BA21EFD62AC753A9BCD067D6C7A6A39D05870247304402202712BE22E0270F394F568311DC7CA9A68970B8025FDD3B240229F07F8A5F3A240220018B38D7DCD314E734C9276BD6FB40F673325BC4BAA144C800D2F2F02DB2765C012103D2E15674941BAD4A996372CB87E1856D3652606D98562FE39C5E9E7E413F210502483045022100D12B852D85DCD961D2F5F4AB660654DF6EEDCC794C0C33CE5CC309FFB5FCE58D022067338A8E0E1725C197FB1A88AF59F51E44E425] (255 B)
DEBUG | 2023-05-01 16:19:51 | [Test worker] client.Util:130 | <-- 9000
DEBUG | 2023-05-01 16:19:51 | [Test worker] client.Util:130 | <-- 9000
DEBUG | 2023-05-01 16:19:51 | [Test worker] client.Util:133 | Elapsed time 1 ms
DEBUG | 2023-05-01 16:19:51 | [Test worker] client.Util:120 | --> [00010000375B20167C8684031C05D1F2592A01210223B72BEEF0965D10BE0778EFECD61FCAC6F79A4EA169393380734464F84F2AB300000000000000] (60 B)
DEBUG | 2023-05-01 16:19:51 | [Test worker] client.Util:120 | --> [00010000375B20167C8684031C05D1F2592A01210223B72BEEF0965D10BE0778EFECD61FCAC6F79A4EA169393380734464F84F2AB300000000000000] (60 B)
DEBUG | 2023-05-01 16:19:51 | [Test worker] client.Util:130 | <-- 9000
DEBUG | 2023-05-01 16:19:51 | [Test worker] client.Util:130 | <-- 9000
DEBUG | 2023-05-01 16:19:51 | [Test worker] client.Util:120 | --> [0002000000] (5 B)
DEBUG | 2023-05-01 16:19:51 | [Test worker] client.Util:120 | --> [0002000000] (5 B)
DEBUG | 2023-05-01 16:19:51 | [Test worker] client.Util:130 | <-- 9000
DEBUG | 2023-05-01 16:19:51 | [Test worker] client.Util:130 | <-- 9000
DEBUG | 2023-05-01 16:19:51 | [Test worker] client.Util:133 | Elapsed time 1 ms
DEBUG | 2023-05-01 16:19:51 | [Test worker] client.Util:120 | --> [0505000000] (5 B)
DEBUG | 2023-05-01 16:19:51 | [Test worker] client.Util:120 | --> [0505000000] (5 B)
DEBUG | 2023-05-01 16:19:51 | [Test worker] client.Util:127 | <-- 00010000 9000 (4 B)
DEBUG | 2023-05-01 16:19:51 | [Test worker] client.Util:127 | <-- 00010000 9000 (4 B)
DEBUG | 2023-05-01 16:19:51 | [Test worker] client.Util:120 | --> [0504000000] (5 B)
DEBUG | 2023-05-01 16:19:51 | [Test worker] client.Util:120 | --> [0504000000] (5 B)
DEBUG | 2023-05-01 16:19:51 | [Test worker] client.Util:127 | <-- 00020000 9000 (4 B)
DEBUG | 2023-05-01 16:19:51 | [Test worker] client.Util:127 | <-- 00020000 9000 (4 B)
DEBUG | 2023-05-01 16:19:51 | [Test worker] client.Util:120 | --> [0507000000] (5 B)
DEBUG | 2023-05-01 16:19:51 | [Test worker] client.Util:120 | --> [0507000000] (5 B)
DEBUG | 2023-05-01 16:19:51 | [Test worker] client.Util:127 | <-- 007E0000 9000 (4 B)
DEBUG | 2023-05-01 16:19:51 | [Test worker] client.Util:127 | <-- 007E0000 9000 (4 B)
DEBUG | 2023-05-01 16:19:51 | [Test worker] client.Util:120 | --> [0C00000000] (5 B)
DEBUG | 2023-05-01 16:19:51 | [Test worker] client.Util:120 | --> [0C00000000] (5 B)
DEBUG | 2023-05-01 16:19:51 | [Test worker] client.Util:127 | <-- 000D0036 9000 (4 B)
DEBUG | 2023-05-01 16:19:51 | [Test worker] client.Util:127 | <-- 000D0036 9000 (4 B)
DEBUG | 2023-05-01 16:19:51 | [Test worker] client.Util:120 | --> [0403000004000D003604] (10 B)
DEBUG | 2023-05-01 16:19:51 | [Test worker] client.Util:120 | --> [0403000004000D003604] (10 B)
DEBUG | 2023-05-01 16:19:51 | [Test worker] client.Util:127 | <-- 268171371EDFF285E937ADEEA4B37B78000C0566CBB3AD64641713CA42171BF60000000000FEFFFFFF 9000 (41 B)
DEBUG | 2023-05-01 16:19:51 | [Test worker] client.Util:127 | <-- 268171371EDFF285E937ADEEA4B37B78000C0566CBB3AD64641713CA42171BF60000000000FEFFFFFF 9000 (41 B)
DEBUG | 2023-05-01 16:19:51 | [Test worker] client.Util:133 | Elapsed time 1 ms
DEBUG | 2023-05-01 16:19:51 | [Test worker] client.Util:120 | --> [0D00000000] (5 B)
DEBUG | 2023-05-01 16:19:51 | [Test worker] client.Util:120 | --> [0D00000000] (5 B)
DEBUG | 2023-05-01 16:19:51 | [Test worker] client.Util:127 | <-- 00370059 9000 (4 B)
DEBUG | 2023-05-01 16:19:51 | [Test worker] client.Util:127 | <-- 00370059 9000 (4 B)
DEBUG | 2023-05-01 16:19:51 | [Test worker] client.Util:120 | --> [04030000040037005904] (10 B)
DEBUG | 2023-05-01 16:19:51 | [Test worker] client.Util:120 | --> [04030000040037005904] (10 B)
DEBUG | 2023-05-01 16:19:51 | [Test worker] client.Util:127 | <-- D3DFF505000000001976A914D0C59903C5BAC2868760E90FD521A4665AA7652088AC 9000 (34 B)
DEBUG | 2023-05-01 16:19:51 | [Test worker] client.Util:127 | <-- D3DFF505000000001976A914D0C59903C5BAC2868760E90FD521A4665AA7652088AC 9000 (34 B)
DEBUG | 2023-05-01 16:19:51 | [Test worker] client.Util:120 | --> [0D00010000] (5 B)
DEBUG | 2023-05-01 16:19:51 | [Test worker] client.Util:120 | --> [0D00010000] (5 B)
DEBUG | 2023-05-01 16:19:51 | [Test worker] client.Util:127 | <-- 00590079 9000 (4 B)
DEBUG | 2023-05-01 16:19:51 | [Test worker] client.Util:127 | <-- 00590079 9000 (4 B)
DEBUG | 2023-05-01 16:19:51 | [Test worker] client.Util:120 | --> [04030000040059007904] (10 B)
DEBUG | 2023-05-01 16:19:51 | [Test worker] client.Util:120 | --> [04030000040059007904] (10 B)
DEBUG | 2023-05-01 16:19:51 | [Test worker] client.Util:127 | <-- 00E1F5050000000017A9143545E6E33B832C47050F24D3EEB93C9C03948BC787 9000 (32 B)
DEBUG | 2023-05-01 16:19:51 | [Test worker] client.Util:127 | <-- 00E1F5050000000017A9143545E6E33B832C47050F24D3EEB93C9C03948BC787 9000 (32 B)
DEBUG | 2023-05-01 16:19:51 | [Test worker] client.Util:133 | Elapsed time 1 ms
Test transaction1: passed
DEBUG | 2023-05-01 16:19:51 | [Test worker] client.Util:120 | --> [0000000000] (5 B)
DEBUG | 2023-05-01 16:19:51 | [Test worker] client.Util:120 | --> [0000000000] (5 B)
DEBUG | 2023-05-01 16:19:51 | [Test worker] client.Util:130 | <-- 9000
DEBUG | 2023-05-01 16:19:51 | [Test worker] client.Util:130 | <-- 9000
DEBUG | 2023-05-01 16:19:51 | [Test worker] client.Util:120 | --> [00010000FA70736274FF0100A00200000002AB0949A08C5AF7C49B8212F417E2F15AB3F5C33DCF153821A8139F877A5B7BE40000000000FEFFFFFFAB0949A08C5AF7C49B8212F417E2F15AB3F5C33DCF153821A8139F877A5B7BE40100000000FEFFFFFF02603BEA0B000000001976A914768A40BBD740CBE81D988E71DE2A4D5C71396B1D88AC8E240000000000001976A9146F4620B553FA095E721B9EE0EFE9FA039CCA459788AC000000000001076A47304402204759661797C01B036B25928948686218347D89864B719E1F7FCF57D1E511658702205309EABF56AA4D8891FFD111FDF1336F3A29DA866D7F8486D75546CEEDAF93190121035CDC61FC] (255 B)
DEBUG | 2023-05-01 16:19:51 | [Test worker] client.Util:120 | --> [00010000FA70736274FF0100A00200000002AB0949A08C5AF7C49B8212F417E2F15AB3F5C33DCF153821A8139F877A5B7BE40000000000FEFFFFFFAB0949A08C5AF7C49B8212F417E2F15AB3F5C33DCF153821A8139F877A5B7BE40100000000FEFFFFFF02603BEA0B000000001976A914768A40BBD740CBE81D988E71DE2A4D5C71396B1D88AC8E240000000000001976A9146F4620B553FA095E721B9EE0EFE9FA039CCA459788AC000000000001076A47304402204759661797C01B036B25928948686218347D89864B719E1F7FCF57D1E511658702205309EABF56AA4D8891FFD111FDF1336F3A29DA866D7F8486D75546CEEDAF93190121035CDC61FC] (255 B)
DEBUG | 2023-05-01 16:19:51 | [Test worker] client.Util:130 | <-- 9000
DEBUG | 2023-05-01 16:19:51 | [Test worker] client.Util:130 | <-- 9000
DEBUG | 2023-05-01 16:19:51 | [Test worker] client.Util:133 | Elapsed time 1 ms
DEBUG | 2023-05-01 16:19:51 | [Test worker] client.Util:120 | --> [000100005C7BA971C0B501A646A2A83B102CB43881217CA682DC86E2D73FA882920001012000E1F5050000000017A9143545E6E33B832C47050F24D3EEB93C9C03948BC787010416001485D13537F2E265405A34DBAFA9E3DDA01FB82308000000] (97 B)
DEBUG | 2023-05-01 16:19:51 | [Test worker] client.Util:120 | --> [000100005C7BA971C0B501A646A2A83B102CB43881217CA682DC86E2D73FA882920001012000E1F5050000000017A9143545E6E33B832C47050F24D3EEB93C9C03948BC787010416001485D13537F2E265405A34DBAFA9E3DDA01FB82308000000] (97 B)
DEBUG | 2023-05-01 16:19:51 | [Test worker] client.Util:130 | <-- 9000
DEBUG | 2023-05-01 16:19:51 | [Test worker] client.Util:130 | <-- 9000
DEBUG | 2023-05-01 16:19:51 | [Test worker] client.Util:120 | --> [0002000000] (5 B)
DEBUG | 2023-05-01 16:19:51 | [Test worker] client.Util:120 | --> [0002000000] (5 B)
DEBUG | 2023-05-01 16:19:51 | [Test worker] client.Util:130 | <-- 9000
DEBUG | 2023-05-01 16:19:51 | [Test worker] client.Util:130 | <-- 9000
DEBUG | 2023-05-01 16:19:51 | [Test worker] client.Util:120 | --> [0505000000] (5 B)
DEBUG | 2023-05-01 16:19:51 | [Test worker] client.Util:120 | --> [0505000000] (5 B)
DEBUG | 2023-05-01 16:19:51 | [Test worker] client.Util:127 | <-- 00020000 9000 (4 B)
DEBUG | 2023-05-01 16:19:51 | [Test worker] client.Util:127 | <-- 00020000 9000 (4 B)
DEBUG | 2023-05-01 16:19:51 | [Test worker] client.Util:120 | --> [0504000000] (5 B)
DEBUG | 2023-05-01 16:19:51 | [Test worker] client.Util:120 | --> [0504000000] (5 B)
DEBUG | 2023-05-01 16:19:51 | [Test worker] client.Util:127 | <-- 00020000 9000 (4 B)
DEBUG | 2023-05-01 16:19:51 | [Test worker] client.Util:127 | <-- 00020000 9000 (4 B)
DEBUG | 2023-05-01 16:19:51 | [Test worker] client.Util:133 | Elapsed time 1 ms
DEBUG | 2023-05-01 16:19:51 | [Test worker] client.Util:120 | --> [0507000000] (5 B)
DEBUG | 2023-05-01 16:19:51 | [Test worker] client.Util:120 | --> [0507000000] (5 B)
DEBUG | 2023-05-01 16:19:51 | [Test worker] client.Util:127 | <-- 00A90000 9000 (4 B)
DEBUG | 2023-05-01 16:19:51 | [Test worker] client.Util:127 | <-- 00A90000 9000 (4 B)
DEBUG | 2023-05-01 16:19:51 | [Test worker] client.Util:120 | --> [0C00000000] (5 B)
DEBUG | 2023-05-01 16:19:51 | [Test worker] client.Util:120 | --> [0C00000000] (5 B)
DEBUG | 2023-05-01 16:19:51 | [Test worker] client.Util:127 | <-- 000D0036 9000 (4 B)
DEBUG | 2023-05-01 16:19:51 | [Test worker] client.Util:127 | <-- 000D0036 9000 (4 B)
DEBUG | 2023-05-01 16:19:51 | [Test worker] client.Util:120 | --> [0403000004000D003604] (10 B)
DEBUG | 2023-05-01 16:19:51 | [Test worker] client.Util:120 | --> [0403000004000D003604] (10 B)
DEBUG | 2023-05-01 16:19:51 | [Test worker] client.Util:127 | <-- AB0949A08C5AF7C49B8212F417E2F15AB3F5C33DCF153821A8139F877A5B7BE40000000000FEFFFFFF 9000 (41 B)
DEBUG | 2023-05-01 16:19:51 | [Test worker] client.Util:127 | <-- AB0949A08C5AF7C49B8212F417E2F15AB3F5C33DCF153821A8139F877A5B7BE40000000000FEFFFFFF 9000 (41 B)
DEBUG | 2023-05-01 16:19:51 | [Test worker] client.Util:120 | --> [0C00010000] (5 B)
DEBUG | 2023-05-01 16:19:51 | [Test worker] client.Util:120 | --> [0C00010000] (5 B)
DEBUG | 2023-05-01 16:19:51 | [Test worker] client.Util:127 | <-- 0036005F 9000 (4 B)
DEBUG | 2023-05-01 16:19:51 | [Test worker] client.Util:127 | <-- 0036005F 9000 (4 B)
DEBUG | 2023-05-01 16:19:51 | [Test worker] client.Util:133 | Elapsed time 1 ms
DEBUG | 2023-05-01 16:19:51 | [Test worker] client.Util:120 | --> [04030000040036005F04] (10 B)
DEBUG | 2023-05-01 16:19:51 | [Test worker] client.Util:120 | --> [04030000040036005F04] (10 B)
DEBUG | 2023-05-01 16:19:51 | [Test worker] client.Util:127 | <-- AB0949A08C5AF7C49B8212F417E2F15AB3F5C33DCF153821A8139F877A5B7BE40100000000FEFFFFFF 9000 (41 B)
DEBUG | 2023-05-01 16:19:51 | [Test worker] client.Util:127 | <-- AB0949A08C5AF7C49B8212F417E2F15AB3F5C33DCF153821A8139F877A5B7BE40100000000FEFFFFFF 9000 (41 B)
DEBUG | 2023-05-01 16:19:51 | [Test worker] client.Util:133 | Elapsed time 1 ms
DEBUG | 2023-05-01 16:19:51 | [Test worker] client.Util:120 | --> [0D00000000] (5 B)
DEBUG | 2023-05-01 16:19:51 | [Test worker] client.Util:120 | --> [0D00000000] (5 B)
DEBUG | 2023-05-01 16:19:51 | [Test worker] client.Util:127 | <-- 00600082 9000 (4 B)
DEBUG | 2023-05-01 16:19:51 | [Test worker] client.Util:127 | <-- 00600082 9000 (4 B)
DEBUG | 2023-05-01 16:19:51 | [Test worker] client.Util:120 | --> [04030000040060008204] (10 B)
DEBUG | 2023-05-01 16:19:51 | [Test worker] client.Util:120 | --> [04030000040060008204] (10 B)
DEBUG | 2023-05-01 16:19:51 | [Test worker] client.Util:127 | <-- 603BEA0B000000001976A914768A40BBD740CBE81D988E71DE2A4D5C71396B1D88AC 9000 (34 B)
DEBUG | 2023-05-01 16:19:51 | [Test worker] client.Util:127 | <-- 603BEA0B000000001976A914768A40BBD740CBE81D988E71DE2A4D5C71396B1D88AC 9000 (34 B)
DEBUG | 2023-05-01 16:19:51 | [Test worker] client.Util:120 | --> [0D00010000] (5 B)
DEBUG | 2023-05-01 16:19:51 | [Test worker] client.Util:120 | --> [0D00010000] (5 B)
DEBUG | 2023-05-01 16:19:51 | [Test worker] client.Util:127 | <-- 008200A4 9000 (4 B)
DEBUG | 2023-05-01 16:19:51 | [Test worker] client.Util:127 | <-- 008200A4 9000 (4 B)
DEBUG | 2023-05-01 16:19:51 | [Test worker] client.Util:120 | --> [0403000004008200A404] (10 B)
DEBUG | 2023-05-01 16:19:51 | [Test worker] client.Util:120 | --> [0403000004008200A404] (10 B)
DEBUG | 2023-05-01 16:19:51 | [Test worker] client.Util:127 | <-- 8E240000000000001976A9146F4620B553FA095E721B9EE0EFE9FA039CCA459788AC 9000 (34 B)
DEBUG | 2023-05-01 16:19:51 | [Test worker] client.Util:127 | <-- 8E240000000000001976A9146F4620B553FA095E721B9EE0EFE9FA039CCA459788AC 9000 (34 B)
Test transaction2: passed
DEBUG | 2023-05-01 16:19:51 | [Test worker] client.Util:120 | --> [0000000000] (5 B)
DEBUG | 2023-05-01 16:19:51 | [Test worker] client.Util:120 | --> [0000000000] (5 B)
DEBUG | 2023-05-01 16:19:51 | [Test worker] client.Util:130 | <-- 9000
DEBUG | 2023-05-01 16:19:51 | [Test worker] client.Util:130 | <-- 9000
DEBUG | 2023-05-01 16:19:51 | [Test worker] client.Util:120 | --> [00010000FA70736274FF0100750200000001268171371EDFF285E937ADEEA4B37B78000C0566CBB3AD64641713CA42171BF60000000000FEFFFFFF02D3DFF505000000001976A914D0C59903C5BAC2868760E90FD521A4665AA7652088AC00E1F5050000000017A9143545E6E33B832C47050F24D3EEB93C9C03948BC787B32E1300000100FDA5010100000000010289A3C71EAB4D20E0371BBBA4CC698FA295C9463AFA2E397F8533CCB62F9567E50100000017160014BE18D152A9B012039DAF3DA7DE4F53349EECB985FFFFFFFF86F8AA43A71DFF1448893A530A7237EF6B4608BBB2DD2D0171E63AEC6A4890B40100000017160014FE3E9EF1A745E974] (255 B)
DEBUG | 2023-05-01 16:19:51 | [Test worker] client.Util:120 | --> [00010000FA70736274FF0100750200000001268171371EDFF285E937ADEEA4B37B78000C0566CBB3AD64641713CA42171BF60000000000FEFFFFFF02D3DFF505000000001976A914D0C59903C5BAC2868760E90FD521A4665AA7652088AC00E1F5050000000017A9143545E6E33B832C47050F24D3EEB93C9C03948BC787B32E1300000100FDA5010100000000010289A3C71EAB4D20E0371BBBA4CC698FA295C9463AFA2E397F8533CCB62F9567E50100000017160014BE18D152A9B012039DAF3DA7DE4F53349EECB985FFFFFFFF86F8AA43A71DFF1448893A530A7237EF6B4608BBB2DD2D0171E63AEC6A4890B40100000017160014FE3E9EF1A745E974] (255 B)
DEBUG | 2023-05-01 16:19:51 | [Test worker] client.Util:130 | <-- 9000
DEBUG | 2023-05-01 16:19:51 | [Test worker] client.Util:130 | <-- 9000
DEBUG | 2023-05-01 16:19:51 | [Test worker] client.Util:133 | Elapsed time 1 ms
DEBUG | 2023-05-01 16:19:51 | [Test worker] client.Util:120 | --> [00010000FAD902C4355943ABCB34BD5353FFFFFFFF0200C2EB0B000000001976A91485CFF1097FD9E008BB34AF709C62197B38978A4888AC72FEF84E2C00000017A914339725BA21EFD62AC753A9BCD067D6C7A6A39D05870247304402202712BE22E0270F394F568311DC7CA9A68970B8025FDD3B240229F07F8A5F3A240220018B38D7DCD314E734C9276BD6FB40F673325BC4BAA144C800D2F2F02DB2765C012103D2E15674941BAD4A996372CB87E1856D3652606D98562FE39C5E9E7E413F210502483045022100D12B852D85DCD961D2F5F4AB660654DF6EEDCC794C0C33CE5CC309FFB5FCE58D022067338A8E0E1725C197FB1A88AF59F51E44E425] (255 B)
DEBUG | 2023-05-01 16:19:51 | [Test worker] client.Util:120 | --> [00010000FAD902C4355943ABCB34BD5353FFFFFFFF0200C2EB0B000000001976A91485CFF1097FD9E008BB34AF709C62197B38978A4888AC72FEF84E2C00000017A914339725BA21EFD62AC753A9BCD067D6C7A6A39D05870247304402202712BE22E0270F394F568311DC7CA9A68970B8025FDD3B240229F07F8A5F3A240220018B38D7DCD314E734C9276BD6FB40F673325BC4BAA144C800D2F2F02DB2765C012103D2E15674941BAD4A996372CB87E1856D3652606D98562FE39C5E9E7E413F210502483045022100D12B852D85DCD961D2F5F4AB660654DF6EEDCC794C0C33CE5CC309FFB5FCE58D022067338A8E0E1725C197FB1A88AF59F51E44E425] (255 B)
DEBUG | 2023-05-01 16:19:51 | [Test worker] client.Util:130 | <-- 9000
DEBUG | 2023-05-01 16:19:51 | [Test worker] client.Util:130 | <-- 9000
DEBUG | 2023-05-01 16:19:51 | [Test worker] client.Util:133 | Elapsed time 1 ms
DEBUG | 2023-05-01 16:19:51 | [Test worker] client.Util:120 | --> [000100003E5B20167C8684031C05D1F2592A01210223B72BEEF0965D10BE0778EFECD61FCAC6F79A4EA169393380734464F84F2AB30000000001030401000000000000] (67 B)
DEBUG | 2023-05-01 16:19:51 | [Test worker] client.Util:120 | --> [000100003E5B20167C8684031C05D1F2592A01210223B72BEEF0965D10BE0778EFECD61FCAC6F79A4EA169393380734464F84F2AB30000000001030401000000000000] (67 B)
DEBUG | 2023-05-01 16:19:51 | [Test worker] client.Util:130 | <-- 9000
DEBUG | 2023-05-01 16:19:51 | [Test worker] client.Util:130 | <-- 9000
DEBUG | 2023-05-01 16:19:51 | [Test worker] client.Util:120 | --> [0002000000] (5 B)
DEBUG | 2023-05-01 16:19:51 | [Test worker] client.Util:120 | --> [0002000000] (5 B)
DEBUG | 2023-05-01 16:19:51 | [Test worker] client.Util:130 | <-- 9000
DEBUG | 2023-05-01 16:19:51 | [Test worker] client.Util:130 | <-- 9000
DEBUG | 2023-05-01 16:19:51 | [Test worker] client.Util:120 | --> [0505000000] (5 B)
DEBUG | 2023-05-01 16:19:51 | [Test worker] client.Util:120 | --> [0505000000] (5 B)
DEBUG | 2023-05-01 16:19:51 | [Test worker] client.Util:127 | <-- 00010000 9000 (4 B)
DEBUG | 2023-05-01 16:19:51 | [Test worker] client.Util:127 | <-- 00010000 9000 (4 B)
DEBUG | 2023-05-01 16:19:51 | [Test worker] client.Util:120 | --> [0504000000] (5 B)
DEBUG | 2023-05-01 16:19:51 | [Test worker] client.Util:120 | --> [0504000000] (5 B)
DEBUG | 2023-05-01 16:19:51 | [Test worker] client.Util:127 | <-- 00020000 9000 (4 B)
DEBUG | 2023-05-01 16:19:51 | [Test worker] client.Util:127 | <-- 00020000 9000 (4 B)
DEBUG | 2023-05-01 16:19:51 | [Test worker] client.Util:133 | Elapsed time 1 ms
DEBUG | 2023-05-01 16:19:51 | [Test worker] client.Util:120 | --> [0507000000] (5 B)
DEBUG | 2023-05-01 16:19:51 | [Test worker] client.Util:120 | --> [0507000000] (5 B)
DEBUG | 2023-05-01 16:19:51 | [Test worker] client.Util:127 | <-- 007E0000 9000 (4 B)
DEBUG | 2023-05-01 16:19:51 | [Test worker] client.Util:127 | <-- 007E0000 9000 (4 B)
DEBUG | 2023-05-01 16:19:51 | [Test worker] client.Util:120 | --> [0C00000000] (5 B)
DEBUG | 2023-05-01 16:19:51 | [Test worker] client.Util:120 | --> [0C00000000] (5 B)
DEBUG | 2023-05-01 16:19:51 | [Test worker] client.Util:127 | <-- 000D0036 9000 (4 B)
DEBUG | 2023-05-01 16:19:51 | [Test worker] client.Util:127 | <-- 000D0036 9000 (4 B)
DEBUG | 2023-05-01 16:19:51 | [Test worker] client.Util:120 | --> [0403000004000D003604] (10 B)
DEBUG | 2023-05-01 16:19:51 | [Test worker] client.Util:120 | --> [0403000004000D003604] (10 B)
DEBUG | 2023-05-01 16:19:51 | [Test worker] client.Util:127 | <-- 268171371EDFF285E937ADEEA4B37B78000C0566CBB3AD64641713CA42171BF60000000000FEFFFFFF 9000 (41 B)
DEBUG | 2023-05-01 16:19:51 | [Test worker] client.Util:127 | <-- 268171371EDFF285E937ADEEA4B37B78000C0566CBB3AD64641713CA42171BF60000000000FEFFFFFF 9000 (41 B)
DEBUG | 2023-05-01 16:19:51 | [Test worker] client.Util:133 | Elapsed time 1 ms
DEBUG | 2023-05-01 16:19:51 | [Test worker] client.Util:120 | --> [0D00000000] (5 B)
DEBUG | 2023-05-01 16:19:51 | [Test worker] client.Util:120 | --> [0D00000000] (5 B)
DEBUG | 2023-05-01 16:19:51 | [Test worker] client.Util:127 | <-- 00370059 9000 (4 B)
DEBUG | 2023-05-01 16:19:51 | [Test worker] client.Util:127 | <-- 00370059 9000 (4 B)
DEBUG | 2023-05-01 16:19:51 | [Test worker] client.Util:120 | --> [04030000040037005904] (10 B)
DEBUG | 2023-05-01 16:19:51 | [Test worker] client.Util:120 | --> [04030000040037005904] (10 B)
DEBUG | 2023-05-01 16:19:51 | [Test worker] client.Util:127 | <-- D3DFF505000000001976A914D0C59903C5BAC2868760E90FD521A4665AA7652088AC 9000 (34 B)
DEBUG | 2023-05-01 16:19:51 | [Test worker] client.Util:127 | <-- D3DFF505000000001976A914D0C59903C5BAC2868760E90FD521A4665AA7652088AC 9000 (34 B)
DEBUG | 2023-05-01 16:19:51 | [Test worker] client.Util:133 | Elapsed time 1 ms
DEBUG | 2023-05-01 16:19:51 | [Test worker] client.Util:120 | --> [0D00010000] (5 B)
DEBUG | 2023-05-01 16:19:51 | [Test worker] client.Util:120 | --> [0D00010000] (5 B)
DEBUG | 2023-05-01 16:19:51 | [Test worker] client.Util:127 | <-- 00590079 9000 (4 B)
DEBUG | 2023-05-01 16:19:51 | [Test worker] client.Util:127 | <-- 00590079 9000 (4 B)
DEBUG | 2023-05-01 16:19:51 | [Test worker] client.Util:120 | --> [04030000040059007904] (10 B)
DEBUG | 2023-05-01 16:19:51 | [Test worker] client.Util:120 | --> [04030000040059007904] (10 B)
DEBUG | 2023-05-01 16:19:51 | [Test worker] client.Util:127 | <-- 00E1F5050000000017A9143545E6E33B832C47050F24D3EEB93C9C03948BC787 9000 (32 B)
DEBUG | 2023-05-01 16:19:51 | [Test worker] client.Util:127 | <-- 00E1F5050000000017A9143545E6E33B832C47050F24D3EEB93C9C03948BC787 9000 (32 B)
DEBUG | 2023-05-01 16:19:51 | [Test worker] client.Util:133 | Elapsed time 1 ms
Test transaction3: passed
DEBUG | 2023-05-01 16:19:51 | [Test worker] client.Util:120 | --> [0000000000] (5 B)
DEBUG | 2023-05-01 16:19:51 | [Test worker] client.Util:120 | --> [0000000000] (5 B)
DEBUG | 2023-05-01 16:19:51 | [Test worker] client.Util:130 | <-- 9000
DEBUG | 2023-05-01 16:19:51 | [Test worker] client.Util:130 | <-- 9000
DEBUG | 2023-05-01 16:19:51 | [Test worker] client.Util:120 | --> [00010000FA70736274FF0100A00200000002AB0949A08C5AF7C49B8212F417E2F15AB3F5C33DCF153821A8139F877A5B7BE40000000000FEFFFFFFAB0949A08C5AF7C49B8212F417E2F15AB3F5C33DCF153821A8139F877A5B7BE40100000000FEFFFFFF02603BEA0B000000001976A914768A40BBD740CBE81D988E71DE2A4D5C71396B1D88AC8E240000000000001976A9146F4620B553FA095E721B9EE0EFE9FA039CCA459788AC00000000000100DF0200000001268171371EDFF285E937ADEEA4B37B78000C0566CBB3AD64641713CA42171BF6000000006A473044022070B2245123E6BF474D60C5B50C043D4C691A5D2435F09A34A7662A9DC25179] (255 B)
DEBUG | 2023-05-01 16:19:51 | [Test worker] client.Util:120 | --> [00010000FA70736274FF0100A00200000002AB0949A08C5AF7C49B8212F417E2F15AB3F5C33DCF153821A8139F877A5B7BE40000000000FEFFFFFFAB0949A08C5AF7C49B8212F417E2F15AB3F5C33DCF153821A8139F877A5B7BE40100000000FEFFFFFF02603BEA0B000000001976A914768A40BBD740CBE81D988E71DE2A4D5C71396B1D88AC8E240000000000001976A9146F4620B553FA095E721B9EE0EFE9FA039CCA459788AC00000000000100DF0200000001268171371EDFF285E937ADEEA4B37B78000C0566CBB3AD64641713CA42171BF6000000006A473044022070B2245123E6BF474D60C5B50C043D4C691A5D2435F09A34A7662A9DC25179] (255 B)
DEBUG | 2023-05-01 16:19:51 | [Test worker] client.Util:130 | <-- 9000
DEBUG | 2023-05-01 16:19:51 | [Test worker] client.Util:130 | <-- 9000
DEBUG | 2023-05-01 16:19:51 | [Test worker] client.Util:133 | Elapsed time 1 ms
DEBUG | 2023-05-01 16:19:51 | [Test worker] client.Util:120 | --> [00010000FA0A022001329CA9DACF280BDF30740EC0390422422C81CB45839457AEB76FC12EDD95B3012102657D118D3357B8E0F4C2CD46DB7B39F6D9C38D9A70ABCB9B2DE5DC8DBFE4CE31FEFFFFFF02D3DFF505000000001976A914D0C59903C5BAC2868760E90FD521A4665AA7652088AC00E1F5050000000017A9143545E6E33B832C47050F24D3EEB93C9C03948BC787B32E13000001012000E1F5050000000017A9143545E6E33B832C47050F24D3EEB93C9C03948BC787010416001485D13537F2E265405A34DBAFA9E3DDA01FB8230800220202EAD596687CA806043EDC3DE116CDF29D5E9257C196CD055CF698C8D02BF24E9910B4A6BA67000000] (255 B)
DEBUG | 2023-05-01 16:19:51 | [Test worker] client.Util:120 | --> [00010000FA0A022001329CA9DACF280BDF30740EC0390422422C81CB45839457AEB76FC12EDD95B3012102657D118D3357B8E0F4C2CD46DB7B39F6D9C38D9A70ABCB9B2DE5DC8DBFE4CE31FEFFFFFF02D3DFF505000000001976A914D0C59903C5BAC2868760E90FD521A4665AA7652088AC00E1F5050000000017A9143545E6E33B832C47050F24D3EEB93C9C03948BC787B32E13000001012000E1F5050000000017A9143545E6E33B832C47050F24D3EEB93C9C03948BC787010416001485D13537F2E265405A34DBAFA9E3DDA01FB8230800220202EAD596687CA806043EDC3DE116CDF29D5E9257C196CD055CF698C8D02BF24E9910B4A6BA67000000] (255 B)
DEBUG | 2023-05-01 16:19:51 | [Test worker] client.Util:130 | <-- 9000
DEBUG | 2023-05-01 16:19:51 | [Test worker] client.Util:130 | <-- 9000
DEBUG | 2023-05-01 16:19:51 | [Test worker] client.Util:133 | Elapsed time 1 ms
DEBUG | 2023-05-01 16:19:51 | [Test worker] client.Util:120 | --> [000100003F8000000080020000800022020394F62BE9DF19952C5587768AEB7698061AD2C4A25C894F47D8C162B4D7213D0510B4A6BA6700000080010000800200008000] (68 B)
DEBUG | 2023-05-01 16:19:51 | [Test worker] client.Util:120 | --> [000100003F8000000080020000800022020394F62BE9DF19952C5587768AEB7698061AD2C4A25C894F47D8C162B4D7213D0510B4A6BA6700000080010000800200008000] (68 B)
DEBUG | 2023-05-01 16:19:51 | [Test worker] client.Util:130 | <-- 9000
DEBUG | 2023-05-01 16:19:51 | [Test worker] client.Util:130 | <-- 9000
DEBUG | 2023-05-01 16:19:51 | [Test worker] client.Util:133 | Elapsed time 1 ms
DEBUG | 2023-05-01 16:19:51 | [Test worker] client.Util:120 | --> [0002000000] (5 B)
DEBUG | 2023-05-01 16:19:51 | [Test worker] client.Util:120 | --> [0002000000] (5 B)
DEBUG | 2023-05-01 16:19:51 | [Test worker] client.Util:130 | <-- 9000
DEBUG | 2023-05-01 16:19:51 | [Test worker] client.Util:130 | <-- 9000
DEBUG | 2023-05-01 16:19:51 | [Test worker] client.Util:133 | Elapsed time 1 ms
DEBUG | 2023-05-01 16:19:51 | [Test worker] client.Util:120 | --> [0505000000] (5 B)
DEBUG | 2023-05-01 16:19:51 | [Test worker] client.Util:120 | --> [0505000000] (5 B)
DEBUG | 2023-05-01 16:19:51 | [Test worker] client.Util:127 | <-- 00020000 9000 (4 B)
DEBUG | 2023-05-01 16:19:51 | [Test worker] client.Util:127 | <-- 00020000 9000 (4 B)
DEBUG | 2023-05-01 16:19:51 | [Test worker] client.Util:120 | --> [0504000000] (5 B)
DEBUG | 2023-05-01 16:19:51 | [Test worker] client.Util:120 | --> [0504000000] (5 B)
DEBUG | 2023-05-01 16:19:51 | [Test worker] client.Util:127 | <-- 00020000 9000 (4 B)
DEBUG | 2023-05-01 16:19:51 | [Test worker] client.Util:127 | <-- 00020000 9000 (4 B)
DEBUG | 2023-05-01 16:19:51 | [Test worker] client.Util:120 | --> [0C00000000] (5 B)
DEBUG | 2023-05-01 16:19:51 | [Test worker] client.Util:120 | --> [0C00000000] (5 B)
DEBUG | 2023-05-01 16:19:51 | [Test worker] client.Util:127 | <-- 000D0036 9000 (4 B)
DEBUG | 2023-05-01 16:19:51 | [Test worker] client.Util:127 | <-- 000D0036 9000 (4 B)
DEBUG | 2023-05-01 16:19:51 | [Test worker] client.Util:120 | --> [0403000004000D003604] (10 B)
DEBUG | 2023-05-01 16:19:51 | [Test worker] client.Util:120 | --> [0403000004000D003604] (10 B)
DEBUG | 2023-05-01 16:19:51 | [Test worker] client.Util:127 | <-- AB0949A08C5AF7C49B8212F417E2F15AB3F5C33DCF153821A8139F877A5B7BE40000000000FEFFFFFF 9000 (41 B)
DEBUG | 2023-05-01 16:19:51 | [Test worker] client.Util:127 | <-- AB0949A08C5AF7C49B8212F417E2F15AB3F5C33DCF153821A8139F877A5B7BE40000000000FEFFFFFF 9000 (41 B)
DEBUG | 2023-05-01 16:19:51 | [Test worker] client.Util:120 | --> [0C00010000] (5 B)
DEBUG | 2023-05-01 16:19:51 | [Test worker] client.Util:120 | --> [0C00010000] (5 B)
DEBUG | 2023-05-01 16:19:51 | [Test worker] client.Util:127 | <-- 0036005F 9000 (4 B)
DEBUG | 2023-05-01 16:19:51 | [Test worker] client.Util:127 | <-- 0036005F 9000 (4 B)
DEBUG | 2023-05-01 16:19:51 | [Test worker] client.Util:120 | --> [04030000040036005F04] (10 B)
DEBUG | 2023-05-01 16:19:51 | [Test worker] client.Util:120 | --> [04030000040036005F04] (10 B)
DEBUG | 2023-05-01 16:19:51 | [Test worker] client.Util:127 | <-- AB0949A08C5AF7C49B8212F417E2F15AB3F5C33DCF153821A8139F877A5B7BE40100000000FEFFFFFF 9000 (41 B)
DEBUG | 2023-05-01 16:19:51 | [Test worker] client.Util:127 | <-- AB0949A08C5AF7C49B8212F417E2F15AB3F5C33DCF153821A8139F877A5B7BE40100000000FEFFFFFF 9000 (41 B)
DEBUG | 2023-05-01 16:19:51 | [Test worker] client.Util:120 | --> [0D00000000] (5 B)
DEBUG | 2023-05-01 16:19:51 | [Test worker] client.Util:120 | --> [0D00000000] (5 B)
DEBUG | 2023-05-01 16:19:51 | [Test worker] client.Util:127 | <-- 00600082 9000 (4 B)
DEBUG | 2023-05-01 16:19:51 | [Test worker] client.Util:127 | <-- 00600082 9000 (4 B)
DEBUG | 2023-05-01 16:19:51 | [Test worker] client.Util:120 | --> [04030000040060008204] (10 B)
DEBUG | 2023-05-01 16:19:51 | [Test worker] client.Util:120 | --> [04030000040060008204] (10 B)
DEBUG | 2023-05-01 16:19:51 | [Test worker] client.Util:127 | <-- 603BEA0B000000001976A914768A40BBD740CBE81D988E71DE2A4D5C71396B1D88AC 9000 (34 B)
DEBUG | 2023-05-01 16:19:51 | [Test worker] client.Util:127 | <-- 603BEA0B000000001976A914768A40BBD740CBE81D988E71DE2A4D5C71396B1D88AC 9000 (34 B)
DEBUG | 2023-05-01 16:19:51 | [Test worker] client.Util:120 | --> [0D00010000] (5 B)
DEBUG | 2023-05-01 16:19:51 | [Test worker] client.Util:120 | --> [0D00010000] (5 B)
DEBUG | 2023-05-01 16:19:51 | [Test worker] client.Util:127 | <-- 008200A4 9000 (4 B)
DEBUG | 2023-05-01 16:19:51 | [Test worker] client.Util:127 | <-- 008200A4 9000 (4 B)
DEBUG | 2023-05-01 16:19:51 | [Test worker] client.Util:133 | Elapsed time 1 ms
DEBUG | 2023-05-01 16:19:51 | [Test worker] client.Util:120 | --> [0403000004008200A404] (10 B)
DEBUG | 2023-05-01 16:19:51 | [Test worker] client.Util:120 | --> [0403000004008200A404] (10 B)
DEBUG | 2023-05-01 16:19:51 | [Test worker] client.Util:127 | <-- 8E240000000000001976A9146F4620B553FA095E721B9EE0EFE9FA039CCA459788AC 9000 (34 B)
DEBUG | 2023-05-01 16:19:51 | [Test worker] client.Util:127 | <-- 8E240000000000001976A9146F4620B553FA095E721B9EE0EFE9FA039CCA459788AC 9000 (34 B)
Test transaction4: passed
DEBUG | 2023-05-01 16:19:51 | [Test worker] client.Util:120 | --> [0000000000] (5 B)
DEBUG | 2023-05-01 16:19:51 | [Test worker] client.Util:120 | --> [0000000000] (5 B)
DEBUG | 2023-05-01 16:19:51 | [Test worker] client.Util:130 | <-- 9000
DEBUG | 2023-05-01 16:19:51 | [Test worker] client.Util:130 | <-- 9000
DEBUG | 2023-05-01 16:19:51 | [Test worker] client.Util:120 | --> [00010000FA70736274FF0100550200000001279A2323A5DFB51FC45F220FA58B0FC13E1E3342792A85D7E36CD6333B5CBC390000000000FFFFFFFF01A05AEA0B000000001976A914FFE9C0061097CC3B636F2CB0460FA4FC427D2B4588AC0000000000010120955EEA0B0000000017A9146345200F68D189E1ADC0DF1C4D16EA8F14C0DBEB87220203B1341CCBA7683B6AF4F1238CD6E97E7167D569FAC47F1E48D47541844355BD4646304302200424B58EFFAAA694E1559EA5C93BBFD4A89064224055CDF070B6771469442D07021F5C8EB0FEA6516D60B8ACB33AD64EDE60E8785BFB3AA94B99BDF86151DB9A9A010104220020771FD18AD459666DD49F] (255 B)
DEBUG | 2023-05-01 16:19:51 | [Test worker] client.Util:120 | --> [00010000FA70736274FF0100550200000001279A2323A5DFB51FC45F220FA58B0FC13E1E3342792A85D7E36CD6333B5CBC390000000000FFFFFFFF01A05AEA0B000000001976A914FFE9C0061097CC3B636F2CB0460FA4FC427D2B4588AC0000000000010120955EEA0B0000000017A9146345200F68D189E1ADC0DF1C4D16EA8F14C0DBEB87220203B1341CCBA7683B6AF4F1238CD6E97E7167D569FAC47F1E48D47541844355BD4646304302200424B58EFFAAA694E1559EA5C93BBFD4A89064224055CDF070B6771469442D07021F5C8EB0FEA6516D60B8ACB33AD64EDE60E8785BFB3AA94B99BDF86151DB9A9A010104220020771FD18AD459666DD49F] (255 B)
DEBUG | 2023-05-01 16:19:51 | [Test worker] client.Util:130 | <-- 9000
DEBUG | 2023-05-01 16:19:51 | [Test worker] client.Util:130 | <-- 9000
DEBUG | 2023-05-01 16:19:51 | [Test worker] client.Util:133 | Elapsed time 1 ms
DEBUG | 2023-05-01 16:19:51 | [Test worker] client.Util:120 | --> [00010000CA3D564E3DBC42F4C84774E360ADA16816A8ED488D5681010547522103B1341CCBA7683B6AF4F1238CD6E97E7167D569FAC47F1E48D47541844355BD462103DE55D1E1DAC805E3F8A58C1FBF9B94C02F3DBAAFE127FEFCA4995F26F82083BD52AE220603B1341CCBA7683B6AF4F1238CD6E97E7167D569FAC47F1E48D47541844355BD4610B4A6BA67000000800000008004000080220603DE55D1E1DAC805E3F8A58C1FBF9B94C02F3DBAAFE127FEFCA4995F26F82083BD10B4A6BA670000008000000080050000800000] (207 B)
DEBUG | 2023-05-01 16:19:51 | [Test worker] client.Util:120 | --> [00010000CA3D564E3DBC42F4C84774E360ADA16816A8ED488D5681010547522103B1341CCBA7683B6AF4F1238CD6E97E7167D569FAC47F1E48D47541844355BD462103DE55D1E1DAC805E3F8A58C1FBF9B94C02F3DBAAFE127FEFCA4995F26F82083BD52AE220603B1341CCBA7683B6AF4F1238CD6E97E7167D569FAC47F1E48D47541844355BD4610B4A6BA67000000800000008004000080220603DE55D1E1DAC805E3F8A58C1FBF9B94C02F3DBAAFE127FEFCA4995F26F82083BD10B4A6BA670000008000000080050000800000] (207 B)
DEBUG | 2023-05-01 16:19:51 | [Test worker] client.Util:130 | <-- 9000
DEBUG | 2023-05-01 16:19:51 | [Test worker] client.Util:130 | <-- 9000
DEBUG | 2023-05-01 16:19:51 | [Test worker] client.Util:133 | Elapsed time 1 ms
DEBUG | 2023-05-01 16:19:51 | [Test worker] client.Util:120 | --> [0002000000] (5 B)
DEBUG | 2023-05-01 16:19:51 | [Test worker] client.Util:120 | --> [0002000000] (5 B)
DEBUG | 2023-05-01 16:19:51 | [Test worker] client.Util:130 | <-- 9000
DEBUG | 2023-05-01 16:19:51 | [Test worker] client.Util:130 | <-- 9000
DEBUG | 2023-05-01 16:19:51 | [Test worker] client.Util:120 | --> [0505000000] (5 B)
DEBUG | 2023-05-01 16:19:51 | [Test worker] client.Util:120 | --> [0505000000] (5 B)
DEBUG | 2023-05-01 16:19:51 | [Test worker] client.Util:127 | <-- 00010000 9000 (4 B)
DEBUG | 2023-05-01 16:19:51 | [Test worker] client.Util:127 | <-- 00010000 9000 (4 B)
DEBUG | 2023-05-01 16:19:51 | [Test worker] client.Util:120 | --> [0504000000] (5 B)
DEBUG | 2023-05-01 16:19:51 | [Test worker] client.Util:120 | --> [0504000000] (5 B)
DEBUG | 2023-05-01 16:19:51 | [Test worker] client.Util:127 | <-- 00010000 9000 (4 B)
DEBUG | 2023-05-01 16:19:51 | [Test worker] client.Util:127 | <-- 00010000 9000 (4 B)
DEBUG | 2023-05-01 16:19:51 | [Test worker] client.Util:120 | --> [0C00000000] (5 B)
DEBUG | 2023-05-01 16:19:51 | [Test worker] client.Util:120 | --> [0C00000000] (5 B)
DEBUG | 2023-05-01 16:19:51 | [Test worker] client.Util:127 | <-- 000D0036 9000 (4 B)
DEBUG | 2023-05-01 16:19:51 | [Test worker] client.Util:127 | <-- 000D0036 9000 (4 B)
DEBUG | 2023-05-01 16:19:51 | [Test worker] client.Util:120 | --> [0403000004000D003604] (10 B)
DEBUG | 2023-05-01 16:19:51 | [Test worker] client.Util:120 | --> [0403000004000D003604] (10 B)
DEBUG | 2023-05-01 16:19:51 | [Test worker] client.Util:127 | <-- 279A2323A5DFB51FC45F220FA58B0FC13E1E3342792A85D7E36CD6333B5CBC390000000000FFFFFFFF 9000 (41 B)
DEBUG | 2023-05-01 16:19:51 | [Test worker] client.Util:127 | <-- 279A2323A5DFB51FC45F220FA58B0FC13E1E3342792A85D7E36CD6333B5CBC390000000000FFFFFFFF 9000 (41 B)
DEBUG | 2023-05-01 16:19:51 | [Test worker] client.Util:120 | --> [0D00000000] (5 B)
DEBUG | 2023-05-01 16:19:51 | [Test worker] client.Util:120 | --> [0D00000000] (5 B)
DEBUG | 2023-05-01 16:19:51 | [Test worker] client.Util:127 | <-- 00370059 9000 (4 B)
DEBUG | 2023-05-01 16:19:51 | [Test worker] client.Util:127 | <-- 00370059 9000 (4 B)
DEBUG | 2023-05-01 16:19:51 | [Test worker] client.Util:120 | --> [04030000040037005904] (10 B)
DEBUG | 2023-05-01 16:19:51 | [Test worker] client.Util:120 | --> [04030000040037005904] (10 B)
DEBUG | 2023-05-01 16:19:51 | [Test worker] client.Util:127 | <-- A05AEA0B000000001976A914FFE9C0061097CC3B636F2CB0460FA4FC427D2B4588AC 9000 (34 B)
DEBUG | 2023-05-01 16:19:51 | [Test worker] client.Util:127 | <-- A05AEA0B000000001976A914FFE9C0061097CC3B636F2CB0460FA4FC427D2B4588AC 9000 (34 B)
DEBUG | 2023-05-01 16:19:51 | [Test worker] client.Util:120 | --> [0507000000] (5 B)
DEBUG | 2023-05-01 16:19:51 | [Test worker] client.Util:120 | --> [0507000000] (5 B)
DEBUG | 2023-05-01 16:19:51 | [Test worker] client.Util:127 | <-- 005E0000 9000 (4 B)
DEBUG | 2023-05-01 16:19:51 | [Test worker] client.Util:127 | <-- 005E0000 9000 (4 B)
Test transaction5: passed
DEBUG | 2023-05-01 16:19:51 | [Test worker] client.Util:120 | --> [0000000000] (5 B)
DEBUG | 2023-05-01 16:19:51 | [Test worker] client.Util:120 | --> [0000000000] (5 B)
DEBUG | 2023-05-01 16:19:51 | [Test worker] client.Util:130 | <-- 9000
DEBUG | 2023-05-01 16:19:51 | [Test worker] client.Util:130 | <-- 9000
DEBUG | 2023-05-01 16:19:51 | [Test worker] client.Util:120 | --> [00010000FA70736274FF01005202000000019DFC6628C26C5899FE1BD3DC338665BFD55D7ADA10F6220973DF2D386DEC12760100000000FFFFFFFF01F03DCD1D000000001600147B3A00BFDC14D27795C2B74901D09DA6EF133579000000004F01043587CF02DA3FD0088000000097048B1AD0445B1EC8275517727C87B4E4EBC18A203FFA0F94C01566BD38E9000351B743887EE1D40DC32A6043724F2D6459B3B5A4D73DAEC8FBAE0472F3BC43E20CD90C6A4FAE000080000000804F01043587CF02DA3FD00880000001B90452427139CD78C2CFF2444BE353CD58605E3E513285E528B407FAE3F6173503D30A5E97C8ADBC557DAC2AD9A7E39C1722EBAC] (255 B)
DEBUG | 2023-05-01 16:19:51 | [Test worker] client.Util:120 | --> [00010000FA70736274FF01005202000000019DFC6628C26C5899FE1BD3DC338665BFD55D7ADA10F6220973DF2D386DEC12760100000000FFFFFFFF01F03DCD1D000000001600147B3A00BFDC14D27795C2B74901D09DA6EF133579000000004F01043587CF02DA3FD0088000000097048B1AD0445B1EC8275517727C87B4E4EBC18A203FFA0F94C01566BD38E9000351B743887EE1D40DC32A6043724F2D6459B3B5A4D73DAEC8FBAE0472F3BC43E20CD90C6A4FAE000080000000804F01043587CF02DA3FD00880000001B90452427139CD78C2CFF2444BE353CD58605E3E513285E528B407FAE3F6173503D30A5E97C8ADBC557DAC2AD9A7E39C1722EBAC] (255 B)
DEBUG | 2023-05-01 16:19:51 | [Test worker] client.Util:130 | <-- 9000
DEBUG | 2023-05-01 16:19:51 | [Test worker] client.Util:130 | <-- 9000
DEBUG | 2023-05-01 16:19:51 | [Test worker] client.Util:133 | Elapsed time 1 ms
DEBUG | 2023-05-01 16:19:51 | [Test worker] client.Util:120 | --> [00010000FA69E668B6F2667CC1D671C83CAB0CD90C6A4FAE000080010000800001012B0065CD1D000000002200202C5486126C4978079A814E13715D65F36459E4D6CCADED266D0508645BAFA6320105475221029DA12CDB5B235692B91536AFEFE5C91C3AB9473D8E43B533836AB456299C88712103372B34234ED7CF9C1FEA5D05D441557927BE9542B162EB02E1AB2CE80224C00B52AE2206029DA12CDB5B235692B91536AFEFE5C91C3AB9473D8E43B533836AB456299C887110D90C6A4FAE0000800000008000000000220603372B34234ED7CF9C1FEA5D05D441557927BE9542B162EB02E1AB2CE80224C00B10D90C6A4FAE00008001000080000000] (255 B)
DEBUG | 2023-05-01 16:19:51 | [Test worker] client.Util:120 | --> [00010000FA69E668B6F2667CC1D671C83CAB0CD90C6A4FAE000080010000800001012B0065CD1D000000002200202C5486126C4978079A814E13715D65F36459E4D6CCADED266D0508645BAFA6320105475221029DA12CDB5B235692B91536AFEFE5C91C3AB9473D8E43B533836AB456299C88712103372B34234ED7CF9C1FEA5D05D441557927BE9542B162EB02E1AB2CE80224C00B52AE2206029DA12CDB5B235692B91536AFEFE5C91C3AB9473D8E43B533836AB456299C887110D90C6A4FAE0000800000008000000000220603372B34234ED7CF9C1FEA5D05D441557927BE9542B162EB02E1AB2CE80224C00B10D90C6A4FAE00008001000080000000] (255 B)
DEBUG | 2023-05-01 16:19:51 | [Test worker] client.Util:130 | <-- 9000
DEBUG | 2023-05-01 16:19:51 | [Test worker] client.Util:130 | <-- 9000
DEBUG | 2023-05-01 16:19:51 | [Test worker] client.Util:133 | Elapsed time 1 ms
DEBUG | 2023-05-01 16:19:51 | [Test worker] client.Util:120 | --> [000100003700002202039EFF1F547A1D5F92DFA2BA7AF6AC971A4BD03BA4A734B03156A256B8AD3A1EF910EDE45CC500000080000000800100008000] (60 B)
DEBUG | 2023-05-01 16:19:51 | [Test worker] client.Util:120 | --> [000100003700002202039EFF1F547A1D5F92DFA2BA7AF6AC971A4BD03BA4A734B03156A256B8AD3A1EF910EDE45CC500000080000000800100008000] (60 B)
DEBUG | 2023-05-01 16:19:51 | [Test worker] client.Util:130 | <-- 9000
DEBUG | 2023-05-01 16:19:51 | [Test worker] client.Util:130 | <-- 9000
DEBUG | 2023-05-01 16:19:51 | [Test worker] client.Util:133 | Elapsed time 1 ms
DEBUG | 2023-05-01 16:19:51 | [Test worker] client.Util:120 | --> [0002000000] (5 B)
DEBUG | 2023-05-01 16:19:51 | [Test worker] client.Util:120 | --> [0002000000] (5 B)
DEBUG | 2023-05-01 16:19:51 | [Test worker] client.Util:130 | <-- 9000
DEBUG | 2023-05-01 16:19:51 | [Test worker] client.Util:130 | <-- 9000
DEBUG | 2023-05-01 16:19:51 | [Test worker] client.Util:133 | Elapsed time 1 ms
DEBUG | 2023-05-01 16:19:51 | [Test worker] client.Util:120 | --> [0505000000] (5 B)
DEBUG | 2023-05-01 16:19:51 | [Test worker] client.Util:120 | --> [0505000000] (5 B)
DEBUG | 2023-05-01 16:19:51 | [Test worker] client.Util:127 | <-- 00010000 9000 (4 B)
DEBUG | 2023-05-01 16:19:51 | [Test worker] client.Util:127 | <-- 00010000 9000 (4 B)
DEBUG | 2023-05-01 16:19:51 | [Test worker] client.Util:133 | Elapsed time 1 ms
DEBUG | 2023-05-01 16:19:51 | [Test worker] client.Util:120 | --> [0504000000] (5 B)
DEBUG | 2023-05-01 16:19:51 | [Test worker] client.Util:120 | --> [0504000000] (5 B)
DEBUG | 2023-05-01 16:19:51 | [Test worker] client.Util:127 | <-- 00010000 9000 (4 B)
DEBUG | 2023-05-01 16:19:51 | [Test worker] client.Util:127 | <-- 00010000 9000 (4 B)
DEBUG | 2023-05-01 16:19:51 | [Test worker] client.Util:120 | --> [0507000000] (5 B)
DEBUG | 2023-05-01 16:19:51 | [Test worker] client.Util:120 | --> [0507000000] (5 B)
DEBUG | 2023-05-01 16:19:51 | [Test worker] client.Util:127 | <-- 00150000 9000 (4 B)
DEBUG | 2023-05-01 16:19:51 | [Test worker] client.Util:127 | <-- 00150000 9000 (4 B)
DEBUG | 2023-05-01 16:19:51 | [Test worker] client.Util:120 | --> [0C00000000] (5 B)
DEBUG | 2023-05-01 16:19:51 | [Test worker] client.Util:120 | --> [0C00000000] (5 B)
DEBUG | 2023-05-01 16:19:51 | [Test worker] client.Util:127 | <-- 000D0036 9000 (4 B)
DEBUG | 2023-05-01 16:19:51 | [Test worker] client.Util:127 | <-- 000D0036 9000 (4 B)
DEBUG | 2023-05-01 16:19:51 | [Test worker] client.Util:120 | --> [0403000004000D003604] (10 B)
DEBUG | 2023-05-01 16:19:51 | [Test worker] client.Util:120 | --> [0403000004000D003604] (10 B)
DEBUG | 2023-05-01 16:19:51 | [Test worker] client.Util:127 | <-- 9DFC6628C26C5899FE1BD3DC338665BFD55D7ADA10F6220973DF2D386DEC12760100000000FFFFFFFF 9000 (41 B)
DEBUG | 2023-05-01 16:19:51 | [Test worker] client.Util:127 | <-- 9DFC6628C26C5899FE1BD3DC338665BFD55D7ADA10F6220973DF2D386DEC12760100000000FFFFFFFF 9000 (41 B)
DEBUG | 2023-05-01 16:19:51 | [Test worker] client.Util:133 | Elapsed time 1 ms
DEBUG | 2023-05-01 16:19:51 | [Test worker] client.Util:120 | --> [0D00000000] (5 B)
DEBUG | 2023-05-01 16:19:51 | [Test worker] client.Util:120 | --> [0D00000000] (5 B)
DEBUG | 2023-05-01 16:19:51 | [Test worker] client.Util:127 | <-- 00370056 9000 (4 B)
DEBUG | 2023-05-01 16:19:51 | [Test worker] client.Util:127 | <-- 00370056 9000 (4 B)
DEBUG | 2023-05-01 16:19:51 | [Test worker] client.Util:133 | Elapsed time 1 ms
DEBUG | 2023-05-01 16:19:51 | [Test worker] client.Util:120 | --> [04030000040037005604] (10 B)
DEBUG | 2023-05-01 16:19:51 | [Test worker] client.Util:120 | --> [04030000040037005604] (10 B)
DEBUG | 2023-05-01 16:19:51 | [Test worker] client.Util:127 | <-- F03DCD1D000000001600147B3A00BFDC14D27795C2B74901D09DA6EF133579 9000 (31 B)
DEBUG | 2023-05-01 16:19:51 | [Test worker] client.Util:127 | <-- F03DCD1D000000001600147B3A00BFDC14D27795C2B74901D09DA6EF133579 9000 (31 B)
DEBUG | 2023-05-01 16:19:51 | [Test worker] client.Util:133 | Elapsed time 1 ms
Test transaction6: passed
DEBUG | 2023-05-01 16:19:51 | [Test worker] client.Util:120 | --> [0000000000] (5 B)
DEBUG | 2023-05-01 16:19:51 | [Test worker] client.Util:120 | --> [0000000000] (5 B)
DEBUG | 2023-05-01 16:19:51 | [Test worker] client.Util:130 | <-- 9000
DEBUG | 2023-05-01 16:19:51 | [Test worker] client.Util:130 | <-- 9000
DEBUG | 2023-05-01 16:19:51 | [Test worker] client.Util:120 | --> [000100006570736274FF01003F0200000001FFFFFFFFFFFFFFFFFFFFFFFFFFFFFFFFFFFFFFFFFFFFFFFFFFFFFFFFFFFFFFFF0000000000FFFFFFFF010000000000000000036A010000000000000AF00102030405060708090F0102030405060708090A0B0C0D0E0F0000] (106 B)
DEBUG | 2023-05-01 16:19:51 | [Test worker] client.Util:120 | --> [000100006570736274FF01003F0200000001FFFFFFFFFFFFFFFFFFFFFFFFFFFFFFFFFFFFFFFFFFFFFFFFFFFFFFFFFFFFFFFF0000000000FFFFFFFF010000000000000000036A010000000000000AF00102030405060708090F0102030405060708090A0B0C0D0E0F0000] (106 B)
DEBUG | 2023-05-01 16:19:51 | [Test worker] client.Util:130 | <-- 9000
DEBUG | 2023-05-01 16:19:51 | [Test worker] client.Util:130 | <-- 9000
DEBUG | 2023-05-01 16:19:51 | [Test worker] client.Util:133 | Elapsed time 1 ms
DEBUG | 2023-05-01 16:19:51 | [Test worker] client.Util:120 | --> [0002000000] (5 B)
DEBUG | 2023-05-01 16:19:51 | [Test worker] client.Util:120 | --> [0002000000] (5 B)
DEBUG | 2023-05-01 16:19:51 | [Test worker] client.Util:130 | <-- 9000
DEBUG | 2023-05-01 16:19:51 | [Test worker] client.Util:130 | <-- 9000
DEBUG | 2023-05-01 16:19:51 | [Test worker] client.Util:133 | Elapsed time 1 ms
DEBUG | 2023-05-01 16:19:51 | [Test worker] client.Util:120 | --> [0505000000] (5 B)
DEBUG | 2023-05-01 16:19:51 | [Test worker] client.Util:120 | --> [0505000000] (5 B)
DEBUG | 2023-05-01 16:19:51 | [Test worker] client.Util:127 | <-- 00010000 9000 (4 B)
DEBUG | 2023-05-01 16:19:51 | [Test worker] client.Util:127 | <-- 00010000 9000 (4 B)
DEBUG | 2023-05-01 16:19:51 | [Test worker] client.Util:120 | --> [0504000000] (5 B)
DEBUG | 2023-05-01 16:19:51 | [Test worker] client.Util:120 | --> [0504000000] (5 B)
DEBUG | 2023-05-01 16:19:51 | [Test worker] client.Util:127 | <-- 00010000 9000 (4 B)
DEBUG | 2023-05-01 16:19:51 | [Test worker] client.Util:127 | <-- 00010000 9000 (4 B)
DEBUG | 2023-05-01 16:19:51 | [Test worker] client.Util:120 | --> [0C00000000] (5 B)
DEBUG | 2023-05-01 16:19:51 | [Test worker] client.Util:120 | --> [0C00000000] (5 B)
DEBUG | 2023-05-01 16:19:51 | [Test worker] client.Util:127 | <-- 000D0036 9000 (4 B)
DEBUG | 2023-05-01 16:19:51 | [Test worker] client.Util:127 | <-- 000D0036 9000 (4 B)
DEBUG | 2023-05-01 16:19:51 | [Test worker] client.Util:133 | Elapsed time 1 ms
DEBUG | 2023-05-01 16:19:51 | [Test worker] client.Util:120 | --> [0403000004000D003604] (10 B)
DEBUG | 2023-05-01 16:19:51 | [Test worker] client.Util:120 | --> [0403000004000D003604] (10 B)
DEBUG | 2023-05-01 16:19:51 | [Test worker] client.Util:127 | <-- FFFFFFFFFFFFFFFFFFFFFFFFFFFFFFFFFFFFFFFFFFFFFFFFFFFFFFFFFFFFFFFF0000000000FFFFFFFF 9000 (41 B)
DEBUG | 2023-05-01 16:19:51 | [Test worker] client.Util:127 | <-- FFFFFFFFFFFFFFFFFFFFFFFFFFFFFFFFFFFFFFFFFFFFFFFFFFFFFFFFFFFFFFFF0000000000FFFFFFFF 9000 (41 B)
DEBUG | 2023-05-01 16:19:51 | [Test worker] client.Util:133 | Elapsed time 1 ms
DEBUG | 2023-05-01 16:19:51 | [Test worker] client.Util:120 | --> [0D00000000] (5 B)
DEBUG | 2023-05-01 16:19:51 | [Test worker] client.Util:120 | --> [0D00000000] (5 B)
DEBUG | 2023-05-01 16:19:51 | [Test worker] client.Util:127 | <-- 00370043 9000 (4 B)
DEBUG | 2023-05-01 16:19:51 | [Test worker] client.Util:127 | <-- 00370043 9000 (4 B)
DEBUG | 2023-05-01 16:19:51 | [Test worker] client.Util:133 | Elapsed time 1 ms
DEBUG | 2023-05-01 16:19:51 | [Test worker] client.Util:120 | --> [04030000040037004304] (10 B)
DEBUG | 2023-05-01 16:19:51 | [Test worker] client.Util:120 | --> [04030000040037004304] (10 B)
DEBUG | 2023-05-01 16:19:51 | [Test worker] client.Util:127 | <-- 0000000000000000036A0100 9000 (12 B)
DEBUG | 2023-05-01 16:19:51 | [Test worker] client.Util:127 | <-- 0000000000000000036A0100 9000 (12 B)
DEBUG | 2023-05-01 16:19:51 | [Test worker] client.Util:120 | --> [0507000000] (5 B)
DEBUG | 2023-05-01 16:19:51 | [Test worker] client.Util:120 | --> [0507000000] (5 B)
DEBUG | 2023-05-01 16:19:51 | [Test worker] client.Util:127 | <-- 00480000 9000 (4 B)
DEBUG | 2023-05-01 16:19:51 | [Test worker] client.Util:127 | <-- 00480000 9000 (4 B)
Test transaction7: passed
DEBUG | 2023-05-01 16:19:51 | [Test worker] client.Util:120 | --> [0000000000] (5 B)
DEBUG | 2023-05-01 16:19:51 | [Test worker] client.Util:120 | --> [0000000000] (5 B)
DEBUG | 2023-05-01 16:19:51 | [Test worker] client.Util:130 | <-- 9000
DEBUG | 2023-05-01 16:19:51 | [Test worker] client.Util:130 | <-- 9000
DEBUG | 2023-05-01 16:19:51 | [Test worker] client.Util:120 | --> [00010000FA70736274FF01009D0100000002710EA76AB45C5CB6438E607E59CC037626981805AE9E0DFD9089012ABB0BE5350100000000FFFFFFFF190994D6A8B3C8C82CCBCFB2FBA4106AA06639B872A8D447465C0D42588D6D670000000000FFFFFFFF0200E1F505000000001976A914B6BC2C0EE5655A843D79AFEDD0CCC3F7DD64340988AC605AF405000000001600141188EF8E4CE0449EAAC8FB141CBF5A1176E6A088000000004F010488B21E039E530CAC800000003DBC8A5C9769F031B17E77FEA1518603221A18FD18F2B9A54C6C8C1AC75CBC3502F230584B155D1C7F1CD45120A653C48D650B431B67C5B2C13F27D7142037C1691027569C50] (255 B)
DEBUG | 2023-05-01 16:19:51 | [Test worker] client.Util:120 | --> [00010000FA70736274FF01009D0100000002710EA76AB45C5CB6438E607E59CC037626981805AE9E0DFD9089012ABB0BE5350100000000FFFFFFFF190994D6A8B3C8C82CCBCFB2FBA4106AA06639B872A8D447465C0D42588D6D670000000000FFFFFFFF0200E1F505000000001976A914B6BC2C0EE5655A843D79AFEDD0CCC3F7DD64340988AC605AF405000000001600141188EF8E4CE0449EAAC8FB141CBF5A1176E6A088000000004F010488B21E039E530CAC800000003DBC8A5C9769F031B17E77FEA1518603221A18FD18F2B9A54C6C8C1AC75CBC3502F230584B155D1C7F1CD45120A653C48D650B431B67C5B2C13F27D7142037C1691027569C50] (255 B)
DEBUG | 2023-05-01 16:19:51 | [Test worker] client.Util:130 | <-- 9000
DEBUG | 2023-05-01 16:19:51 | [Test worker] client.Util:130 | <-- 9000
DEBUG | 2023-05-01 16:19:51 | [Test worker] client.Util:120 | --> [00010000FA3100008000000080000000800001011F00E1F5050000000016001433B982F91B28F160C920B4AB95E58CE50DDA3A4A220203309680F33C7DE38EA6A47CD4ECD66F1F5A49747C6FFB8808ED09039243E3AD5C47304402202D704CED830C56A909344BD742B6852DCCD103E963BAE92D38E75254D2BB424502202D86C437195DF46C0CEDA084F2A291C3DA2D64070F76BF9B90B195E7EF28F77201220603309680F33C7DE38EA6A47CD4ECD66F1F5A49747C6FFB8808ED09039243E3AD5C1827569C5031000080000000800000008000000000010000000001011F00E1F50500000000160014388FB944307EB77EF45197D0B0B245E079F011DE22] (255 B)
DEBUG | 2023-05-01 16:19:51 | [Test worker] client.Util:120 | --> [00010000FA3100008000000080000000800001011F00E1F5050000000016001433B982F91B28F160C920B4AB95E58CE50DDA3A4A220203309680F33C7DE38EA6A47CD4ECD66F1F5A49747C6FFB8808ED09039243E3AD5C47304402202D704CED830C56A909344BD742B6852DCCD103E963BAE92D38E75254D2BB424502202D86C437195DF46C0CEDA084F2A291C3DA2D64070F76BF9B90B195E7EF28F77201220603309680F33C7DE38EA6A47CD4ECD66F1F5A49747C6FFB8808ED09039243E3AD5C1827569C5031000080000000800000008000000000010000000001011F00E1F50500000000160014388FB944307EB77EF45197D0B0B245E079F011DE22] (255 B)
DEBUG | 2023-05-01 16:19:51 | [Test worker] client.Util:130 | <-- 9000
DEBUG | 2023-05-01 16:19:51 | [Test worker] client.Util:130 | <-- 9000
DEBUG | 2023-05-01 16:19:51 | [Test worker] client.Util:133 | Elapsed time 1 ms
DEBUG | 2023-05-01 16:19:51 | [Test worker] client.Util:120 | --> [00010000E50202C777161F73D0B7C72B9EE7BDE650293D13F095BC7656AD1F525DA5FD2E10B11047304402204CB1FB5F869C942E0E26100576125439179AE88DCA8A9DC3BA08F7953988FAA60220521F49CA791C27D70E273C9B14616985909361E25BE274EA200D7E08827E514D01220602C777161F73D0B7C72B9EE7BDE650293D13F095BC7656AD1F525DA5FD2E10B1101827569C5031000080000000800000008000000000000000000000220202D20CA502EE289686D21815BD43A80637B0698E1FBCDBE4CAED445F6C1A0A90EF1827569C50310000800000008000000080000000000400000000] (234 B)
DEBUG | 2023-05-01 16:19:51 | [Test worker] client.Util:120 | --> [00010000E50202C777161F73D0B7C72B9EE7BDE650293D13F095BC7656AD1F525DA5FD2E10B11047304402204CB1FB5F869C942E0E26100576125439179AE88DCA8A9DC3BA08F7953988FAA60220521F49CA791C27D70E273C9B14616985909361E25BE274EA200D7E08827E514D01220602C777161F73D0B7C72B9EE7BDE650293D13F095BC7656AD1F525DA5FD2E10B1101827569C5031000080000000800000008000000000000000000000220202D20CA502EE289686D21815BD43A80637B0698E1FBCDBE4CAED445F6C1A0A90EF1827569C50310000800000008000000080000000000400000000] (234 B)
DEBUG | 2023-05-01 16:19:51 | [Test worker] client.Util:130 | <-- 9000
DEBUG | 2023-05-01 16:19:51 | [Test worker] client.Util:130 | <-- 9000
DEBUG | 2023-05-01 16:19:51 | [Test worker] client.Util:133 | Elapsed time 1 ms
DEBUG | 2023-05-01 16:19:51 | [Test worker] client.Util:120 | --> [0002000000] (5 B)
DEBUG | 2023-05-01 16:19:51 | [Test worker] client.Util:120 | --> [0002000000] (5 B)
DEBUG | 2023-05-01 16:19:51 | [Test worker] client.Util:130 | <-- 9000
DEBUG | 2023-05-01 16:19:51 | [Test worker] client.Util:130 | <-- 9000
DEBUG | 2023-05-01 16:19:51 | [Test worker] client.Util:120 | --> [0505000000] (5 B)
DEBUG | 2023-05-01 16:19:51 | [Test worker] client.Util:120 | --> [0505000000] (5 B)
DEBUG | 2023-05-01 16:19:51 | [Test worker] client.Util:127 | <-- 00020000 9000 (4 B)
DEBUG | 2023-05-01 16:19:51 | [Test worker] client.Util:127 | <-- 00020000 9000 (4 B)
DEBUG | 2023-05-01 16:19:51 | [Test worker] client.Util:120 | --> [0504000000] (5 B)
DEBUG | 2023-05-01 16:19:51 | [Test worker] client.Util:120 | --> [0504000000] (5 B)
DEBUG | 2023-05-01 16:19:51 | [Test worker] client.Util:127 | <-- 00020000 9000 (4 B)
DEBUG | 2023-05-01 16:19:51 | [Test worker] client.Util:127 | <-- 00020000 9000 (4 B)
DEBUG | 2023-05-01 16:19:51 | [Test worker] client.Util:133 | Elapsed time 1 ms
DEBUG | 2023-05-01 16:19:51 | [Test worker] client.Util:120 | --> [0C00000000] (5 B)
DEBUG | 2023-05-01 16:19:51 | [Test worker] client.Util:120 | --> [0C00000000] (5 B)
DEBUG | 2023-05-01 16:19:51 | [Test worker] client.Util:127 | <-- 000D0036 9000 (4 B)
DEBUG | 2023-05-01 16:19:51 | [Test worker] client.Util:127 | <-- 000D0036 9000 (4 B)
DEBUG | 2023-05-01 16:19:51 | [Test worker] client.Util:120 | --> [0403000004000D003604] (10 B)
DEBUG | 2023-05-01 16:19:51 | [Test worker] client.Util:120 | --> [0403000004000D003604] (10 B)
DEBUG | 2023-05-01 16:19:51 | [Test worker] client.Util:127 | <-- 710EA76AB45C5CB6438E607E59CC037626981805AE9E0DFD9089012ABB0BE5350100000000FFFFFFFF 9000 (41 B)
DEBUG | 2023-05-01 16:19:51 | [Test worker] client.Util:127 | <-- 710EA76AB45C5CB6438E607E59CC037626981805AE9E0DFD9089012ABB0BE5350100000000FFFFFFFF 9000 (41 B)
DEBUG | 2023-05-01 16:19:51 | [Test worker] client.Util:120 | --> [0C00010000] (5 B)
DEBUG | 2023-05-01 16:19:51 | [Test worker] client.Util:120 | --> [0C00010000] (5 B)
DEBUG | 2023-05-01 16:19:51 | [Test worker] client.Util:127 | <-- 0036005F 9000 (4 B)
DEBUG | 2023-05-01 16:19:51 | [Test worker] client.Util:127 | <-- 0036005F 9000 (4 B)
DEBUG | 2023-05-01 16:19:51 | [Test worker] client.Util:133 | Elapsed time 1 ms
DEBUG | 2023-05-01 16:19:51 | [Test worker] client.Util:120 | --> [04030000040036005F04] (10 B)
DEBUG | 2023-05-01 16:19:51 | [Test worker] client.Util:120 | --> [04030000040036005F04] (10 B)
DEBUG | 2023-05-01 16:19:51 | [Test worker] client.Util:127 | <-- 190994D6A8B3C8C82CCBCFB2FBA4106AA06639B872A8D447465C0D42588D6D670000000000FFFFFFFF 9000 (41 B)
DEBUG | 2023-05-01 16:19:51 | [Test worker] client.Util:127 | <-- 190994D6A8B3C8C82CCBCFB2FBA4106AA06639B872A8D447465C0D42588D6D670000000000FFFFFFFF 9000 (41 B)
DEBUG | 2023-05-01 16:19:51 | [Test worker] client.Util:133 | Elapsed time 1 ms
DEBUG | 2023-05-01 16:19:51 | [Test worker] client.Util:120 | --> [0D00000000] (5 B)
DEBUG | 2023-05-01 16:19:51 | [Test worker] client.Util:120 | --> [0D00000000] (5 B)
DEBUG | 2023-05-01 16:19:51 | [Test worker] client.Util:127 | <-- 00600082 9000 (4 B)
DEBUG | 2023-05-01 16:19:51 | [Test worker] client.Util:127 | <-- 00600082 9000 (4 B)
DEBUG | 2023-05-01 16:19:51 | [Test worker] client.Util:133 | Elapsed time 1 ms
DEBUG | 2023-05-01 16:19:51 | [Test worker] client.Util:120 | --> [04030000040060008204] (10 B)
DEBUG | 2023-05-01 16:19:51 | [Test worker] client.Util:120 | --> [04030000040060008204] (10 B)
DEBUG | 2023-05-01 16:19:51 | [Test worker] client.Util:127 | <-- 00E1F505000000001976A914B6BC2C0EE5655A843D79AFEDD0CCC3F7DD64340988AC 9000 (34 B)
DEBUG | 2023-05-01 16:19:51 | [Test worker] client.Util:127 | <-- 00E1F505000000001976A914B6BC2C0EE5655A843D79AFEDD0CCC3F7DD64340988AC 9000 (34 B)
DEBUG | 2023-05-01 16:19:51 | [Test worker] client.Util:120 | --> [0D00010000] (5 B)
DEBUG | 2023-05-01 16:19:51 | [Test worker] client.Util:120 | --> [0D00010000] (5 B)
DEBUG | 2023-05-01 16:19:51 | [Test worker] client.Util:127 | <-- 008200A1 9000 (4 B)
DEBUG | 2023-05-01 16:19:51 | [Test worker] client.Util:127 | <-- 008200A1 9000 (4 B)
DEBUG | 2023-05-01 16:19:51 | [Test worker] client.Util:120 | --> [0403000004008200A104] (10 B)
DEBUG | 2023-05-01 16:19:51 | [Test worker] client.Util:120 | --> [0403000004008200A104] (10 B)
DEBUG | 2023-05-01 16:19:51 | [Test worker] client.Util:127 | <-- 605AF405000000001600141188EF8E4CE0449EAAC8FB141CBF5A1176E6A088 9000 (31 B)
DEBUG | 2023-05-01 16:19:51 | [Test worker] client.Util:127 | <-- 605AF405000000001600141188EF8E4CE0449EAAC8FB141CBF5A1176E6A088 9000 (31 B)
DEBUG | 2023-05-01 16:19:51 | [Test worker] client.Util:133 | Elapsed time 1 ms
DEBUG | 2023-05-01 16:19:51 | [Test worker] client.Util:120 | --> [0507000000] (5 B)
DEBUG | 2023-05-01 16:19:51 | [Test worker] client.Util:120 | --> [0507000000] (5 B)
DEBUG | 2023-05-01 16:19:51 | [Test worker] client.Util:127 | <-- 00070000 9000 (4 B)
DEBUG | 2023-05-01 16:19:51 | [Test worker] client.Util:127 | <-- 00070000 9000 (4 B)
DEBUG | 2023-05-01 16:19:51 | [Test worker] client.Util:133 | Elapsed time 1 ms
Test transaction8: passed
DEBUG | 2023-05-01 16:19:51 | [Test worker] client.Util:120 | --> [0000000000] (5 B)
DEBUG | 2023-05-01 16:19:51 | [Test worker] client.Util:120 | --> [0000000000] (5 B)
DEBUG | 2023-05-01 16:19:51 | [Test worker] client.Util:130 | <-- 9000
DEBUG | 2023-05-01 16:19:51 | [Test worker] client.Util:130 | <-- 9000
DEBUG | 2023-05-01 16:19:51 | [Test worker] client.Util:120 | --> [000100001370736274FF01000A0000000000000000000000] (24 B)
DEBUG | 2023-05-01 16:19:51 | [Test worker] client.Util:120 | --> [000100001370736274FF01000A0000000000000000000000] (24 B)
DEBUG | 2023-05-01 16:19:51 | [Test worker] client.Util:130 | <-- 9000
DEBUG | 2023-05-01 16:19:51 | [Test worker] client.Util:130 | <-- 9000
DEBUG | 2023-05-01 16:19:51 | [Test worker] client.Util:120 | --> [0002000000] (5 B)
DEBUG | 2023-05-01 16:19:51 | [Test worker] client.Util:120 | --> [0002000000] (5 B)
DEBUG | 2023-05-01 16:19:51 | [Test worker] client.Util:130 | <-- 9000
DEBUG | 2023-05-01 16:19:51 | [Test worker] client.Util:130 | <-- 9000
DEBUG | 2023-05-01 16:19:51 | [Test worker] client.Util:120 | --> [0505000000] (5 B)
DEBUG | 2023-05-01 16:19:51 | [Test worker] client.Util:120 | --> [0505000000] (5 B)
DEBUG | 2023-05-01 16:19:51 | [Test worker] client.Util:127 | <-- 00000000 9000 (4 B)
DEBUG | 2023-05-01 16:19:51 | [Test worker] client.Util:127 | <-- 00000000 9000 (4 B)
DEBUG | 2023-05-01 16:19:51 | [Test worker] client.Util:120 | --> [0504000000] (5 B)
DEBUG | 2023-05-01 16:19:51 | [Test worker] client.Util:120 | --> [0504000000] (5 B)
DEBUG | 2023-05-01 16:19:51 | [Test worker] client.Util:127 | <-- 00000000 9000 (4 B)
DEBUG | 2023-05-01 16:19:51 | [Test worker] client.Util:127 | <-- 00000000 9000 (4 B)
DEBUG | 2023-05-01 16:19:51 | [Test worker] client.Util:120 | --> [0507000000] (5 B)
DEBUG | 2023-05-01 16:19:51 | [Test worker] client.Util:120 | --> [0507000000] (5 B)
DEBUG | 2023-05-01 16:19:51 | [Test worker] client.Util:127 | <-- 00130000 9000 (4 B)
DEBUG | 2023-05-01 16:19:51 | [Test worker] client.Util:127 | <-- 00130000 9000 (4 B)
DEBUG | 2023-05-01 16:19:51 | [Test worker] client.Util:133 | Elapsed time 1 ms
Test transaction9: passed
DEBUG | 2023-05-01 16:19:51 | [Test worker] client.Util:120 | --> [0000000000] (5 B)
DEBUG | 2023-05-01 16:19:51 | [Test worker] client.Util:120 | --> [0000000000] (5 B)
DEBUG | 2023-05-01 16:19:51 | [Test worker] client.Util:130 | <-- 9000
DEBUG | 2023-05-01 16:19:51 | [Test worker] client.Util:130 | <-- 9000
DEBUG | 2023-05-01 16:19:51 | [Test worker] client.Util:120 | --> [000100005770736274FF01004C020000000002D3DFF505000000001976A914D0C59903C5BAC2868760E90FD521A4665AA7652088AC00E1F5050000000017A9143545E6E33B832C47050F24D3EEB93C9C03948BC787B32E1300000000] (92 B)
DEBUG | 2023-05-01 16:19:51 | [Test worker] client.Util:120 | --> [000100005770736274FF01004C020000000002D3DFF505000000001976A914D0C59903C5BAC2868760E90FD521A4665AA7652088AC00E1F5050000000017A9143545E6E33B832C47050F24D3EEB93C9C03948BC787B32E1300000000] (92 B)
DEBUG | 2023-05-01 16:19:51 | [Test worker] client.Util:130 | <-- 9000
DEBUG | 2023-05-01 16:19:51 | [Test worker] client.Util:130 | <-- 9000
DEBUG | 2023-05-01 16:19:51 | [Test worker] client.Util:120 | --> [0002000000] (5 B)
DEBUG | 2023-05-01 16:19:51 | [Test worker] client.Util:120 | --> [0002000000] (5 B)
DEBUG | 2023-05-01 16:19:51 | [Test worker] client.Util:130 | <-- 9000
DEBUG | 2023-05-01 16:19:51 | [Test worker] client.Util:130 | <-- 9000
DEBUG | 2023-05-01 16:19:51 | [Test worker] client.Util:133 | Elapsed time 1 ms
DEBUG | 2023-05-01 16:19:51 | [Test worker] client.Util:120 | --> [0505000000] (5 B)
DEBUG | 2023-05-01 16:19:51 | [Test worker] client.Util:120 | --> [0505000000] (5 B)
DEBUG | 2023-05-01 16:19:51 | [Test worker] client.Util:127 | <-- 00000000 9000 (4 B)
DEBUG | 2023-05-01 16:19:51 | [Test worker] client.Util:127 | <-- 00000000 9000 (4 B)
DEBUG | 2023-05-01 16:19:51 | [Test worker] client.Util:120 | --> [0504000000] (5 B)
DEBUG | 2023-05-01 16:19:51 | [Test worker] client.Util:120 | --> [0504000000] (5 B)
DEBUG | 2023-05-01 16:19:51 | [Test worker] client.Util:127 | <-- 00020000 9000 (4 B)
DEBUG | 2023-05-01 16:19:51 | [Test worker] client.Util:127 | <-- 00020000 9000 (4 B)
Test transaction10: passed
DEBUG | 2023-05-01 16:19:51 | [Test worker] client.Util:120 | --> [0000000000] (5 B)
DEBUG | 2023-05-01 16:19:51 | [Test worker] client.Util:120 | --> [0000000000] (5 B)
DEBUG | 2023-05-01 16:19:51 | [Test worker] client.Util:130 | <-- 9000
DEBUG | 2023-05-01 16:19:51 | [Test worker] client.Util:130 | <-- 9000
DEBUG | 2023-05-01 16:19:51 | [Test worker] client.Util:120 | --> [000100009170736274FF01020402000000010401010105010201FB040200000000010E200B0AD921419C1C8719735D72DC739F9EA9E0638D1FE4C1EEF0F9944084815FC8010F0400000000000103080008AF2F000000000104160014C430F64C4756DA310DBD1A085572EF299926272C000103088BBDEB0B0000000001041600144DD193AC964A56AC1B9E1CCA8454FE2F474F851300] (150 B)
DEBUG | 2023-05-01 16:19:51 | [Test worker] client.Util:120 | --> [000100009170736274FF01020402000000010401010105010201FB040200000000010E200B0AD921419C1C8719735D72DC739F9EA9E0638D1FE4C1EEF0F9944084815FC8010F0400000000000103080008AF2F000000000104160014C430F64C4756DA310DBD1A085572EF299926272C000103088BBDEB0B0000000001041600144DD193AC964A56AC1B9E1CCA8454FE2F474F851300] (150 B)
DEBUG | 2023-05-01 16:19:51 | [Test worker] client.Util:130 | <-- 9000
DEBUG | 2023-05-01 16:19:51 | [Test worker] client.Util:130 | <-- 9000
DEBUG | 2023-05-01 16:19:51 | [Test worker] client.Util:120 | --> [0002000000] (5 B)
DEBUG | 2023-05-01 16:19:51 | [Test worker] client.Util:120 | --> [0002000000] (5 B)
DEBUG | 2023-05-01 16:19:51 | [Test worker] client.Util:130 | <-- 9000
DEBUG | 2023-05-01 16:19:51 | [Test worker] client.Util:130 | <-- 9000
DEBUG | 2023-05-01 16:19:51 | [Test worker] client.Util:133 | Elapsed time 1 ms
DEBUG | 2023-05-01 16:19:51 | [Test worker] client.Util:120 | --> [0505000000] (5 B)
DEBUG | 2023-05-01 16:19:51 | [Test worker] client.Util:120 | --> [0505000000] (5 B)
DEBUG | 2023-05-01 16:19:51 | [Test worker] client.Util:127 | <-- 00010000 9000 (4 B)
DEBUG | 2023-05-01 16:19:51 | [Test worker] client.Util:127 | <-- 00010000 9000 (4 B)
DEBUG | 2023-05-01 16:19:51 | [Test worker] client.Util:120 | --> [0504000000] (5 B)
DEBUG | 2023-05-01 16:19:51 | [Test worker] client.Util:120 | --> [0504000000] (5 B)
DEBUG | 2023-05-01 16:19:51 | [Test worker] client.Util:127 | <-- 00020000 9000 (4 B)
DEBUG | 2023-05-01 16:19:51 | [Test worker] client.Util:127 | <-- 00020000 9000 (4 B)
Test transaction11: passed
DEBUG | 2023-05-01 16:19:51 | [Test worker] client.Util:120 | --> [0000000000] (5 B)
DEBUG | 2023-05-01 16:19:51 | [Test worker] client.Util:120 | --> [0000000000] (5 B)
DEBUG | 2023-05-01 16:19:51 | [Test worker] client.Util:130 | <-- 9000
DEBUG | 2023-05-01 16:19:51 | [Test worker] client.Util:130 | <-- 9000
DEBUG | 2023-05-01 16:19:51 | [Test worker] client.Util:120 | --> [00010000FA70736274FF01020402000000010401010105010201FB0402000000000100520200000001C1AA256E214B96A1822F93DE42BFF3B5F3FF8D0519306E3515D7515A5E805B120000000000FFFFFFFF0118C69A3B00000000160014B0A3AF144208412693CA7D166852B52DB0AEF06E0000000001011F18C69A3B00000000160014B0A3AF144208412693CA7D166852B52DB0AEF06E010E200B0AD921419C1C8719735D72DC739F9EA9E0638D1FE4C1EEF0F9944084815FC8010F040000000000220202D601F84846A6755F776BE00E3D9DE8FB10ACC935FB83C45FB0162D4CAD5AB79218F69D873E540000800100008000000080000000002A000000] (255 B)
DEBUG | 2023-05-01 16:19:51 | [Test worker] client.Util:120 | --> [00010000FA70736274FF01020402000000010401010105010201FB0402000000000100520200000001C1AA256E214B96A1822F93DE42BFF3B5F3FF8D0519306E3515D7515A5E805B120000000000FFFFFFFF0118C69A3B00000000160014B0A3AF144208412693CA7D166852B52DB0AEF06E0000000001011F18C69A3B00000000160014B0A3AF144208412693CA7D166852B52DB0AEF06E010E200B0AD921419C1C8719735D72DC739F9EA9E0638D1FE4C1EEF0F9944084815FC8010F040000000000220202D601F84846A6755F776BE00E3D9DE8FB10ACC935FB83C45FB0162D4CAD5AB79218F69D873E540000800100008000000080000000002A000000] (255 B)
DEBUG | 2023-05-01 16:19:51 | [Test worker] client.Util:130 | <-- 9000
DEBUG | 2023-05-01 16:19:51 | [Test worker] client.Util:130 | <-- 9000
DEBUG | 2023-05-01 16:19:51 | [Test worker] client.Util:133 | Elapsed time 1 ms
DEBUG | 2023-05-01 16:19:51 | [Test worker] client.Util:120 | --> [00010000860103080008AF2F000000000104160014C430F64C4756DA310DBD1A085572EF299926272C00220202E36FBFF53DD534070CF8FD396614680F357A9B85DB7340BF1CFA745D2AD7B34018F69D873E54000080010000800000008001000000640000000103088BBDEB0B0000000001041600144DD193AC964A56AC1B9E1CCA8454FE2F474F851300] (139 B)
DEBUG | 2023-05-01 16:19:51 | [Test worker] client.Util:120 | --> [00010000860103080008AF2F000000000104160014C430F64C4756DA310DBD1A085572EF299926272C00220202E36FBFF53DD534070CF8FD396614680F357A9B85DB7340BF1CFA745D2AD7B34018F69D873E54000080010000800000008001000000640000000103088BBDEB0B0000000001041600144DD193AC964A56AC1B9E1CCA8454FE2F474F851300] (139 B)
DEBUG | 2023-05-01 16:19:51 | [Test worker] client.Util:130 | <-- 9000
DEBUG | 2023-05-01 16:19:51 | [Test worker] client.Util:130 | <-- 9000
DEBUG | 2023-05-01 16:19:51 | [Test worker] client.Util:133 | Elapsed time 1 ms
DEBUG | 2023-05-01 16:19:51 | [Test worker] client.Util:120 | --> [0002000000] (5 B)
DEBUG | 2023-05-01 16:19:51 | [Test worker] client.Util:120 | --> [0002000000] (5 B)
DEBUG | 2023-05-01 16:19:51 | [Test worker] client.Util:130 | <-- 9000
DEBUG | 2023-05-01 16:19:51 | [Test worker] client.Util:130 | <-- 9000
DEBUG | 2023-05-01 16:19:51 | [Test worker] client.Util:133 | Elapsed time 1 ms
DEBUG | 2023-05-01 16:19:51 | [Test worker] client.Util:120 | --> [0505000000] (5 B)
DEBUG | 2023-05-01 16:19:51 | [Test worker] client.Util:120 | --> [0505000000] (5 B)
DEBUG | 2023-05-01 16:19:51 | [Test worker] client.Util:127 | <-- 00010000 9000 (4 B)
DEBUG | 2023-05-01 16:19:51 | [Test worker] client.Util:127 | <-- 00010000 9000 (4 B)
DEBUG | 2023-05-01 16:19:51 | [Test worker] client.Util:120 | --> [0504000000] (5 B)
DEBUG | 2023-05-01 16:19:51 | [Test worker] client.Util:120 | --> [0504000000] (5 B)
DEBUG | 2023-05-01 16:19:51 | [Test worker] client.Util:127 | <-- 00020000 9000 (4 B)
DEBUG | 2023-05-01 16:19:51 | [Test worker] client.Util:127 | <-- 00020000 9000 (4 B)
DEBUG | 2023-05-01 16:19:51 | [Test worker] client.Util:120 | --> [0000000000] (5 B)
DEBUG | 2023-05-01 16:19:51 | [Test worker] client.Util:120 | --> [0000000000] (5 B)
DEBUG | 2023-05-01 16:19:51 | [Test worker] client.Util:130 | <-- 9000
DEBUG | 2023-05-01 16:19:51 | [Test worker] client.Util:130 | <-- 9000
DEBUG | 2023-05-01 16:19:51 | [Test worker] client.Util:120 | --> [00010000FA70736274FF01020402000000010401010105010201FB0402000000000100520200000001C1AA256E214B96A1822F93DE42BFF3B5F3FF8D0519306E3515D7515A5E805B120000000000FFFFFFFF0118C69A3B00000000160014B0A3AF144208412693CA7D166852B52DB0AEF06E0000000001011F18C69A3B00000000160014B0A3AF144208412693CA7D166852B52DB0AEF06E010E200B0AD921419C1C8719735D72DC739F9EA9E0638D1FE4C1EEF0F9944084815FC8010F0400000000011004FEFFFFFF00220202D601F84846A6755F776BE00E3D9DE8FB10ACC935FB83C45FB0162D4CAD5AB79218F69D873E54000080010000800000008000] (255 B)
DEBUG | 2023-05-01 16:19:51 | [Test worker] client.Util:120 | --> [00010000FA70736274FF01020402000000010401010105010201FB0402000000000100520200000001C1AA256E214B96A1822F93DE42BFF3B5F3FF8D0519306E3515D7515A5E805B120000000000FFFFFFFF0118C69A3B00000000160014B0A3AF144208412693CA7D166852B52DB0AEF06E0000000001011F18C69A3B00000000160014B0A3AF144208412693CA7D166852B52DB0AEF06E010E200B0AD921419C1C8719735D72DC739F9EA9E0638D1FE4C1EEF0F9944084815FC8010F0400000000011004FEFFFFFF00220202D601F84846A6755F776BE00E3D9DE8FB10ACC935FB83C45FB0162D4CAD5AB79218F69D873E54000080010000800000008000] (255 B)
DEBUG | 2023-05-01 16:19:51 | [Test worker] client.Util:130 | <-- 9000
DEBUG | 2023-05-01 16:19:51 | [Test worker] client.Util:130 | <-- 9000
DEBUG | 2023-05-01 16:19:51 | [Test worker] client.Util:120 | --> [000100008D0000002A0000000103080008AF2F000000000104160014C430F64C4756DA310DBD1A085572EF299926272C00220202E36FBFF53DD534070CF8FD396614680F357A9B85DB7340BF1CFA745D2AD7B34018F69D873E54000080010000800000008001000000640000000103088BBDEB0B0000000001041600144DD193AC964A56AC1B9E1CCA8454FE2F474F851300] (146 B)
DEBUG | 2023-05-01 16:19:51 | [Test worker] client.Util:120 | --> [000100008D0000002A0000000103080008AF2F000000000104160014C430F64C4756DA310DBD1A085572EF299926272C00220202E36FBFF53DD534070CF8FD396614680F357A9B85DB7340BF1CFA745D2AD7B34018F69D873E54000080010000800000008001000000640000000103088BBDEB0B0000000001041600144DD193AC964A56AC1B9E1CCA8454FE2F474F851300] (146 B)
DEBUG | 2023-05-01 16:19:51 | [Test worker] client.Util:130 | <-- 9000
DEBUG | 2023-05-01 16:19:51 | [Test worker] client.Util:130 | <-- 9000
DEBUG | 2023-05-01 16:19:51 | [Test worker] client.Util:120 | --> [0002000000] (5 B)
DEBUG | 2023-05-01 16:19:51 | [Test worker] client.Util:120 | --> [0002000000] (5 B)
DEBUG | 2023-05-01 16:19:51 | [Test worker] client.Util:130 | <-- 9000
DEBUG | 2023-05-01 16:19:51 | [Test worker] client.Util:130 | <-- 9000
DEBUG | 2023-05-01 16:19:51 | [Test worker] client.Util:120 | --> [0505000000] (5 B)
DEBUG | 2023-05-01 16:19:51 | [Test worker] client.Util:120 | --> [0505000000] (5 B)
DEBUG | 2023-05-01 16:19:51 | [Test worker] client.Util:127 | <-- 00010000 9000 (4 B)
DEBUG | 2023-05-01 16:19:51 | [Test worker] client.Util:127 | <-- 00010000 9000 (4 B)
DEBUG | 2023-05-01 16:19:51 | [Test worker] client.Util:133 | Elapsed time 1 ms
DEBUG | 2023-05-01 16:19:51 | [Test worker] client.Util:120 | --> [0504000000] (5 B)
DEBUG | 2023-05-01 16:19:51 | [Test worker] client.Util:120 | --> [0504000000] (5 B)
DEBUG | 2023-05-01 16:19:51 | [Test worker] client.Util:127 | <-- 00020000 9000 (4 B)
DEBUG | 2023-05-01 16:19:51 | [Test worker] client.Util:127 | <-- 00020000 9000 (4 B)
DEBUG | 2023-05-01 16:19:51 | [Test worker] client.Util:120 | --> [0000000000] (5 B)
DEBUG | 2023-05-01 16:19:51 | [Test worker] client.Util:120 | --> [0000000000] (5 B)
DEBUG | 2023-05-01 16:19:51 | [Test worker] client.Util:130 | <-- 9000
DEBUG | 2023-05-01 16:19:51 | [Test worker] client.Util:130 | <-- 9000
DEBUG | 2023-05-01 16:19:51 | [Test worker] client.Util:133 | Elapsed time 1 ms
DEBUG | 2023-05-01 16:19:51 | [Test worker] client.Util:120 | --> [00010000FA70736274FF0102040200000001030400000000010401010105010201FB0402000000000100520200000001C1AA256E214B96A1822F93DE42BFF3B5F3FF8D0519306E3515D7515A5E805B120000000000FFFFFFFF0118C69A3B00000000160014B0A3AF144208412693CA7D166852B52DB0AEF06E0000000001011F18C69A3B00000000160014B0A3AF144208412693CA7D166852B52DB0AEF06E010E200B0AD921419C1C8719735D72DC739F9EA9E0638D1FE4C1EEF0F9944084815FC8010F0400000000011004FEFFFFFF0111048C8DC4620112041027000000220202D601F84846A6755F776BE00E3D9DE8FB10ACC935FB83C45FB0162D4CAD] (255 B)
DEBUG | 2023-05-01 16:19:51 | [Test worker] client.Util:120 | --> [00010000FA70736274FF0102040200000001030400000000010401010105010201FB0402000000000100520200000001C1AA256E214B96A1822F93DE42BFF3B5F3FF8D0519306E3515D7515A5E805B120000000000FFFFFFFF0118C69A3B00000000160014B0A3AF144208412693CA7D166852B52DB0AEF06E0000000001011F18C69A3B00000000160014B0A3AF144208412693CA7D166852B52DB0AEF06E010E200B0AD921419C1C8719735D72DC739F9EA9E0638D1FE4C1EEF0F9944084815FC8010F0400000000011004FEFFFFFF0111048C8DC4620112041027000000220202D601F84846A6755F776BE00E3D9DE8FB10ACC935FB83C45FB0162D4CAD] (255 B)
DEBUG | 2023-05-01 16:19:51 | [Test worker] client.Util:130 | <-- 9000
DEBUG | 2023-05-01 16:19:51 | [Test worker] client.Util:130 | <-- 9000
DEBUG | 2023-05-01 16:19:51 | [Test worker] client.Util:133 | Elapsed time 1 ms
DEBUG | 2023-05-01 16:19:51 | [Test worker] client.Util:120 | --> [00010000A25AB79218F69D873E540000800100008000000080000000002A0000000103080008AF2F000000000104160014C430F64C4756DA310DBD1A085572EF299926272C00220202E36FBFF53DD534070CF8FD396614680F357A9B85DB7340BF1CFA745D2AD7B34018F69D873E54000080010000800000008001000000640000000103088BBDEB0B0000000001041600144DD193AC964A56AC1B9E1CCA8454FE2F474F851300] (167 B)
DEBUG | 2023-05-01 16:19:51 | [Test worker] client.Util:120 | --> [00010000A25AB79218F69D873E540000800100008000000080000000002A0000000103080008AF2F000000000104160014C430F64C4756DA310DBD1A085572EF299926272C00220202E36FBFF53DD534070CF8FD396614680F357A9B85DB7340BF1CFA745D2AD7B34018F69D873E54000080010000800000008001000000640000000103088BBDEB0B0000000001041600144DD193AC964A56AC1B9E1CCA8454FE2F474F851300] (167 B)
DEBUG | 2023-05-01 16:19:51 | [Test worker] client.Util:130 | <-- 9000
DEBUG | 2023-05-01 16:19:51 | [Test worker] client.Util:130 | <-- 9000
DEBUG | 2023-05-01 16:19:51 | [Test worker] client.Util:133 | Elapsed time 1 ms
DEBUG | 2023-05-01 16:19:51 | [Test worker] client.Util:120 | --> [0002000000] (5 B)
DEBUG | 2023-05-01 16:19:51 | [Test worker] client.Util:120 | --> [0002000000] (5 B)
DEBUG | 2023-05-01 16:19:51 | [Test worker] client.Util:130 | <-- 9000
DEBUG | 2023-05-01 16:19:51 | [Test worker] client.Util:130 | <-- 9000
DEBUG | 2023-05-01 16:19:51 | [Test worker] client.Util:120 | --> [0505000000] (5 B)
DEBUG | 2023-05-01 16:19:51 | [Test worker] client.Util:120 | --> [0505000000] (5 B)
DEBUG | 2023-05-01 16:19:51 | [Test worker] client.Util:127 | <-- 00010000 9000 (4 B)
DEBUG | 2023-05-01 16:19:51 | [Test worker] client.Util:127 | <-- 00010000 9000 (4 B)
DEBUG | 2023-05-01 16:19:51 | [Test worker] client.Util:120 | --> [0504000000] (5 B)
DEBUG | 2023-05-01 16:19:51 | [Test worker] client.Util:120 | --> [0504000000] (5 B)
DEBUG | 2023-05-01 16:19:51 | [Test worker] client.Util:127 | <-- 00020000 9000 (4 B)
DEBUG | 2023-05-01 16:19:51 | [Test worker] client.Util:127 | <-- 00020000 9000 (4 B)
DEBUG | 2023-05-01 16:19:51 | [Test worker] client.Util:120 | --> [0000000000] (5 B)
DEBUG | 2023-05-01 16:19:51 | [Test worker] client.Util:120 | --> [0000000000] (5 B)
DEBUG | 2023-05-01 16:19:51 | [Test worker] client.Util:130 | <-- 9000
DEBUG | 2023-05-01 16:19:51 | [Test worker] client.Util:130 | <-- 9000
DEBUG | 2023-05-01 16:19:51 | [Test worker] client.Util:120 | --> [00010000FA70736274FF0102040200000001040101010501020106010101FB0402000000000100520200000001C1AA256E214B96A1822F93DE42BFF3B5F3FF8D0519306E3515D7515A5E805B120000000000FFFFFFFF0118C69A3B00000000160014B0A3AF144208412693CA7D166852B52DB0AEF06E0000000001011F18C69A3B00000000160014B0A3AF144208412693CA7D166852B52DB0AEF06E010E200B0AD921419C1C8719735D72DC739F9EA9E0638D1FE4C1EEF0F9944084815FC8010F040000000000220202D601F84846A6755F776BE00E3D9DE8FB10ACC935FB83C45FB0162D4CAD5AB79218F69D873E54000080010000800000008000000000] (255 B)
DEBUG | 2023-05-01 16:19:51 | [Test worker] client.Util:120 | --> [00010000FA70736274FF0102040200000001040101010501020106010101FB0402000000000100520200000001C1AA256E214B96A1822F93DE42BFF3B5F3FF8D0519306E3515D7515A5E805B120000000000FFFFFFFF0118C69A3B00000000160014B0A3AF144208412693CA7D166852B52DB0AEF06E0000000001011F18C69A3B00000000160014B0A3AF144208412693CA7D166852B52DB0AEF06E010E200B0AD921419C1C8719735D72DC739F9EA9E0638D1FE4C1EEF0F9944084815FC8010F040000000000220202D601F84846A6755F776BE00E3D9DE8FB10ACC935FB83C45FB0162D4CAD5AB79218F69D873E54000080010000800000008000000000] (255 B)
DEBUG | 2023-05-01 16:19:51 | [Test worker] client.Util:130 | <-- 9000
DEBUG | 2023-05-01 16:19:51 | [Test worker] client.Util:130 | <-- 9000
DEBUG | 2023-05-01 16:19:51 | [Test worker] client.Util:120 | --> [000100008A2A0000000103080008AF2F000000000104160014C430F64C4756DA310DBD1A085572EF299926272C00220202E36FBFF53DD534070CF8FD396614680F357A9B85DB7340BF1CFA745D2AD7B34018F69D873E54000080010000800000008001000000640000000103088BBDEB0B0000000001041600144DD193AC964A56AC1B9E1CCA8454FE2F474F851300] (143 B)
DEBUG | 2023-05-01 16:19:51 | [Test worker] client.Util:120 | --> [000100008A2A0000000103080008AF2F000000000104160014C430F64C4756DA310DBD1A085572EF299926272C00220202E36FBFF53DD534070CF8FD396614680F357A9B85DB7340BF1CFA745D2AD7B34018F69D873E54000080010000800000008001000000640000000103088BBDEB0B0000000001041600144DD193AC964A56AC1B9E1CCA8454FE2F474F851300] (143 B)
DEBUG | 2023-05-01 16:19:51 | [Test worker] client.Util:130 | <-- 9000
DEBUG | 2023-05-01 16:19:51 | [Test worker] client.Util:130 | <-- 9000
DEBUG | 2023-05-01 16:19:51 | [Test worker] client.Util:120 | --> [0002000000] (5 B)
DEBUG | 2023-05-01 16:19:51 | [Test worker] client.Util:120 | --> [0002000000] (5 B)
DEBUG | 2023-05-01 16:19:51 | [Test worker] client.Util:130 | <-- 9000
DEBUG | 2023-05-01 16:19:51 | [Test worker] client.Util:130 | <-- 9000
DEBUG | 2023-05-01 16:19:51 | [Test worker] client.Util:133 | Elapsed time 1 ms
DEBUG | 2023-05-01 16:19:51 | [Test worker] client.Util:120 | --> [0505000000] (5 B)
DEBUG | 2023-05-01 16:19:51 | [Test worker] client.Util:120 | --> [0505000000] (5 B)
DEBUG | 2023-05-01 16:19:51 | [Test worker] client.Util:127 | <-- 00010000 9000 (4 B)
DEBUG | 2023-05-01 16:19:51 | [Test worker] client.Util:127 | <-- 00010000 9000 (4 B)
DEBUG | 2023-05-01 16:19:51 | [Test worker] client.Util:120 | --> [0504000000] (5 B)
DEBUG | 2023-05-01 16:19:51 | [Test worker] client.Util:120 | --> [0504000000] (5 B)
DEBUG | 2023-05-01 16:19:51 | [Test worker] client.Util:127 | <-- 00020000 9000 (4 B)
DEBUG | 2023-05-01 16:19:51 | [Test worker] client.Util:127 | <-- 00020000 9000 (4 B)
DEBUG | 2023-05-01 16:19:51 | [Test worker] client.Util:120 | --> [0200000000] (5 B)
DEBUG | 2023-05-01 16:19:51 | [Test worker] client.Util:120 | --> [0200000000] (5 B)
DEBUG | 2023-05-01 16:19:51 | [Test worker] client.Util:130 | <-- 9000
DEBUG | 2023-05-01 16:19:51 | [Test worker] client.Util:130 | <-- 9000
DEBUG | 2023-05-01 16:19:51 | [Test worker] client.Util:120 | --> [0201000008AFFFFFFFFFFFFFFF] (13 B)
DEBUG | 2023-05-01 16:19:51 | [Test worker] client.Util:120 | --> [0201000008AFFFFFFFFFFFFFFF] (13 B)
DEBUG | 2023-05-01 16:19:51 | [Test worker] client.Util:130 | <-- 9000
DEBUG | 2023-05-01 16:19:51 | [Test worker] client.Util:130 | <-- 9000
DEBUG | 2023-05-01 16:19:51 | [Test worker] client.Util:120 | --> [0202000000] (5 B)
DEBUG | 2023-05-01 16:19:51 | [Test worker] client.Util:120 | --> [0202000000] (5 B)
DEBUG | 2023-05-01 16:19:51 | [Test worker] client.Util:130 | <-- 9000
DEBUG | 2023-05-01 16:19:51 | [Test worker] client.Util:130 | <-- 9000
DEBUG | 2023-05-01 16:19:51 | [Test worker] client.Util:120 | --> [0100000000] (5 B)
DEBUG | 2023-05-01 16:19:51 | [Test worker] client.Util:120 | --> [0100000000] (5 B)
DEBUG | 2023-05-01 16:19:51 | [Test worker] client.Util:130 | <-- 9000
DEBUG | 2023-05-01 16:19:51 | [Test worker] client.Util:130 | <-- 9000
DEBUG | 2023-05-01 16:19:51 | [Test worker] client.Util:120 | --> [01010000020100] (7 B)
DEBUG | 2023-05-01 16:19:51 | [Test worker] client.Util:120 | --> [01010000020100] (7 B)
DEBUG | 2023-05-01 16:19:51 | [Test worker] client.Util:130 | <-- 9000
DEBUG | 2023-05-01 16:19:51 | [Test worker] client.Util:130 | <-- 9000
DEBUG | 2023-05-01 16:19:51 | [Test worker] client.Util:133 | Elapsed time 1 ms
DEBUG | 2023-05-01 16:19:51 | [Test worker] client.Util:120 | --> [0102000000] (5 B)
DEBUG | 2023-05-01 16:19:51 | [Test worker] client.Util:120 | --> [0102000000] (5 B)
DEBUG | 2023-05-01 16:19:51 | [Test worker] client.Util:130 | <-- 9000
DEBUG | 2023-05-01 16:19:51 | [Test worker] client.Util:130 | <-- 9000
DEBUG | 2023-05-01 16:19:51 | [Test worker] client.Util:120 | --> [0000000000] (5 B)
DEBUG | 2023-05-01 16:19:51 | [Test worker] client.Util:120 | --> [0000000000] (5 B)
DEBUG | 2023-05-01 16:19:51 | [Test worker] client.Util:130 | <-- 9000
DEBUG | 2023-05-01 16:19:51 | [Test worker] client.Util:130 | <-- 9000
DEBUG | 2023-05-01 16:19:51 | [Test worker] client.Util:120 | --> [000100005770736274FF01004C020000000002D3DFF505000000001976A914D0C59903C5BAC2868760E90FD521A4665AA7652088AC00E1F5050000000017A9143545E6E33B832C47050F24D3EEB93C9C03948BC787B32E1300000000] (92 B)
DEBUG | 2023-05-01 16:19:51 | [Test worker] client.Util:120 | --> [000100005770736274FF01004C020000000002D3DFF505000000001976A914D0C59903C5BAC2868760E90FD521A4665AA7652088AC00E1F5050000000017A9143545E6E33B832C47050F24D3EEB93C9C03948BC787B32E1300000000] (92 B)
DEBUG | 2023-05-01 16:19:51 | [Test worker] client.Util:130 | <-- 9000
DEBUG | 2023-05-01 16:19:51 | [Test worker] client.Util:130 | <-- 9000
DEBUG | 2023-05-01 16:19:51 | [Test worker] client.Util:133 | Elapsed time 1 ms
DEBUG | 2023-05-01 16:19:51 | [Test worker] client.Util:120 | --> [0002000000] (5 B)
DEBUG | 2023-05-01 16:19:51 | [Test worker] client.Util:120 | --> [0002000000] (5 B)
DEBUG | 2023-05-01 16:19:51 | [Test worker] client.Util:130 | <-- 9000
DEBUG | 2023-05-01 16:19:51 | [Test worker] client.Util:130 | <-- 9000
DEBUG | 2023-05-01 16:19:51 | [Test worker] client.Util:133 | Elapsed time 1 ms
DEBUG | 2023-05-01 16:19:51 | [Test worker] client.Util:120 | --> [1000000000] (5 B)
DEBUG | 2023-05-01 16:19:51 | [Test worker] client.Util:120 | --> [1000000000] (5 B)
DEBUG | 2023-05-01 16:19:51 | [Test worker] client.Util:127 | <-- 00010000 9000 (4 B)
DEBUG | 2023-05-01 16:19:51 | [Test worker] client.Util:127 | <-- 00010000 9000 (4 B)
DEBUG | 2023-05-01 16:19:51 | [Test worker] client.Util:120 | --> [0000000000] (5 B)
DEBUG | 2023-05-01 16:19:51 | [Test worker] client.Util:120 | --> [0000000000] (5 B)
DEBUG | 2023-05-01 16:19:51 | [Test worker] client.Util:130 | <-- 9000
DEBUG | 2023-05-01 16:19:51 | [Test worker] client.Util:130 | <-- 9000
DEBUG | 2023-05-01 16:19:51 | [Test worker] client.Util:120 | --> [000100009170736274FF01020402000000010401010105010201FB040200000000010E200B0AD921419C1C8719735D72DC739F9EA9E0638D1FE4C1EEF0F9944084815FC8010F0400000000000103080008AF2F000000000104160014C430F64C4756DA310DBD1A085572EF299926272C000103088BBDEB0B0000000001041600144DD193AC964A56AC1B9E1CCA8454FE2F474F851300] (150 B)
DEBUG | 2023-05-01 16:19:51 | [Test worker] client.Util:120 | --> [000100009170736274FF01020402000000010401010105010201FB040200000000010E200B0AD921419C1C8719735D72DC739F9EA9E0638D1FE4C1EEF0F9944084815FC8010F0400000000000103080008AF2F000000000104160014C430F64C4756DA310DBD1A085572EF299926272C000103088BBDEB0B0000000001041600144DD193AC964A56AC1B9E1CCA8454FE2F474F851300] (150 B)
DEBUG | 2023-05-01 16:19:51 | [Test worker] client.Util:130 | <-- 9000
DEBUG | 2023-05-01 16:19:51 | [Test worker] client.Util:130 | <-- 9000
DEBUG | 2023-05-01 16:19:51 | [Test worker] client.Util:133 | Elapsed time 1 ms
DEBUG | 2023-05-01 16:19:51 | [Test worker] client.Util:120 | --> [0002000000] (5 B)
DEBUG | 2023-05-01 16:19:51 | [Test worker] client.Util:120 | --> [0002000000] (5 B)
DEBUG | 2023-05-01 16:19:51 | [Test worker] client.Util:130 | <-- 9000
DEBUG | 2023-05-01 16:19:51 | [Test worker] client.Util:130 | <-- 9000
DEBUG | 2023-05-01 16:19:51 | [Test worker] client.Util:133 | Elapsed time 1 ms
DEBUG | 2023-05-01 16:19:51 | [Test worker] client.Util:120 | --> [1000000000] (5 B)
DEBUG | 2023-05-01 16:19:51 | [Test worker] client.Util:120 | --> [1000000000] (5 B)
DEBUG | 2023-05-01 16:19:51 | [Test worker] client.Util:127 | <-- 00010000 9000 (4 B)
DEBUG | 2023-05-01 16:19:51 | [Test worker] client.Util:127 | <-- 00010000 9000 (4 B)
DEBUG | 2023-05-01 16:19:51 | [Test worker] client.Util:120 | --> [0000000000] (5 B)
DEBUG | 2023-05-01 16:19:51 | [Test worker] client.Util:120 | --> [0000000000] (5 B)
DEBUG | 2023-05-01 16:19:51 | [Test worker] client.Util:130 | <-- 9000
DEBUG | 2023-05-01 16:19:51 | [Test worker] client.Util:130 | <-- 9000
DEBUG | 2023-05-01 16:19:51 | [Test worker] client.Util:120 | --> [00010000FA70736274FF01020402000000010401010105010201FB0402000000000100520200000001C1AA256E214B96A1822F93DE42BFF3B5F3FF8D0519306E3515D7515A5E805B120000000000FFFFFFFF0118C69A3B00000000160014B0A3AF144208412693CA7D166852B52DB0AEF06E0000000001011F18C69A3B00000000160014B0A3AF144208412693CA7D166852B52DB0AEF06E010E200B0AD921419C1C8719735D72DC739F9EA9E0638D1FE4C1EEF0F9944084815FC8010F040000000000220202D601F84846A6755F776BE00E3D9DE8FB10ACC935FB83C45FB0162D4CAD5AB79218F69D873E540000800100008000000080000000002A000000] (255 B)
DEBUG | 2023-05-01 16:19:51 | [Test worker] client.Util:120 | --> [00010000FA70736274FF01020402000000010401010105010201FB0402000000000100520200000001C1AA256E214B96A1822F93DE42BFF3B5F3FF8D0519306E3515D7515A5E805B120000000000FFFFFFFF0118C69A3B00000000160014B0A3AF144208412693CA7D166852B52DB0AEF06E0000000001011F18C69A3B00000000160014B0A3AF144208412693CA7D166852B52DB0AEF06E010E200B0AD921419C1C8719735D72DC739F9EA9E0638D1FE4C1EEF0F9944084815FC8010F040000000000220202D601F84846A6755F776BE00E3D9DE8FB10ACC935FB83C45FB0162D4CAD5AB79218F69D873E540000800100008000000080000000002A000000] (255 B)
DEBUG | 2023-05-01 16:19:51 | [Test worker] client.Util:130 | <-- 9000
DEBUG | 2023-05-01 16:19:51 | [Test worker] client.Util:130 | <-- 9000
DEBUG | 2023-05-01 16:19:51 | [Test worker] client.Util:133 | Elapsed time 1 ms
DEBUG | 2023-05-01 16:19:51 | [Test worker] client.Util:120 | --> [00010000860103080008AF2F000000000104160014C430F64C4756DA310DBD1A085572EF299926272C00220202E36FBFF53DD534070CF8FD396614680F357A9B85DB7340BF1CFA745D2AD7B34018F69D873E54000080010000800000008001000000640000000103088BBDEB0B0000000001041600144DD193AC964A56AC1B9E1CCA8454FE2F474F851300] (139 B)
DEBUG | 2023-05-01 16:19:51 | [Test worker] client.Util:120 | --> [00010000860103080008AF2F000000000104160014C430F64C4756DA310DBD1A085572EF299926272C00220202E36FBFF53DD534070CF8FD396614680F357A9B85DB7340BF1CFA745D2AD7B34018F69D873E54000080010000800000008001000000640000000103088BBDEB0B0000000001041600144DD193AC964A56AC1B9E1CCA8454FE2F474F851300] (139 B)
DEBUG | 2023-05-01 16:19:51 | [Test worker] client.Util:130 | <-- 9000
DEBUG | 2023-05-01 16:19:51 | [Test worker] client.Util:130 | <-- 9000
DEBUG | 2023-05-01 16:19:51 | [Test worker] client.Util:133 | Elapsed time 1 ms
DEBUG | 2023-05-01 16:19:51 | [Test worker] client.Util:120 | --> [0002000000] (5 B)
DEBUG | 2023-05-01 16:19:51 | [Test worker] client.Util:120 | --> [0002000000] (5 B)
DEBUG | 2023-05-01 16:19:51 | [Test worker] client.Util:130 | <-- 9000
DEBUG | 2023-05-01 16:19:51 | [Test worker] client.Util:130 | <-- 9000
DEBUG | 2023-05-01 16:19:51 | [Test worker] client.Util:133 | Elapsed time 1 ms
DEBUG | 2023-05-01 16:19:51 | [Test worker] client.Util:120 | --> [1000000000] (5 B)
DEBUG | 2023-05-01 16:19:51 | [Test worker] client.Util:120 | --> [1000000000] (5 B)
DEBUG | 2023-05-01 16:19:51 | [Test worker] client.Util:127 | <-- 00010000 9000 (4 B)
DEBUG | 2023-05-01 16:19:51 | [Test worker] client.Util:127 | <-- 00010000 9000 (4 B)
DEBUG | 2023-05-01 16:19:51 | [Test worker] client.Util:120 | --> [0200000000] (5 B)
DEBUG | 2023-05-01 16:19:51 | [Test worker] client.Util:120 | --> [0200000000] (5 B)
DEBUG | 2023-05-01 16:19:51 | [Test worker] client.Util:130 | <-- 9000
DEBUG | 2023-05-01 16:19:51 | [Test worker] client.Util:130 | <-- 9000
DEBUG | 2023-05-01 16:19:51 | [Test worker] client.Util:120 | --> [02010000080000000000000000] (13 B)
DEBUG | 2023-05-01 16:19:51 | [Test worker] client.Util:120 | --> [02010000080000000000000000] (13 B)
DEBUG | 2023-05-01 16:19:51 | [Test worker] client.Util:130 | <-- 9000
DEBUG | 2023-05-01 16:19:51 | [Test worker] client.Util:130 | <-- 9000
DEBUG | 2023-05-01 16:19:51 | [Test worker] client.Util:133 | Elapsed time 1 ms
DEBUG | 2023-05-01 16:19:51 | [Test worker] client.Util:120 | --> [0202000000] (5 B)
DEBUG | 2023-05-01 16:19:51 | [Test worker] client.Util:120 | --> [0202000000] (5 B)
DEBUG | 2023-05-01 16:19:51 | [Test worker] client.Util:130 | <-- 9000
DEBUG | 2023-05-01 16:19:51 | [Test worker] client.Util:130 | <-- 9000
DEBUG | 2023-05-01 16:19:51 | [Test worker] client.Util:120 | --> [0100000000] (5 B)
DEBUG | 2023-05-01 16:19:51 | [Test worker] client.Util:120 | --> [0100000000] (5 B)
DEBUG | 2023-05-01 16:19:51 | [Test worker] client.Util:130 | <-- 9000
DEBUG | 2023-05-01 16:19:51 | [Test worker] client.Util:130 | <-- 9000
DEBUG | 2023-05-01 16:19:51 | [Test worker] client.Util:133 | Elapsed time 1 ms
DEBUG | 2023-05-01 16:19:51 | [Test worker] client.Util:120 | --> [01010000020100] (7 B)
DEBUG | 2023-05-01 16:19:51 | [Test worker] client.Util:120 | --> [01010000020100] (7 B)
DEBUG | 2023-05-01 16:19:51 | [Test worker] client.Util:130 | <-- 9000
DEBUG | 2023-05-01 16:19:51 | [Test worker] client.Util:130 | <-- 9000
DEBUG | 2023-05-01 16:19:51 | [Test worker] client.Util:120 | --> [0102000000] (5 B)
DEBUG | 2023-05-01 16:19:51 | [Test worker] client.Util:120 | --> [0102000000] (5 B)
DEBUG | 2023-05-01 16:19:51 | [Test worker] client.Util:130 | <-- 9000
DEBUG | 2023-05-01 16:19:51 | [Test worker] client.Util:130 | <-- 9000
DEBUG | 2023-05-01 16:19:51 | [Test worker] client.Util:120 | --> [0000000000] (5 B)
DEBUG | 2023-05-01 16:19:51 | [Test worker] client.Util:120 | --> [0000000000] (5 B)
DEBUG | 2023-05-01 16:19:51 | [Test worker] client.Util:130 | <-- 9000
DEBUG | 2023-05-01 16:19:51 | [Test worker] client.Util:130 | <-- 9000
DEBUG | 2023-05-01 16:19:51 | [Test worker] client.Util:133 | Elapsed time 1 ms
DEBUG | 2023-05-01 16:19:51 | [Test worker] client.Util:120 | --> [00010000FA70736274FF0100A00200000002AB0949A08C5AF7C49B8212F417E2F15AB3F5C33DCF153821A8139F877A5B7BE40000000000FEFFFFFFAB0949A08C5AF7C49B8212F417E2F15AB3F5C33DCF153821A8139F877A5B7BE40100000000FEFFFFFF02603BEA0B000000001976A914768A40BBD740CBE81D988E71DE2A4D5C71396B1D88AC8E240000000000001976A9146F4620B553FA095E721B9EE0EFE9FA039CCA459788AC000000000001076A47304402204759661797C01B036B25928948686218347D89864B719E1F7FCF57D1E511658702205309EABF56AA4D8891FFD111FDF1336F3A29DA866D7F8486D75546CEEDAF93190121035CDC61FC] (255 B)
DEBUG | 2023-05-01 16:19:51 | [Test worker] client.Util:120 | --> [00010000FA70736274FF0100A00200000002AB0949A08C5AF7C49B8212F417E2F15AB3F5C33DCF153821A8139F877A5B7BE40000000000FEFFFFFFAB0949A08C5AF7C49B8212F417E2F15AB3F5C33DCF153821A8139F877A5B7BE40100000000FEFFFFFF02603BEA0B000000001976A914768A40BBD740CBE81D988E71DE2A4D5C71396B1D88AC8E240000000000001976A9146F4620B553FA095E721B9EE0EFE9FA039CCA459788AC000000000001076A47304402204759661797C01B036B25928948686218347D89864B719E1F7FCF57D1E511658702205309EABF56AA4D8891FFD111FDF1336F3A29DA866D7F8486D75546CEEDAF93190121035CDC61FC] (255 B)
DEBUG | 2023-05-01 16:19:51 | [Test worker] client.Util:130 | <-- 9000
DEBUG | 2023-05-01 16:19:51 | [Test worker] client.Util:130 | <-- 9000
DEBUG | 2023-05-01 16:19:51 | [Test worker] client.Util:133 | Elapsed time 1 ms
DEBUG | 2023-05-01 16:19:51 | [Test worker] client.Util:120 | --> [000100005C7BA971C0B501A646A2A83B102CB43881217CA682DC86E2D73FA882920001012000E1F5050000000017A9143545E6E33B832C47050F24D3EEB93C9C03948BC787010416001485D13537F2E265405A34DBAFA9E3DDA01FB82308000000] (97 B)
DEBUG | 2023-05-01 16:19:51 | [Test worker] client.Util:120 | --> [000100005C7BA971C0B501A646A2A83B102CB43881217CA682DC86E2D73FA882920001012000E1F5050000000017A9143545E6E33B832C47050F24D3EEB93C9C03948BC787010416001485D13537F2E265405A34DBAFA9E3DDA01FB82308000000] (97 B)
DEBUG | 2023-05-01 16:19:51 | [Test worker] client.Util:130 | <-- 9000
DEBUG | 2023-05-01 16:19:51 | [Test worker] client.Util:130 | <-- 9000
DEBUG | 2023-05-01 16:19:51 | [Test worker] client.Util:133 | Elapsed time 1 ms
DEBUG | 2023-05-01 16:19:51 | [Test worker] client.Util:120 | --> [0002000000] (5 B)
DEBUG | 2023-05-01 16:19:51 | [Test worker] client.Util:120 | --> [0002000000] (5 B)
DEBUG | 2023-05-01 16:19:51 | [Test worker] client.Util:130 | <-- 9000
DEBUG | 2023-05-01 16:19:51 | [Test worker] client.Util:130 | <-- 9000
DEBUG | 2023-05-01 16:19:51 | [Test worker] client.Util:120 | --> [1000000000] (5 B)
DEBUG | 2023-05-01 16:19:51 | [Test worker] client.Util:120 | --> [1000000000] (5 B)
DEBUG | 2023-05-01 16:19:51 | [Test worker] client.Util:127 | <-- 00000000 9000 (4 B)
DEBUG | 2023-05-01 16:19:51 | [Test worker] client.Util:127 | <-- 00000000 9000 (4 B)
DEBUG | 2023-05-01 16:19:51 | [Test worker] client.Util:120 | --> [0000000000] (5 B)
DEBUG | 2023-05-01 16:19:51 | [Test worker] client.Util:120 | --> [0000000000] (5 B)
DEBUG | 2023-05-01 16:19:51 | [Test worker] client.Util:130 | <-- 9000
DEBUG | 2023-05-01 16:19:51 | [Test worker] client.Util:130 | <-- 9000
DEBUG | 2023-05-01 16:19:51 | [Test worker] client.Util:120 | --> [00010000FA70736274FF0100750200000001268171371EDFF285E937ADEEA4B37B78000C0566CBB3AD64641713CA42171BF60000000000FEFFFFFF02D3DFF505000000001976A914D0C59903C5BAC2868760E90FD521A4665AA7652088AC00E1F5050000000017A9143545E6E33B832C47050F24D3EEB93C9C03948BC787B32E1300000100FDA5010100000000010289A3C71EAB4D20E0371BBBA4CC698FA295C9463AFA2E397F8533CCB62F9567E50100000017160014BE18D152A9B012039DAF3DA7DE4F53349EECB985FFFFFFFF86F8AA43A71DFF1448893A530A7237EF6B4608BBB2DD2D0171E63AEC6A4890B40100000017160014FE3E9EF1A745E974] (255 B)
DEBUG | 2023-05-01 16:19:51 | [Test worker] client.Util:120 | --> [00010000FA70736274FF0100750200000001268171371EDFF285E937ADEEA4B37B78000C0566CBB3AD64641713CA42171BF60000000000FEFFFFFF02D3DFF505000000001976A914D0C59903C5BAC2868760E90FD521A4665AA7652088AC00E1F5050000000017A9143545E6E33B832C47050F24D3EEB93C9C03948BC787B32E1300000100FDA5010100000000010289A3C71EAB4D20E0371BBBA4CC698FA295C9463AFA2E397F8533CCB62F9567E50100000017160014BE18D152A9B012039DAF3DA7DE4F53349EECB985FFFFFFFF86F8AA43A71DFF1448893A530A7237EF6B4608BBB2DD2D0171E63AEC6A4890B40100000017160014FE3E9EF1A745E974] (255 B)
DEBUG | 2023-05-01 16:19:51 | [Test worker] client.Util:130 | <-- 9000
DEBUG | 2023-05-01 16:19:51 | [Test worker] client.Util:130 | <-- 9000
DEBUG | 2023-05-01 16:19:51 | [Test worker] client.Util:133 | Elapsed time 1 ms
DEBUG | 2023-05-01 16:19:51 | [Test worker] client.Util:120 | --> [00010000FAD902C4355943ABCB34BD5353FFFFFFFF0200C2EB0B000000001976A91485CFF1097FD9E008BB34AF709C62197B38978A4888AC72FEF84E2C00000017A914339725BA21EFD62AC753A9BCD067D6C7A6A39D05870247304402202712BE22E0270F394F568311DC7CA9A68970B8025FDD3B240229F07F8A5F3A240220018B38D7DCD314E734C9276BD6FB40F673325BC4BAA144C800D2F2F02DB2765C012103D2E15674941BAD4A996372CB87E1856D3652606D98562FE39C5E9E7E413F210502483045022100D12B852D85DCD961D2F5F4AB660654DF6EEDCC794C0C33CE5CC309FFB5FCE58D022067338A8E0E1725C197FB1A88AF59F51E44E425] (255 B)
DEBUG | 2023-05-01 16:19:51 | [Test worker] client.Util:120 | --> [00010000FAD902C4355943ABCB34BD5353FFFFFFFF0200C2EB0B000000001976A91485CFF1097FD9E008BB34AF709C62197B38978A4888AC72FEF84E2C00000017A914339725BA21EFD62AC753A9BCD067D6C7A6A39D05870247304402202712BE22E0270F394F568311DC7CA9A68970B8025FDD3B240229F07F8A5F3A240220018B38D7DCD314E734C9276BD6FB40F673325BC4BAA144C800D2F2F02DB2765C012103D2E15674941BAD4A996372CB87E1856D3652606D98562FE39C5E9E7E413F210502483045022100D12B852D85DCD961D2F5F4AB660654DF6EEDCC794C0C33CE5CC309FFB5FCE58D022067338A8E0E1725C197FB1A88AF59F51E44E425] (255 B)
DEBUG | 2023-05-01 16:19:51 | [Test worker] client.Util:130 | <-- 9000
DEBUG | 2023-05-01 16:19:51 | [Test worker] client.Util:130 | <-- 9000
DEBUG | 2023-05-01 16:19:51 | [Test worker] client.Util:133 | Elapsed time 1 ms
DEBUG | 2023-05-01 16:19:51 | [Test worker] client.Util:120 | --> [00010000375B20167C8684031C05D1F2592A01210223B72BEEF0965D10BE0778EFECD61FCAC6F79A4EA169393380734464F84F2AB300000000000000] (60 B)
DEBUG | 2023-05-01 16:19:51 | [Test worker] client.Util:120 | --> [00010000375B20167C8684031C05D1F2592A01210223B72BEEF0965D10BE0778EFECD61FCAC6F79A4EA169393380734464F84F2AB300000000000000] (60 B)
DEBUG | 2023-05-01 16:19:51 | [Test worker] client.Util:130 | <-- 9000
DEBUG | 2023-05-01 16:19:51 | [Test worker] client.Util:130 | <-- 9000
DEBUG | 2023-05-01 16:19:51 | [Test worker] client.Util:120 | --> [0002000000] (5 B)
DEBUG | 2023-05-01 16:19:51 | [Test worker] client.Util:120 | --> [0002000000] (5 B)
DEBUG | 2023-05-01 16:19:51 | [Test worker] client.Util:130 | <-- 9000
DEBUG | 2023-05-01 16:19:51 | [Test worker] client.Util:130 | <-- 9000
DEBUG | 2023-05-01 16:19:51 | [Test worker] client.Util:133 | Elapsed time 1 ms
DEBUG | 2023-05-01 16:19:51 | [Test worker] client.Util:120 | --> [0505000000] (5 B)
DEBUG | 2023-05-01 16:19:51 | [Test worker] client.Util:120 | --> [0505000000] (5 B)
DEBUG | 2023-05-01 16:19:51 | [Test worker] client.Util:127 | <-- 00010000 9000 (4 B)
DEBUG | 2023-05-01 16:19:51 | [Test worker] client.Util:127 | <-- 00010000 9000 (4 B)
DEBUG | 2023-05-01 16:19:51 | [Test worker] client.Util:120 | --> [0504000000] (5 B)
DEBUG | 2023-05-01 16:19:51 | [Test worker] client.Util:120 | --> [0504000000] (5 B)
DEBUG | 2023-05-01 16:19:51 | [Test worker] client.Util:127 | <-- 00020000 9000 (4 B)
DEBUG | 2023-05-01 16:19:51 | [Test worker] client.Util:127 | <-- 00020000 9000 (4 B)
DEBUG | 2023-05-01 16:19:51 | [Test worker] client.Util:120 | --> [0200000000] (5 B)
DEBUG | 2023-05-01 16:19:51 | [Test worker] client.Util:120 | --> [0200000000] (5 B)
DEBUG | 2023-05-01 16:19:51 | [Test worker] client.Util:130 | <-- 9000
DEBUG | 2023-05-01 16:19:51 | [Test worker] client.Util:130 | <-- 9000
DEBUG | 2023-05-01 16:19:51 | [Test worker] client.Util:120 | --> [020100000A01020304050102030405] (15 B)
DEBUG | 2023-05-01 16:19:51 | [Test worker] client.Util:120 | --> [020100000A01020304050102030405] (15 B)
DEBUG | 2023-05-01 16:19:51 | [Test worker] client.Util:130 | <-- 9000
DEBUG | 2023-05-01 16:19:51 | [Test worker] client.Util:130 | <-- 9000
DEBUG | 2023-05-01 16:19:51 | [Test worker] client.Util:120 | --> [0202000000] (5 B)
DEBUG | 2023-05-01 16:19:51 | [Test worker] client.Util:120 | --> [0202000000] (5 B)
DEBUG | 2023-05-01 16:19:51 | [Test worker] client.Util:130 | <-- 9000
DEBUG | 2023-05-01 16:19:51 | [Test worker] client.Util:130 | <-- 9000
DEBUG | 2023-05-01 16:19:51 | [Test worker] client.Util:120 | --> [0100000000] (5 B)
DEBUG | 2023-05-01 16:19:51 | [Test worker] client.Util:120 | --> [0100000000] (5 B)
DEBUG | 2023-05-01 16:19:51 | [Test worker] client.Util:130 | <-- 9000
DEBUG | 2023-05-01 16:19:51 | [Test worker] client.Util:130 | <-- 9000
DEBUG | 2023-05-01 16:19:51 | [Test worker] client.Util:120 | --> [010100000B0A000D04010D05010D0A00] (16 B)
DEBUG | 2023-05-01 16:19:51 | [Test worker] client.Util:120 | --> [010100000B0A000D04010D05010D0A00] (16 B)
DEBUG | 2023-05-01 16:19:51 | [Test worker] client.Util:130 | <-- 9000
DEBUG | 2023-05-01 16:19:51 | [Test worker] client.Util:130 | <-- 9000
DEBUG | 2023-05-01 16:19:51 | [Test worker] client.Util:120 | --> [0102000000] (5 B)
DEBUG | 2023-05-01 16:19:51 | [Test worker] client.Util:120 | --> [0102000000] (5 B)
DEBUG | 2023-05-01 16:19:51 | [Test worker] client.Util:130 | <-- 9000
DEBUG | 2023-05-01 16:19:51 | [Test worker] client.Util:130 | <-- 9000
DEBUG | 2023-05-01 16:19:51 | [Test worker] client.Util:120 | --> [0000000000] (5 B)
DEBUG | 2023-05-01 16:19:51 | [Test worker] client.Util:120 | --> [0000000000] (5 B)
DEBUG | 2023-05-01 16:19:51 | [Test worker] client.Util:130 | <-- 9000
DEBUG | 2023-05-01 16:19:51 | [Test worker] client.Util:130 | <-- 9000
DEBUG | 2023-05-01 16:19:51 | [Test worker] client.Util:120 | --> [00010000FA70736274FF0100750200000001268171371EDFF285E937ADEEA4B37B78000C0566CBB3AD64641713CA42171BF60000000000FEFFFFFF02D3DFF505000000001976A914D0C59903C5BAC2868760E90FD521A4665AA7652088AC00E1F5050000000017A9143545E6E33B832C47050F24D3EEB93C9C03948BC787B32E1300000100FDA5010100000000010289A3C71EAB4D20E0371BBBA4CC698FA295C9463AFA2E397F8533CCB62F9567E50100000017160014BE18D152A9B012039DAF3DA7DE4F53349EECB985FFFFFFFF86F8AA43A71DFF1448893A530A7237EF6B4608BBB2DD2D0171E63AEC6A4890B40100000017160014FE3E9EF1A745E974] (255 B)
DEBUG | 2023-05-01 16:19:51 | [Test worker] client.Util:120 | --> [00010000FA70736274FF0100750200000001268171371EDFF285E937ADEEA4B37B78000C0566CBB3AD64641713CA42171BF60000000000FEFFFFFF02D3DFF505000000001976A914D0C59903C5BAC2868760E90FD521A4665AA7652088AC00E1F5050000000017A9143545E6E33B832C47050F24D3EEB93C9C03948BC787B32E1300000100FDA5010100000000010289A3C71EAB4D20E0371BBBA4CC698FA295C9463AFA2E397F8533CCB62F9567E50100000017160014BE18D152A9B012039DAF3DA7DE4F53349EECB985FFFFFFFF86F8AA43A71DFF1448893A530A7237EF6B4608BBB2DD2D0171E63AEC6A4890B40100000017160014FE3E9EF1A745E974] (255 B)
DEBUG | 2023-05-01 16:19:51 | [Test worker] client.Util:130 | <-- 9000
DEBUG | 2023-05-01 16:19:51 | [Test worker] client.Util:130 | <-- 9000
DEBUG | 2023-05-01 16:19:51 | [Test worker] client.Util:133 | Elapsed time 1 ms
DEBUG | 2023-05-01 16:19:51 | [Test worker] client.Util:120 | --> [00010000FAD902C4355943ABCB34BD5353FFFFFFFF0200C2EB0B000000001976A91485CFF1097FD9E008BB34AF709C62197B38978A4888AC72FEF84E2C00000017A914339725BA21EFD62AC753A9BCD067D6C7A6A39D05870247304402202712BE22E0270F394F568311DC7CA9A68970B8025FDD3B240229F07F8A5F3A240220018B38D7DCD314E734C9276BD6FB40F673325BC4BAA144C800D2F2F02DB2765C012103D2E15674941BAD4A996372CB87E1856D3652606D98562FE39C5E9E7E413F210502483045022100D12B852D85DCD961D2F5F4AB660654DF6EEDCC794C0C33CE5CC309FFB5FCE58D022067338A8E0E1725C197FB1A88AF59F51E44E425] (255 B)
DEBUG | 2023-05-01 16:19:51 | [Test worker] client.Util:120 | --> [00010000FAD902C4355943ABCB34BD5353FFFFFFFF0200C2EB0B000000001976A91485CFF1097FD9E008BB34AF709C62197B38978A4888AC72FEF84E2C00000017A914339725BA21EFD62AC753A9BCD067D6C7A6A39D05870247304402202712BE22E0270F394F568311DC7CA9A68970B8025FDD3B240229F07F8A5F3A240220018B38D7DCD314E734C9276BD6FB40F673325BC4BAA144C800D2F2F02DB2765C012103D2E15674941BAD4A996372CB87E1856D3652606D98562FE39C5E9E7E413F210502483045022100D12B852D85DCD961D2F5F4AB660654DF6EEDCC794C0C33CE5CC309FFB5FCE58D022067338A8E0E1725C197FB1A88AF59F51E44E425] (255 B)
DEBUG | 2023-05-01 16:19:51 | [Test worker] client.Util:130 | <-- 9000
DEBUG | 2023-05-01 16:19:51 | [Test worker] client.Util:130 | <-- 9000
DEBUG | 2023-05-01 16:19:51 | [Test worker] client.Util:133 | Elapsed time 1 ms
DEBUG | 2023-05-01 16:19:51 | [Test worker] client.Util:120 | --> [00010000375B20167C8684031C05D1F2592A01210223B72BEEF0965D10BE0778EFECD61FCAC6F79A4EA169393380734464F84F2AB300000000000000] (60 B)
DEBUG | 2023-05-01 16:19:51 | [Test worker] client.Util:120 | --> [00010000375B20167C8684031C05D1F2592A01210223B72BEEF0965D10BE0778EFECD61FCAC6F79A4EA169393380734464F84F2AB300000000000000] (60 B)
DEBUG | 2023-05-01 16:19:51 | [Test worker] client.Util:130 | <-- 9000
DEBUG | 2023-05-01 16:19:51 | [Test worker] client.Util:130 | <-- 9000
DEBUG | 2023-05-01 16:19:51 | [Test worker] client.Util:120 | --> [0002000000] (5 B)
DEBUG | 2023-05-01 16:19:51 | [Test worker] client.Util:120 | --> [0002000000] (5 B)
DEBUG | 2023-05-01 16:19:51 | [Test worker] client.Util:130 | <-- 9000
DEBUG | 2023-05-01 16:19:51 | [Test worker] client.Util:130 | <-- 9000
DEBUG | 2023-05-01 16:19:51 | [Test worker] client.Util:120 | --> [1000000000] (5 B)
DEBUG | 2023-05-01 16:19:51 | [Test worker] client.Util:120 | --> [1000000000] (5 B)
DEBUG | 2023-05-01 16:19:51 | [Test worker] client.Util:127 | <-- 00000000 9000 (4 B)
DEBUG | 2023-05-01 16:19:51 | [Test worker] client.Util:127 | <-- 00000000 9000 (4 B)
DEBUG | 2023-05-01 16:19:51 | [Test worker] client.Util:120 | --> [0200000000] (5 B)
DEBUG | 2023-05-01 16:19:51 | [Test worker] client.Util:120 | --> [0200000000] (5 B)
DEBUG | 2023-05-01 16:19:51 | [Test worker] client.Util:130 | <-- 9000
DEBUG | 2023-05-01 16:19:51 | [Test worker] client.Util:130 | <-- 9000
DEBUG | 2023-05-01 16:19:51 | [Test worker] client.Util:120 | --> [020100000A01020304050102030405] (15 B)
DEBUG | 2023-05-01 16:19:51 | [Test worker] client.Util:120 | --> [020100000A01020304050102030405] (15 B)
DEBUG | 2023-05-01 16:19:51 | [Test worker] client.Util:130 | <-- 9000
DEBUG | 2023-05-01 16:19:51 | [Test worker] client.Util:130 | <-- 9000
DEBUG | 2023-05-01 16:19:51 | [Test worker] client.Util:120 | --> [0202000000] (5 B)
DEBUG | 2023-05-01 16:19:51 | [Test worker] client.Util:120 | --> [0202000000] (5 B)
DEBUG | 2023-05-01 16:19:51 | [Test worker] client.Util:130 | <-- 9000
DEBUG | 2023-05-01 16:19:51 | [Test worker] client.Util:130 | <-- 9000
DEBUG | 2023-05-01 16:19:51 | [Test worker] client.Util:120 | --> [1000000000] (5 B)
DEBUG | 2023-05-01 16:19:51 | [Test worker] client.Util:120 | --> [1000000000] (5 B)
DEBUG | 2023-05-01 16:19:51 | [Test worker] client.Util:127 | <-- 00010000 9000 (4 B)
DEBUG | 2023-05-01 16:19:51 | [Test worker] client.Util:127 | <-- 00010000 9000 (4 B)
DEBUG | 2023-05-01 16:19:51 | [Test worker] client.Util:120 | --> [0000000000] (5 B)
DEBUG | 2023-05-01 16:19:51 | [Test worker] client.Util:120 | --> [0000000000] (5 B)
DEBUG | 2023-05-01 16:19:51 | [Test worker] client.Util:130 | <-- 9000
DEBUG | 2023-05-01 16:19:51 | [Test worker] client.Util:130 | <-- 9000
DEBUG | 2023-05-01 16:19:51 | [Test worker] client.Util:120 | --> [00010000FA70736274FF0100750200000001268171371EDFF285E937ADEEA4B37B78000C0566CBB3AD64641713CA42171BF60000000000FEFFFFFF02D3DFF505000000001976A914D0C59903C5BAC2868760E90FD521A4665AA7652088AC00E1F5050000000017A9143545E6E33B832C47050F24D3EEB93C9C03948BC787B32E1300000100FDA5010100000000010289A3C71EAB4D20E0371BBBA4CC698FA295C9463AFA2E397F8533CCB62F9567E50100000017160014BE18D152A9B012039DAF3DA7DE4F53349EECB985FFFFFFFF86F8AA43A71DFF1448893A530A7237EF6B4608BBB2DD2D0171E63AEC6A4890B40100000017160014FE3E9EF1A745E974] (255 B)
DEBUG | 2023-05-01 16:19:51 | [Test worker] client.Util:120 | --> [00010000FA70736274FF0100750200000001268171371EDFF285E937ADEEA4B37B78000C0566CBB3AD64641713CA42171BF60000000000FEFFFFFF02D3DFF505000000001976A914D0C59903C5BAC2868760E90FD521A4665AA7652088AC00E1F5050000000017A9143545E6E33B832C47050F24D3EEB93C9C03948BC787B32E1300000100FDA5010100000000010289A3C71EAB4D20E0371BBBA4CC698FA295C9463AFA2E397F8533CCB62F9567E50100000017160014BE18D152A9B012039DAF3DA7DE4F53349EECB985FFFFFFFF86F8AA43A71DFF1448893A530A7237EF6B4608BBB2DD2D0171E63AEC6A4890B40100000017160014FE3E9EF1A745E974] (255 B)
DEBUG | 2023-05-01 16:19:51 | [Test worker] client.Util:130 | <-- 9000
DEBUG | 2023-05-01 16:19:51 | [Test worker] client.Util:130 | <-- 9000
DEBUG | 2023-05-01 16:19:51 | [Test worker] client.Util:133 | Elapsed time 1 ms
DEBUG | 2023-05-01 16:19:51 | [Test worker] client.Util:120 | --> [00010000FAD902C4355943ABCB34BD5353FFFFFFFF0200C2EB0B000000001976A91485CFF1097FD9E008BB34AF709C62197B38978A4888AC72FEF84E2C00000017A914339725BA21EFD62AC753A9BCD067D6C7A6A39D05870247304402202712BE22E0270F394F568311DC7CA9A68970B8025FDD3B240229F07F8A5F3A240220018B38D7DCD314E734C9276BD6FB40F673325BC4BAA144C800D2F2F02DB2765C012103D2E15674941BAD4A996372CB87E1856D3652606D98562FE39C5E9E7E413F210502483045022100D12B852D85DCD961D2F5F4AB660654DF6EEDCC794C0C33CE5CC309FFB5FCE58D022067338A8E0E1725C197FB1A88AF59F51E44E425] (255 B)
DEBUG | 2023-05-01 16:19:51 | [Test worker] client.Util:120 | --> [00010000FAD902C4355943ABCB34BD5353FFFFFFFF0200C2EB0B000000001976A91485CFF1097FD9E008BB34AF709C62197B38978A4888AC72FEF84E2C00000017A914339725BA21EFD62AC753A9BCD067D6C7A6A39D05870247304402202712BE22E0270F394F568311DC7CA9A68970B8025FDD3B240229F07F8A5F3A240220018B38D7DCD314E734C9276BD6FB40F673325BC4BAA144C800D2F2F02DB2765C012103D2E15674941BAD4A996372CB87E1856D3652606D98562FE39C5E9E7E413F210502483045022100D12B852D85DCD961D2F5F4AB660654DF6EEDCC794C0C33CE5CC309FFB5FCE58D022067338A8E0E1725C197FB1A88AF59F51E44E425] (255 B)
DEBUG | 2023-05-01 16:19:51 | [Test worker] client.Util:130 | <-- 9000
DEBUG | 2023-05-01 16:19:51 | [Test worker] client.Util:130 | <-- 9000
DEBUG | 2023-05-01 16:19:51 | [Test worker] client.Util:120 | --> [00010000375B20167C8684031C05D1F2592A01210223B72BEEF0965D10BE0778EFECD61FCAC6F79A4EA169393380734464F84F2AB300000000000000] (60 B)
DEBUG | 2023-05-01 16:19:51 | [Test worker] client.Util:120 | --> [00010000375B20167C8684031C05D1F2592A01210223B72BEEF0965D10BE0778EFECD61FCAC6F79A4EA169393380734464F84F2AB300000000000000] (60 B)
DEBUG | 2023-05-01 16:19:51 | [Test worker] client.Util:130 | <-- 9000
DEBUG | 2023-05-01 16:19:51 | [Test worker] client.Util:130 | <-- 9000
DEBUG | 2023-05-01 16:19:51 | [Test worker] client.Util:133 | Elapsed time 1 ms
DEBUG | 2023-05-01 16:19:51 | [Test worker] client.Util:120 | --> [0002000000] (5 B)
DEBUG | 2023-05-01 16:19:51 | [Test worker] client.Util:120 | --> [0002000000] (5 B)
DEBUG | 2023-05-01 16:19:51 | [Test worker] client.Util:130 | <-- 9000
DEBUG | 2023-05-01 16:19:51 | [Test worker] client.Util:130 | <-- 9000
DEBUG | 2023-05-01 16:19:51 | [Test worker] client.Util:120 | --> [0200000000] (5 B)
DEBUG | 2023-05-01 16:19:51 | [Test worker] client.Util:120 | --> [0200000000] (5 B)
DEBUG | 2023-05-01 16:19:51 | [Test worker] client.Util:130 | <-- 9000
DEBUG | 2023-05-01 16:19:51 | [Test worker] client.Util:130 | <-- 9000
DEBUG | 2023-05-01 16:19:51 | [Test worker] client.Util:120 | --> [02010000081000000000000000] (13 B)
DEBUG | 2023-05-01 16:19:51 | [Test worker] client.Util:120 | --> [02010000081000000000000000] (13 B)
DEBUG | 2023-05-01 16:19:51 | [Test worker] client.Util:130 | <-- 9000
DEBUG | 2023-05-01 16:19:51 | [Test worker] client.Util:130 | <-- 9000
DEBUG | 2023-05-01 16:19:51 | [Test worker] client.Util:120 | --> [0202000000] (5 B)
DEBUG | 2023-05-01 16:19:51 | [Test worker] client.Util:120 | --> [0202000000] (5 B)
DEBUG | 2023-05-01 16:19:51 | [Test worker] client.Util:130 | <-- 9000
DEBUG | 2023-05-01 16:19:51 | [Test worker] client.Util:130 | <-- 9000
DEBUG | 2023-05-01 16:19:51 | [Test worker] client.Util:120 | --> [0100000000] (5 B)
DEBUG | 2023-05-01 16:19:51 | [Test worker] client.Util:120 | --> [0100000000] (5 B)
DEBUG | 2023-05-01 16:19:51 | [Test worker] client.Util:130 | <-- 9000
DEBUG | 2023-05-01 16:19:51 | [Test worker] client.Util:130 | <-- 9000
DEBUG | 2023-05-01 16:19:51 | [Test worker] client.Util:120 | --> [01010000020000] (7 B)
DEBUG | 2023-05-01 16:19:51 | [Test worker] client.Util:120 | --> [01010000020000] (7 B)
DEBUG | 2023-05-01 16:19:51 | [Test worker] client.Util:130 | <-- 9000
DEBUG | 2023-05-01 16:19:51 | [Test worker] client.Util:130 | <-- 9000
DEBUG | 2023-05-01 16:19:51 | [Test worker] client.Util:120 | --> [0102000000] (5 B)
DEBUG | 2023-05-01 16:19:51 | [Test worker] client.Util:120 | --> [0102000000] (5 B)
DEBUG | 2023-05-01 16:19:51 | [Test worker] client.Util:130 | <-- 9000
DEBUG | 2023-05-01 16:19:51 | [Test worker] client.Util:130 | <-- 9000
DEBUG | 2023-05-01 16:19:51 | [Test worker] client.Util:120 | --> [0000000000] (5 B)
DEBUG | 2023-05-01 16:19:51 | [Test worker] client.Util:120 | --> [0000000000] (5 B)
DEBUG | 2023-05-01 16:19:51 | [Test worker] client.Util:130 | <-- 9000
DEBUG | 2023-05-01 16:19:51 | [Test worker] client.Util:130 | <-- 9000
DEBUG | 2023-05-01 16:19:51 | [Test worker] client.Util:120 | --> [00010000FA70736274FF0100750200000001268171371EDFF285E937ADEEA4B37B78000C0566CBB3AD64641713CA42171BF60000000000FEFFFFFF02D3DFF505000000001976A914D0C59903C5BAC2868760E90FD521A4665AA7652088AC00E1F5050000000017A9143545E6E33B832C47050F24D3EEB93C9C03948BC787B32E1300000100FDA5010100000000010289A3C71EAB4D20E0371BBBA4CC698FA295C9463AFA2E397F8533CCB62F9567E50100000017160014BE18D152A9B012039DAF3DA7DE4F53349EECB985FFFFFFFF86F8AA43A71DFF1448893A530A7237EF6B4608BBB2DD2D0171E63AEC6A4890B40100000017160014FE3E9EF1A745E974] (255 B)
DEBUG | 2023-05-01 16:19:51 | [Test worker] client.Util:120 | --> [00010000FA70736274FF0100750200000001268171371EDFF285E937ADEEA4B37B78000C0566CBB3AD64641713CA42171BF60000000000FEFFFFFF02D3DFF505000000001976A914D0C59903C5BAC2868760E90FD521A4665AA7652088AC00E1F5050000000017A9143545E6E33B832C47050F24D3EEB93C9C03948BC787B32E1300000100FDA5010100000000010289A3C71EAB4D20E0371BBBA4CC698FA295C9463AFA2E397F8533CCB62F9567E50100000017160014BE18D152A9B012039DAF3DA7DE4F53349EECB985FFFFFFFF86F8AA43A71DFF1448893A530A7237EF6B4608BBB2DD2D0171E63AEC6A4890B40100000017160014FE3E9EF1A745E974] (255 B)
DEBUG | 2023-05-01 16:19:51 | [Test worker] client.Util:130 | <-- 9000
DEBUG | 2023-05-01 16:19:51 | [Test worker] client.Util:130 | <-- 9000
DEBUG | 2023-05-01 16:19:51 | [Test worker] client.Util:120 | --> [00010000FAD902C4355943ABCB34BD5353FFFFFFFF0200C2EB0B000000001976A91485CFF1097FD9E008BB34AF709C62197B38978A4888AC72FEF84E2C00000017A914339725BA21EFD62AC753A9BCD067D6C7A6A39D05870247304402202712BE22E0270F394F568311DC7CA9A68970B8025FDD3B240229F07F8A5F3A240220018B38D7DCD314E734C9276BD6FB40F673325BC4BAA144C800D2F2F02DB2765C012103D2E15674941BAD4A996372CB87E1856D3652606D98562FE39C5E9E7E413F210502483045022100D12B852D85DCD961D2F5F4AB660654DF6EEDCC794C0C33CE5CC309FFB5FCE58D022067338A8E0E1725C197FB1A88AF59F51E44E425] (255 B)
DEBUG | 2023-05-01 16:19:51 | [Test worker] client.Util:120 | --> [00010000FAD902C4355943ABCB34BD5353FFFFFFFF0200C2EB0B000000001976A91485CFF1097FD9E008BB34AF709C62197B38978A4888AC72FEF84E2C00000017A914339725BA21EFD62AC753A9BCD067D6C7A6A39D05870247304402202712BE22E0270F394F568311DC7CA9A68970B8025FDD3B240229F07F8A5F3A240220018B38D7DCD314E734C9276BD6FB40F673325BC4BAA144C800D2F2F02DB2765C012103D2E15674941BAD4A996372CB87E1856D3652606D98562FE39C5E9E7E413F210502483045022100D12B852D85DCD961D2F5F4AB660654DF6EEDCC794C0C33CE5CC309FFB5FCE58D022067338A8E0E1725C197FB1A88AF59F51E44E425] (255 B)
DEBUG | 2023-05-01 16:19:51 | [Test worker] client.Util:130 | <-- 9000
DEBUG | 2023-05-01 16:19:51 | [Test worker] client.Util:130 | <-- 9000
DEBUG | 2023-05-01 16:19:51 | [Test worker] client.Util:133 | Elapsed time 1 ms
DEBUG | 2023-05-01 16:19:51 | [Test worker] client.Util:120 | --> [00010000375B20167C8684031C05D1F2592A01210223B72BEEF0965D10BE0778EFECD61FCAC6F79A4EA169393380734464F84F2AB300000000000000] (60 B)
DEBUG | 2023-05-01 16:19:51 | [Test worker] client.Util:120 | --> [00010000375B20167C8684031C05D1F2592A01210223B72BEEF0965D10BE0778EFECD61FCAC6F79A4EA169393380734464F84F2AB300000000000000] (60 B)
DEBUG | 2023-05-01 16:19:51 | [Test worker] client.Util:130 | <-- 9000
DEBUG | 2023-05-01 16:19:51 | [Test worker] client.Util:130 | <-- 9000
DEBUG | 2023-05-01 16:19:51 | [Test worker] client.Util:133 | Elapsed time 1 ms
DEBUG | 2023-05-01 16:19:51 | [Test worker] client.Util:120 | --> [0002000000] (5 B)
DEBUG | 2023-05-01 16:19:51 | [Test worker] client.Util:120 | --> [0002000000] (5 B)
DEBUG | 2023-05-01 16:19:51 | [Test worker] client.Util:130 | <-- 9000
DEBUG | 2023-05-01 16:19:51 | [Test worker] client.Util:130 | <-- 9000
DEBUG | 2023-05-01 16:19:51 | [Test worker] client.Util:120 | --> [1000000000] (5 B)
DEBUG | 2023-05-01 16:19:51 | [Test worker] client.Util:120 | --> [1000000000] (5 B)
DEBUG | 2023-05-01 16:19:51 | [Test worker] client.Util:127 | <-- 00010000 9000 (4 B)
DEBUG | 2023-05-01 16:19:51 | [Test worker] client.Util:127 | <-- 00010000 9000 (4 B)
DEBUG | 2023-05-01 16:19:51 | [Test worker] client.Util:120 | --> [0000000000] (5 B)
DEBUG | 2023-05-01 16:19:51 | [Test worker] client.Util:120 | --> [0000000000] (5 B)
DEBUG | 2023-05-01 16:19:51 | [Test worker] client.Util:130 | <-- 9000
DEBUG | 2023-05-01 16:19:51 | [Test worker] client.Util:130 | <-- 9000
DEBUG | 2023-05-01 16:19:51 | [Test worker] client.Util:133 | Elapsed time 1 ms
DEBUG | 2023-05-01 16:19:51 | [Test worker] client.Util:120 | --> [00010000FA70736274FF0100A00200000002AB0949A08C5AF7C49B8212F417E2F15AB3F5C33DCF153821A8139F877A5B7BE40000000000FEFFFFFFAB0949A08C5AF7C49B8212F417E2F15AB3F5C33DCF153821A8139F877A5B7BE40100000000FEFFFFFF02603BEA0B000000001976A914768A40BBD740CBE81D988E71DE2A4D5C71396B1D88AC8E240000000000001976A9146F4620B553FA095E721B9EE0EFE9FA039CCA459788AC000000000001076A47304402204759661797C01B036B25928948686218347D89864B719E1F7FCF57D1E511658702205309EABF56AA4D8891FFD111FDF1336F3A29DA866D7F8486D75546CEEDAF93190121035CDC61FC] (255 B)
DEBUG | 2023-05-01 16:19:51 | [Test worker] client.Util:120 | --> [00010000FA70736274FF0100A00200000002AB0949A08C5AF7C49B8212F417E2F15AB3F5C33DCF153821A8139F877A5B7BE40000000000FEFFFFFFAB0949A08C5AF7C49B8212F417E2F15AB3F5C33DCF153821A8139F877A5B7BE40100000000FEFFFFFF02603BEA0B000000001976A914768A40BBD740CBE81D988E71DE2A4D5C71396B1D88AC8E240000000000001976A9146F4620B553FA095E721B9EE0EFE9FA039CCA459788AC000000000001076A47304402204759661797C01B036B25928948686218347D89864B719E1F7FCF57D1E511658702205309EABF56AA4D8891FFD111FDF1336F3A29DA866D7F8486D75546CEEDAF93190121035CDC61FC] (255 B)
DEBUG | 2023-05-01 16:19:51 | [Test worker] client.Util:130 | <-- 9000
DEBUG | 2023-05-01 16:19:51 | [Test worker] client.Util:130 | <-- 9000
DEBUG | 2023-05-01 16:19:51 | [Test worker] client.Util:133 | Elapsed time 1 ms
DEBUG | 2023-05-01 16:19:51 | [Test worker] client.Util:120 | --> [000100005C7BA971C0B501A646A2A83B102CB43881217CA682DC86E2D73FA882920001012000E1F5050000000017A9143545E6E33B832C47050F24D3EEB93C9C03948BC787010416001485D13537F2E265405A34DBAFA9E3DDA01FB82308000000] (97 B)
DEBUG | 2023-05-01 16:19:51 | [Test worker] client.Util:120 | --> [000100005C7BA971C0B501A646A2A83B102CB43881217CA682DC86E2D73FA882920001012000E1F5050000000017A9143545E6E33B832C47050F24D3EEB93C9C03948BC787010416001485D13537F2E265405A34DBAFA9E3DDA01FB82308000000] (97 B)
DEBUG | 2023-05-01 16:19:51 | [Test worker] client.Util:130 | <-- 9000
DEBUG | 2023-05-01 16:19:51 | [Test worker] client.Util:130 | <-- 9000
DEBUG | 2023-05-01 16:19:51 | [Test worker] client.Util:120 | --> [0002000000] (5 B)
DEBUG | 2023-05-01 16:19:51 | [Test worker] client.Util:120 | --> [0002000000] (5 B)
DEBUG | 2023-05-01 16:19:51 | [Test worker] client.Util:130 | <-- 9000
DEBUG | 2023-05-01 16:19:51 | [Test worker] client.Util:130 | <-- 9000
DEBUG | 2023-05-01 16:19:51 | [Test worker] client.Util:120 | --> [1000000000] (5 B)
DEBUG | 2023-05-01 16:19:51 | [Test worker] client.Util:120 | --> [1000000000] (5 B)
DEBUG | 2023-05-01 16:19:51 | [Test worker] client.Util:127 | <-- 00010000 9000 (4 B)
DEBUG | 2023-05-01 16:19:51 | [Test worker] client.Util:127 | <-- 00010000 9000 (4 B)
DEBUG | 2023-05-01 16:19:51 | [Test worker] client.Util:133 | Elapsed time 1 ms
DEBUG | 2023-05-01 16:19:51 | [Test worker] client.Util:120 | --> [0200000000] (5 B)
DEBUG | 2023-05-01 16:19:51 | [Test worker] client.Util:120 | --> [0200000000] (5 B)
DEBUG | 2023-05-01 16:19:51 | [Test worker] client.Util:130 | <-- 9000
DEBUG | 2023-05-01 16:19:51 | [Test worker] client.Util:130 | <-- 9000
DEBUG | 2023-05-01 16:19:51 | [Test worker] client.Util:133 | Elapsed time 1 ms
DEBUG | 2023-05-01 16:19:51 | [Test worker] client.Util:120 | --> [0201000008603BEA0B00000000] (13 B)
DEBUG | 2023-05-01 16:19:51 | [Test worker] client.Util:120 | --> [0201000008603BEA0B00000000] (13 B)
DEBUG | 2023-05-01 16:19:51 | [Test worker] client.Util:130 | <-- 9000
DEBUG | 2023-05-01 16:19:51 | [Test worker] client.Util:130 | <-- 9000
DEBUG | 2023-05-01 16:19:51 | [Test worker] client.Util:120 | --> [0202000000] (5 B)
DEBUG | 2023-05-01 16:19:51 | [Test worker] client.Util:120 | --> [0202000000] (5 B)
DEBUG | 2023-05-01 16:19:51 | [Test worker] client.Util:130 | <-- 9000
DEBUG | 2023-05-01 16:19:51 | [Test worker] client.Util:130 | <-- 9000
DEBUG | 2023-05-01 16:19:51 | [Test worker] client.Util:133 | Elapsed time 1 ms
DEBUG | 2023-05-01 16:19:51 | [Test worker] client.Util:120 | --> [0200010000] (5 B)
DEBUG | 2023-05-01 16:19:51 | [Test worker] client.Util:120 | --> [0200010000] (5 B)
DEBUG | 2023-05-01 16:19:51 | [Test worker] client.Util:130 | <-- 9000
DEBUG | 2023-05-01 16:19:51 | [Test worker] client.Util:130 | <-- 9000
DEBUG | 2023-05-01 16:19:51 | [Test worker] client.Util:120 | --> [020101001976A914768A40BBD740CBE81D988E71DE2A4D5C71396B1D88AC] (30 B)
DEBUG | 2023-05-01 16:19:51 | [Test worker] client.Util:120 | --> [020101001976A914768A40BBD740CBE81D988E71DE2A4D5C71396B1D88AC] (30 B)
DEBUG | 2023-05-01 16:19:51 | [Test worker] client.Util:130 | <-- 9000
DEBUG | 2023-05-01 16:19:51 | [Test worker] client.Util:130 | <-- 9000
DEBUG | 2023-05-01 16:19:51 | [Test worker] client.Util:133 | Elapsed time 1 ms
DEBUG | 2023-05-01 16:19:51 | [Test worker] client.Util:120 | --> [0202010000] (5 B)
DEBUG | 2023-05-01 16:19:51 | [Test worker] client.Util:120 | --> [0202010000] (5 B)
DEBUG | 2023-05-01 16:19:51 | [Test worker] client.Util:130 | <-- 9000
DEBUG | 2023-05-01 16:19:51 | [Test worker] client.Util:130 | <-- 9000
DEBUG | 2023-05-01 16:19:51 | [Test worker] client.Util:120 | --> [0100000000] (5 B)
DEBUG | 2023-05-01 16:19:51 | [Test worker] client.Util:120 | --> [0100000000] (5 B)
DEBUG | 2023-05-01 16:19:51 | [Test worker] client.Util:130 | <-- 9000
DEBUG | 2023-05-01 16:19:51 | [Test worker] client.Util:130 | <-- 9000
DEBUG | 2023-05-01 16:19:51 | [Test worker] client.Util:120 | --> [0101000003030001] (8 B)
DEBUG | 2023-05-01 16:19:51 | [Test worker] client.Util:120 | --> [0101000003030001] (8 B)
DEBUG | 2023-05-01 16:19:51 | [Test worker] client.Util:130 | <-- 9000
DEBUG | 2023-05-01 16:19:51 | [Test worker] client.Util:130 | <-- 9000
DEBUG | 2023-05-01 16:19:51 | [Test worker] client.Util:120 | --> [0102000000] (5 B)
DEBUG | 2023-05-01 16:19:51 | [Test worker] client.Util:120 | --> [0102000000] (5 B)
DEBUG | 2023-05-01 16:19:51 | [Test worker] client.Util:130 | <-- 9000
DEBUG | 2023-05-01 16:19:51 | [Test worker] client.Util:130 | <-- 9000
DEBUG | 2023-05-01 16:19:51 | [Test worker] client.Util:120 | --> [0000000000] (5 B)
DEBUG | 2023-05-01 16:19:51 | [Test worker] client.Util:120 | --> [0000000000] (5 B)
DEBUG | 2023-05-01 16:19:51 | [Test worker] client.Util:130 | <-- 9000
DEBUG | 2023-05-01 16:19:51 | [Test worker] client.Util:130 | <-- 9000
DEBUG | 2023-05-01 16:19:51 | [Test worker] client.Util:120 | --> [00010000FA70736274FF0100750200000001268171371EDFF285E937ADEEA4B37B78000C0566CBB3AD64641713CA42171BF60000000000FEFFFFFF02D3DFF505000000001976A914D0C59903C5BAC2868760E90FD521A4665AA7652088AC00E1F5050000000017A9143545E6E33B832C47050F24D3EEB93C9C03948BC787B32E1300000100FDA5010100000000010289A3C71EAB4D20E0371BBBA4CC698FA295C9463AFA2E397F8533CCB62F9567E50100000017160014BE18D152A9B012039DAF3DA7DE4F53349EECB985FFFFFFFF86F8AA43A71DFF1448893A530A7237EF6B4608BBB2DD2D0171E63AEC6A4890B40100000017160014FE3E9EF1A745E974] (255 B)
DEBUG | 2023-05-01 16:19:51 | [Test worker] client.Util:120 | --> [00010000FA70736274FF0100750200000001268171371EDFF285E937ADEEA4B37B78000C0566CBB3AD64641713CA42171BF60000000000FEFFFFFF02D3DFF505000000001976A914D0C59903C5BAC2868760E90FD521A4665AA7652088AC00E1F5050000000017A9143545E6E33B832C47050F24D3EEB93C9C03948BC787B32E1300000100FDA5010100000000010289A3C71EAB4D20E0371BBBA4CC698FA295C9463AFA2E397F8533CCB62F9567E50100000017160014BE18D152A9B012039DAF3DA7DE4F53349EECB985FFFFFFFF86F8AA43A71DFF1448893A530A7237EF6B4608BBB2DD2D0171E63AEC6A4890B40100000017160014FE3E9EF1A745E974] (255 B)
DEBUG | 2023-05-01 16:19:51 | [Test worker] client.Util:130 | <-- 9000
DEBUG | 2023-05-01 16:19:51 | [Test worker] client.Util:130 | <-- 9000
DEBUG | 2023-05-01 16:19:51 | [Test worker] client.Util:120 | --> [00010000FAD902C4355943ABCB34BD5353FFFFFFFF0200C2EB0B000000001976A91485CFF1097FD9E008BB34AF709C62197B38978A4888AC72FEF84E2C00000017A914339725BA21EFD62AC753A9BCD067D6C7A6A39D05870247304402202712BE22E0270F394F568311DC7CA9A68970B8025FDD3B240229F07F8A5F3A240220018B38D7DCD314E734C9276BD6FB40F673325BC4BAA144C800D2F2F02DB2765C012103D2E15674941BAD4A996372CB87E1856D3652606D98562FE39C5E9E7E413F210502483045022100D12B852D85DCD961D2F5F4AB660654DF6EEDCC794C0C33CE5CC309FFB5FCE58D022067338A8E0E1725C197FB1A88AF59F51E44E425] (255 B)
DEBUG | 2023-05-01 16:19:51 | [Test worker] client.Util:120 | --> [00010000FAD902C4355943ABCB34BD5353FFFFFFFF0200C2EB0B000000001976A91485CFF1097FD9E008BB34AF709C62197B38978A4888AC72FEF84E2C00000017A914339725BA21EFD62AC753A9BCD067D6C7A6A39D05870247304402202712BE22E0270F394F568311DC7CA9A68970B8025FDD3B240229F07F8A5F3A240220018B38D7DCD314E734C9276BD6FB40F673325BC4BAA144C800D2F2F02DB2765C012103D2E15674941BAD4A996372CB87E1856D3652606D98562FE39C5E9E7E413F210502483045022100D12B852D85DCD961D2F5F4AB660654DF6EEDCC794C0C33CE5CC309FFB5FCE58D022067338A8E0E1725C197FB1A88AF59F51E44E425] (255 B)
DEBUG | 2023-05-01 16:19:51 | [Test worker] client.Util:130 | <-- 9000
DEBUG | 2023-05-01 16:19:51 | [Test worker] client.Util:130 | <-- 9000
DEBUG | 2023-05-01 16:19:51 | [Test worker] client.Util:133 | Elapsed time 1 ms
DEBUG | 2023-05-01 16:19:51 | [Test worker] client.Util:120 | --> [00010000375B20167C8684031C05D1F2592A01210223B72BEEF0965D10BE0778EFECD61FCAC6F79A4EA169393380734464F84F2AB300000000000000] (60 B)
DEBUG | 2023-05-01 16:19:51 | [Test worker] client.Util:120 | --> [00010000375B20167C8684031C05D1F2592A01210223B72BEEF0965D10BE0778EFECD61FCAC6F79A4EA169393380734464F84F2AB300000000000000] (60 B)
DEBUG | 2023-05-01 16:19:51 | [Test worker] client.Util:130 | <-- 9000
DEBUG | 2023-05-01 16:19:51 | [Test worker] client.Util:130 | <-- 9000
DEBUG | 2023-05-01 16:19:51 | [Test worker] client.Util:133 | Elapsed time 1 ms
DEBUG | 2023-05-01 16:19:51 | [Test worker] client.Util:120 | --> [0002000000] (5 B)
DEBUG | 2023-05-01 16:19:51 | [Test worker] client.Util:120 | --> [0002000000] (5 B)
DEBUG | 2023-05-01 16:19:51 | [Test worker] client.Util:130 | <-- 9000
DEBUG | 2023-05-01 16:19:51 | [Test worker] client.Util:130 | <-- 9000
DEBUG | 2023-05-01 16:19:51 | [Test worker] client.Util:120 | --> [1000000000] (5 B)
DEBUG | 2023-05-01 16:19:51 | [Test worker] client.Util:120 | --> [1000000000] (5 B)
DEBUG | 2023-05-01 16:19:51 | [Test worker] client.Util:127 | <-- 00000000 9000 (4 B)
DEBUG | 2023-05-01 16:19:51 | [Test worker] client.Util:127 | <-- 00000000 9000 (4 B)
DEBUG | 2023-05-01 16:19:51 | [Test worker] client.Util:120 | --> [0000000000] (5 B)
DEBUG | 2023-05-01 16:19:51 | [Test worker] client.Util:120 | --> [0000000000] (5 B)
DEBUG | 2023-05-01 16:19:51 | [Test worker] client.Util:130 | <-- 9000
DEBUG | 2023-05-01 16:19:51 | [Test worker] client.Util:130 | <-- 9000
DEBUG | 2023-05-01 16:19:51 | [Test worker] client.Util:120 | --> [00010000FA70736274FF0100A00200000002AB0949A08C5AF7C49B8212F417E2F15AB3F5C33DCF153821A8139F877A5B7BE40000000000FEFFFFFFAB0949A08C5AF7C49B8212F417E2F15AB3F5C33DCF153821A8139F877A5B7BE40100000000FEFFFFFF02603BEA0B000000001976A914768A40BBD740CBE81D988E71DE2A4D5C71396B1D88AC8E240000000000001976A9146F4620B553FA095E721B9EE0EFE9FA039CCA459788AC000000000001076A47304402204759661797C01B036B25928948686218347D89864B719E1F7FCF57D1E511658702205309EABF56AA4D8891FFD111FDF1336F3A29DA866D7F8486D75546CEEDAF93190121035CDC61FC] (255 B)
DEBUG | 2023-05-01 16:19:51 | [Test worker] client.Util:120 | --> [00010000FA70736274FF0100A00200000002AB0949A08C5AF7C49B8212F417E2F15AB3F5C33DCF153821A8139F877A5B7BE40000000000FEFFFFFFAB0949A08C5AF7C49B8212F417E2F15AB3F5C33DCF153821A8139F877A5B7BE40100000000FEFFFFFF02603BEA0B000000001976A914768A40BBD740CBE81D988E71DE2A4D5C71396B1D88AC8E240000000000001976A9146F4620B553FA095E721B9EE0EFE9FA039CCA459788AC000000000001076A47304402204759661797C01B036B25928948686218347D89864B719E1F7FCF57D1E511658702205309EABF56AA4D8891FFD111FDF1336F3A29DA866D7F8486D75546CEEDAF93190121035CDC61FC] (255 B)
DEBUG | 2023-05-01 16:19:51 | [Test worker] client.Util:130 | <-- 9000
DEBUG | 2023-05-01 16:19:51 | [Test worker] client.Util:130 | <-- 9000
DEBUG | 2023-05-01 16:19:51 | [Test worker] client.Util:133 | Elapsed time 1 ms
DEBUG | 2023-05-01 16:19:51 | [Test worker] client.Util:120 | --> [000100005C7BA971C0B501A646A2A83B102CB43881217CA682DC86E2D73FA882920001012000E1F5050000000017A9143545E6E33B832C47050F24D3EEB93C9C03948BC787010416001485D13537F2E265405A34DBAFA9E3DDA01FB82308000000] (97 B)
DEBUG | 2023-05-01 16:19:51 | [Test worker] client.Util:120 | --> [000100005C7BA971C0B501A646A2A83B102CB43881217CA682DC86E2D73FA882920001012000E1F5050000000017A9143545E6E33B832C47050F24D3EEB93C9C03948BC787010416001485D13537F2E265405A34DBAFA9E3DDA01FB82308000000] (97 B)
DEBUG | 2023-05-01 16:19:51 | [Test worker] client.Util:130 | <-- 9000
DEBUG | 2023-05-01 16:19:51 | [Test worker] client.Util:130 | <-- 9000
DEBUG | 2023-05-01 16:19:51 | [Test worker] client.Util:120 | --> [0002000000] (5 B)
DEBUG | 2023-05-01 16:19:51 | [Test worker] client.Util:120 | --> [0002000000] (5 B)
DEBUG | 2023-05-01 16:19:51 | [Test worker] client.Util:130 | <-- 9000
DEBUG | 2023-05-01 16:19:51 | [Test worker] client.Util:130 | <-- 9000
DEBUG | 2023-05-01 16:19:51 | [Test worker] client.Util:120 | --> [1000000000] (5 B)
DEBUG | 2023-05-01 16:19:51 | [Test worker] client.Util:120 | --> [1000000000] (5 B)
DEBUG | 2023-05-01 16:19:51 | [Test worker] client.Util:127 | <-- 00010000 9000 (4 B)
DEBUG | 2023-05-01 16:19:51 | [Test worker] client.Util:127 | <-- 00010000 9000 (4 B)
DEBUG | 2023-05-01 16:19:51 | [Test worker] client.Util:120 | --> [0000000000] (5 B)
DEBUG | 2023-05-01 16:19:51 | [Test worker] client.Util:120 | --> [0000000000] (5 B)
DEBUG | 2023-05-01 16:19:51 | [Test worker] client.Util:130 | <-- 9000
DEBUG | 2023-05-01 16:19:51 | [Test worker] client.Util:130 | <-- 9000
DEBUG | 2023-05-01 16:19:51 | [Test worker] client.Util:120 | --> [00010000FA70736274FF0100750200000001268171371EDFF285E937ADEEA4B37B78000C0566CBB3AD64641713CA42171BF60000000000FEFFFFFF02D3DFF505000000001976A914D0C59903C5BAC2868760E90FD521A4665AA7652088AC00E1F5050000000017A9143545E6E33B832C47050F24D3EEB93C9C03948BC787B32E1300000100FDA5010100000000010289A3C71EAB4D20E0371BBBA4CC698FA295C9463AFA2E397F8533CCB62F9567E50100000017160014BE18D152A9B012039DAF3DA7DE4F53349EECB985FFFFFFFF86F8AA43A71DFF1448893A530A7237EF6B4608BBB2DD2D0171E63AEC6A4890B40100000017160014FE3E9EF1A745E974] (255 B)
DEBUG | 2023-05-01 16:19:51 | [Test worker] client.Util:120 | --> [00010000FA70736274FF0100750200000001268171371EDFF285E937ADEEA4B37B78000C0566CBB3AD64641713CA42171BF60000000000FEFFFFFF02D3DFF505000000001976A914D0C59903C5BAC2868760E90FD521A4665AA7652088AC00E1F5050000000017A9143545E6E33B832C47050F24D3EEB93C9C03948BC787B32E1300000100FDA5010100000000010289A3C71EAB4D20E0371BBBA4CC698FA295C9463AFA2E397F8533CCB62F9567E50100000017160014BE18D152A9B012039DAF3DA7DE4F53349EECB985FFFFFFFF86F8AA43A71DFF1448893A530A7237EF6B4608BBB2DD2D0171E63AEC6A4890B40100000017160014FE3E9EF1A745E974] (255 B)
DEBUG | 2023-05-01 16:19:51 | [Test worker] client.Util:130 | <-- 9000
DEBUG | 2023-05-01 16:19:51 | [Test worker] client.Util:130 | <-- 9000
DEBUG | 2023-05-01 16:19:51 | [Test worker] client.Util:133 | Elapsed time 1 ms
DEBUG | 2023-05-01 16:19:51 | [Test worker] client.Util:120 | --> [00010000FAD902C4355943ABCB34BD5353FFFFFFFF0200C2EB0B000000001976A91485CFF1097FD9E008BB34AF709C62197B38978A4888AC72FEF84E2C00000017A914339725BA21EFD62AC753A9BCD067D6C7A6A39D05870247304402202712BE22E0270F394F568311DC7CA9A68970B8025FDD3B240229F07F8A5F3A240220018B38D7DCD314E734C9276BD6FB40F673325BC4BAA144C800D2F2F02DB2765C012103D2E15674941BAD4A996372CB87E1856D3652606D98562FE39C5E9E7E413F210502483045022100D12B852D85DCD961D2F5F4AB660654DF6EEDCC794C0C33CE5CC309FFB5FCE58D022067338A8E0E1725C197FB1A88AF59F51E44E425] (255 B)
DEBUG | 2023-05-01 16:19:51 | [Test worker] client.Util:120 | --> [00010000FAD902C4355943ABCB34BD5353FFFFFFFF0200C2EB0B000000001976A91485CFF1097FD9E008BB34AF709C62197B38978A4888AC72FEF84E2C00000017A914339725BA21EFD62AC753A9BCD067D6C7A6A39D05870247304402202712BE22E0270F394F568311DC7CA9A68970B8025FDD3B240229F07F8A5F3A240220018B38D7DCD314E734C9276BD6FB40F673325BC4BAA144C800D2F2F02DB2765C012103D2E15674941BAD4A996372CB87E1856D3652606D98562FE39C5E9E7E413F210502483045022100D12B852D85DCD961D2F5F4AB660654DF6EEDCC794C0C33CE5CC309FFB5FCE58D022067338A8E0E1725C197FB1A88AF59F51E44E425] (255 B)
DEBUG | 2023-05-01 16:19:51 | [Test worker] client.Util:130 | <-- 9000
DEBUG | 2023-05-01 16:19:51 | [Test worker] client.Util:130 | <-- 9000
DEBUG | 2023-05-01 16:19:51 | [Test worker] client.Util:133 | Elapsed time 1 ms
DEBUG | 2023-05-01 16:19:51 | [Test worker] client.Util:120 | --> [00010000375B20167C8684031C05D1F2592A01210223B72BEEF0965D10BE0778EFECD61FCAC6F79A4EA169393380734464F84F2AB300000000000000] (60 B)
DEBUG | 2023-05-01 16:19:51 | [Test worker] client.Util:120 | --> [00010000375B20167C8684031C05D1F2592A01210223B72BEEF0965D10BE0778EFECD61FCAC6F79A4EA169393380734464F84F2AB300000000000000] (60 B)
DEBUG | 2023-05-01 16:19:51 | [Test worker] client.Util:130 | <-- 9000
DEBUG | 2023-05-01 16:19:51 | [Test worker] client.Util:130 | <-- 9000
DEBUG | 2023-05-01 16:19:51 | [Test worker] client.Util:120 | --> [0002000000] (5 B)
DEBUG | 2023-05-01 16:19:51 | [Test worker] client.Util:120 | --> [0002000000] (5 B)
DEBUG | 2023-05-01 16:19:51 | [Test worker] client.Util:130 | <-- 9000
DEBUG | 2023-05-01 16:19:51 | [Test worker] client.Util:130 | <-- 9000
DEBUG | 2023-05-01 16:19:51 | [Test worker] client.Util:120 | --> [1000000000] (5 B)
DEBUG | 2023-05-01 16:19:51 | [Test worker] client.Util:120 | --> [1000000000] (5 B)
DEBUG | 2023-05-01 16:19:51 | [Test worker] client.Util:127 | <-- 00000000 9000 (4 B)
DEBUG | 2023-05-01 16:19:51 | [Test worker] client.Util:127 | <-- 00000000 9000 (4 B)
DEBUG | 2023-05-01 16:19:51 | [Test worker] client.Util:120 | --> [0200000000] (5 B)
DEBUG | 2023-05-01 16:19:51 | [Test worker] client.Util:120 | --> [0200000000] (5 B)
DEBUG | 2023-05-01 16:19:51 | [Test worker] client.Util:130 | <-- 9000
DEBUG | 2023-05-01 16:19:51 | [Test worker] client.Util:130 | <-- 9000
DEBUG | 2023-05-01 16:19:51 | [Test worker] client.Util:133 | Elapsed time 1 ms
DEBUG | 2023-05-01 16:19:51 | [Test worker] client.Util:120 | --> [0201000008FFFFFFFFFFFFFFFF] (13 B)
DEBUG | 2023-05-01 16:19:51 | [Test worker] client.Util:120 | --> [0201000008FFFFFFFFFFFFFFFF] (13 B)
DEBUG | 2023-05-01 16:19:51 | [Test worker] client.Util:130 | <-- 9000
DEBUG | 2023-05-01 16:19:51 | [Test worker] client.Util:130 | <-- 9000
DEBUG | 2023-05-01 16:19:51 | [Test worker] client.Util:133 | Elapsed time 1 ms
DEBUG | 2023-05-01 16:19:51 | [Test worker] client.Util:120 | --> [0202000000] (5 B)
DEBUG | 2023-05-01 16:19:51 | [Test worker] client.Util:120 | --> [0202000000] (5 B)
DEBUG | 2023-05-01 16:19:51 | [Test worker] client.Util:130 | <-- 9000
DEBUG | 2023-05-01 16:19:51 | [Test worker] client.Util:130 | <-- 9000
DEBUG | 2023-05-01 16:19:51 | [Test worker] client.Util:120 | --> [0200010000] (5 B)
DEBUG | 2023-05-01 16:19:51 | [Test worker] client.Util:120 | --> [0200010000] (5 B)
DEBUG | 2023-05-01 16:19:51 | [Test worker] client.Util:130 | <-- 9000
DEBUG | 2023-05-01 16:19:51 | [Test worker] client.Util:130 | <-- 9000
DEBUG | 2023-05-01 16:19:51 | [Test worker] client.Util:133 | Elapsed time 1 ms
DEBUG | 2023-05-01 16:19:51 | [Test worker] client.Util:120 | --> [020101001976A914768A40BBD740CBE81D988E71DE2A4D5C71396B1D88AC] (30 B)
DEBUG | 2023-05-01 16:19:51 | [Test worker] client.Util:120 | --> [020101001976A914768A40BBD740CBE81D988E71DE2A4D5C71396B1D88AC] (30 B)
DEBUG | 2023-05-01 16:19:51 | [Test worker] client.Util:130 | <-- 9000
DEBUG | 2023-05-01 16:19:51 | [Test worker] client.Util:130 | <-- 9000
DEBUG | 2023-05-01 16:19:51 | [Test worker] client.Util:120 | --> [0202010000] (5 B)
DEBUG | 2023-05-01 16:19:51 | [Test worker] client.Util:120 | --> [0202010000] (5 B)
DEBUG | 2023-05-01 16:19:51 | [Test worker] client.Util:130 | <-- 9000
DEBUG | 2023-05-01 16:19:51 | [Test worker] client.Util:130 | <-- 9000
DEBUG | 2023-05-01 16:19:51 | [Test worker] client.Util:120 | --> [0100000000] (5 B)
DEBUG | 2023-05-01 16:19:51 | [Test worker] client.Util:120 | --> [0100000000] (5 B)
DEBUG | 2023-05-01 16:19:51 | [Test worker] client.Util:130 | <-- 9000
DEBUG | 2023-05-01 16:19:51 | [Test worker] client.Util:130 | <-- 9000
DEBUG | 2023-05-01 16:19:51 | [Test worker] client.Util:120 | --> [0101000003030001] (8 B)
DEBUG | 2023-05-01 16:19:51 | [Test worker] client.Util:120 | --> [0101000003030001] (8 B)
DEBUG | 2023-05-01 16:19:51 | [Test worker] client.Util:130 | <-- 9000
DEBUG | 2023-05-01 16:19:51 | [Test worker] client.Util:130 | <-- 9000
DEBUG | 2023-05-01 16:19:51 | [Test worker] client.Util:133 | Elapsed time 1 ms
DEBUG | 2023-05-01 16:19:51 | [Test worker] client.Util:120 | --> [0102000000] (5 B)
DEBUG | 2023-05-01 16:19:51 | [Test worker] client.Util:120 | --> [0102000000] (5 B)
DEBUG | 2023-05-01 16:19:51 | [Test worker] client.Util:130 | <-- 9000
DEBUG | 2023-05-01 16:19:51 | [Test worker] client.Util:130 | <-- 9000
DEBUG | 2023-05-01 16:19:51 | [Test worker] client.Util:120 | --> [0000000000] (5 B)
DEBUG | 2023-05-01 16:19:51 | [Test worker] client.Util:120 | --> [0000000000] (5 B)
DEBUG | 2023-05-01 16:19:51 | [Test worker] client.Util:130 | <-- 9000
DEBUG | 2023-05-01 16:19:51 | [Test worker] client.Util:130 | <-- 9000
DEBUG | 2023-05-01 16:19:51 | [Test worker] client.Util:120 | --> [00010000FA70736274FF0100A00200000002AB0949A08C5AF7C49B8212F417E2F15AB3F5C33DCF153821A8139F877A5B7BE40000000000FEFFFFFFAB0949A08C5AF7C49B8212F417E2F15AB3F5C33DCF153821A8139F877A5B7BE40100000000FEFFFFFF02603BEA0B000000001976A914768A40BBD740CBE81D988E71DE2A4D5C71396B1D88AC8E240000000000001976A9146F4620B553FA095E721B9EE0EFE9FA039CCA459788AC000000000001076A47304402204759661797C01B036B25928948686218347D89864B719E1F7FCF57D1E511658702205309EABF56AA4D8891FFD111FDF1336F3A29DA866D7F8486D75546CEEDAF93190121035CDC61FC] (255 B)
DEBUG | 2023-05-01 16:19:51 | [Test worker] client.Util:120 | --> [00010000FA70736274FF0100A00200000002AB0949A08C5AF7C49B8212F417E2F15AB3F5C33DCF153821A8139F877A5B7BE40000000000FEFFFFFFAB0949A08C5AF7C49B8212F417E2F15AB3F5C33DCF153821A8139F877A5B7BE40100000000FEFFFFFF02603BEA0B000000001976A914768A40BBD740CBE81D988E71DE2A4D5C71396B1D88AC8E240000000000001976A9146F4620B553FA095E721B9EE0EFE9FA039CCA459788AC000000000001076A47304402204759661797C01B036B25928948686218347D89864B719E1F7FCF57D1E511658702205309EABF56AA4D8891FFD111FDF1336F3A29DA866D7F8486D75546CEEDAF93190121035CDC61FC] (255 B)
DEBUG | 2023-05-01 16:19:51 | [Test worker] client.Util:130 | <-- 9000
DEBUG | 2023-05-01 16:19:51 | [Test worker] client.Util:130 | <-- 9000
DEBUG | 2023-05-01 16:19:51 | [Test worker] client.Util:120 | --> [000100005C7BA971C0B501A646A2A83B102CB43881217CA682DC86E2D73FA882920001012000E1F5050000000017A9143545E6E33B832C47050F24D3EEB93C9C03948BC787010416001485D13537F2E265405A34DBAFA9E3DDA01FB82308000000] (97 B)
DEBUG | 2023-05-01 16:19:51 | [Test worker] client.Util:120 | --> [000100005C7BA971C0B501A646A2A83B102CB43881217CA682DC86E2D73FA882920001012000E1F5050000000017A9143545E6E33B832C47050F24D3EEB93C9C03948BC787010416001485D13537F2E265405A34DBAFA9E3DDA01FB82308000000] (97 B)
DEBUG | 2023-05-01 16:19:51 | [Test worker] client.Util:130 | <-- 9000
DEBUG | 2023-05-01 16:19:51 | [Test worker] client.Util:130 | <-- 9000
DEBUG | 2023-05-01 16:19:51 | [Test worker] client.Util:133 | Elapsed time 1 ms
DEBUG | 2023-05-01 16:19:51 | [Test worker] client.Util:120 | --> [0002000000] (5 B)
DEBUG | 2023-05-01 16:19:51 | [Test worker] client.Util:120 | --> [0002000000] (5 B)
DEBUG | 2023-05-01 16:19:51 | [Test worker] client.Util:130 | <-- 9000
DEBUG | 2023-05-01 16:19:51 | [Test worker] client.Util:130 | <-- 9000
DEBUG | 2023-05-01 16:19:51 | [Test worker] client.Util:120 | --> [1000000000] (5 B)
DEBUG | 2023-05-01 16:19:51 | [Test worker] client.Util:120 | --> [1000000000] (5 B)
DEBUG | 2023-05-01 16:19:51 | [Test worker] client.Util:127 | <-- 00010000 9000 (4 B)
DEBUG | 2023-05-01 16:19:51 | [Test worker] client.Util:127 | <-- 00010000 9000 (4 B)
DEBUG | 2023-05-01 16:19:51 | [Test worker] client.Util:120 | --> [0200000000] (5 B)
DEBUG | 2023-05-01 16:19:51 | [Test worker] client.Util:120 | --> [0200000000] (5 B)
DEBUG | 2023-05-01 16:19:51 | [Test worker] client.Util:130 | <-- 9000
DEBUG | 2023-05-01 16:19:51 | [Test worker] client.Util:130 | <-- 9000
DEBUG | 2023-05-01 16:19:51 | [Test worker] client.Util:120 | --> [02010000080000000000000000] (13 B)
DEBUG | 2023-05-01 16:19:51 | [Test worker] client.Util:120 | --> [02010000080000000000000000] (13 B)
DEBUG | 2023-05-01 16:19:51 | [Test worker] client.Util:130 | <-- 9000
DEBUG | 2023-05-01 16:19:51 | [Test worker] client.Util:130 | <-- 9000
DEBUG | 2023-05-01 16:19:51 | [Test worker] client.Util:120 | --> [0202000000] (5 B)
DEBUG | 2023-05-01 16:19:51 | [Test worker] client.Util:120 | --> [0202000000] (5 B)
DEBUG | 2023-05-01 16:19:51 | [Test worker] client.Util:130 | <-- 9000
DEBUG | 2023-05-01 16:19:51 | [Test worker] client.Util:130 | <-- 9000
DEBUG | 2023-05-01 16:19:51 | [Test worker] client.Util:133 | Elapsed time 1 ms
DEBUG | 2023-05-01 16:19:51 | [Test worker] client.Util:120 | --> [0200010000] (5 B)
DEBUG | 2023-05-01 16:19:51 | [Test worker] client.Util:120 | --> [0200010000] (5 B)
DEBUG | 2023-05-01 16:19:51 | [Test worker] client.Util:130 | <-- 9000
DEBUG | 2023-05-01 16:19:51 | [Test worker] client.Util:130 | <-- 9000
DEBUG | 2023-05-01 16:19:51 | [Test worker] client.Util:120 | --> [020101001976A914768A40BBD740CBE81D988E71DE2A4D5C71396B1D88AC] (30 B)
DEBUG | 2023-05-01 16:19:51 | [Test worker] client.Util:120 | --> [020101001976A914768A40BBD740CBE81D988E71DE2A4D5C71396B1D88AC] (30 B)
DEBUG | 2023-05-01 16:19:51 | [Test worker] client.Util:130 | <-- 9000
DEBUG | 2023-05-01 16:19:51 | [Test worker] client.Util:130 | <-- 9000
DEBUG | 2023-05-01 16:19:51 | [Test worker] client.Util:120 | --> [0202010000] (5 B)
DEBUG | 2023-05-01 16:19:51 | [Test worker] client.Util:120 | --> [0202010000] (5 B)
DEBUG | 2023-05-01 16:19:51 | [Test worker] client.Util:130 | <-- 9000
DEBUG | 2023-05-01 16:19:51 | [Test worker] client.Util:130 | <-- 9000
DEBUG | 2023-05-01 16:19:51 | [Test worker] client.Util:133 | Elapsed time 1 ms
DEBUG | 2023-05-01 16:19:51 | [Test worker] client.Util:120 | --> [0100000000] (5 B)
DEBUG | 2023-05-01 16:19:51 | [Test worker] client.Util:120 | --> [0100000000] (5 B)
DEBUG | 2023-05-01 16:19:51 | [Test worker] client.Util:130 | <-- 9000
DEBUG | 2023-05-01 16:19:51 | [Test worker] client.Util:130 | <-- 9000
DEBUG | 2023-05-01 16:19:51 | [Test worker] client.Util:120 | --> [0101000003030001] (8 B)
DEBUG | 2023-05-01 16:19:51 | [Test worker] client.Util:120 | --> [0101000003030001] (8 B)
DEBUG | 2023-05-01 16:19:51 | [Test worker] client.Util:130 | <-- 9000
DEBUG | 2023-05-01 16:19:51 | [Test worker] client.Util:130 | <-- 9000
DEBUG | 2023-05-01 16:19:51 | [Test worker] client.Util:120 | --> [0102000000] (5 B)
DEBUG | 2023-05-01 16:19:51 | [Test worker] client.Util:120 | --> [0102000000] (5 B)
DEBUG | 2023-05-01 16:19:51 | [Test worker] client.Util:130 | <-- 9000
DEBUG | 2023-05-01 16:19:51 | [Test worker] client.Util:130 | <-- 9000
DEBUG | 2023-05-01 16:19:51 | [Test worker] client.Util:120 | --> [0000000000] (5 B)
DEBUG | 2023-05-01 16:19:51 | [Test worker] client.Util:120 | --> [0000000000] (5 B)
DEBUG | 2023-05-01 16:19:51 | [Test worker] client.Util:130 | <-- 9000
DEBUG | 2023-05-01 16:19:51 | [Test worker] client.Util:130 | <-- 9000
DEBUG | 2023-05-01 16:19:51 | [Test worker] client.Util:120 | --> [00010000FA70736274FF0100A00200000002AB0949A08C5AF7C49B8212F417E2F15AB3F5C33DCF153821A8139F877A5B7BE40000000000FEFFFFFFAB0949A08C5AF7C49B8212F417E2F15AB3F5C33DCF153821A8139F877A5B7BE40100000000FEFFFFFF02603BEA0B000000001976A914768A40BBD740CBE81D988E71DE2A4D5C71396B1D88AC8E240000000000001976A9146F4620B553FA095E721B9EE0EFE9FA039CCA459788AC000000000001076A47304402204759661797C01B036B25928948686218347D89864B719E1F7FCF57D1E511658702205309EABF56AA4D8891FFD111FDF1336F3A29DA866D7F8486D75546CEEDAF93190121035CDC61FC] (255 B)
DEBUG | 2023-05-01 16:19:51 | [Test worker] client.Util:120 | --> [00010000FA70736274FF0100A00200000002AB0949A08C5AF7C49B8212F417E2F15AB3F5C33DCF153821A8139F877A5B7BE40000000000FEFFFFFFAB0949A08C5AF7C49B8212F417E2F15AB3F5C33DCF153821A8139F877A5B7BE40100000000FEFFFFFF02603BEA0B000000001976A914768A40BBD740CBE81D988E71DE2A4D5C71396B1D88AC8E240000000000001976A9146F4620B553FA095E721B9EE0EFE9FA039CCA459788AC000000000001076A47304402204759661797C01B036B25928948686218347D89864B719E1F7FCF57D1E511658702205309EABF56AA4D8891FFD111FDF1336F3A29DA866D7F8486D75546CEEDAF93190121035CDC61FC] (255 B)
DEBUG | 2023-05-01 16:19:51 | [Test worker] client.Util:130 | <-- 9000
DEBUG | 2023-05-01 16:19:51 | [Test worker] client.Util:130 | <-- 9000
DEBUG | 2023-05-01 16:19:51 | [Test worker] client.Util:133 | Elapsed time 1 ms
DEBUG | 2023-05-01 16:19:51 | [Test worker] client.Util:120 | --> [000100005C7BA971C0B501A646A2A83B102CB43881217CA682DC86E2D73FA882920001012000E1F5050000000017A9143545E6E33B832C47050F24D3EEB93C9C03948BC787010416001485D13537F2E265405A34DBAFA9E3DDA01FB82308000000] (97 B)
DEBUG | 2023-05-01 16:19:51 | [Test worker] client.Util:120 | --> [000100005C7BA971C0B501A646A2A83B102CB43881217CA682DC86E2D73FA882920001012000E1F5050000000017A9143545E6E33B832C47050F24D3EEB93C9C03948BC787010416001485D13537F2E265405A34DBAFA9E3DDA01FB82308000000] (97 B)
DEBUG | 2023-05-01 16:19:51 | [Test worker] client.Util:130 | <-- 9000
DEBUG | 2023-05-01 16:19:51 | [Test worker] client.Util:130 | <-- 9000
DEBUG | 2023-05-01 16:19:51 | [Test worker] client.Util:120 | --> [0002000000] (5 B)
DEBUG | 2023-05-01 16:19:51 | [Test worker] client.Util:120 | --> [0002000000] (5 B)
DEBUG | 2023-05-01 16:19:51 | [Test worker] client.Util:130 | <-- 9000
DEBUG | 2023-05-01 16:19:51 | [Test worker] client.Util:130 | <-- 9000
DEBUG | 2023-05-01 16:19:51 | [Test worker] client.Util:133 | Elapsed time 1 ms
DEBUG | 2023-05-01 16:19:51 | [Test worker] client.Util:120 | --> [1000000000] (5 B)
DEBUG | 2023-05-01 16:19:51 | [Test worker] client.Util:120 | --> [1000000000] (5 B)
DEBUG | 2023-05-01 16:19:51 | [Test worker] client.Util:127 | <-- 00000000 9000 (4 B)
DEBUG | 2023-05-01 16:19:51 | [Test worker] client.Util:127 | <-- 00000000 9000 (4 B)
DEBUG | 2023-05-01 16:19:51 | [Test worker] client.Util:120 | --> [0200000000] (5 B)
DEBUG | 2023-05-01 16:19:51 | [Test worker] client.Util:120 | --> [0200000000] (5 B)
DEBUG | 2023-05-01 16:19:51 | [Test worker] client.Util:130 | <-- 9000
DEBUG | 2023-05-01 16:19:51 | [Test worker] client.Util:130 | <-- 9000
DEBUG | 2023-05-01 16:19:51 | [Test worker] client.Util:133 | Elapsed time 1 ms
DEBUG | 2023-05-01 16:19:51 | [Test worker] client.Util:120 | --> [020100000300000B] (8 B)
DEBUG | 2023-05-01 16:19:51 | [Test worker] client.Util:120 | --> [020100000300000B] (8 B)
DEBUG | 2023-05-01 16:19:51 | [Test worker] client.Util:130 | <-- 9000
DEBUG | 2023-05-01 16:19:51 | [Test worker] client.Util:130 | <-- 9000
DEBUG | 2023-05-01 16:19:51 | [Test worker] client.Util:120 | --> [0202000000] (5 B)
DEBUG | 2023-05-01 16:19:51 | [Test worker] client.Util:120 | --> [0202000000] (5 B)
DEBUG | 2023-05-01 16:19:51 | [Test worker] client.Util:130 | <-- 9000
DEBUG | 2023-05-01 16:19:51 | [Test worker] client.Util:130 | <-- 9000
DEBUG | 2023-05-01 16:19:51 | [Test worker] client.Util:120 | --> [0200010000] (5 B)
DEBUG | 2023-05-01 16:19:51 | [Test worker] client.Util:120 | --> [0200010000] (5 B)
DEBUG | 2023-05-01 16:19:51 | [Test worker] client.Util:130 | <-- 9000
DEBUG | 2023-05-01 16:19:51 | [Test worker] client.Util:130 | <-- 9000
DEBUG | 2023-05-01 16:19:51 | [Test worker] client.Util:120 | --> [020101000311111B] (8 B)
DEBUG | 2023-05-01 16:19:51 | [Test worker] client.Util:120 | --> [020101000311111B] (8 B)
DEBUG | 2023-05-01 16:19:51 | [Test worker] client.Util:130 | <-- 9000
DEBUG | 2023-05-01 16:19:51 | [Test worker] client.Util:130 | <-- 9000
DEBUG | 2023-05-01 16:19:51 | [Test worker] client.Util:120 | --> [0202010000] (5 B)
DEBUG | 2023-05-01 16:19:51 | [Test worker] client.Util:120 | --> [0202010000] (5 B)
DEBUG | 2023-05-01 16:19:51 | [Test worker] client.Util:130 | <-- 9000
DEBUG | 2023-05-01 16:19:51 | [Test worker] client.Util:130 | <-- 9000
DEBUG | 2023-05-01 16:19:51 | [Test worker] client.Util:120 | --> [0200020000] (5 B)
DEBUG | 2023-05-01 16:19:51 | [Test worker] client.Util:120 | --> [0200020000] (5 B)
DEBUG | 2023-05-01 16:19:51 | [Test worker] client.Util:130 | <-- 9000
DEBUG | 2023-05-01 16:19:51 | [Test worker] client.Util:130 | <-- 9000
DEBUG | 2023-05-01 16:19:51 | [Test worker] client.Util:120 | --> [020102000322222B] (8 B)
DEBUG | 2023-05-01 16:19:51 | [Test worker] client.Util:120 | --> [020102000322222B] (8 B)
DEBUG | 2023-05-01 16:19:51 | [Test worker] client.Util:130 | <-- 9000
DEBUG | 2023-05-01 16:19:51 | [Test worker] client.Util:130 | <-- 9000
DEBUG | 2023-05-01 16:19:51 | [Test worker] client.Util:120 | --> [0202020000] (5 B)
DEBUG | 2023-05-01 16:19:51 | [Test worker] client.Util:120 | --> [0202020000] (5 B)
DEBUG | 2023-05-01 16:19:51 | [Test worker] client.Util:130 | <-- 9000
DEBUG | 2023-05-01 16:19:51 | [Test worker] client.Util:130 | <-- 9000
DEBUG | 2023-05-01 16:19:51 | [Test worker] client.Util:120 | --> [0200030000] (5 B)
DEBUG | 2023-05-01 16:19:51 | [Test worker] client.Util:120 | --> [0200030000] (5 B)
DEBUG | 2023-05-01 16:19:51 | [Test worker] client.Util:130 | <-- 9000
DEBUG | 2023-05-01 16:19:51 | [Test worker] client.Util:130 | <-- 9000
DEBUG | 2023-05-01 16:19:51 | [Test worker] client.Util:120 | --> [020103000333333B] (8 B)
DEBUG | 2023-05-01 16:19:51 | [Test worker] client.Util:120 | --> [020103000333333B] (8 B)
DEBUG | 2023-05-01 16:19:51 | [Test worker] client.Util:130 | <-- 9000
DEBUG | 2023-05-01 16:19:51 | [Test worker] client.Util:130 | <-- 9000
DEBUG | 2023-05-01 16:19:51 | [Test worker] client.Util:133 | Elapsed time 1 ms
DEBUG | 2023-05-01 16:19:51 | [Test worker] client.Util:120 | --> [0202030000] (5 B)
DEBUG | 2023-05-01 16:19:51 | [Test worker] client.Util:120 | --> [0202030000] (5 B)
DEBUG | 2023-05-01 16:19:51 | [Test worker] client.Util:130 | <-- 9000
DEBUG | 2023-05-01 16:19:51 | [Test worker] client.Util:130 | <-- 9000
DEBUG | 2023-05-01 16:19:51 | [Test worker] client.Util:120 | --> [0200040000] (5 B)
DEBUG | 2023-05-01 16:19:51 | [Test worker] client.Util:120 | --> [0200040000] (5 B)
DEBUG | 2023-05-01 16:19:51 | [Test worker] client.Util:130 | <-- 9000
DEBUG | 2023-05-01 16:19:51 | [Test worker] client.Util:130 | <-- 9000
DEBUG | 2023-05-01 16:19:51 | [Test worker] client.Util:120 | --> [020104000344444B] (8 B)
DEBUG | 2023-05-01 16:19:51 | [Test worker] client.Util:120 | --> [020104000344444B] (8 B)
DEBUG | 2023-05-01 16:19:51 | [Test worker] client.Util:130 | <-- 9000
DEBUG | 2023-05-01 16:19:51 | [Test worker] client.Util:130 | <-- 9000
DEBUG | 2023-05-01 16:19:51 | [Test worker] client.Util:120 | --> [0202040000] (5 B)
DEBUG | 2023-05-01 16:19:51 | [Test worker] client.Util:120 | --> [0202040000] (5 B)
DEBUG | 2023-05-01 16:19:51 | [Test worker] client.Util:130 | <-- 9000
DEBUG | 2023-05-01 16:19:51 | [Test worker] client.Util:130 | <-- 9000
DEBUG | 2023-05-01 16:19:51 | [Test worker] client.Util:120 | --> [0200050000] (5 B)
DEBUG | 2023-05-01 16:19:51 | [Test worker] client.Util:120 | --> [0200050000] (5 B)
DEBUG | 2023-05-01 16:19:51 | [Test worker] client.Util:130 | <-- 9000
DEBUG | 2023-05-01 16:19:51 | [Test worker] client.Util:130 | <-- 9000
DEBUG | 2023-05-01 16:19:51 | [Test worker] client.Util:120 | --> [020105000355555B] (8 B)
DEBUG | 2023-05-01 16:19:51 | [Test worker] client.Util:120 | --> [020105000355555B] (8 B)
DEBUG | 2023-05-01 16:19:51 | [Test worker] client.Util:130 | <-- 9000
DEBUG | 2023-05-01 16:19:51 | [Test worker] client.Util:130 | <-- 9000
DEBUG | 2023-05-01 16:19:51 | [Test worker] client.Util:120 | --> [0202050000] (5 B)
DEBUG | 2023-05-01 16:19:51 | [Test worker] client.Util:120 | --> [0202050000] (5 B)
DEBUG | 2023-05-01 16:19:51 | [Test worker] client.Util:130 | <-- 9000
DEBUG | 2023-05-01 16:19:51 | [Test worker] client.Util:130 | <-- 9000
DEBUG | 2023-05-01 16:19:51 | [Test worker] client.Util:120 | --> [0200060000] (5 B)
DEBUG | 2023-05-01 16:19:51 | [Test worker] client.Util:120 | --> [0200060000] (5 B)
DEBUG | 2023-05-01 16:19:51 | [Test worker] client.Util:130 | <-- 9000
DEBUG | 2023-05-01 16:19:51 | [Test worker] client.Util:130 | <-- 9000
DEBUG | 2023-05-01 16:19:51 | [Test worker] client.Util:133 | Elapsed time 1 ms
DEBUG | 2023-05-01 16:19:51 | [Test worker] client.Util:120 | --> [020106000366666B] (8 B)
DEBUG | 2023-05-01 16:19:51 | [Test worker] client.Util:120 | --> [020106000366666B] (8 B)
DEBUG | 2023-05-01 16:19:51 | [Test worker] client.Util:130 | <-- 9000
DEBUG | 2023-05-01 16:19:51 | [Test worker] client.Util:130 | <-- 9000
DEBUG | 2023-05-01 16:19:51 | [Test worker] client.Util:120 | --> [0202060000] (5 B)
DEBUG | 2023-05-01 16:19:51 | [Test worker] client.Util:120 | --> [0202060000] (5 B)
DEBUG | 2023-05-01 16:19:51 | [Test worker] client.Util:130 | <-- 9000
DEBUG | 2023-05-01 16:19:51 | [Test worker] client.Util:130 | <-- 9000
DEBUG | 2023-05-01 16:19:51 | [Test worker] client.Util:120 | --> [0200070000] (5 B)
DEBUG | 2023-05-01 16:19:51 | [Test worker] client.Util:120 | --> [0200070000] (5 B)
DEBUG | 2023-05-01 16:19:51 | [Test worker] client.Util:130 | <-- 9000
DEBUG | 2023-05-01 16:19:51 | [Test worker] client.Util:130 | <-- 9000
DEBUG | 2023-05-01 16:19:51 | [Test worker] client.Util:120 | --> [020107000377777B] (8 B)
DEBUG | 2023-05-01 16:19:51 | [Test worker] client.Util:120 | --> [020107000377777B] (8 B)
DEBUG | 2023-05-01 16:19:51 | [Test worker] client.Util:130 | <-- 9000
DEBUG | 2023-05-01 16:19:51 | [Test worker] client.Util:130 | <-- 9000
DEBUG | 2023-05-01 16:19:51 | [Test worker] client.Util:120 | --> [0202070000] (5 B)
DEBUG | 2023-05-01 16:19:51 | [Test worker] client.Util:120 | --> [0202070000] (5 B)
DEBUG | 2023-05-01 16:19:51 | [Test worker] client.Util:130 | <-- 9000
DEBUG | 2023-05-01 16:19:51 | [Test worker] client.Util:130 | <-- 9000
DEBUG | 2023-05-01 16:19:51 | [Test worker] client.Util:120 | --> [0200080000] (5 B)
DEBUG | 2023-05-01 16:19:51 | [Test worker] client.Util:120 | --> [0200080000] (5 B)
DEBUG | 2023-05-01 16:19:51 | [Test worker] client.Util:130 | <-- 9000
DEBUG | 2023-05-01 16:19:51 | [Test worker] client.Util:130 | <-- 9000
DEBUG | 2023-05-01 16:19:51 | [Test worker] client.Util:120 | --> [020108000388888B] (8 B)
DEBUG | 2023-05-01 16:19:51 | [Test worker] client.Util:120 | --> [020108000388888B] (8 B)
DEBUG | 2023-05-01 16:19:51 | [Test worker] client.Util:130 | <-- 9000
DEBUG | 2023-05-01 16:19:51 | [Test worker] client.Util:130 | <-- 9000
DEBUG | 2023-05-01 16:19:51 | [Test worker] client.Util:120 | --> [0202080000] (5 B)
DEBUG | 2023-05-01 16:19:51 | [Test worker] client.Util:120 | --> [0202080000] (5 B)
DEBUG | 2023-05-01 16:19:51 | [Test worker] client.Util:130 | <-- 9000
DEBUG | 2023-05-01 16:19:51 | [Test worker] client.Util:130 | <-- 9000
DEBUG | 2023-05-01 16:19:51 | [Test worker] client.Util:120 | --> [0200090000] (5 B)
DEBUG | 2023-05-01 16:19:51 | [Test worker] client.Util:120 | --> [0200090000] (5 B)
DEBUG | 2023-05-01 16:19:51 | [Test worker] client.Util:130 | <-- 9000
DEBUG | 2023-05-01 16:19:51 | [Test worker] client.Util:130 | <-- 9000
DEBUG | 2023-05-01 16:19:51 | [Test worker] client.Util:133 | Elapsed time 1 ms
DEBUG | 2023-05-01 16:19:51 | [Test worker] client.Util:120 | --> [020109000399999B] (8 B)
DEBUG | 2023-05-01 16:19:51 | [Test worker] client.Util:120 | --> [020109000399999B] (8 B)
DEBUG | 2023-05-01 16:19:51 | [Test worker] client.Util:130 | <-- 9000
DEBUG | 2023-05-01 16:19:51 | [Test worker] client.Util:130 | <-- 9000
DEBUG | 2023-05-01 16:19:51 | [Test worker] client.Util:120 | --> [0202090000] (5 B)
DEBUG | 2023-05-01 16:19:51 | [Test worker] client.Util:120 | --> [0202090000] (5 B)
DEBUG | 2023-05-01 16:19:51 | [Test worker] client.Util:130 | <-- 9000
DEBUG | 2023-05-01 16:19:51 | [Test worker] client.Util:130 | <-- 9000
DEBUG | 2023-05-01 16:19:51 | [Test worker] client.Util:133 | Elapsed time 1 ms
DEBUG | 2023-05-01 16:19:51 | [Test worker] client.Util:120 | --> [0100000000] (5 B)
DEBUG | 2023-05-01 16:19:51 | [Test worker] client.Util:120 | --> [0100000000] (5 B)
DEBUG | 2023-05-01 16:19:51 | [Test worker] client.Util:130 | <-- 9000
DEBUG | 2023-05-01 16:19:51 | [Test worker] client.Util:130 | <-- 9000
DEBUG | 2023-05-01 16:19:51 | [Test worker] client.Util:120 | --> [01010000140A000A010A020A030A040A050A060A070A080A09] (25 B)
DEBUG | 2023-05-01 16:19:51 | [Test worker] client.Util:120 | --> [01010000140A000A010A020A030A040A050A060A070A080A09] (25 B)
DEBUG | 2023-05-01 16:19:51 | [Test worker] client.Util:130 | <-- 9000
DEBUG | 2023-05-01 16:19:51 | [Test worker] client.Util:130 | <-- 9000
DEBUG | 2023-05-01 16:19:51 | [Test worker] client.Util:120 | --> [0102000000] (5 B)
DEBUG | 2023-05-01 16:19:51 | [Test worker] client.Util:120 | --> [0102000000] (5 B)
DEBUG | 2023-05-01 16:19:51 | [Test worker] client.Util:130 | <-- 9000
DEBUG | 2023-05-01 16:19:51 | [Test worker] client.Util:130 | <-- 9000
DEBUG | 2023-05-01 16:19:51 | [Test worker] client.Util:120 | --> [1000000000] (5 B)
DEBUG | 2023-05-01 16:19:51 | [Test worker] client.Util:120 | --> [1000000000] (5 B)
DEBUG | 2023-05-01 16:19:51 | [Test worker] client.Util:127 | <-- 00000000 9000 (4 B)
DEBUG | 2023-05-01 16:19:51 | [Test worker] client.Util:127 | <-- 00000000 9000 (4 B)
DEBUG | 2023-05-01 16:19:51 | [Test worker] client.Util:120 | --> [0200000000] (5 B)
DEBUG | 2023-05-01 16:19:51 | [Test worker] client.Util:120 | --> [0200000000] (5 B)
DEBUG | 2023-05-01 16:19:51 | [Test worker] client.Util:130 | <-- 9000
DEBUG | 2023-05-01 16:19:51 | [Test worker] client.Util:130 | <-- 9000
DEBUG | 2023-05-01 16:19:51 | [Test worker] client.Util:120 | --> [020100000300000B] (8 B)
DEBUG | 2023-05-01 16:19:51 | [Test worker] client.Util:120 | --> [020100000300000B] (8 B)
DEBUG | 2023-05-01 16:19:51 | [Test worker] client.Util:130 | <-- 9000
DEBUG | 2023-05-01 16:19:51 | [Test worker] client.Util:130 | <-- 9000
DEBUG | 2023-05-01 16:19:51 | [Test worker] client.Util:120 | --> [0202000000] (5 B)
DEBUG | 2023-05-01 16:19:51 | [Test worker] client.Util:120 | --> [0202000000] (5 B)
DEBUG | 2023-05-01 16:19:51 | [Test worker] client.Util:130 | <-- 9000
DEBUG | 2023-05-01 16:19:51 | [Test worker] client.Util:130 | <-- 9000
DEBUG | 2023-05-01 16:19:51 | [Test worker] client.Util:120 | --> [1000000000] (5 B)
DEBUG | 2023-05-01 16:19:51 | [Test worker] client.Util:120 | --> [1000000000] (5 B)
DEBUG | 2023-05-01 16:19:51 | [Test worker] client.Util:127 | <-- 00010000 9000 (4 B)
DEBUG | 2023-05-01 16:19:51 | [Test worker] client.Util:127 | <-- 00010000 9000 (4 B)
DEBUG | 2023-05-01 16:19:51 | [Test worker] client.Util:120 | --> [1000000000] (5 B)
DEBUG | 2023-05-01 16:19:51 | [Test worker] client.Util:120 | --> [1000000000] (5 B)
DEBUG | 2023-05-01 16:19:51 | [Test worker] client.Util:127 | <-- 00000000 9000 (4 B)
DEBUG | 2023-05-01 16:19:51 | [Test worker] client.Util:127 | <-- 00000000 9000 (4 B)
DEBUG | 2023-05-01 16:19:51 | [Test worker] client.Util:120 | --> [0200010000] (5 B)
DEBUG | 2023-05-01 16:19:51 | [Test worker] client.Util:120 | --> [0200010000] (5 B)
DEBUG | 2023-05-01 16:19:51 | [Test worker] client.Util:130 | <-- 9000
DEBUG | 2023-05-01 16:19:51 | [Test worker] client.Util:130 | <-- 9000
DEBUG | 2023-05-01 16:19:51 | [Test worker] client.Util:120 | --> [020101000311111B] (8 B)
DEBUG | 2023-05-01 16:19:51 | [Test worker] client.Util:120 | --> [020101000311111B] (8 B)
DEBUG | 2023-05-01 16:19:51 | [Test worker] client.Util:130 | <-- 9000
DEBUG | 2023-05-01 16:19:51 | [Test worker] client.Util:130 | <-- 9000
DEBUG | 2023-05-01 16:19:51 | [Test worker] client.Util:120 | --> [0202010000] (5 B)
DEBUG | 2023-05-01 16:19:51 | [Test worker] client.Util:120 | --> [0202010000] (5 B)
DEBUG | 2023-05-01 16:19:51 | [Test worker] client.Util:130 | <-- 9000
DEBUG | 2023-05-01 16:19:51 | [Test worker] client.Util:130 | <-- 9000
DEBUG | 2023-05-01 16:19:51 | [Test worker] client.Util:120 | --> [1000000000] (5 B)
DEBUG | 2023-05-01 16:19:51 | [Test worker] client.Util:120 | --> [1000000000] (5 B)
DEBUG | 2023-05-01 16:19:51 | [Test worker] client.Util:127 | <-- 00010000 9000 (4 B)
DEBUG | 2023-05-01 16:19:51 | [Test worker] client.Util:127 | <-- 00010000 9000 (4 B)
DEBUG | 2023-05-01 16:19:51 | [Test worker] client.Util:120 | --> [1000000000] (5 B)
DEBUG | 2023-05-01 16:19:51 | [Test worker] client.Util:120 | --> [1000000000] (5 B)
DEBUG | 2023-05-01 16:19:51 | [Test worker] client.Util:127 | <-- 00000000 9000 (4 B)
DEBUG | 2023-05-01 16:19:51 | [Test worker] client.Util:127 | <-- 00000000 9000 (4 B)
DEBUG | 2023-05-01 16:19:51 | [Test worker] client.Util:120 | --> [0200020000] (5 B)
DEBUG | 2023-05-01 16:19:51 | [Test worker] client.Util:120 | --> [0200020000] (5 B)
DEBUG | 2023-05-01 16:19:51 | [Test worker] client.Util:130 | <-- 9000
DEBUG | 2023-05-01 16:19:51 | [Test worker] client.Util:130 | <-- 9000
DEBUG | 2023-05-01 16:19:51 | [Test worker] client.Util:120 | --> [020102000322222B] (8 B)
DEBUG | 2023-05-01 16:19:51 | [Test worker] client.Util:120 | --> [020102000322222B] (8 B)
DEBUG | 2023-05-01 16:19:51 | [Test worker] client.Util:130 | <-- 9000
DEBUG | 2023-05-01 16:19:51 | [Test worker] client.Util:130 | <-- 9000
DEBUG | 2023-05-01 16:19:51 | [Test worker] client.Util:120 | --> [0202020000] (5 B)
DEBUG | 2023-05-01 16:19:51 | [Test worker] client.Util:120 | --> [0202020000] (5 B)
DEBUG | 2023-05-01 16:19:51 | [Test worker] client.Util:130 | <-- 9000
DEBUG | 2023-05-01 16:19:51 | [Test worker] client.Util:130 | <-- 9000
DEBUG | 2023-05-01 16:19:51 | [Test worker] client.Util:120 | --> [1000000000] (5 B)
DEBUG | 2023-05-01 16:19:51 | [Test worker] client.Util:120 | --> [1000000000] (5 B)
DEBUG | 2023-05-01 16:19:51 | [Test worker] client.Util:127 | <-- 00010000 9000 (4 B)
DEBUG | 2023-05-01 16:19:51 | [Test worker] client.Util:127 | <-- 00010000 9000 (4 B)
DEBUG | 2023-05-01 16:19:51 | [Test worker] client.Util:120 | --> [1000000000] (5 B)
DEBUG | 2023-05-01 16:19:51 | [Test worker] client.Util:120 | --> [1000000000] (5 B)
DEBUG | 2023-05-01 16:19:51 | [Test worker] client.Util:127 | <-- 00000000 9000 (4 B)
DEBUG | 2023-05-01 16:19:51 | [Test worker] client.Util:127 | <-- 00000000 9000 (4 B)
DEBUG | 2023-05-01 16:19:51 | [Test worker] client.Util:120 | --> [0200030000] (5 B)
DEBUG | 2023-05-01 16:19:51 | [Test worker] client.Util:120 | --> [0200030000] (5 B)
DEBUG | 2023-05-01 16:19:51 | [Test worker] client.Util:130 | <-- 9000
DEBUG | 2023-05-01 16:19:51 | [Test worker] client.Util:130 | <-- 9000
DEBUG | 2023-05-01 16:19:51 | [Test worker] client.Util:120 | --> [020103000333333B] (8 B)
DEBUG | 2023-05-01 16:19:51 | [Test worker] client.Util:120 | --> [020103000333333B] (8 B)
DEBUG | 2023-05-01 16:19:51 | [Test worker] client.Util:130 | <-- 9000
DEBUG | 2023-05-01 16:19:51 | [Test worker] client.Util:130 | <-- 9000
DEBUG | 2023-05-01 16:19:51 | [Test worker] client.Util:120 | --> [0202030000] (5 B)
DEBUG | 2023-05-01 16:19:51 | [Test worker] client.Util:120 | --> [0202030000] (5 B)
DEBUG | 2023-05-01 16:19:51 | [Test worker] client.Util:130 | <-- 9000
DEBUG | 2023-05-01 16:19:51 | [Test worker] client.Util:130 | <-- 9000
DEBUG | 2023-05-01 16:19:51 | [Test worker] client.Util:120 | --> [1000000000] (5 B)
DEBUG | 2023-05-01 16:19:51 | [Test worker] client.Util:120 | --> [1000000000] (5 B)
DEBUG | 2023-05-01 16:19:51 | [Test worker] client.Util:127 | <-- 00010000 9000 (4 B)
DEBUG | 2023-05-01 16:19:51 | [Test worker] client.Util:127 | <-- 00010000 9000 (4 B)
DEBUG | 2023-05-01 16:19:51 | [Test worker] client.Util:120 | --> [1000000000] (5 B)
DEBUG | 2023-05-01 16:19:51 | [Test worker] client.Util:120 | --> [1000000000] (5 B)
DEBUG | 2023-05-01 16:19:51 | [Test worker] client.Util:127 | <-- 00000000 9000 (4 B)
DEBUG | 2023-05-01 16:19:51 | [Test worker] client.Util:127 | <-- 00000000 9000 (4 B)
DEBUG | 2023-05-01 16:19:51 | [Test worker] client.Util:120 | --> [0200040000] (5 B)
DEBUG | 2023-05-01 16:19:51 | [Test worker] client.Util:120 | --> [0200040000] (5 B)
DEBUG | 2023-05-01 16:19:51 | [Test worker] client.Util:130 | <-- 9000
DEBUG | 2023-05-01 16:19:51 | [Test worker] client.Util:130 | <-- 9000
DEBUG | 2023-05-01 16:19:51 | [Test worker] client.Util:120 | --> [020104000344444B] (8 B)
DEBUG | 2023-05-01 16:19:51 | [Test worker] client.Util:120 | --> [020104000344444B] (8 B)
DEBUG | 2023-05-01 16:19:51 | [Test worker] client.Util:130 | <-- 9000
DEBUG | 2023-05-01 16:19:51 | [Test worker] client.Util:130 | <-- 9000
DEBUG | 2023-05-01 16:19:51 | [Test worker] client.Util:120 | --> [0202040000] (5 B)
DEBUG | 2023-05-01 16:19:51 | [Test worker] client.Util:120 | --> [0202040000] (5 B)
DEBUG | 2023-05-01 16:19:51 | [Test worker] client.Util:130 | <-- 9000
DEBUG | 2023-05-01 16:19:51 | [Test worker] client.Util:130 | <-- 9000
DEBUG | 2023-05-01 16:19:51 | [Test worker] client.Util:120 | --> [1000000000] (5 B)
DEBUG | 2023-05-01 16:19:51 | [Test worker] client.Util:120 | --> [1000000000] (5 B)
DEBUG | 2023-05-01 16:19:51 | [Test worker] client.Util:127 | <-- 00010000 9000 (4 B)
DEBUG | 2023-05-01 16:19:51 | [Test worker] client.Util:127 | <-- 00010000 9000 (4 B)
DEBUG | 2023-05-01 16:19:51 | [Test worker] client.Util:133 | Elapsed time 1 ms
DEBUG | 2023-05-01 16:19:51 | [Test worker] client.Util:120 | --> [1000000000] (5 B)
DEBUG | 2023-05-01 16:19:51 | [Test worker] client.Util:120 | --> [1000000000] (5 B)
DEBUG | 2023-05-01 16:19:51 | [Test worker] client.Util:127 | <-- 00000000 9000 (4 B)
DEBUG | 2023-05-01 16:19:51 | [Test worker] client.Util:127 | <-- 00000000 9000 (4 B)
DEBUG | 2023-05-01 16:19:51 | [Test worker] client.Util:120 | --> [0200050000] (5 B)
DEBUG | 2023-05-01 16:19:51 | [Test worker] client.Util:120 | --> [0200050000] (5 B)
DEBUG | 2023-05-01 16:19:51 | [Test worker] client.Util:130 | <-- 9000
DEBUG | 2023-05-01 16:19:51 | [Test worker] client.Util:130 | <-- 9000
DEBUG | 2023-05-01 16:19:51 | [Test worker] client.Util:120 | --> [020105000355555B] (8 B)
DEBUG | 2023-05-01 16:19:51 | [Test worker] client.Util:120 | --> [020105000355555B] (8 B)
DEBUG | 2023-05-01 16:19:51 | [Test worker] client.Util:130 | <-- 9000
DEBUG | 2023-05-01 16:19:51 | [Test worker] client.Util:130 | <-- 9000
DEBUG | 2023-05-01 16:19:51 | [Test worker] client.Util:120 | --> [0202050000] (5 B)
DEBUG | 2023-05-01 16:19:51 | [Test worker] client.Util:120 | --> [0202050000] (5 B)
DEBUG | 2023-05-01 16:19:51 | [Test worker] client.Util:130 | <-- 9000
DEBUG | 2023-05-01 16:19:51 | [Test worker] client.Util:130 | <-- 9000
DEBUG | 2023-05-01 16:19:51 | [Test worker] client.Util:120 | --> [1000000000] (5 B)
DEBUG | 2023-05-01 16:19:51 | [Test worker] client.Util:120 | --> [1000000000] (5 B)
DEBUG | 2023-05-01 16:19:51 | [Test worker] client.Util:127 | <-- 00010000 9000 (4 B)
DEBUG | 2023-05-01 16:19:51 | [Test worker] client.Util:127 | <-- 00010000 9000 (4 B)
DEBUG | 2023-05-01 16:19:51 | [Test worker] client.Util:120 | --> [1000000000] (5 B)
DEBUG | 2023-05-01 16:19:51 | [Test worker] client.Util:120 | --> [1000000000] (5 B)
DEBUG | 2023-05-01 16:19:51 | [Test worker] client.Util:127 | <-- 00000000 9000 (4 B)
DEBUG | 2023-05-01 16:19:51 | [Test worker] client.Util:127 | <-- 00000000 9000 (4 B)
DEBUG | 2023-05-01 16:19:51 | [Test worker] client.Util:133 | Elapsed time 1 ms
DEBUG | 2023-05-01 16:19:51 | [Test worker] client.Util:120 | --> [0200060000] (5 B)
DEBUG | 2023-05-01 16:19:51 | [Test worker] client.Util:120 | --> [0200060000] (5 B)
DEBUG | 2023-05-01 16:19:51 | [Test worker] client.Util:130 | <-- 9000
DEBUG | 2023-05-01 16:19:51 | [Test worker] client.Util:130 | <-- 9000
DEBUG | 2023-05-01 16:19:51 | [Test worker] client.Util:120 | --> [020106000366666B] (8 B)
DEBUG | 2023-05-01 16:19:51 | [Test worker] client.Util:120 | --> [020106000366666B] (8 B)
DEBUG | 2023-05-01 16:19:51 | [Test worker] client.Util:130 | <-- 9000
DEBUG | 2023-05-01 16:19:51 | [Test worker] client.Util:130 | <-- 9000
DEBUG | 2023-05-01 16:19:51 | [Test worker] client.Util:133 | Elapsed time 1 ms
DEBUG | 2023-05-01 16:19:51 | [Test worker] client.Util:120 | --> [0202060000] (5 B)
DEBUG | 2023-05-01 16:19:51 | [Test worker] client.Util:120 | --> [0202060000] (5 B)
DEBUG | 2023-05-01 16:19:51 | [Test worker] client.Util:130 | <-- 9000
DEBUG | 2023-05-01 16:19:51 | [Test worker] client.Util:130 | <-- 9000
DEBUG | 2023-05-01 16:19:51 | [Test worker] client.Util:120 | --> [1000000000] (5 B)
DEBUG | 2023-05-01 16:19:51 | [Test worker] client.Util:120 | --> [1000000000] (5 B)
DEBUG | 2023-05-01 16:19:51 | [Test worker] client.Util:127 | <-- 00010000 9000 (4 B)
DEBUG | 2023-05-01 16:19:51 | [Test worker] client.Util:127 | <-- 00010000 9000 (4 B)
DEBUG | 2023-05-01 16:19:51 | [Test worker] client.Util:133 | Elapsed time 1 ms
DEBUG | 2023-05-01 16:19:51 | [Test worker] client.Util:120 | --> [1000000000] (5 B)
DEBUG | 2023-05-01 16:19:51 | [Test worker] client.Util:120 | --> [1000000000] (5 B)
DEBUG | 2023-05-01 16:19:51 | [Test worker] client.Util:127 | <-- 00000000 9000 (4 B)
DEBUG | 2023-05-01 16:19:51 | [Test worker] client.Util:127 | <-- 00000000 9000 (4 B)
DEBUG | 2023-05-01 16:19:51 | [Test worker] client.Util:120 | --> [0200070000] (5 B)
DEBUG | 2023-05-01 16:19:51 | [Test worker] client.Util:120 | --> [0200070000] (5 B)
DEBUG | 2023-05-01 16:19:51 | [Test worker] client.Util:130 | <-- 9000
DEBUG | 2023-05-01 16:19:51 | [Test worker] client.Util:130 | <-- 9000
DEBUG | 2023-05-01 16:19:51 | [Test worker] client.Util:133 | Elapsed time 1 ms
DEBUG | 2023-05-01 16:19:51 | [Test worker] client.Util:120 | --> [020107000377777B] (8 B)
DEBUG | 2023-05-01 16:19:51 | [Test worker] client.Util:120 | --> [020107000377777B] (8 B)
DEBUG | 2023-05-01 16:19:51 | [Test worker] client.Util:130 | <-- 9000
DEBUG | 2023-05-01 16:19:51 | [Test worker] client.Util:130 | <-- 9000
DEBUG | 2023-05-01 16:19:51 | [Test worker] client.Util:120 | --> [0202070000] (5 B)
DEBUG | 2023-05-01 16:19:51 | [Test worker] client.Util:120 | --> [0202070000] (5 B)
DEBUG | 2023-05-01 16:19:51 | [Test worker] client.Util:130 | <-- 9000
DEBUG | 2023-05-01 16:19:51 | [Test worker] client.Util:130 | <-- 9000
DEBUG | 2023-05-01 16:19:51 | [Test worker] client.Util:133 | Elapsed time 1 ms
DEBUG | 2023-05-01 16:19:51 | [Test worker] client.Util:120 | --> [1000000000] (5 B)
DEBUG | 2023-05-01 16:19:51 | [Test worker] client.Util:120 | --> [1000000000] (5 B)
DEBUG | 2023-05-01 16:19:51 | [Test worker] client.Util:127 | <-- 00010000 9000 (4 B)
DEBUG | 2023-05-01 16:19:51 | [Test worker] client.Util:127 | <-- 00010000 9000 (4 B)
DEBUG | 2023-05-01 16:19:51 | [Test worker] client.Util:120 | --> [1000000000] (5 B)
DEBUG | 2023-05-01 16:19:51 | [Test worker] client.Util:120 | --> [1000000000] (5 B)
DEBUG | 2023-05-01 16:19:51 | [Test worker] client.Util:127 | <-- 00000000 9000 (4 B)
DEBUG | 2023-05-01 16:19:51 | [Test worker] client.Util:127 | <-- 00000000 9000 (4 B)
DEBUG | 2023-05-01 16:19:51 | [Test worker] client.Util:120 | --> [0200080000] (5 B)
DEBUG | 2023-05-01 16:19:51 | [Test worker] client.Util:120 | --> [0200080000] (5 B)
DEBUG | 2023-05-01 16:19:51 | [Test worker] client.Util:130 | <-- 9000
DEBUG | 2023-05-01 16:19:51 | [Test worker] client.Util:130 | <-- 9000
DEBUG | 2023-05-01 16:19:51 | [Test worker] client.Util:120 | --> [020108000388888B] (8 B)
DEBUG | 2023-05-01 16:19:51 | [Test worker] client.Util:120 | --> [020108000388888B] (8 B)
DEBUG | 2023-05-01 16:19:51 | [Test worker] client.Util:130 | <-- 9000
DEBUG | 2023-05-01 16:19:51 | [Test worker] client.Util:130 | <-- 9000
DEBUG | 2023-05-01 16:19:51 | [Test worker] client.Util:120 | --> [0202080000] (5 B)
DEBUG | 2023-05-01 16:19:51 | [Test worker] client.Util:120 | --> [0202080000] (5 B)
DEBUG | 2023-05-01 16:19:51 | [Test worker] client.Util:130 | <-- 9000
DEBUG | 2023-05-01 16:19:51 | [Test worker] client.Util:130 | <-- 9000
DEBUG | 2023-05-01 16:19:51 | [Test worker] client.Util:133 | Elapsed time 1 ms
DEBUG | 2023-05-01 16:19:51 | [Test worker] client.Util:120 | --> [1000000000] (5 B)
DEBUG | 2023-05-01 16:19:51 | [Test worker] client.Util:120 | --> [1000000000] (5 B)
DEBUG | 2023-05-01 16:19:51 | [Test worker] client.Util:127 | <-- 00010000 9000 (4 B)
DEBUG | 2023-05-01 16:19:51 | [Test worker] client.Util:127 | <-- 00010000 9000 (4 B)
DEBUG | 2023-05-01 16:19:51 | [Test worker] client.Util:120 | --> [1000000000] (5 B)
DEBUG | 2023-05-01 16:19:51 | [Test worker] client.Util:120 | --> [1000000000] (5 B)
DEBUG | 2023-05-01 16:19:51 | [Test worker] client.Util:127 | <-- 00000000 9000 (4 B)
DEBUG | 2023-05-01 16:19:51 | [Test worker] client.Util:127 | <-- 00000000 9000 (4 B)
DEBUG | 2023-05-01 16:19:51 | [Test worker] client.Util:120 | --> [0200090000] (5 B)
DEBUG | 2023-05-01 16:19:51 | [Test worker] client.Util:120 | --> [0200090000] (5 B)
DEBUG | 2023-05-01 16:19:51 | [Test worker] client.Util:130 | <-- 9000
DEBUG | 2023-05-01 16:19:51 | [Test worker] client.Util:130 | <-- 9000
DEBUG | 2023-05-01 16:19:51 | [Test worker] client.Util:120 | --> [020109000399999B] (8 B)
DEBUG | 2023-05-01 16:19:51 | [Test worker] client.Util:120 | --> [020109000399999B] (8 B)
DEBUG | 2023-05-01 16:19:51 | [Test worker] client.Util:130 | <-- 9000
DEBUG | 2023-05-01 16:19:51 | [Test worker] client.Util:130 | <-- 9000
DEBUG | 2023-05-01 16:19:51 | [Test worker] client.Util:120 | --> [0202090000] (5 B)
DEBUG | 2023-05-01 16:19:51 | [Test worker] client.Util:120 | --> [0202090000] (5 B)
DEBUG | 2023-05-01 16:19:51 | [Test worker] client.Util:130 | <-- 9000
DEBUG | 2023-05-01 16:19:51 | [Test worker] client.Util:130 | <-- 9000
DEBUG | 2023-05-01 16:19:51 | [Test worker] client.Util:120 | --> [1000000000] (5 B)
DEBUG | 2023-05-01 16:19:51 | [Test worker] client.Util:120 | --> [1000000000] (5 B)
DEBUG | 2023-05-01 16:19:51 | [Test worker] client.Util:127 | <-- 00010000 9000 (4 B)
DEBUG | 2023-05-01 16:19:51 | [Test worker] client.Util:127 | <-- 00010000 9000 (4 B)
DEBUG | 2023-05-01 16:19:51 | [Test worker] client.Util:120 | --> [1000000000] (5 B)
DEBUG | 2023-05-01 16:19:51 | [Test worker] client.Util:120 | --> [1000000000] (5 B)
DEBUG | 2023-05-01 16:19:51 | [Test worker] client.Util:127 | <-- 00000000 9000 (4 B)
DEBUG | 2023-05-01 16:19:51 | [Test worker] client.Util:127 | <-- 00000000 9000 (4 B)
DEBUG | 2023-05-01 16:19:51 | [Test worker] client.Util:133 | Elapsed time 1 ms
DEBUG | 2023-05-01 16:19:51 | [Test worker] client.Util:120 | --> [0200000000] (5 B)
DEBUG | 2023-05-01 16:19:51 | [Test worker] client.Util:120 | --> [0200000000] (5 B)
DEBUG | 2023-05-01 16:19:51 | [Test worker] client.Util:130 | <-- 9000
DEBUG | 2023-05-01 16:19:51 | [Test worker] client.Util:130 | <-- 9000
DEBUG | 2023-05-01 16:19:51 | [Test worker] client.Util:133 | Elapsed time 1 ms
DEBUG | 2023-05-01 16:19:51 | [Test worker] client.Util:120 | --> [020100000A01020304050102030405] (15 B)
DEBUG | 2023-05-01 16:19:51 | [Test worker] client.Util:120 | --> [020100000A01020304050102030405] (15 B)
DEBUG | 2023-05-01 16:19:51 | [Test worker] client.Util:130 | <-- 9000
DEBUG | 2023-05-01 16:19:51 | [Test worker] client.Util:130 | <-- 9000
DEBUG | 2023-05-01 16:19:51 | [Test worker] client.Util:120 | --> [0202000000] (5 B)
DEBUG | 2023-05-01 16:19:51 | [Test worker] client.Util:120 | --> [0202000000] (5 B)
DEBUG | 2023-05-01 16:19:51 | [Test worker] client.Util:130 | <-- 9000
DEBUG | 2023-05-01 16:19:51 | [Test worker] client.Util:130 | <-- 9000
DEBUG | 2023-05-01 16:19:51 | [Test worker] client.Util:120 | --> [0200010000] (5 B)
DEBUG | 2023-05-01 16:19:51 | [Test worker] client.Util:120 | --> [0200010000] (5 B)
DEBUG | 2023-05-01 16:19:51 | [Test worker] client.Util:130 | <-- 9000
DEBUG | 2023-05-01 16:19:51 | [Test worker] client.Util:130 | <-- 9000
DEBUG | 2023-05-01 16:19:51 | [Test worker] client.Util:133 | Elapsed time 1 ms
DEBUG | 2023-05-01 16:19:51 | [Test worker] client.Util:120 | --> [020101000A11111111111111111111] (15 B)
DEBUG | 2023-05-01 16:19:51 | [Test worker] client.Util:120 | --> [020101000A11111111111111111111] (15 B)
DEBUG | 2023-05-01 16:19:51 | [Test worker] client.Util:130 | <-- 9000
DEBUG | 2023-05-01 16:19:51 | [Test worker] client.Util:130 | <-- 9000
DEBUG | 2023-05-01 16:19:51 | [Test worker] client.Util:120 | --> [0202010000] (5 B)
DEBUG | 2023-05-01 16:19:51 | [Test worker] client.Util:120 | --> [0202010000] (5 B)
DEBUG | 2023-05-01 16:19:51 | [Test worker] client.Util:130 | <-- 9000
DEBUG | 2023-05-01 16:19:51 | [Test worker] client.Util:130 | <-- 9000
DEBUG | 2023-05-01 16:19:51 | [Test worker] client.Util:133 | Elapsed time 1 ms
DEBUG | 2023-05-01 16:19:51 | [Test worker] client.Util:120 | --> [0200020000] (5 B)
DEBUG | 2023-05-01 16:19:51 | [Test worker] client.Util:120 | --> [0200020000] (5 B)
DEBUG | 2023-05-01 16:19:51 | [Test worker] client.Util:130 | <-- 9000
DEBUG | 2023-05-01 16:19:51 | [Test worker] client.Util:130 | <-- 9000
DEBUG | 2023-05-01 16:19:51 | [Test worker] client.Util:120 | --> [020102000A33333333333102030405] (15 B)
DEBUG | 2023-05-01 16:19:51 | [Test worker] client.Util:120 | --> [020102000A33333333333102030405] (15 B)
DEBUG | 2023-05-01 16:19:51 | [Test worker] client.Util:130 | <-- 9000
DEBUG | 2023-05-01 16:19:51 | [Test worker] client.Util:130 | <-- 9000
DEBUG | 2023-05-01 16:19:51 | [Test worker] client.Util:120 | --> [0202020000] (5 B)
DEBUG | 2023-05-01 16:19:51 | [Test worker] client.Util:120 | --> [0202020000] (5 B)
DEBUG | 2023-05-01 16:19:51 | [Test worker] client.Util:130 | <-- 9000
DEBUG | 2023-05-01 16:19:51 | [Test worker] client.Util:130 | <-- 9000
DEBUG | 2023-05-01 16:19:51 | [Test worker] client.Util:133 | Elapsed time 1 ms
DEBUG | 2023-05-01 16:19:51 | [Test worker] client.Util:120 | --> [0100000000] (5 B)
DEBUG | 2023-05-01 16:19:51 | [Test worker] client.Util:120 | --> [0100000000] (5 B)
DEBUG | 2023-05-01 16:19:51 | [Test worker] client.Util:130 | <-- 9000
DEBUG | 2023-05-01 16:19:51 | [Test worker] client.Util:130 | <-- 9000
DEBUG | 2023-05-01 16:19:51 | [Test worker] client.Util:120 | --> [010100000E0A000A010D0A010A020D0A000A02] (19 B)
DEBUG | 2023-05-01 16:19:51 | [Test worker] client.Util:120 | --> [010100000E0A000A010D0A010A020D0A000A02] (19 B)
DEBUG | 2023-05-01 16:19:51 | [Test worker] client.Util:130 | <-- 9000
DEBUG | 2023-05-01 16:19:51 | [Test worker] client.Util:130 | <-- 9000
DEBUG | 2023-05-01 16:19:51 | [Test worker] client.Util:120 | --> [0102000000] (5 B)
DEBUG | 2023-05-01 16:19:51 | [Test worker] client.Util:120 | --> [0102000000] (5 B)
DEBUG | 2023-05-01 16:19:51 | [Test worker] client.Util:130 | <-- 9000
DEBUG | 2023-05-01 16:19:51 | [Test worker] client.Util:130 | <-- 9000
DEBUG | 2023-05-01 16:19:51 | [Test worker] client.Util:120 | --> [1000000000] (5 B)
DEBUG | 2023-05-01 16:19:51 | [Test worker] client.Util:120 | --> [1000000000] (5 B)
DEBUG | 2023-05-01 16:19:51 | [Test worker] client.Util:127 | <-- 00000000 9000 (4 B)
DEBUG | 2023-05-01 16:19:51 | [Test worker] client.Util:127 | <-- 00000000 9000 (4 B)
DEBUG | 2023-05-01 16:19:51 | [Test worker] client.Util:120 | --> [0200000000] (5 B)
DEBUG | 2023-05-01 16:19:51 | [Test worker] client.Util:120 | --> [0200000000] (5 B)
DEBUG | 2023-05-01 16:19:51 | [Test worker] client.Util:130 | <-- 9000
DEBUG | 2023-05-01 16:19:51 | [Test worker] client.Util:130 | <-- 9000
DEBUG | 2023-05-01 16:19:51 | [Test worker] client.Util:133 | Elapsed time 1 ms
DEBUG | 2023-05-01 16:19:51 | [Test worker] client.Util:120 | --> [020100000A01020304050102030405] (15 B)
DEBUG | 2023-05-01 16:19:51 | [Test worker] client.Util:120 | --> [020100000A01020304050102030405] (15 B)
DEBUG | 2023-05-01 16:19:51 | [Test worker] client.Util:130 | <-- 9000
DEBUG | 2023-05-01 16:19:51 | [Test worker] client.Util:130 | <-- 9000
DEBUG | 2023-05-01 16:19:51 | [Test worker] client.Util:120 | --> [0202000000] (5 B)
DEBUG | 2023-05-01 16:19:51 | [Test worker] client.Util:120 | --> [0202000000] (5 B)
DEBUG | 2023-05-01 16:19:51 | [Test worker] client.Util:130 | <-- 9000
DEBUG | 2023-05-01 16:19:51 | [Test worker] client.Util:130 | <-- 9000
DEBUG | 2023-05-01 16:19:51 | [Test worker] client.Util:133 | Elapsed time 1 ms
DEBUG | 2023-05-01 16:19:51 | [Test worker] client.Util:120 | --> [1000000000] (5 B)
DEBUG | 2023-05-01 16:19:51 | [Test worker] client.Util:120 | --> [1000000000] (5 B)
DEBUG | 2023-05-01 16:19:51 | [Test worker] client.Util:127 | <-- 00000000 9000 (4 B)
DEBUG | 2023-05-01 16:19:51 | [Test worker] client.Util:127 | <-- 00000000 9000 (4 B)
DEBUG | 2023-05-01 16:19:51 | [Test worker] client.Util:120 | --> [0200010000] (5 B)
DEBUG | 2023-05-01 16:19:51 | [Test worker] client.Util:120 | --> [0200010000] (5 B)
DEBUG | 2023-05-01 16:19:51 | [Test worker] client.Util:130 | <-- 9000
DEBUG | 2023-05-01 16:19:51 | [Test worker] client.Util:130 | <-- 9000
DEBUG | 2023-05-01 16:19:51 | [Test worker] client.Util:120 | --> [020101000A11111111111111111111] (15 B)
DEBUG | 2023-05-01 16:19:51 | [Test worker] client.Util:120 | --> [020101000A11111111111111111111] (15 B)
DEBUG | 2023-05-01 16:19:51 | [Test worker] client.Util:130 | <-- 9000
DEBUG | 2023-05-01 16:19:51 | [Test worker] client.Util:130 | <-- 9000
DEBUG | 2023-05-01 16:19:51 | [Test worker] client.Util:133 | Elapsed time 1 ms
DEBUG | 2023-05-01 16:19:51 | [Test worker] client.Util:120 | --> [0202010000] (5 B)
DEBUG | 2023-05-01 16:19:51 | [Test worker] client.Util:120 | --> [0202010000] (5 B)
DEBUG | 2023-05-01 16:19:51 | [Test worker] client.Util:130 | <-- 9000
DEBUG | 2023-05-01 16:19:51 | [Test worker] client.Util:130 | <-- 9000
DEBUG | 2023-05-01 16:19:51 | [Test worker] client.Util:120 | --> [1000000000] (5 B)
DEBUG | 2023-05-01 16:19:51 | [Test worker] client.Util:120 | --> [1000000000] (5 B)
DEBUG | 2023-05-01 16:19:51 | [Test worker] client.Util:127 | <-- 00000000 9000 (4 B)
DEBUG | 2023-05-01 16:19:51 | [Test worker] client.Util:127 | <-- 00000000 9000 (4 B)
DEBUG | 2023-05-01 16:19:51 | [Test worker] client.Util:133 | Elapsed time 1 ms
DEBUG | 2023-05-01 16:19:51 | [Test worker] client.Util:120 | --> [0200020000] (5 B)
DEBUG | 2023-05-01 16:19:51 | [Test worker] client.Util:120 | --> [0200020000] (5 B)
DEBUG | 2023-05-01 16:19:51 | [Test worker] client.Util:130 | <-- 9000
DEBUG | 2023-05-01 16:19:51 | [Test worker] client.Util:130 | <-- 9000
DEBUG | 2023-05-01 16:19:51 | [Test worker] client.Util:120 | --> [020102000A33333333333102030405] (15 B)
DEBUG | 2023-05-01 16:19:51 | [Test worker] client.Util:120 | --> [020102000A33333333333102030405] (15 B)
DEBUG | 2023-05-01 16:19:51 | [Test worker] client.Util:130 | <-- 9000
DEBUG | 2023-05-01 16:19:51 | [Test worker] client.Util:130 | <-- 9000
DEBUG | 2023-05-01 16:19:51 | [Test worker] client.Util:120 | --> [0202020000] (5 B)
DEBUG | 2023-05-01 16:19:51 | [Test worker] client.Util:120 | --> [0202020000] (5 B)
DEBUG | 2023-05-01 16:19:51 | [Test worker] client.Util:130 | <-- 9000
DEBUG | 2023-05-01 16:19:51 | [Test worker] client.Util:130 | <-- 9000
DEBUG | 2023-05-01 16:19:51 | [Test worker] client.Util:133 | Elapsed time 1 ms
DEBUG | 2023-05-01 16:19:51 | [Test worker] client.Util:120 | --> [1000000000] (5 B)
DEBUG | 2023-05-01 16:19:51 | [Test worker] client.Util:120 | --> [1000000000] (5 B)
DEBUG | 2023-05-01 16:19:51 | [Test worker] client.Util:127 | <-- 00000000 9000 (4 B)
DEBUG | 2023-05-01 16:19:51 | [Test worker] client.Util:127 | <-- 00000000 9000 (4 B)
DEBUG | 2023-05-01 16:19:51 | [Test worker] client.Util:120 | --> [0200000000] (5 B)
DEBUG | 2023-05-01 16:19:51 | [Test worker] client.Util:120 | --> [0200000000] (5 B)
DEBUG | 2023-05-01 16:19:51 | [Test worker] client.Util:130 | <-- 9000
DEBUG | 2023-05-01 16:19:51 | [Test worker] client.Util:130 | <-- 9000
DEBUG | 2023-05-01 16:19:51 | [Test worker] client.Util:120 | --> [020100000A01020304050102030405] (15 B)
DEBUG | 2023-05-01 16:19:51 | [Test worker] client.Util:120 | --> [020100000A01020304050102030405] (15 B)
DEBUG | 2023-05-01 16:19:51 | [Test worker] client.Util:130 | <-- 9000
DEBUG | 2023-05-01 16:19:51 | [Test worker] client.Util:130 | <-- 9000
DEBUG | 2023-05-01 16:19:51 | [Test worker] client.Util:120 | --> [0202000000] (5 B)
DEBUG | 2023-05-01 16:19:51 | [Test worker] client.Util:120 | --> [0202000000] (5 B)
DEBUG | 2023-05-01 16:19:51 | [Test worker] client.Util:130 | <-- 9000
DEBUG | 2023-05-01 16:19:51 | [Test worker] client.Util:130 | <-- 9000
DEBUG | 2023-05-01 16:19:51 | [Test worker] client.Util:120 | --> [0200010000] (5 B)
DEBUG | 2023-05-01 16:19:51 | [Test worker] client.Util:120 | --> [0200010000] (5 B)
DEBUG | 2023-05-01 16:19:51 | [Test worker] client.Util:130 | <-- 9000
DEBUG | 2023-05-01 16:19:51 | [Test worker] client.Util:130 | <-- 9000
DEBUG | 2023-05-01 16:19:51 | [Test worker] client.Util:120 | --> [020101000A11111111111111111111] (15 B)
DEBUG | 2023-05-01 16:19:51 | [Test worker] client.Util:120 | --> [020101000A11111111111111111111] (15 B)
DEBUG | 2023-05-01 16:19:51 | [Test worker] client.Util:130 | <-- 9000
DEBUG | 2023-05-01 16:19:51 | [Test worker] client.Util:130 | <-- 9000
DEBUG | 2023-05-01 16:19:51 | [Test worker] client.Util:120 | --> [0202010000] (5 B)
DEBUG | 2023-05-01 16:19:51 | [Test worker] client.Util:120 | --> [0202010000] (5 B)
DEBUG | 2023-05-01 16:19:51 | [Test worker] client.Util:130 | <-- 9000
DEBUG | 2023-05-01 16:19:51 | [Test worker] client.Util:130 | <-- 9000
DEBUG | 2023-05-01 16:19:51 | [Test worker] client.Util:133 | Elapsed time 1 ms
DEBUG | 2023-05-01 16:19:51 | [Test worker] client.Util:120 | --> [1000000000] (5 B)
DEBUG | 2023-05-01 16:19:51 | [Test worker] client.Util:120 | --> [1000000000] (5 B)
DEBUG | 2023-05-01 16:19:51 | [Test worker] client.Util:127 | <-- 00010000 9000 (4 B)
DEBUG | 2023-05-01 16:19:51 | [Test worker] client.Util:127 | <-- 00010000 9000 (4 B)
DEBUG | 2023-05-01 16:19:51 | [Test worker] client.Util:120 | --> [0200000000] (5 B)
DEBUG | 2023-05-01 16:19:51 | [Test worker] client.Util:120 | --> [0200000000] (5 B)
DEBUG | 2023-05-01 16:19:51 | [Test worker] client.Util:130 | <-- 9000
DEBUG | 2023-05-01 16:19:51 | [Test worker] client.Util:130 | <-- 9000
DEBUG | 2023-05-01 16:19:51 | [Test worker] client.Util:120 | --> [020100000A01020304050102030405] (15 B)
DEBUG | 2023-05-01 16:19:51 | [Test worker] client.Util:120 | --> [020100000A01020304050102030405] (15 B)
DEBUG | 2023-05-01 16:19:51 | [Test worker] client.Util:130 | <-- 9000
DEBUG | 2023-05-01 16:19:51 | [Test worker] client.Util:130 | <-- 9000
DEBUG | 2023-05-01 16:19:51 | [Test worker] client.Util:120 | --> [0202000000] (5 B)
DEBUG | 2023-05-01 16:19:51 | [Test worker] client.Util:120 | --> [0202000000] (5 B)
DEBUG | 2023-05-01 16:19:51 | [Test worker] client.Util:130 | <-- 9000
DEBUG | 2023-05-01 16:19:51 | [Test worker] client.Util:130 | <-- 9000
DEBUG | 2023-05-01 16:19:51 | [Test worker] client.Util:120 | --> [0200020000] (5 B)
DEBUG | 2023-05-01 16:19:51 | [Test worker] client.Util:120 | --> [0200020000] (5 B)
DEBUG | 2023-05-01 16:19:51 | [Test worker] client.Util:130 | <-- 9000
DEBUG | 2023-05-01 16:19:51 | [Test worker] client.Util:130 | <-- 9000
DEBUG | 2023-05-01 16:19:51 | [Test worker] client.Util:120 | --> [020102000A33333333333102030405] (15 B)
DEBUG | 2023-05-01 16:19:51 | [Test worker] client.Util:120 | --> [020102000A33333333333102030405] (15 B)
DEBUG | 2023-05-01 16:19:51 | [Test worker] client.Util:130 | <-- 9000
DEBUG | 2023-05-01 16:19:51 | [Test worker] client.Util:130 | <-- 9000
DEBUG | 2023-05-01 16:19:51 | [Test worker] client.Util:120 | --> [0202020000] (5 B)
DEBUG | 2023-05-01 16:19:51 | [Test worker] client.Util:120 | --> [0202020000] (5 B)
DEBUG | 2023-05-01 16:19:51 | [Test worker] client.Util:130 | <-- 9000
DEBUG | 2023-05-01 16:19:51 | [Test worker] client.Util:130 | <-- 9000
DEBUG | 2023-05-01 16:19:51 | [Test worker] client.Util:120 | --> [1000000000] (5 B)
DEBUG | 2023-05-01 16:19:51 | [Test worker] client.Util:120 | --> [1000000000] (5 B)
DEBUG | 2023-05-01 16:19:51 | [Test worker] client.Util:127 | <-- 00010000 9000 (4 B)
DEBUG | 2023-05-01 16:19:51 | [Test worker] client.Util:127 | <-- 00010000 9000 (4 B)
DEBUG | 2023-05-01 16:19:51 | [Test worker] client.Util:120 | --> [0200010000] (5 B)
DEBUG | 2023-05-01 16:19:51 | [Test worker] client.Util:120 | --> [0200010000] (5 B)
DEBUG | 2023-05-01 16:19:51 | [Test worker] client.Util:130 | <-- 9000
DEBUG | 2023-05-01 16:19:51 | [Test worker] client.Util:130 | <-- 9000
DEBUG | 2023-05-01 16:19:51 | [Test worker] client.Util:120 | --> [020101000A11111111111111111111] (15 B)
DEBUG | 2023-05-01 16:19:51 | [Test worker] client.Util:120 | --> [020101000A11111111111111111111] (15 B)
DEBUG | 2023-05-01 16:19:51 | [Test worker] client.Util:130 | <-- 9000
DEBUG | 2023-05-01 16:19:51 | [Test worker] client.Util:130 | <-- 9000
DEBUG | 2023-05-01 16:19:51 | [Test worker] client.Util:120 | --> [0202010000] (5 B)
DEBUG | 2023-05-01 16:19:51 | [Test worker] client.Util:120 | --> [0202010000] (5 B)
DEBUG | 2023-05-01 16:19:51 | [Test worker] client.Util:130 | <-- 9000
DEBUG | 2023-05-01 16:19:51 | [Test worker] client.Util:130 | <-- 9000
DEBUG | 2023-05-01 16:19:51 | [Test worker] client.Util:120 | --> [0200020000] (5 B)
DEBUG | 2023-05-01 16:19:51 | [Test worker] client.Util:120 | --> [0200020000] (5 B)
DEBUG | 2023-05-01 16:19:51 | [Test worker] client.Util:130 | <-- 9000
DEBUG | 2023-05-01 16:19:51 | [Test worker] client.Util:130 | <-- 9000
DEBUG | 2023-05-01 16:19:51 | [Test worker] client.Util:120 | --> [020102000A33333333333102030405] (15 B)
DEBUG | 2023-05-01 16:19:51 | [Test worker] client.Util:120 | --> [020102000A33333333333102030405] (15 B)
DEBUG | 2023-05-01 16:19:51 | [Test worker] client.Util:130 | <-- 9000
DEBUG | 2023-05-01 16:19:51 | [Test worker] client.Util:130 | <-- 9000
DEBUG | 2023-05-01 16:19:51 | [Test worker] client.Util:120 | --> [0202020000] (5 B)
DEBUG | 2023-05-01 16:19:51 | [Test worker] client.Util:120 | --> [0202020000] (5 B)
DEBUG | 2023-05-01 16:19:51 | [Test worker] client.Util:130 | <-- 9000
DEBUG | 2023-05-01 16:19:51 | [Test worker] client.Util:130 | <-- 9000
DEBUG | 2023-05-01 16:19:51 | [Test worker] client.Util:120 | --> [1000000000] (5 B)
DEBUG | 2023-05-01 16:19:51 | [Test worker] client.Util:120 | --> [1000000000] (5 B)
DEBUG | 2023-05-01 16:19:51 | [Test worker] client.Util:127 | <-- 00010000 9000 (4 B)
DEBUG | 2023-05-01 16:19:51 | [Test worker] client.Util:127 | <-- 00010000 9000 (4 B)
]]></system-out>
  <system-err><![CDATA[]]></system-err>
</testsuite>
